Attaching to my-mlops-model
[36mmy-mlops-model       |[0m 2025-08-08 02:33:34 | np
[36mmy-mlops-model       |[0m 2025-08-08 02:33:34 | .
[36mmy-mlops-model       |[0m 2025-08-08 02:33:34 | float64
[36mmy-mlops-model       |[0m 2025-08-08 02:33:34 | (
[36mmy-mlops-model       |[0m 2025-08-08 02:33:34 | 2.4316945915381
[36mmy-mlops-model       |[0m 2025-08-08 02:33:34 | )
[36mmy-mlops-model       |[0m 2025-08-08 02:33:34 | test_acc
[36mmy-mlops-model       |[0m 2025-08-08 02:33:34 | :
[36mmy-mlops-model       |[0m 2025-08-08 02:33:34 | np
[36mmy-mlops-model       |[0m 2025-08-08 02:33:34 | .
[36mmy-mlops-model       |[0m 2025-08-08 02:33:34 | float64
[36mmy-mlops-model       |[0m 2025-08-08 02:33:34 | (
[36mmy-mlops-model       |[0m 2025-08-08 02:33:34 | 0.28633405639913234
[36mmy-mlops-model       |[0m 2025-08-08 02:33:34 | )
[36mmy-mlops-model       |[0m 2025-08-08 02:33:34 | Training:   0%|          | 0/116 [00:00<?, ?it/s]
[36mmy-mlops-model       |[0m 2025-08-08 02:33:34 | Training:   4%|4         | 5/116 [00:00<00:02, 49.77it/s]
[36mmy-mlops-model       |[0m 2025-08-08 02:33:34 | Training:   9%|8         | 10/116 [00:00<00:02, 46.60it/s]
[36mmy-mlops-model       |[0m 2025-08-08 02:33:34 | Training:  21%|##        | 24/116 [00:00<00:01, 86.77it/s]
[36mmy-mlops-model       |[0m 2025-08-08 02:33:34 | Training:  28%|##8       | 33/116 [00:00<00:00, 83.39it/s]
[36mmy-mlops-model       |[0m 2025-08-08 02:33:35 | Training:  38%|###7      | 44/116 [00:00<00:00, 91.56it/s]
[36mmy-mlops-model       |[0m 2025-08-08 02:33:35 | Training:  50%|#####     | 58/116 [00:00<00:00, 106.90it/s]
[36mmy-mlops-model       |[0m 2025-08-08 02:33:35 | Training:  68%|######8   | 79/116 [00:00<00:00, 139.37it/s]
[36mmy-mlops-model       |[0m 2025-08-08 02:33:35 | Training:  87%|########7 | 101/116 [00:00<00:00, 163.23it/s]
[36mmy-mlops-model       |[0m 2025-08-08 02:33:35 | ic
[36mmy-mlops-model       |[0m 2025-08-08 02:33:35 | |
[36mmy-mlops-model       |[0m 2025-08-08 02:33:35 | f
[36mmy-mlops-model       |[0m 2025-08-08 02:33:35 | "
[36mmy-mlops-model       |[0m 2025-08-08 02:33:35 | Epoch
[36mmy-mlops-model       |[0m 2025-08-08 02:33:35 | {
[36mmy-mlops-model       |[0m 2025-08-08 02:33:35 | epoch
[36mmy-mlops-model       |[0m 2025-08-08 02:33:35 | +
[36mmy-mlops-model       |[0m 2025-08-08 02:33:35 | 1
[36mmy-mlops-model       |[0m 2025-08-08 02:33:35 | }
[36mmy-mlops-model       |[0m 2025-08-08 02:33:35 | /
[36mmy-mlops-model       |[0m 2025-08-08 02:33:35 | {
[36mmy-mlops-model       |[0m 2025-08-08 02:33:35 | num_epochs
[36mmy-mlops-model       |[0m 2025-08-08 02:33:35 | }
[36mmy-mlops-model       |[0m 2025-08-08 02:33:35 | "
[36mmy-mlops-model       |[0m 2025-08-08 02:33:35 | :
[36mmy-mlops-model       |[0m 2025-08-08 02:33:35 | '
[36mmy-mlops-model       |[0m 2025-08-08 02:33:35 | Epoch 470/500
[36mmy-mlops-model       |[0m 2025-08-08 02:33:35 | '
[36mmy-mlops-model       |[0m 2025-08-08 02:33:35 | ic
[36mmy-mlops-model       |[0m 2025-08-08 02:33:35 | |
[36mmy-mlops-model       |[0m 2025-08-08 02:33:35 | train_loss
[36mmy-mlops-model       |[0m 2025-08-08 02:33:35 | :
[36mmy-mlops-model       |[0m 2025-08-08 02:33:35 | np
[36mmy-mlops-model       |[0m 2025-08-08 02:33:35 | .
[36mmy-mlops-model       |[0m 2025-08-08 02:33:35 | float64
[36mmy-mlops-model       |[0m 2025-08-08 02:33:35 | (
[36mmy-mlops-model       |[0m 2025-08-08 02:33:35 | 2.0758413614572997
[36mmy-mlops-model       |[0m 2025-08-08 02:33:35 | )
[36mmy-mlops-model       |[0m 2025-08-08 02:33:35 | val_loss
[36mmy-mlops-model       |[0m 2025-08-08 02:33:35 | :
[36mmy-mlops-model       |[0m 2025-08-08 02:33:35 | np
[36mmy-mlops-model       |[0m 2025-08-08 02:33:35 | .
[36mmy-mlops-model       |[0m 2025-08-08 02:33:35 | float64
[36mmy-mlops-model       |[0m 2025-08-08 02:33:35 | (
[36mmy-mlops-model       |[0m 2025-08-08 02:33:35 | 2.3214803014088354
[36mmy-mlops-model       |[0m 2025-08-08 02:33:35 | )
[36mmy-mlops-model       |[0m 2025-08-08 02:33:35 | val_acc
[36mmy-mlops-model       |[0m 2025-08-08 02:33:35 | :
[36mmy-mlops-model       |[0m 2025-08-08 02:33:35 | np
[36mmy-mlops-model       |[0m 2025-08-08 02:33:35 | .
[36mmy-mlops-model       |[0m 2025-08-08 02:33:35 | float64
[36mmy-mlops-model       |[0m 2025-08-08 02:33:35 | (
[36mmy-mlops-model       |[0m 2025-08-08 02:33:35 | 0.2986111111111111
[36mmy-mlops-model       |[0m 2025-08-08 02:33:35 | )
[36mmy-mlops-model       |[0m 2025-08-08 02:33:35 | test_loss
[36mmy-mlops-model       |[0m 2025-08-08 02:33:35 | :
[36mmy-mlops-model       |[0m 2025-08-08 02:33:35 | np
[36mmy-mlops-model       |[0m 2025-08-08 02:33:35 | .
[36mmy-mlops-model       |[0m 2025-08-08 02:33:35 | float64
[36mmy-mlops-model       |[0m 2025-08-08 02:33:35 | (
[36mmy-mlops-model       |[0m 2025-08-08 02:33:35 | 2.4310815391363545
[36mmy-mlops-model       |[0m 2025-08-08 02:33:35 | )
[36mmy-mlops-model       |[0m 2025-08-08 02:33:35 | test_acc
[36mmy-mlops-model       |[0m 2025-08-08 02:33:35 | :
[36mmy-mlops-model       |[0m 2025-08-08 02:33:35 | np
[36mmy-mlops-model       |[0m 2025-08-08 02:33:35 | .
[36mmy-mlops-model       |[0m 2025-08-08 02:33:35 | float64
[36mmy-mlops-model       |[0m 2025-08-08 02:33:35 | (
[36mmy-mlops-model       |[0m 2025-08-08 02:33:35 | 0.2841648590021692
[36mmy-mlops-model       |[0m 2025-08-08 02:33:35 | )
[36mmy-mlops-model       |[0m 2025-08-08 02:33:35 | Training:   0%|          | 0/116 [00:00<?, ?it/s]
[36mmy-mlops-model       |[0m 2025-08-08 02:33:35 | Training:  17%|#7        | 20/116 [00:00<00:00, 198.33it/s]
[36mmy-mlops-model       |[0m 2025-08-08 02:33:36 | Training:  37%|###7      | 43/116 [00:00<00:00, 205.48it/s]
[36mmy-mlops-model       |[0m 2025-08-08 02:33:36 | Training:  57%|#####6    | 66/116 [00:00<00:00, 215.18it/s]
[36mmy-mlops-model       |[0m 2025-08-08 02:33:36 | Training:  76%|#######5  | 88/116 [00:00<00:00, 199.38it/s]
[36mmy-mlops-model       |[0m 2025-08-08 02:33:36 | Training:  97%|#########7| 113/116 [00:00<00:00, 212.53it/s]
[36mmy-mlops-model       |[0m 2025-08-08 02:33:36 | ic
[36mmy-mlops-model       |[0m 2025-08-08 02:33:36 | |
[36mmy-mlops-model       |[0m 2025-08-08 02:33:36 | f
[36mmy-mlops-model       |[0m 2025-08-08 02:33:36 | "
[36mmy-mlops-model       |[0m 2025-08-08 02:33:36 | Epoch
[36mmy-mlops-model       |[0m 2025-08-08 02:33:36 | {
[36mmy-mlops-model       |[0m 2025-08-08 02:33:36 | epoch
[36mmy-mlops-model       |[0m 2025-08-08 02:33:36 | +
[36mmy-mlops-model       |[0m 2025-08-08 02:33:36 | 1
[36mmy-mlops-model       |[0m 2025-08-08 02:33:36 | }
[36mmy-mlops-model       |[0m 2025-08-08 02:33:36 | /
[36mmy-mlops-model       |[0m 2025-08-08 02:33:36 | {
[36mmy-mlops-model       |[0m 2025-08-08 02:33:36 | num_epochs
[36mmy-mlops-model       |[0m 2025-08-08 02:33:36 | }
[36mmy-mlops-model       |[0m 2025-08-08 02:33:36 | "
[36mmy-mlops-model       |[0m 2025-08-08 02:33:36 | :
[36mmy-mlops-model       |[0m 2025-08-08 02:33:36 | '
[36mmy-mlops-model       |[0m 2025-08-08 02:33:36 | Epoch 471/500
[36mmy-mlops-model       |[0m 2025-08-08 02:33:36 | '
[36mmy-mlops-model       |[0m 2025-08-08 02:33:36 | ic
[36mmy-mlops-model       |[0m 2025-08-08 02:33:36 | |
[36mmy-mlops-model       |[0m 2025-08-08 02:33:36 | train_loss
[36mmy-mlops-model       |[0m 2025-08-08 02:33:36 | :
[36mmy-mlops-model       |[0m 2025-08-08 02:33:36 | np
[36mmy-mlops-model       |[0m 2025-08-08 02:33:36 | .
[36mmy-mlops-model       |[0m 2025-08-08 02:33:36 | float64
[36mmy-mlops-model       |[0m 2025-08-08 02:33:36 | (
[36mmy-mlops-model       |[0m 2025-08-08 02:33:36 | 2.0632584791281037
[36mmy-mlops-model       |[0m 2025-08-08 02:33:36 | )
[36mmy-mlops-model       |[0m 2025-08-08 02:33:36 | val_loss
[36mmy-mlops-model       |[0m 2025-08-08 02:33:36 | :
[36mmy-mlops-model       |[0m 2025-08-08 02:33:36 | np
[36mmy-mlops-model       |[0m 2025-08-08 02:33:36 | .
[36mmy-mlops-model       |[0m 2025-08-08 02:33:36 | float64
[36mmy-mlops-model       |[0m 2025-08-08 02:33:36 | (
[36mmy-mlops-model       |[0m 2025-08-08 02:33:36 | 2.319267941476766
[36mmy-mlops-model       |[0m 2025-08-08 02:33:36 | )
[36mmy-mlops-model       |[0m 2025-08-08 02:33:36 | val_acc
[36mmy-mlops-model       |[0m 2025-08-08 02:33:36 | :
[36mmy-mlops-model       |[0m 2025-08-08 02:33:36 | np
[36mmy-mlops-model       |[0m 2025-08-08 02:33:36 | .
[36mmy-mlops-model       |[0m 2025-08-08 02:33:36 | float64
[36mmy-mlops-model       |[0m 2025-08-08 02:33:36 | (
[36mmy-mlops-model       |[0m 2025-08-08 02:33:36 | 0.3003472222222222
[36mmy-mlops-model       |[0m 2025-08-08 02:33:36 | )
[36mmy-mlops-model       |[0m 2025-08-08 02:33:36 | test_loss
[36mmy-mlops-model       |[0m 2025-08-08 02:33:36 | :
[36mmy-mlops-model       |[0m 2025-08-08 02:33:36 | np
[36mmy-mlops-model       |[0m 2025-08-08 02:33:36 | .
[36mmy-mlops-model       |[0m 2025-08-08 02:33:36 | float64
[36mmy-mlops-model       |[0m 2025-08-08 02:33:36 | (
[36mmy-mlops-model       |[0m 2025-08-08 02:33:36 | 2.429476658477227
[36mmy-mlops-model       |[0m 2025-08-08 02:33:36 | )
[36mmy-mlops-model       |[0m 2025-08-08 02:33:36 | test_acc
[36mmy-mlops-model       |[0m 2025-08-08 02:33:36 | :
[36mmy-mlops-model       |[0m 2025-08-08 02:33:36 | np
[36mmy-mlops-model       |[0m 2025-08-08 02:33:36 | .
[36mmy-mlops-model       |[0m 2025-08-08 02:33:36 | float64
[36mmy-mlops-model       |[0m 2025-08-08 02:33:36 | (
[36mmy-mlops-model       |[0m 2025-08-08 02:33:36 | 0.279826464208243
[36mmy-mlops-model       |[0m 2025-08-08 02:33:36 | )
[36mmy-mlops-model       |[0m 2025-08-08 02:33:36 | Training:   0%|          | 0/116 [00:00<?, ?it/s]
[36mmy-mlops-model       |[0m 2025-08-08 02:33:36 | Training:  16%|#5        | 18/116 [00:00<00:00, 179.10it/s]
[36mmy-mlops-model       |[0m 2025-08-08 02:33:37 | Training:  33%|###2      | 38/116 [00:00<00:00, 190.33it/s]
[36mmy-mlops-model       |[0m 2025-08-08 02:33:37 | Training:  50%|#####     | 58/116 [00:00<00:00, 183.16it/s]
[36mmy-mlops-model       |[0m 2025-08-08 02:33:37 | Training:  67%|######7   | 78/116 [00:00<00:00, 185.78it/s]
[36mmy-mlops-model       |[0m 2025-08-08 02:33:37 | Training:  84%|########3 | 97/116 [00:00<00:00, 159.59it/s]
[36mmy-mlops-model       |[0m 2025-08-08 02:33:37 | Training:  98%|#########8| 114/116 [00:00<00:00, 159.39it/s]
[36mmy-mlops-model       |[0m 2025-08-08 02:33:37 | ic
[36mmy-mlops-model       |[0m 2025-08-08 02:33:37 | |
[36mmy-mlops-model       |[0m 2025-08-08 02:33:37 | f
[36mmy-mlops-model       |[0m 2025-08-08 02:33:37 | "
[36mmy-mlops-model       |[0m 2025-08-08 02:33:37 | Epoch
[36mmy-mlops-model       |[0m 2025-08-08 02:33:37 | {
[36mmy-mlops-model       |[0m 2025-08-08 02:33:37 | epoch
[36mmy-mlops-model       |[0m 2025-08-08 02:33:37 | +
[36mmy-mlops-model       |[0m 2025-08-08 02:33:37 | 1
[36mmy-mlops-model       |[0m 2025-08-08 02:33:37 | }
[36mmy-mlops-model       |[0m 2025-08-08 02:33:37 | /
[36mmy-mlops-model       |[0m 2025-08-08 02:33:37 | {
[36mmy-mlops-model       |[0m 2025-08-08 02:33:37 | num_epochs
[36mmy-mlops-model       |[0m 2025-08-08 02:33:37 | }
[36mmy-mlops-model       |[0m 2025-08-08 02:33:37 | "
[36mmy-mlops-model       |[0m 2025-08-08 02:33:37 | :
[36mmy-mlops-model       |[0m 2025-08-08 02:33:37 | '
[36mmy-mlops-model       |[0m 2025-08-08 02:33:37 | Epoch 472/500
[36mmy-mlops-model       |[0m 2025-08-08 02:33:37 | '
[36mmy-mlops-model       |[0m 2025-08-08 02:33:37 | ic
[36mmy-mlops-model       |[0m 2025-08-08 02:33:37 | |
[36mmy-mlops-model       |[0m 2025-08-08 02:33:37 | train_loss
[36mmy-mlops-model       |[0m 2025-08-08 02:33:37 | :
[36mmy-mlops-model       |[0m 2025-08-08 02:33:37 | np
[36mmy-mlops-model       |[0m 2025-08-08 02:33:37 | .
[36mmy-mlops-model       |[0m 2025-08-08 02:33:37 | float64
[36mmy-mlops-model       |[0m 2025-08-08 02:33:37 | (
[36mmy-mlops-model       |[0m 2025-08-08 02:33:37 | 2.02537243860636
[36mmy-mlops-model       |[0m 2025-08-08 02:33:37 | )
[36mmy-mlops-model       |[0m 2025-08-08 02:33:37 | val_loss
[36mmy-mlops-model       |[0m 2025-08-08 02:33:37 | :
[36mmy-mlops-model       |[0m 2025-08-08 02:33:37 | np
[36mmy-mlops-model       |[0m 2025-08-08 02:33:37 | .
[36mmy-mlops-model       |[0m 2025-08-08 02:33:37 | float64
[36mmy-mlops-model       |[0m 2025-08-08 02:33:37 | (
[36mmy-mlops-model       |[0m 2025-08-08 02:33:37 | 2.31903035439252
[36mmy-mlops-model       |[0m 2025-08-08 02:33:37 | )
[36mmy-mlops-model       |[0m 2025-08-08 02:33:37 | val_acc
[36mmy-mlops-model       |[0m 2025-08-08 02:33:37 | :
[36mmy-mlops-model       |[0m 2025-08-08 02:33:37 | np
[36mmy-mlops-model       |[0m 2025-08-08 02:33:37 | .
[36mmy-mlops-model       |[0m 2025-08-08 02:33:37 | float64
[36mmy-mlops-model       |[0m 2025-08-08 02:33:37 | (
[36mmy-mlops-model       |[0m 2025-08-08 02:33:37 | 0.2986111111111111
[36mmy-mlops-model       |[0m 2025-08-08 02:33:37 | )
[36mmy-mlops-model       |[0m 2025-08-08 02:33:37 | test_loss
[36mmy-mlops-model       |[0m 2025-08-08 02:33:37 | :
[36mmy-mlops-model       |[0m 2025-08-08 02:33:37 | np
[36mmy-mlops-model       |[0m 2025-08-08 02:33:37 | .
[36mmy-mlops-model       |[0m 2025-08-08 02:33:37 | float64
[36mmy-mlops-model       |[0m 2025-08-08 02:33:37 | (
[36mmy-mlops-model       |[0m 2025-08-08 02:33:37 | 2.428186245573886
[36mmy-mlops-model       |[0m 2025-08-08 02:33:37 | )
[36mmy-mlops-model       |[0m 2025-08-08 02:33:37 | test_acc
[36mmy-mlops-model       |[0m 2025-08-08 02:33:37 | :
[36mmy-mlops-model       |[0m 2025-08-08 02:33:37 | np
[36mmy-mlops-model       |[0m 2025-08-08 02:33:37 | .
[36mmy-mlops-model       |[0m 2025-08-08 02:33:37 | float64
[36mmy-mlops-model       |[0m 2025-08-08 02:33:37 | (
[36mmy-mlops-model       |[0m 2025-08-08 02:33:37 | 0.279826464208243
[36mmy-mlops-model       |[0m 2025-08-08 02:33:37 | )
[36mmy-mlops-model       |[0m 2025-08-08 02:33:37 | Training:   0%|          | 0/116 [00:00<?, ?it/s]
[36mmy-mlops-model       |[0m 2025-08-08 02:33:38 | Training:  19%|#8        | 22/116 [00:00<00:00, 214.66it/s]
[36mmy-mlops-model       |[0m 2025-08-08 02:33:38 | Training:  38%|###7      | 44/116 [00:00<00:00, 201.60it/s]
[36mmy-mlops-model       |[0m 2025-08-08 02:33:38 | Training:  56%|#####6    | 65/116 [00:00<00:00, 201.55it/s]
[36mmy-mlops-model       |[0m 2025-08-08 02:33:38 | Training:  74%|#######4  | 86/116 [00:00<00:00, 194.40it/s]
[36mmy-mlops-model       |[0m 2025-08-08 02:33:38 | Training:  91%|#########1| 106/116 [00:00<00:00, 190.91it/s]
[36mmy-mlops-model       |[0m 2025-08-08 02:33:38 | ic
[36mmy-mlops-model       |[0m 2025-08-08 02:33:38 | |
[36mmy-mlops-model       |[0m 2025-08-08 02:33:38 | f
[36mmy-mlops-model       |[0m 2025-08-08 02:33:38 | "
[36mmy-mlops-model       |[0m 2025-08-08 02:33:38 | Epoch
[36mmy-mlops-model       |[0m 2025-08-08 02:33:38 | {
[36mmy-mlops-model       |[0m 2025-08-08 02:33:38 | epoch
[36mmy-mlops-model       |[0m 2025-08-08 02:33:38 | +
[36mmy-mlops-model       |[0m 2025-08-08 02:33:38 | 1
[36mmy-mlops-model       |[0m 2025-08-08 02:33:38 | }
[36mmy-mlops-model       |[0m 2025-08-08 02:33:38 | /
[36mmy-mlops-model       |[0m 2025-08-08 02:33:38 | {
[36mmy-mlops-model       |[0m 2025-08-08 02:33:38 | num_epochs
[36mmy-mlops-model       |[0m 2025-08-08 02:33:38 | }
[36mmy-mlops-model       |[0m 2025-08-08 02:33:38 | "
[36mmy-mlops-model       |[0m 2025-08-08 02:33:38 | :
[36mmy-mlops-model       |[0m 2025-08-08 02:33:38 | '
[36mmy-mlops-model       |[0m 2025-08-08 02:33:38 | Epoch 473/500
[36mmy-mlops-model       |[0m 2025-08-08 02:33:38 | '
[36mmy-mlops-model       |[0m 2025-08-08 02:33:38 | ic
[36mmy-mlops-model       |[0m 2025-08-08 02:33:38 | |
[36mmy-mlops-model       |[0m 2025-08-08 02:33:38 | train_loss
[36mmy-mlops-model       |[0m 2025-08-08 02:33:38 | :
[36mmy-mlops-model       |[0m 2025-08-08 02:33:38 | np
[36mmy-mlops-model       |[0m 2025-08-08 02:33:38 | .
[36mmy-mlops-model       |[0m 2025-08-08 02:33:38 | float64
[36mmy-mlops-model       |[0m 2025-08-08 02:33:38 | (
[36mmy-mlops-model       |[0m 2025-08-08 02:33:38 | 2.091834266777834
[36mmy-mlops-model       |[0m 2025-08-08 02:33:38 | )
[36mmy-mlops-model       |[0m 2025-08-08 02:33:38 | val_loss
[36mmy-mlops-model       |[0m 2025-08-08 02:33:38 | :
[36mmy-mlops-model       |[0m 2025-08-08 02:33:38 | np
[36mmy-mlops-model       |[0m 2025-08-08 02:33:38 | .
[36mmy-mlops-model       |[0m 2025-08-08 02:33:38 | float64
[36mmy-mlops-model       |[0m 2025-08-08 02:33:38 | (
[36mmy-mlops-model       |[0m 2025-08-08 02:33:38 | 2.319061927018164
[36mmy-mlops-model       |[0m 2025-08-08 02:33:38 | )
[36mmy-mlops-model       |[0m 2025-08-08 02:33:38 | val_acc
[36mmy-mlops-model       |[0m 2025-08-08 02:33:38 | :
[36mmy-mlops-model       |[0m 2025-08-08 02:33:38 | np
[36mmy-mlops-model       |[0m 2025-08-08 02:33:38 | .
[36mmy-mlops-model       |[0m 2025-08-08 02:33:38 | float64
[36mmy-mlops-model       |[0m 2025-08-08 02:33:38 | (
[36mmy-mlops-model       |[0m 2025-08-08 02:33:38 | 0.2986111111111111
[36mmy-mlops-model       |[0m 2025-08-08 02:33:38 | )
[36mmy-mlops-model       |[0m 2025-08-08 02:33:38 | test_loss
[36mmy-mlops-model       |[0m 2025-08-08 02:33:38 | :
[36mmy-mlops-model       |[0m 2025-08-08 02:33:38 | np
[36mmy-mlops-model       |[0m 2025-08-08 02:33:38 | .
[36mmy-mlops-model       |[0m 2025-08-08 02:33:38 | float64
[36mmy-mlops-model       |[0m 2025-08-08 02:33:38 | (
[36mmy-mlops-model       |[0m 2025-08-08 02:33:38 | 2.4295392261640485
[36mmy-mlops-model       |[0m 2025-08-08 02:33:38 | )
[36mmy-mlops-model       |[0m 2025-08-08 02:33:38 | test_acc
[36mmy-mlops-model       |[0m 2025-08-08 02:33:38 | :
[36mmy-mlops-model       |[0m 2025-08-08 02:33:38 | np
[36mmy-mlops-model       |[0m 2025-08-08 02:33:38 | .
[36mmy-mlops-model       |[0m 2025-08-08 02:33:38 | float64
[36mmy-mlops-model       |[0m 2025-08-08 02:33:38 | (
[36mmy-mlops-model       |[0m 2025-08-08 02:33:38 | 0.28199566160520606
[36mmy-mlops-model       |[0m 2025-08-08 02:33:38 | )
[36mmy-mlops-model       |[0m 2025-08-08 02:33:38 | Training:   0%|          | 0/116 [00:00<?, ?it/s]
[36mmy-mlops-model       |[0m 2025-08-08 02:33:39 | Training:  18%|#8        | 21/116 [00:00<00:00, 207.40it/s]
[36mmy-mlops-model       |[0m 2025-08-08 02:33:39 | Training:  36%|###6      | 42/116 [00:00<00:00, 207.54it/s]
[36mmy-mlops-model       |[0m 2025-08-08 02:33:39 | Training:  54%|#####4    | 63/116 [00:00<00:00, 203.79it/s]
[36mmy-mlops-model       |[0m 2025-08-08 02:33:39 | Training:  72%|#######2  | 84/116 [00:00<00:00, 176.64it/s]
[36mmy-mlops-model       |[0m 2025-08-08 02:33:39 | Training:  89%|########8 | 103/116 [00:00<00:00, 169.06it/s]
[36mmy-mlops-model       |[0m 2025-08-08 02:33:39 | ic
[36mmy-mlops-model       |[0m 2025-08-08 02:33:39 | |
[36mmy-mlops-model       |[0m 2025-08-08 02:33:39 | f
[36mmy-mlops-model       |[0m 2025-08-08 02:33:39 | "
[36mmy-mlops-model       |[0m 2025-08-08 02:33:39 | Epoch
[36mmy-mlops-model       |[0m 2025-08-08 02:33:39 | {
[36mmy-mlops-model       |[0m 2025-08-08 02:33:39 | epoch
[36mmy-mlops-model       |[0m 2025-08-08 02:33:39 | +
[36mmy-mlops-model       |[0m 2025-08-08 02:33:39 | 1
[36mmy-mlops-model       |[0m 2025-08-08 02:33:39 | }
[36mmy-mlops-model       |[0m 2025-08-08 02:33:39 | /
[36mmy-mlops-model       |[0m 2025-08-08 02:33:39 | {
[36mmy-mlops-model       |[0m 2025-08-08 02:33:39 | num_epochs
[36mmy-mlops-model       |[0m 2025-08-08 02:33:39 | }
[36mmy-mlops-model       |[0m 2025-08-08 02:33:39 | "
[36mmy-mlops-model       |[0m 2025-08-08 02:33:39 | :
[36mmy-mlops-model       |[0m 2025-08-08 02:33:39 | '
[36mmy-mlops-model       |[0m 2025-08-08 02:33:39 | Epoch 474/500
[36mmy-mlops-model       |[0m 2025-08-08 02:33:39 | '
[36mmy-mlops-model       |[0m 2025-08-08 02:33:39 | ic
[36mmy-mlops-model       |[0m 2025-08-08 02:33:39 | |
[36mmy-mlops-model       |[0m 2025-08-08 02:33:39 | train_loss
[36mmy-mlops-model       |[0m 2025-08-08 02:33:39 | :
[36mmy-mlops-model       |[0m 2025-08-08 02:33:39 | np
[36mmy-mlops-model       |[0m 2025-08-08 02:33:39 | .
[36mmy-mlops-model       |[0m 2025-08-08 02:33:39 | float64
[36mmy-mlops-model       |[0m 2025-08-08 02:33:39 | (
[36mmy-mlops-model       |[0m 2025-08-08 02:33:39 | 2.048276992155142
[36mmy-mlops-model       |[0m 2025-08-08 02:33:39 | )
[36mmy-mlops-model       |[0m 2025-08-08 02:33:39 | val_loss
[36mmy-mlops-model       |[0m 2025-08-08 02:33:39 | :
[36mmy-mlops-model       |[0m 2025-08-08 02:33:39 | np
[36mmy-mlops-model       |[0m 2025-08-08 02:33:39 | .
[36mmy-mlops-model       |[0m 2025-08-08 02:33:39 | float64
[36mmy-mlops-model       |[0m 2025-08-08 02:33:39 | (
[36mmy-mlops-model       |[0m 2025-08-08 02:33:39 | 2.316414320896656
[36mmy-mlops-model       |[0m 2025-08-08 02:33:39 | )
[36mmy-mlops-model       |[0m 2025-08-08 02:33:39 | val_acc
[36mmy-mlops-model       |[0m 2025-08-08 02:33:39 | :
[36mmy-mlops-model       |[0m 2025-08-08 02:33:39 | np
[36mmy-mlops-model       |[0m 2025-08-08 02:33:39 | .
[36mmy-mlops-model       |[0m 2025-08-08 02:33:39 | float64
[36mmy-mlops-model       |[0m 2025-08-08 02:33:39 | (
[36mmy-mlops-model       |[0m 2025-08-08 02:33:39 | 0.2986111111111111
[36mmy-mlops-model       |[0m 2025-08-08 02:33:39 | )
[36mmy-mlops-model       |[0m 2025-08-08 02:33:39 | test_loss
[36mmy-mlops-model       |[0m 2025-08-08 02:33:39 | :
[36mmy-mlops-model       |[0m 2025-08-08 02:33:39 | np
[36mmy-mlops-model       |[0m 2025-08-08 02:33:39 | .
[36mmy-mlops-model       |[0m 2025-08-08 02:33:39 | float64
[36mmy-mlops-model       |[0m 2025-08-08 02:33:39 | (
[36mmy-mlops-model       |[0m 2025-08-08 02:33:39 | 2.4281169920129786
[36mmy-mlops-model       |[0m 2025-08-08 02:33:39 | )
[36mmy-mlops-model       |[0m 2025-08-08 02:33:39 | test_acc
[36mmy-mlops-model       |[0m 2025-08-08 02:33:39 | :
[36mmy-mlops-model       |[0m 2025-08-08 02:33:39 | np
[36mmy-mlops-model       |[0m 2025-08-08 02:33:39 | .
[36mmy-mlops-model       |[0m 2025-08-08 02:33:39 | float64
[36mmy-mlops-model       |[0m 2025-08-08 02:33:39 | (
[36mmy-mlops-model       |[0m 2025-08-08 02:33:39 | 0.27765726681127983
[36mmy-mlops-model       |[0m 2025-08-08 02:33:39 | )
[36mmy-mlops-model       |[0m 2025-08-08 02:33:40 | Training:   0%|          | 0/116 [00:00<?, ?it/s]
[36mmy-mlops-model       |[0m 2025-08-08 02:33:40 | Training:  17%|#7        | 20/116 [00:00<00:00, 196.05it/s]
[36mmy-mlops-model       |[0m 2025-08-08 02:33:40 | Training:  34%|###4      | 40/116 [00:00<00:00, 154.99it/s]
[36mmy-mlops-model       |[0m 2025-08-08 02:33:40 | Training:  49%|####9     | 57/116 [00:00<00:00, 95.15it/s]
[36mmy-mlops-model       |[0m 2025-08-08 02:33:40 | Training:  59%|#####9    | 69/116 [00:00<00:00, 59.03it/s]
[36mmy-mlops-model       |[0m 2025-08-08 02:33:41 | Training:  67%|######7   | 78/116 [00:01<00:00, 61.81it/s]
[36mmy-mlops-model       |[0m 2025-08-08 02:33:41 | Training:  75%|#######5  | 87/116 [00:01<00:00, 66.78it/s]
[36mmy-mlops-model       |[0m 2025-08-08 02:33:41 | Training:  84%|########4 | 98/116 [00:01<00:00, 73.75it/s]
[36mmy-mlops-model       |[0m 2025-08-08 02:33:41 | Training:  92%|#########2| 107/116 [00:01<00:00, 68.28it/s]
[36mmy-mlops-model       |[0m 2025-08-08 02:33:41 | ic
[36mmy-mlops-model       |[0m 2025-08-08 02:33:41 | |
[36mmy-mlops-model       |[0m 2025-08-08 02:33:41 | f
[36mmy-mlops-model       |[0m 2025-08-08 02:33:41 | "
[36mmy-mlops-model       |[0m 2025-08-08 02:33:41 | Epoch
[36mmy-mlops-model       |[0m 2025-08-08 02:33:41 | {
[36mmy-mlops-model       |[0m 2025-08-08 02:33:41 | epoch
[36mmy-mlops-model       |[0m 2025-08-08 02:33:41 | +
[36mmy-mlops-model       |[0m 2025-08-08 02:33:41 | 1
[36mmy-mlops-model       |[0m 2025-08-08 02:33:41 | }
[36mmy-mlops-model       |[0m 2025-08-08 02:33:41 | /
[36mmy-mlops-model       |[0m 2025-08-08 02:33:41 | {
[36mmy-mlops-model       |[0m 2025-08-08 02:33:41 | num_epochs
[36mmy-mlops-model       |[0m 2025-08-08 02:33:41 | }
[36mmy-mlops-model       |[0m 2025-08-08 02:33:41 | "
[36mmy-mlops-model       |[0m 2025-08-08 02:33:41 | :
[36mmy-mlops-model       |[0m 2025-08-08 02:33:41 | '
[36mmy-mlops-model       |[0m 2025-08-08 02:33:41 | Epoch 475/500
[36mmy-mlops-model       |[0m 2025-08-08 02:33:41 | '
[36mmy-mlops-model       |[0m 2025-08-08 02:33:41 | ic
[36mmy-mlops-model       |[0m 2025-08-08 02:33:41 | |
[36mmy-mlops-model       |[0m 2025-08-08 02:33:41 | train_loss
[36mmy-mlops-model       |[0m 2025-08-08 02:33:41 | :
[36mmy-mlops-model       |[0m 2025-08-08 02:33:41 | np
[36mmy-mlops-model       |[0m 2025-08-08 02:33:41 | .
[36mmy-mlops-model       |[0m 2025-08-08 02:33:41 | float64
[36mmy-mlops-model       |[0m 2025-08-08 02:33:41 | (
[36mmy-mlops-model       |[0m 2025-08-08 02:33:41 | 2.0926876282602334
[36mmy-mlops-model       |[0m 2025-08-08 02:33:41 | )
[36mmy-mlops-model       |[0m 2025-08-08 02:33:41 | val_loss
[36mmy-mlops-model       |[0m 2025-08-08 02:33:41 | :
[36mmy-mlops-model       |[0m 2025-08-08 02:33:41 | np
[36mmy-mlops-model       |[0m 2025-08-08 02:33:41 | .
[36mmy-mlops-model       |[0m 2025-08-08 02:33:41 | float64
[36mmy-mlops-model       |[0m 2025-08-08 02:33:41 | (
[36mmy-mlops-model       |[0m 2025-08-08 02:33:41 | 2.3167352473694436
[36mmy-mlops-model       |[0m 2025-08-08 02:33:41 | )
[36mmy-mlops-model       |[0m 2025-08-08 02:33:41 | val_acc
[36mmy-mlops-model       |[0m 2025-08-08 02:33:41 | :
[36mmy-mlops-model       |[0m 2025-08-08 02:33:41 | np
[36mmy-mlops-model       |[0m 2025-08-08 02:33:41 | .
[36mmy-mlops-model       |[0m 2025-08-08 02:33:41 | float64
[36mmy-mlops-model       |[0m 2025-08-08 02:33:41 | (
[36mmy-mlops-model       |[0m 2025-08-08 02:33:41 | 0.2986111111111111
[36mmy-mlops-model       |[0m 2025-08-08 02:33:41 | )
[36mmy-mlops-model       |[0m 2025-08-08 02:33:41 | test_loss
[36mmy-mlops-model       |[0m 2025-08-08 02:33:41 | :
[36mmy-mlops-model       |[0m 2025-08-08 02:33:41 | np
[36mmy-mlops-model       |[0m 2025-08-08 02:33:41 | .
[36mmy-mlops-model       |[0m 2025-08-08 02:33:41 | float64
[36mmy-mlops-model       |[0m 2025-08-08 02:33:41 | (
[36mmy-mlops-model       |[0m 2025-08-08 02:33:41 | 2.42899875679405
[36mmy-mlops-model       |[0m 2025-08-08 02:33:41 | )
[36mmy-mlops-model       |[0m 2025-08-08 02:33:41 | test_acc
[36mmy-mlops-model       |[0m 2025-08-08 02:33:41 | :
[36mmy-mlops-model       |[0m 2025-08-08 02:33:41 | np
[36mmy-mlops-model       |[0m 2025-08-08 02:33:41 | .
[36mmy-mlops-model       |[0m 2025-08-08 02:33:41 | float64
[36mmy-mlops-model       |[0m 2025-08-08 02:33:41 | (
[36mmy-mlops-model       |[0m 2025-08-08 02:33:41 | 0.279826464208243
[36mmy-mlops-model       |[0m 2025-08-08 02:33:41 | )
[36mmy-mlops-model       |[0m 2025-08-08 02:33:42 | Training:   0%|          | 0/116 [00:00<?, ?it/s]
[36mmy-mlops-model       |[0m 2025-08-08 02:33:42 | Training:  10%|#         | 12/116 [00:00<00:00, 119.50it/s]
[36mmy-mlops-model       |[0m 2025-08-08 02:33:42 | Training:  21%|##        | 24/116 [00:00<00:01, 90.35it/s]
[36mmy-mlops-model       |[0m 2025-08-08 02:33:42 | Training:  29%|##9       | 34/116 [00:00<00:01, 63.57it/s]
[36mmy-mlops-model       |[0m 2025-08-08 02:33:42 | Training:  37%|###7      | 43/116 [00:00<00:01, 68.48it/s]
[36mmy-mlops-model       |[0m 2025-08-08 02:33:42 | Training:  45%|####4     | 52/116 [00:00<00:00, 73.92it/s]
[36mmy-mlops-model       |[0m 2025-08-08 02:33:42 | Training:  53%|#####2    | 61/116 [00:00<00:00, 76.73it/s]
[36mmy-mlops-model       |[0m 2025-08-08 02:33:42 | Training:  61%|######1   | 71/116 [00:00<00:00, 80.91it/s]
[36mmy-mlops-model       |[0m 2025-08-08 02:33:43 | Training:  69%|######8   | 80/116 [00:01<00:00, 80.75it/s]
[36mmy-mlops-model       |[0m 2025-08-08 02:33:43 | Training:  78%|#######8  | 91/116 [00:01<00:00, 87.47it/s]
[36mmy-mlops-model       |[0m 2025-08-08 02:33:43 | Training:  86%|########6 | 100/116 [00:01<00:00, 75.81it/s]
[36mmy-mlops-model       |[0m 2025-08-08 02:33:43 | Training:  93%|#########3| 108/116 [00:01<00:00, 72.77it/s]
[36mmy-mlops-model       |[0m 2025-08-08 02:33:43 | Training: 100%|##########| 116/116 [00:01<00:00, 64.52it/s]
[36mmy-mlops-model       |[0m 2025-08-08 02:33:43 | ic
[36mmy-mlops-model       |[0m 2025-08-08 02:33:43 | |
[36mmy-mlops-model       |[0m 2025-08-08 02:33:43 | f
[36mmy-mlops-model       |[0m 2025-08-08 02:33:43 | "
[36mmy-mlops-model       |[0m 2025-08-08 02:33:43 | Epoch
[36mmy-mlops-model       |[0m 2025-08-08 02:33:43 | {
[36mmy-mlops-model       |[0m 2025-08-08 02:33:43 | epoch
[36mmy-mlops-model       |[0m 2025-08-08 02:33:43 | +
[36mmy-mlops-model       |[0m 2025-08-08 02:33:43 | 1
[36mmy-mlops-model       |[0m 2025-08-08 02:33:43 | }
[36mmy-mlops-model       |[0m 2025-08-08 02:33:43 | /
[36mmy-mlops-model       |[0m 2025-08-08 02:33:43 | {
[36mmy-mlops-model       |[0m 2025-08-08 02:33:43 | num_epochs
[36mmy-mlops-model       |[0m 2025-08-08 02:33:43 | }
[36mmy-mlops-model       |[0m 2025-08-08 02:33:43 | "
[36mmy-mlops-model       |[0m 2025-08-08 02:33:43 | :
[36mmy-mlops-model       |[0m 2025-08-08 02:33:43 | '
[36mmy-mlops-model       |[0m 2025-08-08 02:33:43 | Epoch 476/500
[36mmy-mlops-model       |[0m 2025-08-08 02:33:43 | '
[36mmy-mlops-model       |[0m 2025-08-08 02:33:43 | ic
[36mmy-mlops-model       |[0m 2025-08-08 02:33:43 | |
[36mmy-mlops-model       |[0m 2025-08-08 02:33:43 | train_loss
[36mmy-mlops-model       |[0m 2025-08-08 02:33:43 | :
[36mmy-mlops-model       |[0m 2025-08-08 02:33:43 | np
[36mmy-mlops-model       |[0m 2025-08-08 02:33:43 | .
[36mmy-mlops-model       |[0m 2025-08-08 02:33:43 | float64
[36mmy-mlops-model       |[0m 2025-08-08 02:33:43 | (
[36mmy-mlops-model       |[0m 2025-08-08 02:33:43 | 2.097275382185774
[36mmy-mlops-model       |[0m 2025-08-08 02:33:43 | )
[36mmy-mlops-model       |[0m 2025-08-08 02:33:43 | val_loss
[36mmy-mlops-model       |[0m 2025-08-08 02:33:43 | :
[36mmy-mlops-model       |[0m 2025-08-08 02:33:43 | np
[36mmy-mlops-model       |[0m 2025-08-08 02:33:43 | .
[36mmy-mlops-model       |[0m 2025-08-08 02:33:43 | float64
[36mmy-mlops-model       |[0m 2025-08-08 02:33:43 | (
[36mmy-mlops-model       |[0m 2025-08-08 02:33:43 | 2.3163109200024325
[36mmy-mlops-model       |[0m 2025-08-08 02:33:43 | )
[36mmy-mlops-model       |[0m 2025-08-08 02:33:43 | val_acc
[36mmy-mlops-model       |[0m 2025-08-08 02:33:43 | :
[36mmy-mlops-model       |[0m 2025-08-08 02:33:43 | np
[36mmy-mlops-model       |[0m 2025-08-08 02:33:43 | .
[36mmy-mlops-model       |[0m 2025-08-08 02:33:43 | float64
[36mmy-mlops-model       |[0m 2025-08-08 02:33:43 | (
[36mmy-mlops-model       |[0m 2025-08-08 02:33:43 | 0.3020833333333333
[36mmy-mlops-model       |[0m 2025-08-08 02:33:43 | )
[36mmy-mlops-model       |[0m 2025-08-08 02:33:43 | test_loss
[36mmy-mlops-model       |[0m 2025-08-08 02:33:43 | :
[36mmy-mlops-model       |[0m 2025-08-08 02:33:43 | np
[36mmy-mlops-model       |[0m 2025-08-08 02:33:43 | .
[36mmy-mlops-model       |[0m 2025-08-08 02:33:43 | float64
[36mmy-mlops-model       |[0m 2025-08-08 02:33:43 | (
[36mmy-mlops-model       |[0m 2025-08-08 02:33:43 | 2.4278572595795747
[36mmy-mlops-model       |[0m 2025-08-08 02:33:43 | )
[36mmy-mlops-model       |[0m 2025-08-08 02:33:43 | test_acc
[36mmy-mlops-model       |[0m 2025-08-08 02:33:43 | :
[36mmy-mlops-model       |[0m 2025-08-08 02:33:43 | np
[36mmy-mlops-model       |[0m 2025-08-08 02:33:43 | .
[36mmy-mlops-model       |[0m 2025-08-08 02:33:43 | float64
[36mmy-mlops-model       |[0m 2025-08-08 02:33:43 | (
[36mmy-mlops-model       |[0m 2025-08-08 02:33:43 | 0.28199566160520606
[36mmy-mlops-model       |[0m 2025-08-08 02:33:43 | )
[36mmy-mlops-model       |[0m 2025-08-08 02:33:44 | Training:   0%|          | 0/116 [00:00<?, ?it/s]
[36mmy-mlops-model       |[0m 2025-08-08 02:33:44 | Training:  10%|#         | 12/116 [00:00<00:00, 107.52it/s]
[36mmy-mlops-model       |[0m 2025-08-08 02:33:44 | Training:  20%|#9        | 23/116 [00:00<00:01, 78.43it/s]
[36mmy-mlops-model       |[0m 2025-08-08 02:33:44 | Training:  28%|##8       | 33/116 [00:00<00:01, 77.84it/s]
[36mmy-mlops-model       |[0m 2025-08-08 02:33:44 | Training:  36%|###6      | 42/116 [00:00<00:01, 49.80it/s]
[36mmy-mlops-model       |[0m 2025-08-08 02:33:45 | Training:  42%|####2     | 49/116 [00:00<00:01, 49.01it/s]
[36mmy-mlops-model       |[0m 2025-08-08 02:33:45 | Training:  47%|####7     | 55/116 [00:01<00:01, 46.29it/s]
[36mmy-mlops-model       |[0m 2025-08-08 02:33:45 | Training:  53%|#####2    | 61/116 [00:01<00:01, 45.15it/s]
[36mmy-mlops-model       |[0m 2025-08-08 02:33:45 | Training:  57%|#####6    | 66/116 [00:01<00:01, 45.13it/s]
[36mmy-mlops-model       |[0m 2025-08-08 02:33:45 | Training:  61%|######1   | 71/116 [00:01<00:01, 44.18it/s]
[36mmy-mlops-model       |[0m 2025-08-08 02:33:45 | Training:  66%|######5   | 76/116 [00:01<00:00, 44.73it/s]
[36mmy-mlops-model       |[0m 2025-08-08 02:33:45 | Training:  70%|######9   | 81/116 [00:01<00:00, 43.01it/s]
[36mmy-mlops-model       |[0m 2025-08-08 02:33:45 | Training:  75%|#######5  | 87/116 [00:01<00:00, 44.92it/s]
[36mmy-mlops-model       |[0m 2025-08-08 02:33:46 | Training:  79%|#######9  | 92/116 [00:01<00:00, 45.75it/s]
[36mmy-mlops-model       |[0m 2025-08-08 02:33:46 | Training:  84%|########3 | 97/116 [00:01<00:00, 43.31it/s]
[36mmy-mlops-model       |[0m 2025-08-08 02:33:46 | Training:  88%|########7 | 102/116 [00:02<00:00, 42.72it/s]
[36mmy-mlops-model       |[0m 2025-08-08 02:33:46 | Training:  92%|#########2| 107/116 [00:02<00:00, 43.87it/s]
[36mmy-mlops-model       |[0m 2025-08-08 02:33:46 | Training:  97%|#########6| 112/116 [00:02<00:00, 44.74it/s]
[36mmy-mlops-model       |[0m 2025-08-08 02:33:46 | ic
[36mmy-mlops-model       |[0m 2025-08-08 02:33:46 | |
[36mmy-mlops-model       |[0m 2025-08-08 02:33:46 | f
[36mmy-mlops-model       |[0m 2025-08-08 02:33:46 | "
[36mmy-mlops-model       |[0m 2025-08-08 02:33:46 | Epoch
[36mmy-mlops-model       |[0m 2025-08-08 02:33:46 | {
[36mmy-mlops-model       |[0m 2025-08-08 02:33:46 | epoch
[36mmy-mlops-model       |[0m 2025-08-08 02:33:46 | +
[36mmy-mlops-model       |[0m 2025-08-08 02:33:46 | 1
[36mmy-mlops-model       |[0m 2025-08-08 02:33:46 | }
[36mmy-mlops-model       |[0m 2025-08-08 02:33:46 | /
[36mmy-mlops-model       |[0m 2025-08-08 02:33:46 | {
[36mmy-mlops-model       |[0m 2025-08-08 02:33:46 | num_epochs
[36mmy-mlops-model       |[0m 2025-08-08 02:33:46 | }
[36mmy-mlops-model       |[0m 2025-08-08 02:33:46 | "
[36mmy-mlops-model       |[0m 2025-08-08 02:33:46 | :
[36mmy-mlops-model       |[0m 2025-08-08 02:33:46 | '
[36mmy-mlops-model       |[0m 2025-08-08 02:33:46 | Epoch 477/500
[36mmy-mlops-model       |[0m 2025-08-08 02:33:46 | '
[36mmy-mlops-model       |[0m 2025-08-08 02:33:46 | ic
[36mmy-mlops-model       |[0m 2025-08-08 02:33:46 | |
[36mmy-mlops-model       |[0m 2025-08-08 02:33:46 | train_loss
[36mmy-mlops-model       |[0m 2025-08-08 02:33:46 | :
[36mmy-mlops-model       |[0m 2025-08-08 02:33:46 | np
[36mmy-mlops-model       |[0m 2025-08-08 02:33:46 | .
[36mmy-mlops-model       |[0m 2025-08-08 02:33:46 | float64
[36mmy-mlops-model       |[0m 2025-08-08 02:33:46 | (
[36mmy-mlops-model       |[0m 2025-08-08 02:33:46 | 2.045556757905543
[36mmy-mlops-model       |[0m 2025-08-08 02:33:46 | )
[36mmy-mlops-model       |[0m 2025-08-08 02:33:46 | val_loss
[36mmy-mlops-model       |[0m 2025-08-08 02:33:46 | :
[36mmy-mlops-model       |[0m 2025-08-08 02:33:46 | np
[36mmy-mlops-model       |[0m 2025-08-08 02:33:46 | .
[36mmy-mlops-model       |[0m 2025-08-08 02:33:46 | float64
[36mmy-mlops-model       |[0m 2025-08-08 02:33:46 | (
[36mmy-mlops-model       |[0m 2025-08-08 02:33:46 | 2.3136540719066563
[36mmy-mlops-model       |[0m 2025-08-08 02:33:46 | )
[36mmy-mlops-model       |[0m 2025-08-08 02:33:46 | val_acc
[36mmy-mlops-model       |[0m 2025-08-08 02:33:46 | :
[36mmy-mlops-model       |[0m 2025-08-08 02:33:46 | np
[36mmy-mlops-model       |[0m 2025-08-08 02:33:46 | .
[36mmy-mlops-model       |[0m 2025-08-08 02:33:46 | float64
[36mmy-mlops-model       |[0m 2025-08-08 02:33:46 | (
[36mmy-mlops-model       |[0m 2025-08-08 02:33:46 | 0.3003472222222222
[36mmy-mlops-model       |[0m 2025-08-08 02:33:46 | )
[36mmy-mlops-model       |[0m 2025-08-08 02:33:46 | test_loss
[36mmy-mlops-model       |[0m 2025-08-08 02:33:46 | :
[36mmy-mlops-model       |[0m 2025-08-08 02:33:46 | np
[36mmy-mlops-model       |[0m 2025-08-08 02:33:46 | .
[36mmy-mlops-model       |[0m 2025-08-08 02:33:46 | float64
[36mmy-mlops-model       |[0m 2025-08-08 02:33:46 | (
[36mmy-mlops-model       |[0m 2025-08-08 02:33:46 | 2.4251822323055787
[36mmy-mlops-model       |[0m 2025-08-08 02:33:46 | )
[36mmy-mlops-model       |[0m 2025-08-08 02:33:46 | test_acc
[36mmy-mlops-model       |[0m 2025-08-08 02:33:46 | :
[36mmy-mlops-model       |[0m 2025-08-08 02:33:46 | np
[36mmy-mlops-model       |[0m 2025-08-08 02:33:46 | .
[36mmy-mlops-model       |[0m 2025-08-08 02:33:46 | float64
[36mmy-mlops-model       |[0m 2025-08-08 02:33:46 | (
[36mmy-mlops-model       |[0m 2025-08-08 02:33:46 | 0.279826464208243
[36mmy-mlops-model       |[0m 2025-08-08 02:33:46 | )
[36mmy-mlops-model       |[0m 2025-08-08 02:33:47 | Training:   0%|          | 0/116 [00:00<?, ?it/s]
[36mmy-mlops-model       |[0m 2025-08-08 02:33:47 | Training:   3%|2         | 3/116 [00:00<00:04, 27.72it/s]
[36mmy-mlops-model       |[0m 2025-08-08 02:33:47 | Training:   7%|6         | 8/116 [00:00<00:02, 37.62it/s]
[36mmy-mlops-model       |[0m 2025-08-08 02:33:47 | Training:  13%|#2        | 15/116 [00:00<00:02, 47.48it/s]
[36mmy-mlops-model       |[0m 2025-08-08 02:33:47 | Training:  18%|#8        | 21/116 [00:00<00:01, 48.67it/s]
[36mmy-mlops-model       |[0m 2025-08-08 02:33:47 | Training:  23%|##3       | 27/116 [00:00<00:01, 49.45it/s]
[36mmy-mlops-model       |[0m 2025-08-08 02:33:47 | Training:  28%|##7       | 32/116 [00:00<00:01, 48.31it/s]
[36mmy-mlops-model       |[0m 2025-08-08 02:33:47 | Training:  32%|###1      | 37/116 [00:00<00:01, 45.42it/s]
[36mmy-mlops-model       |[0m 2025-08-08 02:33:48 | Training:  36%|###6      | 42/116 [00:00<00:01, 44.21it/s]
[36mmy-mlops-model       |[0m 2025-08-08 02:33:48 | Training:  41%|####      | 47/116 [00:01<00:01, 45.19it/s]
[36mmy-mlops-model       |[0m 2025-08-08 02:33:48 | Training:  45%|####4     | 52/116 [00:01<00:01, 44.18it/s]
[36mmy-mlops-model       |[0m 2025-08-08 02:33:48 | Training:  49%|####9     | 57/116 [00:01<00:01, 45.41it/s]
[36mmy-mlops-model       |[0m 2025-08-08 02:33:48 | Training:  54%|#####4    | 63/116 [00:01<00:01, 45.90it/s]
[36mmy-mlops-model       |[0m 2025-08-08 02:33:48 | Training:  59%|#####8    | 68/116 [00:01<00:01, 46.01it/s]
[36mmy-mlops-model       |[0m 2025-08-08 02:33:48 | Training:  63%|######2   | 73/116 [00:01<00:00, 44.08it/s]
[36mmy-mlops-model       |[0m 2025-08-08 02:33:48 | Training:  67%|######7   | 78/116 [00:01<00:00, 44.13it/s]
[36mmy-mlops-model       |[0m 2025-08-08 02:33:49 | Training:  72%|#######1  | 83/116 [00:01<00:00, 45.65it/s]
[36mmy-mlops-model       |[0m 2025-08-08 02:33:49 | Training:  76%|#######5  | 88/116 [00:01<00:00, 44.81it/s]
[36mmy-mlops-model       |[0m 2025-08-08 02:33:49 | Training:  80%|########  | 93/116 [00:02<00:00, 44.18it/s]
[36mmy-mlops-model       |[0m 2025-08-08 02:33:49 | Training:  84%|########4 | 98/116 [00:02<00:00, 44.54it/s]
[36mmy-mlops-model       |[0m 2025-08-08 02:33:49 | Training:  90%|########9 | 104/116 [00:02<00:00, 46.74it/s]
[36mmy-mlops-model       |[0m 2025-08-08 02:33:49 | Training:  94%|#########3| 109/116 [00:02<00:00, 42.56it/s]
[36mmy-mlops-model       |[0m 2025-08-08 02:33:49 | Training:  99%|#########9| 115/116 [00:02<00:00, 45.94it/s]
[36mmy-mlops-model       |[0m 2025-08-08 02:33:50 | ic
[36mmy-mlops-model       |[0m 2025-08-08 02:33:50 | |
[36mmy-mlops-model       |[0m 2025-08-08 02:33:50 | f
[36mmy-mlops-model       |[0m 2025-08-08 02:33:50 | "
[36mmy-mlops-model       |[0m 2025-08-08 02:33:50 | Epoch
[36mmy-mlops-model       |[0m 2025-08-08 02:33:50 | {
[36mmy-mlops-model       |[0m 2025-08-08 02:33:50 | epoch
[36mmy-mlops-model       |[0m 2025-08-08 02:33:50 | +
[36mmy-mlops-model       |[0m 2025-08-08 02:33:50 | 1
[36mmy-mlops-model       |[0m 2025-08-08 02:33:50 | }
[36mmy-mlops-model       |[0m 2025-08-08 02:33:50 | /
[36mmy-mlops-model       |[0m 2025-08-08 02:33:50 | {
[36mmy-mlops-model       |[0m 2025-08-08 02:33:50 | num_epochs
[36mmy-mlops-model       |[0m 2025-08-08 02:33:50 | }
[36mmy-mlops-model       |[0m 2025-08-08 02:33:50 | "
[36mmy-mlops-model       |[0m 2025-08-08 02:33:50 | :
[36mmy-mlops-model       |[0m 2025-08-08 02:33:50 | '
[36mmy-mlops-model       |[0m 2025-08-08 02:33:50 | Epoch 478/500
[36mmy-mlops-model       |[0m 2025-08-08 02:33:50 | '
[36mmy-mlops-model       |[0m 2025-08-08 02:33:50 | ic
[36mmy-mlops-model       |[0m 2025-08-08 02:33:50 | |
[36mmy-mlops-model       |[0m 2025-08-08 02:33:50 | train_loss
[36mmy-mlops-model       |[0m 2025-08-08 02:33:50 | :
[36mmy-mlops-model       |[0m 2025-08-08 02:33:50 | np
[36mmy-mlops-model       |[0m 2025-08-08 02:33:50 | .
[36mmy-mlops-model       |[0m 2025-08-08 02:33:50 | float64
[36mmy-mlops-model       |[0m 2025-08-08 02:33:50 | (
[36mmy-mlops-model       |[0m 2025-08-08 02:33:50 | 2.0385458310200835
[36mmy-mlops-model       |[0m 2025-08-08 02:33:50 | )
[36mmy-mlops-model       |[0m 2025-08-08 02:33:50 | val_loss
[36mmy-mlops-model       |[0m 2025-08-08 02:33:50 | :
[36mmy-mlops-model       |[0m 2025-08-08 02:33:50 | np
[36mmy-mlops-model       |[0m 2025-08-08 02:33:50 | .
[36mmy-mlops-model       |[0m 2025-08-08 02:33:50 | float64
[36mmy-mlops-model       |[0m 2025-08-08 02:33:50 | (
[36mmy-mlops-model       |[0m 2025-08-08 02:33:50 | 2.313442756230622
[36mmy-mlops-model       |[0m 2025-08-08 02:33:50 | )
[36mmy-mlops-model       |[0m 2025-08-08 02:33:50 | val_acc
[36mmy-mlops-model       |[0m 2025-08-08 02:33:50 | :
[36mmy-mlops-model       |[0m 2025-08-08 02:33:50 | np
[36mmy-mlops-model       |[0m 2025-08-08 02:33:50 | .
[36mmy-mlops-model       |[0m 2025-08-08 02:33:50 | float64
[36mmy-mlops-model       |[0m 2025-08-08 02:33:50 | (
[36mmy-mlops-model       |[0m 2025-08-08 02:33:50 | 0.3020833333333333
[36mmy-mlops-model       |[0m 2025-08-08 02:33:50 | )
[36mmy-mlops-model       |[0m 2025-08-08 02:33:50 | test_loss
[36mmy-mlops-model       |[0m 2025-08-08 02:33:50 | :
[36mmy-mlops-model       |[0m 2025-08-08 02:33:50 | np
[36mmy-mlops-model       |[0m 2025-08-08 02:33:50 | .
[36mmy-mlops-model       |[0m 2025-08-08 02:33:50 | float64
[36mmy-mlops-model       |[0m 2025-08-08 02:33:50 | (
[36mmy-mlops-model       |[0m 2025-08-08 02:33:50 | 2.423999112918557
[36mmy-mlops-model       |[0m 2025-08-08 02:33:50 | )
[36mmy-mlops-model       |[0m 2025-08-08 02:33:50 | test_acc
[36mmy-mlops-model       |[0m 2025-08-08 02:33:50 | :
[36mmy-mlops-model       |[0m 2025-08-08 02:33:50 | np
[36mmy-mlops-model       |[0m 2025-08-08 02:33:50 | .
[36mmy-mlops-model       |[0m 2025-08-08 02:33:50 | float64
[36mmy-mlops-model       |[0m 2025-08-08 02:33:50 | (
[36mmy-mlops-model       |[0m 2025-08-08 02:33:50 | 0.28199566160520606
[36mmy-mlops-model       |[0m 2025-08-08 02:33:50 | )
[36mmy-mlops-model       |[0m 2025-08-08 02:33:50 | Training:   0%|          | 0/116 [00:00<?, ?it/s]
[36mmy-mlops-model       |[0m 2025-08-08 02:33:50 | Training:   3%|2         | 3/116 [00:00<00:03, 29.65it/s]
[36mmy-mlops-model       |[0m 2025-08-08 02:33:50 | Training:   8%|7         | 9/116 [00:00<00:02, 42.49it/s]
[36mmy-mlops-model       |[0m 2025-08-08 02:33:50 | Training:  13%|#2        | 15/116 [00:00<00:02, 47.36it/s]
[36mmy-mlops-model       |[0m 2025-08-08 02:33:50 | Training:  17%|#7        | 20/116 [00:00<00:02, 47.97it/s]
[36mmy-mlops-model       |[0m 2025-08-08 02:33:50 | Training:  22%|##1       | 25/116 [00:00<00:01, 45.55it/s]
[36mmy-mlops-model       |[0m 2025-08-08 02:33:50 | Training:  26%|##5       | 30/116 [00:00<00:01, 44.57it/s]
[36mmy-mlops-model       |[0m 2025-08-08 02:33:51 | Training:  30%|###       | 35/116 [00:00<00:01, 43.84it/s]
[36mmy-mlops-model       |[0m 2025-08-08 02:33:51 | Training:  34%|###4      | 40/116 [00:00<00:01, 43.36it/s]
[36mmy-mlops-model       |[0m 2025-08-08 02:33:51 | Training:  39%|###8      | 45/116 [00:01<00:01, 39.95it/s]
[36mmy-mlops-model       |[0m 2025-08-08 02:33:51 | Training:  44%|####3     | 51/116 [00:01<00:01, 43.39it/s]
[36mmy-mlops-model       |[0m 2025-08-08 02:33:51 | Training:  49%|####9     | 57/116 [00:01<00:01, 44.75it/s]
[36mmy-mlops-model       |[0m 2025-08-08 02:33:51 | Training:  53%|#####3    | 62/116 [00:01<00:01, 45.13it/s]
[36mmy-mlops-model       |[0m 2025-08-08 02:33:51 | Training:  58%|#####7    | 67/116 [00:01<00:01, 44.63it/s]
[36mmy-mlops-model       |[0m 2025-08-08 02:33:51 | Training:  62%|######2   | 72/116 [00:01<00:00, 45.59it/s]
[36mmy-mlops-model       |[0m 2025-08-08 02:33:52 | Training:  66%|######6   | 77/116 [00:01<00:00, 43.91it/s]
[36mmy-mlops-model       |[0m 2025-08-08 02:33:52 | Training:  71%|#######   | 82/116 [00:01<00:00, 41.02it/s]
[36mmy-mlops-model       |[0m 2025-08-08 02:33:52 | Training:  75%|#######5  | 87/116 [00:01<00:00, 42.35it/s]
[36mmy-mlops-model       |[0m 2025-08-08 02:33:52 | Training:  79%|#######9  | 92/116 [00:02<00:00, 41.60it/s]
[36mmy-mlops-model       |[0m 2025-08-08 02:33:52 | Training:  84%|########3 | 97/116 [00:02<00:00, 43.70it/s]
[36mmy-mlops-model       |[0m 2025-08-08 02:33:52 | Training:  88%|########7 | 102/116 [00:02<00:00, 43.52it/s]
[36mmy-mlops-model       |[0m 2025-08-08 02:33:52 | Training:  92%|#########2| 107/116 [00:02<00:00, 43.28it/s]
[36mmy-mlops-model       |[0m 2025-08-08 02:33:52 | Training:  97%|#########6| 112/116 [00:02<00:00, 42.25it/s]
[36mmy-mlops-model       |[0m 2025-08-08 02:33:53 | ic
[36mmy-mlops-model       |[0m 2025-08-08 02:33:53 | |
[36mmy-mlops-model       |[0m 2025-08-08 02:33:53 | f
[36mmy-mlops-model       |[0m 2025-08-08 02:33:53 | "
[36mmy-mlops-model       |[0m 2025-08-08 02:33:53 | Epoch
[36mmy-mlops-model       |[0m 2025-08-08 02:33:53 | {
[36mmy-mlops-model       |[0m 2025-08-08 02:33:53 | epoch
[36mmy-mlops-model       |[0m 2025-08-08 02:33:53 | +
[36mmy-mlops-model       |[0m 2025-08-08 02:33:53 | 1
[36mmy-mlops-model       |[0m 2025-08-08 02:33:53 | }
[36mmy-mlops-model       |[0m 2025-08-08 02:33:53 | /
[36mmy-mlops-model       |[0m 2025-08-08 02:33:53 | {
[36mmy-mlops-model       |[0m 2025-08-08 02:33:53 | num_epochs
[36mmy-mlops-model       |[0m 2025-08-08 02:33:53 | }
[36mmy-mlops-model       |[0m 2025-08-08 02:33:53 | "
[36mmy-mlops-model       |[0m 2025-08-08 02:33:53 | :
[36mmy-mlops-model       |[0m 2025-08-08 02:33:53 | '
[36mmy-mlops-model       |[0m 2025-08-08 02:33:53 | Epoch 479/500
[36mmy-mlops-model       |[0m 2025-08-08 02:33:53 | '
[36mmy-mlops-model       |[0m 2025-08-08 02:33:53 | ic
[36mmy-mlops-model       |[0m 2025-08-08 02:33:53 | |
[36mmy-mlops-model       |[0m 2025-08-08 02:33:53 | train_loss
[36mmy-mlops-model       |[0m 2025-08-08 02:33:53 | :
[36mmy-mlops-model       |[0m 2025-08-08 02:33:53 | np
[36mmy-mlops-model       |[0m 2025-08-08 02:33:53 | .
[36mmy-mlops-model       |[0m 2025-08-08 02:33:53 | float64
[36mmy-mlops-model       |[0m 2025-08-08 02:33:53 | (
[36mmy-mlops-model       |[0m 2025-08-08 02:33:53 | 2.048636962355099
[36mmy-mlops-model       |[0m 2025-08-08 02:33:53 | )
[36mmy-mlops-model       |[0m 2025-08-08 02:33:53 | val_loss
[36mmy-mlops-model       |[0m 2025-08-08 02:33:53 | :
[36mmy-mlops-model       |[0m 2025-08-08 02:33:53 | np
[36mmy-mlops-model       |[0m 2025-08-08 02:33:53 | .
[36mmy-mlops-model       |[0m 2025-08-08 02:33:53 | float64
[36mmy-mlops-model       |[0m 2025-08-08 02:33:53 | (
[36mmy-mlops-model       |[0m 2025-08-08 02:33:53 | 2.313017070445692
[36mmy-mlops-model       |[0m 2025-08-08 02:33:53 | )
[36mmy-mlops-model       |[0m 2025-08-08 02:33:53 | val_acc
[36mmy-mlops-model       |[0m 2025-08-08 02:33:53 | :
[36mmy-mlops-model       |[0m 2025-08-08 02:33:53 | np
[36mmy-mlops-model       |[0m 2025-08-08 02:33:53 | .
[36mmy-mlops-model       |[0m 2025-08-08 02:33:53 | float64
[36mmy-mlops-model       |[0m 2025-08-08 02:33:53 | (
[36mmy-mlops-model       |[0m 2025-08-08 02:33:53 | 0.3003472222222222
[36mmy-mlops-model       |[0m 2025-08-08 02:33:53 | )
[36mmy-mlops-model       |[0m 2025-08-08 02:33:53 | test_loss
[36mmy-mlops-model       |[0m 2025-08-08 02:33:53 | :
[36mmy-mlops-model       |[0m 2025-08-08 02:33:53 | np
[36mmy-mlops-model       |[0m 2025-08-08 02:33:53 | .
[36mmy-mlops-model       |[0m 2025-08-08 02:33:53 | float64
[36mmy-mlops-model       |[0m 2025-08-08 02:33:53 | (
[36mmy-mlops-model       |[0m 2025-08-08 02:33:53 | 2.423625044983474
[36mmy-mlops-model       |[0m 2025-08-08 02:33:53 | )
[36mmy-mlops-model       |[0m 2025-08-08 02:33:53 | test_acc
[36mmy-mlops-model       |[0m 2025-08-08 02:33:53 | :
[36mmy-mlops-model       |[0m 2025-08-08 02:33:53 | np
[36mmy-mlops-model       |[0m 2025-08-08 02:33:53 | .
[36mmy-mlops-model       |[0m 2025-08-08 02:33:53 | float64
[36mmy-mlops-model       |[0m 2025-08-08 02:33:53 | (
[36mmy-mlops-model       |[0m 2025-08-08 02:33:53 | 0.279826464208243
[36mmy-mlops-model       |[0m 2025-08-08 02:33:53 | )
[36mmy-mlops-model       |[0m 2025-08-08 02:33:53 | Training:   0%|          | 0/116 [00:00<?, ?it/s]
[36mmy-mlops-model       |[0m 2025-08-08 02:33:53 | Training:   7%|6         | 8/116 [00:00<00:01, 77.23it/s]
[36mmy-mlops-model       |[0m 2025-08-08 02:33:53 | Training:  16%|#5        | 18/116 [00:00<00:01, 80.66it/s]
[36mmy-mlops-model       |[0m 2025-08-08 02:33:53 | Training:  23%|##3       | 27/116 [00:00<00:01, 77.93it/s]
[36mmy-mlops-model       |[0m 2025-08-08 02:33:54 | Training:  31%|###1      | 36/116 [00:00<00:00, 80.02it/s]
[36mmy-mlops-model       |[0m 2025-08-08 02:33:54 | Training:  39%|###8      | 45/116 [00:00<00:01, 68.69it/s]
[36mmy-mlops-model       |[0m 2025-08-08 02:33:54 | Training:  46%|####5     | 53/116 [00:00<00:00, 69.73it/s]
[36mmy-mlops-model       |[0m 2025-08-08 02:33:54 | Training:  53%|#####2    | 61/116 [00:00<00:00, 64.77it/s]
[36mmy-mlops-model       |[0m 2025-08-08 02:33:54 | Training:  59%|#####8    | 68/116 [00:01<00:00, 55.15it/s]
[36mmy-mlops-model       |[0m 2025-08-08 02:33:54 | Training:  64%|######3   | 74/116 [00:01<00:00, 53.51it/s]
[36mmy-mlops-model       |[0m 2025-08-08 02:33:54 | Training:  69%|######8   | 80/116 [00:01<00:00, 53.38it/s]
[36mmy-mlops-model       |[0m 2025-08-08 02:33:55 | Training:  74%|#######4  | 86/116 [00:01<00:00, 47.26it/s]
[36mmy-mlops-model       |[0m 2025-08-08 02:33:55 | Training:  78%|#######8  | 91/116 [00:01<00:00, 46.18it/s]
[36mmy-mlops-model       |[0m 2025-08-08 02:33:55 | Training:  83%|########2 | 96/116 [00:01<00:00, 46.10it/s]
[36mmy-mlops-model       |[0m 2025-08-08 02:33:55 | Training:  87%|########7 | 101/116 [00:01<00:00, 45.47it/s]
[36mmy-mlops-model       |[0m 2025-08-08 02:33:55 | Training:  92%|#########2| 107/116 [00:01<00:00, 47.64it/s]
[36mmy-mlops-model       |[0m 2025-08-08 02:33:55 | Training:  97%|#########6| 112/116 [00:02<00:00, 46.90it/s]
[36mmy-mlops-model       |[0m 2025-08-08 02:33:55 | ic
[36mmy-mlops-model       |[0m 2025-08-08 02:33:55 | |
[36mmy-mlops-model       |[0m 2025-08-08 02:33:55 | f
[36mmy-mlops-model       |[0m 2025-08-08 02:33:55 | "
[36mmy-mlops-model       |[0m 2025-08-08 02:33:55 | Epoch
[36mmy-mlops-model       |[0m 2025-08-08 02:33:55 | {
[36mmy-mlops-model       |[0m 2025-08-08 02:33:55 | epoch
[36mmy-mlops-model       |[0m 2025-08-08 02:33:55 | +
[36mmy-mlops-model       |[0m 2025-08-08 02:33:55 | 1
[36mmy-mlops-model       |[0m 2025-08-08 02:33:55 | }
[36mmy-mlops-model       |[0m 2025-08-08 02:33:55 | /
[36mmy-mlops-model       |[0m 2025-08-08 02:33:55 | {
[36mmy-mlops-model       |[0m 2025-08-08 02:33:55 | num_epochs
[36mmy-mlops-model       |[0m 2025-08-08 02:33:55 | }
[36mmy-mlops-model       |[0m 2025-08-08 02:33:55 | "
[36mmy-mlops-model       |[0m 2025-08-08 02:33:55 | :
[36mmy-mlops-model       |[0m 2025-08-08 02:33:55 | '
[36mmy-mlops-model       |[0m 2025-08-08 02:33:56 | Epoch 480/500
[36mmy-mlops-model       |[0m 2025-08-08 02:33:56 | '
[36mmy-mlops-model       |[0m 2025-08-08 02:33:56 | ic
[36mmy-mlops-model       |[0m 2025-08-08 02:33:56 | |
[36mmy-mlops-model       |[0m 2025-08-08 02:33:56 | train_loss
[36mmy-mlops-model       |[0m 2025-08-08 02:33:56 | :
[36mmy-mlops-model       |[0m 2025-08-08 02:33:56 | np
[36mmy-mlops-model       |[0m 2025-08-08 02:33:56 | .
[36mmy-mlops-model       |[0m 2025-08-08 02:33:56 | float64
[36mmy-mlops-model       |[0m 2025-08-08 02:33:56 | (
[36mmy-mlops-model       |[0m 2025-08-08 02:33:56 | 2.070447981351285
[36mmy-mlops-model       |[0m 2025-08-08 02:33:56 | )
[36mmy-mlops-model       |[0m 2025-08-08 02:33:56 | val_loss
[36mmy-mlops-model       |[0m 2025-08-08 02:33:56 | :
[36mmy-mlops-model       |[0m 2025-08-08 02:33:56 | np
[36mmy-mlops-model       |[0m 2025-08-08 02:33:56 | .
[36mmy-mlops-model       |[0m 2025-08-08 02:33:56 | float64
[36mmy-mlops-model       |[0m 2025-08-08 02:33:56 | (
[36mmy-mlops-model       |[0m 2025-08-08 02:33:56 | 2.312676869866743
[36mmy-mlops-model       |[0m 2025-08-08 02:33:56 | )
[36mmy-mlops-model       |[0m 2025-08-08 02:33:56 | val_acc
[36mmy-mlops-model       |[0m 2025-08-08 02:33:56 | :
[36mmy-mlops-model       |[0m 2025-08-08 02:33:56 | np
[36mmy-mlops-model       |[0m 2025-08-08 02:33:56 | .
[36mmy-mlops-model       |[0m 2025-08-08 02:33:56 | float64
[36mmy-mlops-model       |[0m 2025-08-08 02:33:56 | (
[36mmy-mlops-model       |[0m 2025-08-08 02:33:56 | 0.3020833333333333
[36mmy-mlops-model       |[0m 2025-08-08 02:33:56 | )
[36mmy-mlops-model       |[0m 2025-08-08 02:33:56 | test_loss
[36mmy-mlops-model       |[0m 2025-08-08 02:33:56 | :
[36mmy-mlops-model       |[0m 2025-08-08 02:33:56 | np
[36mmy-mlops-model       |[0m 2025-08-08 02:33:56 | .
[36mmy-mlops-model       |[0m 2025-08-08 02:33:56 | float64
[36mmy-mlops-model       |[0m 2025-08-08 02:33:56 | (
[36mmy-mlops-model       |[0m 2025-08-08 02:33:56 | 2.4249054949910067
[36mmy-mlops-model       |[0m 2025-08-08 02:33:56 | )
[36mmy-mlops-model       |[0m 2025-08-08 02:33:56 | test_acc
[36mmy-mlops-model       |[0m 2025-08-08 02:33:56 | :
[36mmy-mlops-model       |[0m 2025-08-08 02:33:56 | np
[36mmy-mlops-model       |[0m 2025-08-08 02:33:56 | .
[36mmy-mlops-model       |[0m 2025-08-08 02:33:56 | float64
[36mmy-mlops-model       |[0m 2025-08-08 02:33:56 | (
[36mmy-mlops-model       |[0m 2025-08-08 02:33:56 | 0.279826464208243
[36mmy-mlops-model       |[0m 2025-08-08 02:33:56 | )
[36mmy-mlops-model       |[0m 2025-08-08 02:33:56 | Training:   0%|          | 0/116 [00:00<?, ?it/s]
[36mmy-mlops-model       |[0m 2025-08-08 02:33:56 | Training:   4%|4         | 5/116 [00:00<00:02, 49.83it/s]
[36mmy-mlops-model       |[0m 2025-08-08 02:33:56 | Training:   9%|8         | 10/116 [00:00<00:02, 47.89it/s]
[36mmy-mlops-model       |[0m 2025-08-08 02:33:56 | Training:  13%|#2        | 15/116 [00:00<00:02, 47.37it/s]
[36mmy-mlops-model       |[0m 2025-08-08 02:33:56 | Training:  17%|#7        | 20/116 [00:00<00:02, 44.61it/s]
[36mmy-mlops-model       |[0m 2025-08-08 02:33:56 | Training:  22%|##2       | 26/116 [00:00<00:01, 47.86it/s]
[36mmy-mlops-model       |[0m 2025-08-08 02:33:56 | Training:  27%|##6       | 31/116 [00:00<00:01, 43.87it/s]
[36mmy-mlops-model       |[0m 2025-08-08 02:33:57 | Training:  34%|###3      | 39/116 [00:00<00:01, 53.75it/s]
[36mmy-mlops-model       |[0m 2025-08-08 02:33:57 | Training:  41%|####1     | 48/116 [00:00<00:01, 63.01it/s]
[36mmy-mlops-model       |[0m 2025-08-08 02:33:57 | Training:  47%|####7     | 55/116 [00:00<00:00, 64.46it/s]
[36mmy-mlops-model       |[0m 2025-08-08 02:33:57 | Training:  54%|#####4    | 63/116 [00:01<00:00, 68.51it/s]
[36mmy-mlops-model       |[0m 2025-08-08 02:33:57 | Training:  61%|######1   | 71/116 [00:01<00:00, 70.15it/s]
[36mmy-mlops-model       |[0m 2025-08-08 02:33:57 | Training:  68%|######8   | 79/116 [00:01<00:00, 64.15it/s]
[36mmy-mlops-model       |[0m 2025-08-08 02:33:57 | Training:  77%|#######6  | 89/116 [00:01<00:00, 70.80it/s]
[36mmy-mlops-model       |[0m 2025-08-08 02:33:57 | Training:  85%|########5 | 99/116 [00:01<00:00, 77.34it/s]
[36mmy-mlops-model       |[0m 2025-08-08 02:33:57 | Training:  92%|#########2| 107/116 [00:01<00:00, 73.12it/s]
[36mmy-mlops-model       |[0m 2025-08-08 02:33:58 | Training:  99%|#########9| 115/116 [00:01<00:00, 70.61it/s]
[36mmy-mlops-model       |[0m 2025-08-08 02:33:58 | ic
[36mmy-mlops-model       |[0m 2025-08-08 02:33:58 | |
[36mmy-mlops-model       |[0m 2025-08-08 02:33:58 | f
[36mmy-mlops-model       |[0m 2025-08-08 02:33:58 | "
[36mmy-mlops-model       |[0m 2025-08-08 02:33:58 | Epoch
[36mmy-mlops-model       |[0m 2025-08-08 02:33:58 | {
[36mmy-mlops-model       |[0m 2025-08-08 02:33:58 | epoch
[36mmy-mlops-model       |[0m 2025-08-08 02:33:58 | +
[36mmy-mlops-model       |[0m 2025-08-08 02:33:58 | 1
[36mmy-mlops-model       |[0m 2025-08-08 02:33:58 | }
[36mmy-mlops-model       |[0m 2025-08-08 02:33:58 | /
[36mmy-mlops-model       |[0m 2025-08-08 02:33:58 | {
[36mmy-mlops-model       |[0m 2025-08-08 02:33:58 | num_epochs
[36mmy-mlops-model       |[0m 2025-08-08 02:33:58 | }
[36mmy-mlops-model       |[0m 2025-08-08 02:33:58 | "
[36mmy-mlops-model       |[0m 2025-08-08 02:33:58 | :
[36mmy-mlops-model       |[0m 2025-08-08 02:33:58 | '
[36mmy-mlops-model       |[0m 2025-08-08 02:33:58 | Epoch 481/500
[36mmy-mlops-model       |[0m 2025-08-08 02:33:58 | '
[36mmy-mlops-model       |[0m 2025-08-08 02:33:58 | ic
[36mmy-mlops-model       |[0m 2025-08-08 02:33:58 | |
[36mmy-mlops-model       |[0m 2025-08-08 02:33:58 | train_loss
[36mmy-mlops-model       |[0m 2025-08-08 02:33:58 | :
[36mmy-mlops-model       |[0m 2025-08-08 02:33:58 | np
[36mmy-mlops-model       |[0m 2025-08-08 02:33:58 | .
[36mmy-mlops-model       |[0m 2025-08-08 02:33:58 | float64
[36mmy-mlops-model       |[0m 2025-08-08 02:33:58 | (
[36mmy-mlops-model       |[0m 2025-08-08 02:33:58 | 2.0276881517096403
[36mmy-mlops-model       |[0m 2025-08-08 02:33:58 | )
[36mmy-mlops-model       |[0m 2025-08-08 02:33:58 | val_loss
[36mmy-mlops-model       |[0m 2025-08-08 02:33:58 | :
[36mmy-mlops-model       |[0m 2025-08-08 02:33:58 | np
[36mmy-mlops-model       |[0m 2025-08-08 02:33:58 | .
[36mmy-mlops-model       |[0m 2025-08-08 02:33:58 | float64
[36mmy-mlops-model       |[0m 2025-08-08 02:33:58 | (
[36mmy-mlops-model       |[0m 2025-08-08 02:33:58 | 2.3094228288834664
[36mmy-mlops-model       |[0m 2025-08-08 02:33:58 | )
[36mmy-mlops-model       |[0m 2025-08-08 02:33:58 | val_acc
[36mmy-mlops-model       |[0m 2025-08-08 02:33:58 | :
[36mmy-mlops-model       |[0m 2025-08-08 02:33:58 | np
[36mmy-mlops-model       |[0m 2025-08-08 02:33:58 | .
[36mmy-mlops-model       |[0m 2025-08-08 02:33:58 | float64
[36mmy-mlops-model       |[0m 2025-08-08 02:33:58 | (
[36mmy-mlops-model       |[0m 2025-08-08 02:33:58 | 0.3055555555555556
[36mmy-mlops-model       |[0m 2025-08-08 02:33:58 | )
[36mmy-mlops-model       |[0m 2025-08-08 02:33:58 | test_loss
[36mmy-mlops-model       |[0m 2025-08-08 02:33:58 | :
[36mmy-mlops-model       |[0m 2025-08-08 02:33:58 | np
[36mmy-mlops-model       |[0m 2025-08-08 02:33:58 | .
[36mmy-mlops-model       |[0m 2025-08-08 02:33:58 | float64
[36mmy-mlops-model       |[0m 2025-08-08 02:33:58 | (
[36mmy-mlops-model       |[0m 2025-08-08 02:33:58 | 2.4221534073336857
[36mmy-mlops-model       |[0m 2025-08-08 02:33:58 | )
[36mmy-mlops-model       |[0m 2025-08-08 02:33:58 | test_acc
[36mmy-mlops-model       |[0m 2025-08-08 02:33:58 | :
[36mmy-mlops-model       |[0m 2025-08-08 02:33:58 | np
[36mmy-mlops-model       |[0m 2025-08-08 02:33:58 | .
[36mmy-mlops-model       |[0m 2025-08-08 02:33:58 | float64
[36mmy-mlops-model       |[0m 2025-08-08 02:33:58 | (
[36mmy-mlops-model       |[0m 2025-08-08 02:33:58 | 0.27765726681127983
[36mmy-mlops-model       |[0m 2025-08-08 02:33:58 | )
[36mmy-mlops-model       |[0m 2025-08-08 02:33:58 | Training:   0%|          | 0/116 [00:00<?, ?it/s]
[36mmy-mlops-model       |[0m 2025-08-08 02:33:58 | Training:   4%|4         | 5/116 [00:00<00:02, 46.22it/s]
[36mmy-mlops-model       |[0m 2025-08-08 02:33:58 | Training:   9%|8         | 10/116 [00:00<00:02, 44.57it/s]
[36mmy-mlops-model       |[0m 2025-08-08 02:33:59 | Training:  13%|#2        | 15/116 [00:00<00:02, 44.98it/s]
[36mmy-mlops-model       |[0m 2025-08-08 02:33:59 | Training:  17%|#7        | 20/116 [00:00<00:02, 41.73it/s]
[36mmy-mlops-model       |[0m 2025-08-08 02:33:59 | Training:  22%|##1       | 25/116 [00:00<00:02, 33.30it/s]
[36mmy-mlops-model       |[0m 2025-08-08 02:33:59 | Training:  27%|##6       | 31/116 [00:00<00:02, 39.03it/s]
[36mmy-mlops-model       |[0m 2025-08-08 02:33:59 | Training:  33%|###2      | 38/116 [00:00<00:01, 44.67it/s]
[36mmy-mlops-model       |[0m 2025-08-08 02:33:59 | Training:  37%|###7      | 43/116 [00:01<00:02, 35.84it/s]
[36mmy-mlops-model       |[0m 2025-08-08 02:34:00 | Training:  41%|####      | 47/116 [00:01<00:02, 29.85it/s]
[36mmy-mlops-model       |[0m 2025-08-08 02:34:00 | Training:  44%|####3     | 51/116 [00:01<00:02, 24.89it/s]
[36mmy-mlops-model       |[0m 2025-08-08 02:34:00 | Training:  48%|####8     | 56/116 [00:01<00:02, 28.42it/s]
[36mmy-mlops-model       |[0m 2025-08-08 02:34:00 | Training:  53%|#####2    | 61/116 [00:01<00:01, 31.86it/s]
[36mmy-mlops-model       |[0m 2025-08-08 02:34:00 | Training:  58%|#####7    | 67/116 [00:01<00:01, 36.27it/s]
[36mmy-mlops-model       |[0m 2025-08-08 02:34:00 | Training:  61%|######1   | 71/116 [00:02<00:01, 36.17it/s]
[36mmy-mlops-model       |[0m 2025-08-08 02:34:00 | Training:  65%|######4   | 75/116 [00:02<00:01, 36.66it/s]
[36mmy-mlops-model       |[0m 2025-08-08 02:34:00 | Training:  68%|######8   | 79/116 [00:02<00:01, 36.94it/s]
[36mmy-mlops-model       |[0m 2025-08-08 02:34:01 | Training:  72%|#######1  | 83/116 [00:02<00:01, 29.92it/s]
[36mmy-mlops-model       |[0m 2025-08-08 02:34:01 | Training:  75%|#######5  | 87/116 [00:02<00:01, 28.79it/s]
[36mmy-mlops-model       |[0m 2025-08-08 02:34:01 | Training:  78%|#######8  | 91/116 [00:02<00:00, 27.38it/s]
[36mmy-mlops-model       |[0m 2025-08-08 02:34:01 | Training:  81%|########1 | 94/116 [00:02<00:00, 27.23it/s]
[36mmy-mlops-model       |[0m 2025-08-08 02:34:01 | Training:  84%|########3 | 97/116 [00:02<00:00, 26.56it/s]
[36mmy-mlops-model       |[0m 2025-08-08 02:34:01 | Training:  87%|########7 | 101/116 [00:03<00:00, 27.30it/s]
[36mmy-mlops-model       |[0m 2025-08-08 02:34:01 | Training:  91%|######### | 105/116 [00:03<00:00, 29.52it/s]
[36mmy-mlops-model       |[0m 2025-08-08 02:34:02 | Training:  94%|#########3| 109/116 [00:03<00:00, 29.93it/s]
[36mmy-mlops-model       |[0m 2025-08-08 02:34:02 | Training:  97%|#########7| 113/116 [00:03<00:00, 29.58it/s]
[36mmy-mlops-model       |[0m 2025-08-08 02:34:02 | ic
[36mmy-mlops-model       |[0m 2025-08-08 02:34:02 | |
[36mmy-mlops-model       |[0m 2025-08-08 02:34:02 | f
[36mmy-mlops-model       |[0m 2025-08-08 02:34:02 | "
[36mmy-mlops-model       |[0m 2025-08-08 02:34:02 | Epoch
[36mmy-mlops-model       |[0m 2025-08-08 02:34:02 | {
[36mmy-mlops-model       |[0m 2025-08-08 02:34:02 | epoch
[36mmy-mlops-model       |[0m 2025-08-08 02:34:02 | +
[36mmy-mlops-model       |[0m 2025-08-08 02:34:02 | 1
[36mmy-mlops-model       |[0m 2025-08-08 02:34:02 | }
[36mmy-mlops-model       |[0m 2025-08-08 02:34:02 | /
[36mmy-mlops-model       |[0m 2025-08-08 02:34:02 | {
[36mmy-mlops-model       |[0m 2025-08-08 02:34:02 | num_epochs
[36mmy-mlops-model       |[0m 2025-08-08 02:34:02 | }
[36mmy-mlops-model       |[0m 2025-08-08 02:34:02 | "
[36mmy-mlops-model       |[0m 2025-08-08 02:34:02 | :
[36mmy-mlops-model       |[0m 2025-08-08 02:34:02 | '
[36mmy-mlops-model       |[0m 2025-08-08 02:34:02 | Epoch 482/500
[36mmy-mlops-model       |[0m 2025-08-08 02:34:02 | '
[36mmy-mlops-model       |[0m 2025-08-08 02:34:02 | ic
[36mmy-mlops-model       |[0m 2025-08-08 02:34:02 | |
[36mmy-mlops-model       |[0m 2025-08-08 02:34:02 | train_loss
[36mmy-mlops-model       |[0m 2025-08-08 02:34:02 | :
[36mmy-mlops-model       |[0m 2025-08-08 02:34:02 | np
[36mmy-mlops-model       |[0m 2025-08-08 02:34:02 | .
[36mmy-mlops-model       |[0m 2025-08-08 02:34:02 | float64
[36mmy-mlops-model       |[0m 2025-08-08 02:34:02 | (
[36mmy-mlops-model       |[0m 2025-08-08 02:34:02 | 2.059267163003387
[36mmy-mlops-model       |[0m 2025-08-08 02:34:02 | )
[36mmy-mlops-model       |[0m 2025-08-08 02:34:02 | val_loss
[36mmy-mlops-model       |[0m 2025-08-08 02:34:02 | :
[36mmy-mlops-model       |[0m 2025-08-08 02:34:02 | np
[36mmy-mlops-model       |[0m 2025-08-08 02:34:02 | .
[36mmy-mlops-model       |[0m 2025-08-08 02:34:02 | float64
[36mmy-mlops-model       |[0m 2025-08-08 02:34:02 | (
[36mmy-mlops-model       |[0m 2025-08-08 02:34:02 | 2.30743161387993
[36mmy-mlops-model       |[0m 2025-08-08 02:34:02 | )
[36mmy-mlops-model       |[0m 2025-08-08 02:34:02 | val_acc
[36mmy-mlops-model       |[0m 2025-08-08 02:34:02 | :
[36mmy-mlops-model       |[0m 2025-08-08 02:34:02 | np
[36mmy-mlops-model       |[0m 2025-08-08 02:34:02 | .
[36mmy-mlops-model       |[0m 2025-08-08 02:34:02 | float64
[36mmy-mlops-model       |[0m 2025-08-08 02:34:02 | (
[36mmy-mlops-model       |[0m 2025-08-08 02:34:02 | 0.3038194444444444
[36mmy-mlops-model       |[0m 2025-08-08 02:34:02 | )
[36mmy-mlops-model       |[0m 2025-08-08 02:34:02 | test_loss
[36mmy-mlops-model       |[0m 2025-08-08 02:34:02 | :
[36mmy-mlops-model       |[0m 2025-08-08 02:34:02 | np
[36mmy-mlops-model       |[0m 2025-08-08 02:34:02 | .
[36mmy-mlops-model       |[0m 2025-08-08 02:34:02 | float64
[36mmy-mlops-model       |[0m 2025-08-08 02:34:02 | (
[36mmy-mlops-model       |[0m 2025-08-08 02:34:02 | 2.422393970052442
[36mmy-mlops-model       |[0m 2025-08-08 02:34:02 | )
[36mmy-mlops-model       |[0m 2025-08-08 02:34:02 | test_acc
[36mmy-mlops-model       |[0m 2025-08-08 02:34:02 | :
[36mmy-mlops-model       |[0m 2025-08-08 02:34:02 | np
[36mmy-mlops-model       |[0m 2025-08-08 02:34:02 | .
[36mmy-mlops-model       |[0m 2025-08-08 02:34:02 | float64
[36mmy-mlops-model       |[0m 2025-08-08 02:34:02 | (
[36mmy-mlops-model       |[0m 2025-08-08 02:34:02 | 0.28199566160520606
[36mmy-mlops-model       |[0m 2025-08-08 02:34:02 | )
[36mmy-mlops-model       |[0m 2025-08-08 02:34:03 | Training:   0%|          | 0/116 [00:00<?, ?it/s]
[36mmy-mlops-model       |[0m 2025-08-08 02:34:03 | Training:   3%|3         | 4/116 [00:00<00:03, 29.08it/s]
[36mmy-mlops-model       |[0m 2025-08-08 02:34:03 | Training:   6%|6         | 7/116 [00:00<00:04, 24.13it/s]
[36mmy-mlops-model       |[0m 2025-08-08 02:34:03 | Training:   9%|8         | 10/116 [00:00<00:04, 21.90it/s]
[36mmy-mlops-model       |[0m 2025-08-08 02:34:03 | Training:  11%|#1        | 13/116 [00:00<00:04, 20.82it/s]
[36mmy-mlops-model       |[0m 2025-08-08 02:34:03 | Training:  14%|#3        | 16/116 [00:00<00:04, 20.43it/s]
[36mmy-mlops-model       |[0m 2025-08-08 02:34:03 | Training:  17%|#7        | 20/116 [00:00<00:03, 24.46it/s]
[36mmy-mlops-model       |[0m 2025-08-08 02:34:04 | Training:  27%|##6       | 31/116 [00:00<00:01, 46.50it/s]
[36mmy-mlops-model       |[0m 2025-08-08 02:34:04 | Training:  32%|###1      | 37/116 [00:01<00:02, 34.97it/s]
[36mmy-mlops-model       |[0m 2025-08-08 02:34:04 | Training:  36%|###6      | 42/116 [00:01<00:02, 30.29it/s]
[36mmy-mlops-model       |[0m 2025-08-08 02:34:04 | Training:  40%|###9      | 46/116 [00:01<00:02, 29.57it/s]
[36mmy-mlops-model       |[0m 2025-08-08 02:34:04 | Training:  43%|####3     | 50/116 [00:01<00:02, 26.30it/s]
[36mmy-mlops-model       |[0m 2025-08-08 02:34:04 | Training:  46%|####5     | 53/116 [00:01<00:02, 24.50it/s]
