Attaching to my-mlops-model
[36mmy-mlops-model       |[0m 2025-08-07 10:00:19 | np
[36mmy-mlops-model       |[0m 2025-08-07 10:00:19 | .
[36mmy-mlops-model       |[0m 2025-08-07 10:00:19 | float64
[36mmy-mlops-model       |[0m 2025-08-07 10:00:19 | (
[36mmy-mlops-model       |[0m 2025-08-07 10:00:19 | 1.2067292071146531
[36mmy-mlops-model       |[0m 2025-08-07 10:00:19 | )
[36mmy-mlops-model       |[0m 2025-08-07 10:00:19 | val_loss
[36mmy-mlops-model       |[0m 2025-08-07 10:00:19 | :
[36mmy-mlops-model       |[0m 2025-08-07 10:00:19 | np
[36mmy-mlops-model       |[0m 2025-08-07 10:00:19 | .
[36mmy-mlops-model       |[0m 2025-08-07 10:00:19 | float64
[36mmy-mlops-model       |[0m 2025-08-07 10:00:19 | (
[36mmy-mlops-model       |[0m 2025-08-07 10:00:19 | 1.3129512798605911
[36mmy-mlops-model       |[0m 2025-08-07 10:00:19 | )
[36mmy-mlops-model       |[0m 2025-08-07 10:00:19 | val_acc
[36mmy-mlops-model       |[0m 2025-08-07 10:00:19 | :
[36mmy-mlops-model       |[0m 2025-08-07 10:00:19 | np
[36mmy-mlops-model       |[0m 2025-08-07 10:00:19 | .
[36mmy-mlops-model       |[0m 2025-08-07 10:00:19 | float64
[36mmy-mlops-model       |[0m 2025-08-07 10:00:19 | (
[36mmy-mlops-model       |[0m 2025-08-07 10:00:19 | 0.5520504731861199
[36mmy-mlops-model       |[0m 2025-08-07 10:00:19 | )
[36mmy-mlops-model       |[0m 2025-08-07 10:00:19 | test_loss
[36mmy-mlops-model       |[0m 2025-08-07 10:00:19 | :
[36mmy-mlops-model       |[0m 2025-08-07 10:00:19 | np
[36mmy-mlops-model       |[0m 2025-08-07 10:00:19 | .
[36mmy-mlops-model       |[0m 2025-08-07 10:00:19 | float64
[36mmy-mlops-model       |[0m 2025-08-07 10:00:19 | (
[36mmy-mlops-model       |[0m 2025-08-07 10:00:19 | 1.329398143017421
[36mmy-mlops-model       |[0m 2025-08-07 10:00:19 | )
[36mmy-mlops-model       |[0m 2025-08-07 10:00:19 | test_acc
[36mmy-mlops-model       |[0m 2025-08-07 10:00:19 | :
[36mmy-mlops-model       |[0m 2025-08-07 10:00:19 | np
[36mmy-mlops-model       |[0m 2025-08-07 10:00:19 | .
[36mmy-mlops-model       |[0m 2025-08-07 10:00:19 | float64
[36mmy-mlops-model       |[0m 2025-08-07 10:00:19 | (
[36mmy-mlops-model       |[0m 2025-08-07 10:00:19 | 0.5551181102362205
[36mmy-mlops-model       |[0m 2025-08-07 10:00:19 | )
[36mmy-mlops-model       |[0m 2025-08-07 10:00:19 | Training:   0%|          | 0/64 [00:00<?, ?it/s]
[36mmy-mlops-model       |[0m 2025-08-07 10:00:19 | Training:  11%|#         | 7/64 [00:00<00:00, 63.88it/s]
[36mmy-mlops-model       |[0m 2025-08-07 10:00:19 | Training:  23%|##3       | 15/64 [00:00<00:00, 70.21it/s]
[36mmy-mlops-model       |[0m 2025-08-07 10:00:19 | Training:  36%|###5      | 23/64 [00:00<00:00, 68.79it/s]
[36mmy-mlops-model       |[0m 2025-08-07 10:00:20 | Training:  48%|####8     | 31/64 [00:00<00:00, 69.64it/s]
[36mmy-mlops-model       |[0m 2025-08-07 10:00:20 | Training:  59%|#####9    | 38/64 [00:00<00:00, 69.04it/s]
[36mmy-mlops-model       |[0m 2025-08-07 10:00:20 | Training:  70%|#######   | 45/64 [00:00<00:00, 68.66it/s]
[36mmy-mlops-model       |[0m 2025-08-07 10:00:20 | Training:  83%|########2 | 53/64 [00:00<00:00, 71.75it/s]
[36mmy-mlops-model       |[0m 2025-08-07 10:00:20 | ic
[36mmy-mlops-model       |[0m 2025-08-07 10:00:20 | |
[36mmy-mlops-model       |[0m 2025-08-07 10:00:20 | f
[36mmy-mlops-model       |[0m 2025-08-07 10:00:20 | "
[36mmy-mlops-model       |[0m 2025-08-07 10:00:20 | Epoch
[36mmy-mlops-model       |[0m 2025-08-07 10:00:20 | {
[36mmy-mlops-model       |[0m 2025-08-07 10:00:20 | epoch
[36mmy-mlops-model       |[0m 2025-08-07 10:00:20 | +
[36mmy-mlops-model       |[0m 2025-08-07 10:00:20 | 1
[36mmy-mlops-model       |[0m 2025-08-07 10:00:20 | }
[36mmy-mlops-model       |[0m 2025-08-07 10:00:20 | /
[36mmy-mlops-model       |[0m 2025-08-07 10:00:20 | {
[36mmy-mlops-model       |[0m 2025-08-07 10:00:20 | num_epochs
[36mmy-mlops-model       |[0m 2025-08-07 10:00:20 | }
[36mmy-mlops-model       |[0m 2025-08-07 10:00:20 | "
[36mmy-mlops-model       |[0m 2025-08-07 10:00:20 | :
[36mmy-mlops-model       |[0m 2025-08-07 10:00:20 | '
[36mmy-mlops-model       |[0m 2025-08-07 10:00:20 | Epoch 308/500
[36mmy-mlops-model       |[0m 2025-08-07 10:00:20 | '
[36mmy-mlops-model       |[0m 2025-08-07 10:00:20 | ic
[36mmy-mlops-model       |[0m 2025-08-07 10:00:20 | |
[36mmy-mlops-model       |[0m 2025-08-07 10:00:20 | train_loss
[36mmy-mlops-model       |[0m 2025-08-07 10:00:20 | :
[36mmy-mlops-model       |[0m 2025-08-07 10:00:20 | np
[36mmy-mlops-model       |[0m 2025-08-07 10:00:20 | .
[36mmy-mlops-model       |[0m 2025-08-07 10:00:20 | float64
[36mmy-mlops-model       |[0m 2025-08-07 10:00:20 | (
[36mmy-mlops-model       |[0m 2025-08-07 10:00:20 | 1.209316843381955
[36mmy-mlops-model       |[0m 2025-08-07 10:00:20 | )
[36mmy-mlops-model       |[0m 2025-08-07 10:00:20 | val_loss
[36mmy-mlops-model       |[0m 2025-08-07 10:00:20 | :
[36mmy-mlops-model       |[0m 2025-08-07 10:00:20 | np
[36mmy-mlops-model       |[0m 2025-08-07 10:00:20 | .
[36mmy-mlops-model       |[0m 2025-08-07 10:00:20 | float64
[36mmy-mlops-model       |[0m 2025-08-07 10:00:20 | (
[36mmy-mlops-model       |[0m 2025-08-07 10:00:20 | 1.3120183868554587
[36mmy-mlops-model       |[0m 2025-08-07 10:00:20 | )
[36mmy-mlops-model       |[0m 2025-08-07 10:00:20 | val_acc
[36mmy-mlops-model       |[0m 2025-08-07 10:00:20 | :
[36mmy-mlops-model       |[0m 2025-08-07 10:00:20 | np
[36mmy-mlops-model       |[0m 2025-08-07 10:00:20 | .
[36mmy-mlops-model       |[0m 2025-08-07 10:00:20 | float64
[36mmy-mlops-model       |[0m 2025-08-07 10:00:20 | (
[36mmy-mlops-model       |[0m 2025-08-07 10:00:20 | 0.5488958990536278
[36mmy-mlops-model       |[0m 2025-08-07 10:00:20 | )
[36mmy-mlops-model       |[0m 2025-08-07 10:00:20 | test_loss
[36mmy-mlops-model       |[0m 2025-08-07 10:00:20 | :
[36mmy-mlops-model       |[0m 2025-08-07 10:00:20 | np
[36mmy-mlops-model       |[0m 2025-08-07 10:00:20 | .
[36mmy-mlops-model       |[0m 2025-08-07 10:00:20 | float64
[36mmy-mlops-model       |[0m 2025-08-07 10:00:20 | (
[36mmy-mlops-model       |[0m 2025-08-07 10:00:20 | 1.3272032560982696
[36mmy-mlops-model       |[0m 2025-08-07 10:00:20 | )
[36mmy-mlops-model       |[0m 2025-08-07 10:00:20 | test_acc
[36mmy-mlops-model       |[0m 2025-08-07 10:00:20 | :
[36mmy-mlops-model       |[0m 2025-08-07 10:00:20 | np
[36mmy-mlops-model       |[0m 2025-08-07 10:00:20 | .
[36mmy-mlops-model       |[0m 2025-08-07 10:00:20 | float64
[36mmy-mlops-model       |[0m 2025-08-07 10:00:20 | (
[36mmy-mlops-model       |[0m 2025-08-07 10:00:20 | 0.562992125984252
[36mmy-mlops-model       |[0m 2025-08-07 10:00:20 | )
[36mmy-mlops-model       |[0m 2025-08-07 10:00:20 | Training:   0%|          | 0/64 [00:00<?, ?it/s]
[36mmy-mlops-model       |[0m 2025-08-07 10:00:20 | Training:  11%|#         | 7/64 [00:00<00:00, 66.22it/s]
[36mmy-mlops-model       |[0m 2025-08-07 10:00:20 | Training:  22%|##1       | 14/64 [00:00<00:00, 65.97it/s]
[36mmy-mlops-model       |[0m 2025-08-07 10:00:21 | Training:  38%|###7      | 24/64 [00:00<00:00, 75.16it/s]
[36mmy-mlops-model       |[0m 2025-08-07 10:00:21 | Training:  50%|#####     | 32/64 [00:00<00:00, 69.52it/s]
[36mmy-mlops-model       |[0m 2025-08-07 10:00:21 | Training:  61%|######    | 39/64 [00:00<00:00, 67.70it/s]
[36mmy-mlops-model       |[0m 2025-08-07 10:00:21 | Training:  75%|#######5  | 48/64 [00:00<00:00, 73.69it/s]
[36mmy-mlops-model       |[0m 2025-08-07 10:00:21 | Training:  88%|########7 | 56/64 [00:00<00:00, 69.99it/s]
[36mmy-mlops-model       |[0m 2025-08-07 10:00:21 | ic
[36mmy-mlops-model       |[0m 2025-08-07 10:00:21 | |
[36mmy-mlops-model       |[0m 2025-08-07 10:00:21 | f
[36mmy-mlops-model       |[0m 2025-08-07 10:00:21 | "
[36mmy-mlops-model       |[0m 2025-08-07 10:00:21 | Epoch
[36mmy-mlops-model       |[0m 2025-08-07 10:00:21 | {
[36mmy-mlops-model       |[0m 2025-08-07 10:00:21 | epoch
[36mmy-mlops-model       |[0m 2025-08-07 10:00:21 | +
[36mmy-mlops-model       |[0m 2025-08-07 10:00:21 | 1
[36mmy-mlops-model       |[0m 2025-08-07 10:00:21 | }
[36mmy-mlops-model       |[0m 2025-08-07 10:00:21 | /
[36mmy-mlops-model       |[0m 2025-08-07 10:00:21 | {
[36mmy-mlops-model       |[0m 2025-08-07 10:00:21 | num_epochs
[36mmy-mlops-model       |[0m 2025-08-07 10:00:21 | }
[36mmy-mlops-model       |[0m 2025-08-07 10:00:21 | "
[36mmy-mlops-model       |[0m 2025-08-07 10:00:21 | :
[36mmy-mlops-model       |[0m 2025-08-07 10:00:21 | '
[36mmy-mlops-model       |[0m 2025-08-07 10:00:21 | Epoch 309/500
[36mmy-mlops-model       |[0m 2025-08-07 10:00:21 | '
[36mmy-mlops-model       |[0m 2025-08-07 10:00:21 | ic
[36mmy-mlops-model       |[0m 2025-08-07 10:00:21 | |
[36mmy-mlops-model       |[0m 2025-08-07 10:00:21 | train_loss
[36mmy-mlops-model       |[0m 2025-08-07 10:00:21 | :
[36mmy-mlops-model       |[0m 2025-08-07 10:00:21 | np
[36mmy-mlops-model       |[0m 2025-08-07 10:00:21 | .
[36mmy-mlops-model       |[0m 2025-08-07 10:00:21 | float64
[36mmy-mlops-model       |[0m 2025-08-07 10:00:21 | (
[36mmy-mlops-model       |[0m 2025-08-07 10:00:21 | 1.23276448028463
[36mmy-mlops-model       |[0m 2025-08-07 10:00:21 | )
[36mmy-mlops-model       |[0m 2025-08-07 10:00:21 | val_loss
[36mmy-mlops-model       |[0m 2025-08-07 10:00:21 | :
[36mmy-mlops-model       |[0m 2025-08-07 10:00:21 | np
[36mmy-mlops-model       |[0m 2025-08-07 10:00:21 | .
[36mmy-mlops-model       |[0m 2025-08-07 10:00:21 | float64
[36mmy-mlops-model       |[0m 2025-08-07 10:00:21 | (
[36mmy-mlops-model       |[0m 2025-08-07 10:00:21 | 1.3120385723858785
[36mmy-mlops-model       |[0m 2025-08-07 10:00:21 | )
[36mmy-mlops-model       |[0m 2025-08-07 10:00:21 | val_acc
[36mmy-mlops-model       |[0m 2025-08-07 10:00:21 | :
[36mmy-mlops-model       |[0m 2025-08-07 10:00:21 | np
[36mmy-mlops-model       |[0m 2025-08-07 10:00:21 | .
[36mmy-mlops-model       |[0m 2025-08-07 10:00:21 | float64
[36mmy-mlops-model       |[0m 2025-08-07 10:00:21 | (
[36mmy-mlops-model       |[0m 2025-08-07 10:00:21 | 0.5457413249211357
[36mmy-mlops-model       |[0m 2025-08-07 10:00:21 | )
[36mmy-mlops-model       |[0m 2025-08-07 10:00:21 | test_loss
[36mmy-mlops-model       |[0m 2025-08-07 10:00:21 | :
[36mmy-mlops-model       |[0m 2025-08-07 10:00:21 | np
[36mmy-mlops-model       |[0m 2025-08-07 10:00:21 | .
[36mmy-mlops-model       |[0m 2025-08-07 10:00:21 | float64
[36mmy-mlops-model       |[0m 2025-08-07 10:00:21 | (
[36mmy-mlops-model       |[0m 2025-08-07 10:00:21 | 1.328286528636194
[36mmy-mlops-model       |[0m 2025-08-07 10:00:21 | )
[36mmy-mlops-model       |[0m 2025-08-07 10:00:21 | test_acc
[36mmy-mlops-model       |[0m 2025-08-07 10:00:21 | :
[36mmy-mlops-model       |[0m 2025-08-07 10:00:21 | np
[36mmy-mlops-model       |[0m 2025-08-07 10:00:21 | .
[36mmy-mlops-model       |[0m 2025-08-07 10:00:21 | float64
[36mmy-mlops-model       |[0m 2025-08-07 10:00:21 | (
[36mmy-mlops-model       |[0m 2025-08-07 10:00:21 | 0.5669291338582677
[36mmy-mlops-model       |[0m 2025-08-07 10:00:21 | )
[36mmy-mlops-model       |[0m 2025-08-07 10:00:21 | Training:   0%|          | 0/64 [00:00<?, ?it/s]
[36mmy-mlops-model       |[0m 2025-08-07 10:00:21 | Training:  12%|#2        | 8/64 [00:00<00:00, 73.61it/s]
[36mmy-mlops-model       |[0m 2025-08-07 10:00:22 | Training:  27%|##6       | 17/64 [00:00<00:00, 80.76it/s]
[36mmy-mlops-model       |[0m 2025-08-07 10:00:22 | Training:  70%|#######   | 45/64 [00:00<00:00, 166.55it/s]
[36mmy-mlops-model       |[0m 2025-08-07 10:00:22 | ic
[36mmy-mlops-model       |[0m 2025-08-07 10:00:22 | |
[36mmy-mlops-model       |[0m 2025-08-07 10:00:22 | f
[36mmy-mlops-model       |[0m 2025-08-07 10:00:22 | "
[36mmy-mlops-model       |[0m 2025-08-07 10:00:22 | Epoch
[36mmy-mlops-model       |[0m 2025-08-07 10:00:22 | {
[36mmy-mlops-model       |[0m 2025-08-07 10:00:22 | epoch
[36mmy-mlops-model       |[0m 2025-08-07 10:00:22 | +
[36mmy-mlops-model       |[0m 2025-08-07 10:00:22 | 1
[36mmy-mlops-model       |[0m 2025-08-07 10:00:22 | }
[36mmy-mlops-model       |[0m 2025-08-07 10:00:22 | /
[36mmy-mlops-model       |[0m 2025-08-07 10:00:22 | {
[36mmy-mlops-model       |[0m 2025-08-07 10:00:22 | num_epochs
[36mmy-mlops-model       |[0m 2025-08-07 10:00:22 | }
[36mmy-mlops-model       |[0m 2025-08-07 10:00:22 | "
[36mmy-mlops-model       |[0m 2025-08-07 10:00:22 | :
[36mmy-mlops-model       |[0m 2025-08-07 10:00:22 | '
[36mmy-mlops-model       |[0m 2025-08-07 10:00:22 | Epoch 310/500
[36mmy-mlops-model       |[0m 2025-08-07 10:00:22 | '
[36mmy-mlops-model       |[0m 2025-08-07 10:00:22 | ic
[36mmy-mlops-model       |[0m 2025-08-07 10:00:22 | |
[36mmy-mlops-model       |[0m 2025-08-07 10:00:22 | train_loss
[36mmy-mlops-model       |[0m 2025-08-07 10:00:22 | :
[36mmy-mlops-model       |[0m 2025-08-07 10:00:22 | np
[36mmy-mlops-model       |[0m 2025-08-07 10:00:22 | .
[36mmy-mlops-model       |[0m 2025-08-07 10:00:22 | float64
[36mmy-mlops-model       |[0m 2025-08-07 10:00:22 | (
[36mmy-mlops-model       |[0m 2025-08-07 10:00:22 | 1.1511866042443701
[36mmy-mlops-model       |[0m 2025-08-07 10:00:22 | )
[36mmy-mlops-model       |[0m 2025-08-07 10:00:22 | val_loss
[36mmy-mlops-model       |[0m 2025-08-07 10:00:22 | :
[36mmy-mlops-model       |[0m 2025-08-07 10:00:22 | np
[36mmy-mlops-model       |[0m 2025-08-07 10:00:22 | .
[36mmy-mlops-model       |[0m 2025-08-07 10:00:22 | float64
[36mmy-mlops-model       |[0m 2025-08-07 10:00:22 | (
[36mmy-mlops-model       |[0m 2025-08-07 10:00:22 | 1.3127866202059377
[36mmy-mlops-model       |[0m 2025-08-07 10:00:22 | )
[36mmy-mlops-model       |[0m 2025-08-07 10:00:22 | val_acc
[36mmy-mlops-model       |[0m 2025-08-07 10:00:22 | :
[36mmy-mlops-model       |[0m 2025-08-07 10:00:22 | np
[36mmy-mlops-model       |[0m 2025-08-07 10:00:22 | .
[36mmy-mlops-model       |[0m 2025-08-07 10:00:22 | float64
[36mmy-mlops-model       |[0m 2025-08-07 10:00:22 | (
[36mmy-mlops-model       |[0m 2025-08-07 10:00:22 | 0.5425867507886435
[36mmy-mlops-model       |[0m 2025-08-07 10:00:22 | )
[36mmy-mlops-model       |[0m 2025-08-07 10:00:22 | test_loss
[36mmy-mlops-model       |[0m 2025-08-07 10:00:22 | :
[36mmy-mlops-model       |[0m 2025-08-07 10:00:22 | np
[36mmy-mlops-model       |[0m 2025-08-07 10:00:22 | .
[36mmy-mlops-model       |[0m 2025-08-07 10:00:22 | float64
[36mmy-mlops-model       |[0m 2025-08-07 10:00:22 | (
[36mmy-mlops-model       |[0m 2025-08-07 10:00:22 | 1.3266973428936568
[36mmy-mlops-model       |[0m 2025-08-07 10:00:22 | )
[36mmy-mlops-model       |[0m 2025-08-07 10:00:22 | test_acc
[36mmy-mlops-model       |[0m 2025-08-07 10:00:22 | :
[36mmy-mlops-model       |[0m 2025-08-07 10:00:22 | np
[36mmy-mlops-model       |[0m 2025-08-07 10:00:22 | .
[36mmy-mlops-model       |[0m 2025-08-07 10:00:22 | float64
[36mmy-mlops-model       |[0m 2025-08-07 10:00:22 | (
[36mmy-mlops-model       |[0m 2025-08-07 10:00:22 | 0.5433070866141733
[36mmy-mlops-model       |[0m 2025-08-07 10:00:22 | )
[36mmy-mlops-model       |[0m 2025-08-07 10:00:22 | Training:   0%|          | 0/64 [00:00<?, ?it/s]
[36mmy-mlops-model       |[0m 2025-08-07 10:00:22 | Training:  11%|#         | 7/64 [00:00<00:00, 61.51it/s]
[36mmy-mlops-model       |[0m 2025-08-07 10:00:22 | Training:  22%|##1       | 14/64 [00:00<00:00, 63.08it/s]
[36mmy-mlops-model       |[0m 2025-08-07 10:00:22 | Training:  33%|###2      | 21/64 [00:00<00:00, 64.12it/s]
[36mmy-mlops-model       |[0m 2025-08-07 10:00:22 | Training:  44%|####3     | 28/64 [00:00<00:00, 63.71it/s]
[36mmy-mlops-model       |[0m 2025-08-07 10:00:23 | Training:  55%|#####4    | 35/64 [00:00<00:00, 63.26it/s]
[36mmy-mlops-model       |[0m 2025-08-07 10:00:23 | Training:  66%|######5   | 42/64 [00:00<00:00, 61.20it/s]
[36mmy-mlops-model       |[0m 2025-08-07 10:00:23 | Training:  80%|#######9  | 51/64 [00:00<00:00, 68.47it/s]
[36mmy-mlops-model       |[0m 2025-08-07 10:00:23 | ic
[36mmy-mlops-model       |[0m 2025-08-07 10:00:23 | |
[36mmy-mlops-model       |[0m 2025-08-07 10:00:23 | f
[36mmy-mlops-model       |[0m 2025-08-07 10:00:23 | "
[36mmy-mlops-model       |[0m 2025-08-07 10:00:23 | Epoch
[36mmy-mlops-model       |[0m 2025-08-07 10:00:23 | {
[36mmy-mlops-model       |[0m 2025-08-07 10:00:23 | epoch
[36mmy-mlops-model       |[0m 2025-08-07 10:00:23 | +
[36mmy-mlops-model       |[0m 2025-08-07 10:00:23 | 1
[36mmy-mlops-model       |[0m 2025-08-07 10:00:23 | }
[36mmy-mlops-model       |[0m 2025-08-07 10:00:23 | /
[36mmy-mlops-model       |[0m 2025-08-07 10:00:23 | {
[36mmy-mlops-model       |[0m 2025-08-07 10:00:23 | num_epochs
[36mmy-mlops-model       |[0m 2025-08-07 10:00:23 | }
[36mmy-mlops-model       |[0m 2025-08-07 10:00:23 | "
[36mmy-mlops-model       |[0m 2025-08-07 10:00:23 | :
[36mmy-mlops-model       |[0m 2025-08-07 10:00:23 | '
[36mmy-mlops-model       |[0m 2025-08-07 10:00:23 | Epoch 311/500
[36mmy-mlops-model       |[0m 2025-08-07 10:00:23 | '
[36mmy-mlops-model       |[0m 2025-08-07 10:00:23 | ic
[36mmy-mlops-model       |[0m 2025-08-07 10:00:23 | |
[36mmy-mlops-model       |[0m 2025-08-07 10:00:23 | train_loss
[36mmy-mlops-model       |[0m 2025-08-07 10:00:23 | :
[36mmy-mlops-model       |[0m 2025-08-07 10:00:23 | np
[36mmy-mlops-model       |[0m 2025-08-07 10:00:23 | .
[36mmy-mlops-model       |[0m 2025-08-07 10:00:23 | float64
[36mmy-mlops-model       |[0m 2025-08-07 10:00:23 | (
[36mmy-mlops-model       |[0m 2025-08-07 10:00:23 | 1.167159643522837
[36mmy-mlops-model       |[0m 2025-08-07 10:00:23 | )
[36mmy-mlops-model       |[0m 2025-08-07 10:00:23 | val_loss
[36mmy-mlops-model       |[0m 2025-08-07 10:00:23 | :
[36mmy-mlops-model       |[0m 2025-08-07 10:00:23 | np
[36mmy-mlops-model       |[0m 2025-08-07 10:00:23 | .
[36mmy-mlops-model       |[0m 2025-08-07 10:00:23 | float64
[36mmy-mlops-model       |[0m 2025-08-07 10:00:23 | (
[36mmy-mlops-model       |[0m 2025-08-07 10:00:23 | 1.311413613578595
[36mmy-mlops-model       |[0m 2025-08-07 10:00:23 | )
[36mmy-mlops-model       |[0m 2025-08-07 10:00:23 | val_acc
[36mmy-mlops-model       |[0m 2025-08-07 10:00:23 | :
[36mmy-mlops-model       |[0m 2025-08-07 10:00:23 | np
[36mmy-mlops-model       |[0m 2025-08-07 10:00:23 | .
[36mmy-mlops-model       |[0m 2025-08-07 10:00:23 | float64
[36mmy-mlops-model       |[0m 2025-08-07 10:00:23 | (
[36mmy-mlops-model       |[0m 2025-08-07 10:00:23 | 0.5394321766561514
[36mmy-mlops-model       |[0m 2025-08-07 10:00:23 | )
[36mmy-mlops-model       |[0m 2025-08-07 10:00:23 | test_loss
[36mmy-mlops-model       |[0m 2025-08-07 10:00:23 | :
[36mmy-mlops-model       |[0m 2025-08-07 10:00:23 | np
[36mmy-mlops-model       |[0m 2025-08-07 10:00:23 | .
[36mmy-mlops-model       |[0m 2025-08-07 10:00:23 | float64
[36mmy-mlops-model       |[0m 2025-08-07 10:00:23 | (
[36mmy-mlops-model       |[0m 2025-08-07 10:00:23 | 1.3272879705483875
[36mmy-mlops-model       |[0m 2025-08-07 10:00:23 | )
[36mmy-mlops-model       |[0m 2025-08-07 10:00:23 | test_acc
[36mmy-mlops-model       |[0m 2025-08-07 10:00:23 | :
[36mmy-mlops-model       |[0m 2025-08-07 10:00:23 | np
[36mmy-mlops-model       |[0m 2025-08-07 10:00:23 | .
[36mmy-mlops-model       |[0m 2025-08-07 10:00:23 | float64
[36mmy-mlops-model       |[0m 2025-08-07 10:00:23 | (
[36mmy-mlops-model       |[0m 2025-08-07 10:00:23 | 0.5551181102362205
[36mmy-mlops-model       |[0m 2025-08-07 10:00:23 | )
[36mmy-mlops-model       |[0m 2025-08-07 10:00:23 | Training:   0%|          | 0/64 [00:00<?, ?it/s]
[36mmy-mlops-model       |[0m 2025-08-07 10:00:23 | Training:  11%|#         | 7/64 [00:00<00:00, 69.93it/s]
[36mmy-mlops-model       |[0m 2025-08-07 10:00:23 | Training:  34%|###4      | 22/64 [00:00<00:00, 114.90it/s]
[36mmy-mlops-model       |[0m 2025-08-07 10:00:23 | Training:  61%|######    | 39/64 [00:00<00:00, 133.44it/s]
[36mmy-mlops-model       |[0m 2025-08-07 10:00:24 | Training:  83%|########2 | 53/64 [00:00<00:00, 106.70it/s]
[36mmy-mlops-model       |[0m 2025-08-07 10:00:24 | ic
[36mmy-mlops-model       |[0m 2025-08-07 10:00:24 | |
[36mmy-mlops-model       |[0m 2025-08-07 10:00:24 | f
[36mmy-mlops-model       |[0m 2025-08-07 10:00:24 | "
[36mmy-mlops-model       |[0m 2025-08-07 10:00:24 | Epoch
[36mmy-mlops-model       |[0m 2025-08-07 10:00:24 | {
[36mmy-mlops-model       |[0m 2025-08-07 10:00:24 | epoch
[36mmy-mlops-model       |[0m 2025-08-07 10:00:24 | +
[36mmy-mlops-model       |[0m 2025-08-07 10:00:24 | 1
[36mmy-mlops-model       |[0m 2025-08-07 10:00:24 | }
[36mmy-mlops-model       |[0m 2025-08-07 10:00:24 | /
[36mmy-mlops-model       |[0m 2025-08-07 10:00:24 | {
[36mmy-mlops-model       |[0m 2025-08-07 10:00:24 | num_epochs
[36mmy-mlops-model       |[0m 2025-08-07 10:00:24 | }
[36mmy-mlops-model       |[0m 2025-08-07 10:00:24 | "
[36mmy-mlops-model       |[0m 2025-08-07 10:00:24 | :
[36mmy-mlops-model       |[0m 2025-08-07 10:00:24 | '
[36mmy-mlops-model       |[0m 2025-08-07 10:00:24 | Epoch 312/500
[36mmy-mlops-model       |[0m 2025-08-07 10:00:24 | '
[36mmy-mlops-model       |[0m 2025-08-07 10:00:24 | ic
[36mmy-mlops-model       |[0m 2025-08-07 10:00:24 | |
[36mmy-mlops-model       |[0m 2025-08-07 10:00:24 | train_loss
[36mmy-mlops-model       |[0m 2025-08-07 10:00:24 | :
[36mmy-mlops-model       |[0m 2025-08-07 10:00:24 | np
[36mmy-mlops-model       |[0m 2025-08-07 10:00:24 | .
[36mmy-mlops-model       |[0m 2025-08-07 10:00:24 | float64
[36mmy-mlops-model       |[0m 2025-08-07 10:00:24 | (
[36mmy-mlops-model       |[0m 2025-08-07 10:00:24 | 1.2222697904568105
[36mmy-mlops-model       |[0m 2025-08-07 10:00:24 | )
[36mmy-mlops-model       |[0m 2025-08-07 10:00:24 | val_loss
[36mmy-mlops-model       |[0m 2025-08-07 10:00:24 | :
[36mmy-mlops-model       |[0m 2025-08-07 10:00:24 | np
[36mmy-mlops-model       |[0m 2025-08-07 10:00:24 | .
[36mmy-mlops-model       |[0m 2025-08-07 10:00:24 | float64
[36mmy-mlops-model       |[0m 2025-08-07 10:00:24 | (
[36mmy-mlops-model       |[0m 2025-08-07 10:00:24 | 1.3123357665759408
[36mmy-mlops-model       |[0m 2025-08-07 10:00:24 | )
[36mmy-mlops-model       |[0m 2025-08-07 10:00:24 | val_acc
[36mmy-mlops-model       |[0m 2025-08-07 10:00:24 | :
[36mmy-mlops-model       |[0m 2025-08-07 10:00:24 | np
[36mmy-mlops-model       |[0m 2025-08-07 10:00:24 | .
[36mmy-mlops-model       |[0m 2025-08-07 10:00:24 | float64
[36mmy-mlops-model       |[0m 2025-08-07 10:00:24 | (
[36mmy-mlops-model       |[0m 2025-08-07 10:00:24 | 0.5425867507886435
[36mmy-mlops-model       |[0m 2025-08-07 10:00:24 | )
[36mmy-mlops-model       |[0m 2025-08-07 10:00:24 | test_loss
[36mmy-mlops-model       |[0m 2025-08-07 10:00:24 | :
[36mmy-mlops-model       |[0m 2025-08-07 10:00:24 | np
[36mmy-mlops-model       |[0m 2025-08-07 10:00:24 | .
[36mmy-mlops-model       |[0m 2025-08-07 10:00:24 | float64
[36mmy-mlops-model       |[0m 2025-08-07 10:00:24 | (
[36mmy-mlops-model       |[0m 2025-08-07 10:00:24 | 1.3254323033795028
[36mmy-mlops-model       |[0m 2025-08-07 10:00:24 | )
[36mmy-mlops-model       |[0m 2025-08-07 10:00:24 | test_acc
[36mmy-mlops-model       |[0m 2025-08-07 10:00:24 | :
[36mmy-mlops-model       |[0m 2025-08-07 10:00:24 | np
[36mmy-mlops-model       |[0m 2025-08-07 10:00:24 | .
[36mmy-mlops-model       |[0m 2025-08-07 10:00:24 | float64
[36mmy-mlops-model       |[0m 2025-08-07 10:00:24 | (
[36mmy-mlops-model       |[0m 2025-08-07 10:00:24 | 0.5433070866141733
[36mmy-mlops-model       |[0m 2025-08-07 10:00:24 | )
[36mmy-mlops-model       |[0m 2025-08-07 10:00:24 | Training:   0%|          | 0/64 [00:00<?, ?it/s]
[36mmy-mlops-model       |[0m 2025-08-07 10:00:24 | Training:  11%|#         | 7/64 [00:00<00:00, 69.92it/s]
[36mmy-mlops-model       |[0m 2025-08-07 10:00:24 | Training:  22%|##1       | 14/64 [00:00<00:00, 65.37it/s]
[36mmy-mlops-model       |[0m 2025-08-07 10:00:24 | Training:  34%|###4      | 22/64 [00:00<00:00, 70.28it/s]
[36mmy-mlops-model       |[0m 2025-08-07 10:00:24 | Training:  47%|####6     | 30/64 [00:00<00:00, 67.06it/s]
[36mmy-mlops-model       |[0m 2025-08-07 10:00:24 | Training:  59%|#####9    | 38/64 [00:00<00:00, 69.96it/s]
[36mmy-mlops-model       |[0m 2025-08-07 10:00:24 | Training:  84%|########4 | 54/64 [00:00<00:00, 97.62it/s]
[36mmy-mlops-model       |[0m 2025-08-07 10:00:25 | ic
[36mmy-mlops-model       |[0m 2025-08-07 10:00:25 | |
[36mmy-mlops-model       |[0m 2025-08-07 10:00:25 | f
[36mmy-mlops-model       |[0m 2025-08-07 10:00:25 | "
[36mmy-mlops-model       |[0m 2025-08-07 10:00:25 | Epoch
[36mmy-mlops-model       |[0m 2025-08-07 10:00:25 | {
[36mmy-mlops-model       |[0m 2025-08-07 10:00:25 | epoch
[36mmy-mlops-model       |[0m 2025-08-07 10:00:25 | +
[36mmy-mlops-model       |[0m 2025-08-07 10:00:25 | 1
[36mmy-mlops-model       |[0m 2025-08-07 10:00:25 | }
[36mmy-mlops-model       |[0m 2025-08-07 10:00:25 | /
[36mmy-mlops-model       |[0m 2025-08-07 10:00:25 | {
[36mmy-mlops-model       |[0m 2025-08-07 10:00:25 | num_epochs
[36mmy-mlops-model       |[0m 2025-08-07 10:00:25 | }
[36mmy-mlops-model       |[0m 2025-08-07 10:00:25 | "
[36mmy-mlops-model       |[0m 2025-08-07 10:00:25 | :
[36mmy-mlops-model       |[0m 2025-08-07 10:00:25 | '
[36mmy-mlops-model       |[0m 2025-08-07 10:00:25 | Epoch 313/500
[36mmy-mlops-model       |[0m 2025-08-07 10:00:25 | '
[36mmy-mlops-model       |[0m 2025-08-07 10:00:25 | ic
[36mmy-mlops-model       |[0m 2025-08-07 10:00:25 | |
[36mmy-mlops-model       |[0m 2025-08-07 10:00:25 | train_loss
[36mmy-mlops-model       |[0m 2025-08-07 10:00:25 | :
[36mmy-mlops-model       |[0m 2025-08-07 10:00:25 | np
[36mmy-mlops-model       |[0m 2025-08-07 10:00:25 | .
[36mmy-mlops-model       |[0m 2025-08-07 10:00:25 | float64
[36mmy-mlops-model       |[0m 2025-08-07 10:00:25 | (
[36mmy-mlops-model       |[0m 2025-08-07 10:00:25 | 1.1621073753098246
[36mmy-mlops-model       |[0m 2025-08-07 10:00:25 | )
[36mmy-mlops-model       |[0m 2025-08-07 10:00:25 | val_loss
[36mmy-mlops-model       |[0m 2025-08-07 10:00:25 | :
[36mmy-mlops-model       |[0m 2025-08-07 10:00:25 | np
[36mmy-mlops-model       |[0m 2025-08-07 10:00:25 | .
[36mmy-mlops-model       |[0m 2025-08-07 10:00:25 | float64
[36mmy-mlops-model       |[0m 2025-08-07 10:00:25 | (
[36mmy-mlops-model       |[0m 2025-08-07 10:00:25 | 1.3098693015655631
[36mmy-mlops-model       |[0m 2025-08-07 10:00:25 | )
[36mmy-mlops-model       |[0m 2025-08-07 10:00:25 | val_acc
[36mmy-mlops-model       |[0m 2025-08-07 10:00:25 | :
[36mmy-mlops-model       |[0m 2025-08-07 10:00:25 | np
[36mmy-mlops-model       |[0m 2025-08-07 10:00:25 | .
[36mmy-mlops-model       |[0m 2025-08-07 10:00:25 | float64
[36mmy-mlops-model       |[0m 2025-08-07 10:00:25 | (
[36mmy-mlops-model       |[0m 2025-08-07 10:00:25 | 0.555205047318612
[36mmy-mlops-model       |[0m 2025-08-07 10:00:25 | )
[36mmy-mlops-model       |[0m 2025-08-07 10:00:25 | test_loss
[36mmy-mlops-model       |[0m 2025-08-07 10:00:25 | :
[36mmy-mlops-model       |[0m 2025-08-07 10:00:25 | np
[36mmy-mlops-model       |[0m 2025-08-07 10:00:25 | .
[36mmy-mlops-model       |[0m 2025-08-07 10:00:25 | float64
[36mmy-mlops-model       |[0m 2025-08-07 10:00:25 | (
[36mmy-mlops-model       |[0m 2025-08-07 10:00:25 | 1.321747524963677
[36mmy-mlops-model       |[0m 2025-08-07 10:00:25 | )
[36mmy-mlops-model       |[0m 2025-08-07 10:00:25 | test_acc
[36mmy-mlops-model       |[0m 2025-08-07 10:00:25 | :
[36mmy-mlops-model       |[0m 2025-08-07 10:00:25 | np
[36mmy-mlops-model       |[0m 2025-08-07 10:00:25 | .
[36mmy-mlops-model       |[0m 2025-08-07 10:00:25 | float64
[36mmy-mlops-model       |[0m 2025-08-07 10:00:25 | (
[36mmy-mlops-model       |[0m 2025-08-07 10:00:25 | 0.5551181102362205
[36mmy-mlops-model       |[0m 2025-08-07 10:00:25 | )
[36mmy-mlops-model       |[0m 2025-08-07 10:00:25 | Training:   0%|          | 0/64 [00:00<?, ?it/s]
[36mmy-mlops-model       |[0m 2025-08-07 10:00:25 | Training:   9%|9         | 6/64 [00:00<00:00, 58.38it/s]
[36mmy-mlops-model       |[0m 2025-08-07 10:00:25 | Training:  20%|##        | 13/64 [00:00<00:00, 60.21it/s]
[36mmy-mlops-model       |[0m 2025-08-07 10:00:25 | Training:  31%|###1      | 20/64 [00:00<00:00, 50.62it/s]
[36mmy-mlops-model       |[0m 2025-08-07 10:00:25 | Training:  42%|####2     | 27/64 [00:00<00:00, 55.34it/s]
[36mmy-mlops-model       |[0m 2025-08-07 10:00:25 | Training:  53%|#####3    | 34/64 [00:00<00:00, 58.65it/s]
[36mmy-mlops-model       |[0m 2025-08-07 10:00:25 | Training:  64%|######4   | 41/64 [00:00<00:00, 59.91it/s]
[36mmy-mlops-model       |[0m 2025-08-07 10:00:26 | Training:  75%|#######5  | 48/64 [00:00<00:00, 60.73it/s]
[36mmy-mlops-model       |[0m 2025-08-07 10:00:26 | Training:  86%|########5 | 55/64 [00:00<00:00, 61.29it/s]
[36mmy-mlops-model       |[0m 2025-08-07 10:00:26 | Training:  97%|#########6| 62/64 [00:01<00:00, 62.18it/s]
[36mmy-mlops-model       |[0m 2025-08-07 10:00:26 | ic
[36mmy-mlops-model       |[0m 2025-08-07 10:00:26 | |
[36mmy-mlops-model       |[0m 2025-08-07 10:00:26 | f
[36mmy-mlops-model       |[0m 2025-08-07 10:00:26 | "
[36mmy-mlops-model       |[0m 2025-08-07 10:00:26 | Epoch
[36mmy-mlops-model       |[0m 2025-08-07 10:00:26 | {
[36mmy-mlops-model       |[0m 2025-08-07 10:00:26 | epoch
[36mmy-mlops-model       |[0m 2025-08-07 10:00:26 | +
[36mmy-mlops-model       |[0m 2025-08-07 10:00:26 | 1
[36mmy-mlops-model       |[0m 2025-08-07 10:00:26 | }
[36mmy-mlops-model       |[0m 2025-08-07 10:00:26 | /
[36mmy-mlops-model       |[0m 2025-08-07 10:00:26 | {
[36mmy-mlops-model       |[0m 2025-08-07 10:00:26 | num_epochs
[36mmy-mlops-model       |[0m 2025-08-07 10:00:26 | }
[36mmy-mlops-model       |[0m 2025-08-07 10:00:26 | "
[36mmy-mlops-model       |[0m 2025-08-07 10:00:26 | :
[36mmy-mlops-model       |[0m 2025-08-07 10:00:26 | '
[36mmy-mlops-model       |[0m 2025-08-07 10:00:26 | Epoch 314/500
[36mmy-mlops-model       |[0m 2025-08-07 10:00:26 | '
[36mmy-mlops-model       |[0m 2025-08-07 10:00:26 | ic
[36mmy-mlops-model       |[0m 2025-08-07 10:00:26 | |
[36mmy-mlops-model       |[0m 2025-08-07 10:00:26 | train_loss
[36mmy-mlops-model       |[0m 2025-08-07 10:00:26 | :
[36mmy-mlops-model       |[0m 2025-08-07 10:00:26 | np
[36mmy-mlops-model       |[0m 2025-08-07 10:00:26 | .
[36mmy-mlops-model       |[0m 2025-08-07 10:00:26 | float64
[36mmy-mlops-model       |[0m 2025-08-07 10:00:26 | (
[36mmy-mlops-model       |[0m 2025-08-07 10:00:26 | 1.1590735548447015
[36mmy-mlops-model       |[0m 2025-08-07 10:00:26 | )
[36mmy-mlops-model       |[0m 2025-08-07 10:00:26 | val_loss
[36mmy-mlops-model       |[0m 2025-08-07 10:00:26 | :
[36mmy-mlops-model       |[0m 2025-08-07 10:00:26 | np
[36mmy-mlops-model       |[0m 2025-08-07 10:00:26 | .
[36mmy-mlops-model       |[0m 2025-08-07 10:00:26 | float64
[36mmy-mlops-model       |[0m 2025-08-07 10:00:26 | (
[36mmy-mlops-model       |[0m 2025-08-07 10:00:26 | 1.3069170848202865
[36mmy-mlops-model       |[0m 2025-08-07 10:00:26 | )
[36mmy-mlops-model       |[0m 2025-08-07 10:00:26 | val_acc
[36mmy-mlops-model       |[0m 2025-08-07 10:00:26 | :
[36mmy-mlops-model       |[0m 2025-08-07 10:00:26 | np
[36mmy-mlops-model       |[0m 2025-08-07 10:00:26 | .
[36mmy-mlops-model       |[0m 2025-08-07 10:00:26 | float64
[36mmy-mlops-model       |[0m 2025-08-07 10:00:26 | (
[36mmy-mlops-model       |[0m 2025-08-07 10:00:26 | 0.5520504731861199
[36mmy-mlops-model       |[0m 2025-08-07 10:00:26 | )
[36mmy-mlops-model       |[0m 2025-08-07 10:00:26 | test_loss
[36mmy-mlops-model       |[0m 2025-08-07 10:00:26 | :
[36mmy-mlops-model       |[0m 2025-08-07 10:00:26 | np
[36mmy-mlops-model       |[0m 2025-08-07 10:00:26 | .
[36mmy-mlops-model       |[0m 2025-08-07 10:00:26 | float64
[36mmy-mlops-model       |[0m 2025-08-07 10:00:26 | (
[36mmy-mlops-model       |[0m 2025-08-07 10:00:26 | 1.3220811100588774
[36mmy-mlops-model       |[0m 2025-08-07 10:00:26 | )
[36mmy-mlops-model       |[0m 2025-08-07 10:00:26 | test_acc
[36mmy-mlops-model       |[0m 2025-08-07 10:00:26 | :
[36mmy-mlops-model       |[0m 2025-08-07 10:00:26 | np
[36mmy-mlops-model       |[0m 2025-08-07 10:00:26 | .
[36mmy-mlops-model       |[0m 2025-08-07 10:00:26 | float64
[36mmy-mlops-model       |[0m 2025-08-07 10:00:26 | (
[36mmy-mlops-model       |[0m 2025-08-07 10:00:26 | 0.5433070866141733
[36mmy-mlops-model       |[0m 2025-08-07 10:00:26 | )
[36mmy-mlops-model       |[0m 2025-08-07 10:00:26 | Training:   0%|          | 0/64 [00:00<?, ?it/s]
[36mmy-mlops-model       |[0m 2025-08-07 10:00:26 | Training:  11%|#         | 7/64 [00:00<00:00, 64.82it/s]
[36mmy-mlops-model       |[0m 2025-08-07 10:00:26 | Training:  22%|##1       | 14/64 [00:00<00:00, 64.07it/s]
[36mmy-mlops-model       |[0m 2025-08-07 10:00:26 | Training:  33%|###2      | 21/64 [00:00<00:00, 62.60it/s]
[36mmy-mlops-model       |[0m 2025-08-07 10:00:26 | Training:  44%|####3     | 28/64 [00:00<00:00, 62.57it/s]
[36mmy-mlops-model       |[0m 2025-08-07 10:00:27 | Training:  64%|######4   | 41/64 [00:00<00:00, 80.35it/s]
[36mmy-mlops-model       |[0m 2025-08-07 10:00:27 | Training:  77%|#######6  | 49/64 [00:00<00:00, 73.58it/s]
[36mmy-mlops-model       |[0m 2025-08-07 10:00:27 | Training:  89%|########9 | 57/64 [00:00<00:00, 71.47it/s]
[36mmy-mlops-model       |[0m 2025-08-07 10:00:27 | ic
[36mmy-mlops-model       |[0m 2025-08-07 10:00:27 | |
[36mmy-mlops-model       |[0m 2025-08-07 10:00:27 | f
[36mmy-mlops-model       |[0m 2025-08-07 10:00:27 | "
[36mmy-mlops-model       |[0m 2025-08-07 10:00:27 | Epoch
[36mmy-mlops-model       |[0m 2025-08-07 10:00:27 | {
[36mmy-mlops-model       |[0m 2025-08-07 10:00:27 | epoch
[36mmy-mlops-model       |[0m 2025-08-07 10:00:27 | +
[36mmy-mlops-model       |[0m 2025-08-07 10:00:27 | 1
[36mmy-mlops-model       |[0m 2025-08-07 10:00:27 | }
[36mmy-mlops-model       |[0m 2025-08-07 10:00:27 | /
[36mmy-mlops-model       |[0m 2025-08-07 10:00:27 | {
[36mmy-mlops-model       |[0m 2025-08-07 10:00:27 | num_epochs
[36mmy-mlops-model       |[0m 2025-08-07 10:00:27 | }
[36mmy-mlops-model       |[0m 2025-08-07 10:00:27 | "
[36mmy-mlops-model       |[0m 2025-08-07 10:00:27 | :
[36mmy-mlops-model       |[0m 2025-08-07 10:00:27 | '
[36mmy-mlops-model       |[0m 2025-08-07 10:00:27 | Epoch 315/500
[36mmy-mlops-model       |[0m 2025-08-07 10:00:27 | '
[36mmy-mlops-model       |[0m 2025-08-07 10:00:27 | ic
[36mmy-mlops-model       |[0m 2025-08-07 10:00:27 | |
[36mmy-mlops-model       |[0m 2025-08-07 10:00:27 | train_loss
[36mmy-mlops-model       |[0m 2025-08-07 10:00:27 | :
[36mmy-mlops-model       |[0m 2025-08-07 10:00:27 | np
[36mmy-mlops-model       |[0m 2025-08-07 10:00:27 | .
[36mmy-mlops-model       |[0m 2025-08-07 10:00:27 | float64
[36mmy-mlops-model       |[0m 2025-08-07 10:00:27 | (
[36mmy-mlops-model       |[0m 2025-08-07 10:00:27 | 1.2202334831339674
[36mmy-mlops-model       |[0m 2025-08-07 10:00:27 | )
[36mmy-mlops-model       |[0m 2025-08-07 10:00:27 | val_loss
[36mmy-mlops-model       |[0m 2025-08-07 10:00:27 | :
[36mmy-mlops-model       |[0m 2025-08-07 10:00:27 | np
[36mmy-mlops-model       |[0m 2025-08-07 10:00:27 | .
[36mmy-mlops-model       |[0m 2025-08-07 10:00:27 | float64
[36mmy-mlops-model       |[0m 2025-08-07 10:00:27 | (
[36mmy-mlops-model       |[0m 2025-08-07 10:00:27 | 1.3035625858132338
[36mmy-mlops-model       |[0m 2025-08-07 10:00:27 | )
[36mmy-mlops-model       |[0m 2025-08-07 10:00:27 | val_acc
[36mmy-mlops-model       |[0m 2025-08-07 10:00:27 | :
[36mmy-mlops-model       |[0m 2025-08-07 10:00:27 | np
[36mmy-mlops-model       |[0m 2025-08-07 10:00:27 | .
[36mmy-mlops-model       |[0m 2025-08-07 10:00:27 | float64
[36mmy-mlops-model       |[0m 2025-08-07 10:00:27 | (
[36mmy-mlops-model       |[0m 2025-08-07 10:00:27 | 0.5615141955835962
[36mmy-mlops-model       |[0m 2025-08-07 10:00:27 | )
[36mmy-mlops-model       |[0m 2025-08-07 10:00:27 | test_loss
[36mmy-mlops-model       |[0m 2025-08-07 10:00:27 | :
[36mmy-mlops-model       |[0m 2025-08-07 10:00:27 | np
[36mmy-mlops-model       |[0m 2025-08-07 10:00:27 | .
[36mmy-mlops-model       |[0m 2025-08-07 10:00:27 | float64
[36mmy-mlops-model       |[0m 2025-08-07 10:00:27 | (
[36mmy-mlops-model       |[0m 2025-08-07 10:00:27 | 1.3178650230566877
[36mmy-mlops-model       |[0m 2025-08-07 10:00:27 | )
[36mmy-mlops-model       |[0m 2025-08-07 10:00:27 | test_acc
[36mmy-mlops-model       |[0m 2025-08-07 10:00:27 | :
[36mmy-mlops-model       |[0m 2025-08-07 10:00:27 | np
[36mmy-mlops-model       |[0m 2025-08-07 10:00:27 | .
[36mmy-mlops-model       |[0m 2025-08-07 10:00:27 | float64
[36mmy-mlops-model       |[0m 2025-08-07 10:00:27 | (
[36mmy-mlops-model       |[0m 2025-08-07 10:00:27 | 0.5433070866141733
[36mmy-mlops-model       |[0m 2025-08-07 10:00:27 | )
[36mmy-mlops-model       |[0m 2025-08-07 10:00:27 | Training:   0%|          | 0/64 [00:00<?, ?it/s]
[36mmy-mlops-model       |[0m 2025-08-07 10:00:27 | Training:  31%|###1      | 20/64 [00:00<00:00, 190.84it/s]
[36mmy-mlops-model       |[0m 2025-08-07 10:00:27 | Training:  62%|######2   | 40/64 [00:00<00:00, 165.77it/s]
[36mmy-mlops-model       |[0m 2025-08-07 10:00:28 | Training:  89%|########9 | 57/64 [00:00<00:00, 116.00it/s]
[36mmy-mlops-model       |[0m 2025-08-07 10:00:28 | ic
[36mmy-mlops-model       |[0m 2025-08-07 10:00:28 | |
[36mmy-mlops-model       |[0m 2025-08-07 10:00:28 | f
[36mmy-mlops-model       |[0m 2025-08-07 10:00:28 | "
[36mmy-mlops-model       |[0m 2025-08-07 10:00:28 | Epoch
[36mmy-mlops-model       |[0m 2025-08-07 10:00:28 | {
[36mmy-mlops-model       |[0m 2025-08-07 10:00:28 | epoch
[36mmy-mlops-model       |[0m 2025-08-07 10:00:28 | +
[36mmy-mlops-model       |[0m 2025-08-07 10:00:28 | 1
[36mmy-mlops-model       |[0m 2025-08-07 10:00:28 | }
[36mmy-mlops-model       |[0m 2025-08-07 10:00:28 | /
[36mmy-mlops-model       |[0m 2025-08-07 10:00:28 | {
[36mmy-mlops-model       |[0m 2025-08-07 10:00:28 | num_epochs
[36mmy-mlops-model       |[0m 2025-08-07 10:00:28 | }
[36mmy-mlops-model       |[0m 2025-08-07 10:00:28 | "
[36mmy-mlops-model       |[0m 2025-08-07 10:00:28 | :
[36mmy-mlops-model       |[0m 2025-08-07 10:00:28 | '
[36mmy-mlops-model       |[0m 2025-08-07 10:00:28 | Epoch 316/500
[36mmy-mlops-model       |[0m 2025-08-07 10:00:28 | '
[36mmy-mlops-model       |[0m 2025-08-07 10:00:28 | ic
[36mmy-mlops-model       |[0m 2025-08-07 10:00:28 | |
[36mmy-mlops-model       |[0m 2025-08-07 10:00:28 | train_loss
[36mmy-mlops-model       |[0m 2025-08-07 10:00:28 | :
[36mmy-mlops-model       |[0m 2025-08-07 10:00:28 | np
[36mmy-mlops-model       |[0m 2025-08-07 10:00:28 | .
[36mmy-mlops-model       |[0m 2025-08-07 10:00:28 | float64
[36mmy-mlops-model       |[0m 2025-08-07 10:00:28 | (
[36mmy-mlops-model       |[0m 2025-08-07 10:00:28 | 1.2198240793309125
[36mmy-mlops-model       |[0m 2025-08-07 10:00:28 | )
[36mmy-mlops-model       |[0m 2025-08-07 10:00:28 | val_loss
[36mmy-mlops-model       |[0m 2025-08-07 10:00:28 | :
[36mmy-mlops-model       |[0m 2025-08-07 10:00:28 | np
[36mmy-mlops-model       |[0m 2025-08-07 10:00:28 | .
[36mmy-mlops-model       |[0m 2025-08-07 10:00:28 | float64
[36mmy-mlops-model       |[0m 2025-08-07 10:00:28 | (
[36mmy-mlops-model       |[0m 2025-08-07 10:00:28 | 1.3038533633375866
[36mmy-mlops-model       |[0m 2025-08-07 10:00:28 | )
[36mmy-mlops-model       |[0m 2025-08-07 10:00:28 | val_acc
[36mmy-mlops-model       |[0m 2025-08-07 10:00:28 | :
[36mmy-mlops-model       |[0m 2025-08-07 10:00:28 | np
[36mmy-mlops-model       |[0m 2025-08-07 10:00:28 | .
[36mmy-mlops-model       |[0m 2025-08-07 10:00:28 | float64
[36mmy-mlops-model       |[0m 2025-08-07 10:00:28 | (
[36mmy-mlops-model       |[0m 2025-08-07 10:00:28 | 0.5583596214511041
[36mmy-mlops-model       |[0m 2025-08-07 10:00:28 | )
[36mmy-mlops-model       |[0m 2025-08-07 10:00:28 | test_loss
[36mmy-mlops-model       |[0m 2025-08-07 10:00:28 | :
[36mmy-mlops-model       |[0m 2025-08-07 10:00:28 | np
[36mmy-mlops-model       |[0m 2025-08-07 10:00:28 | .
[36mmy-mlops-model       |[0m 2025-08-07 10:00:28 | float64
[36mmy-mlops-model       |[0m 2025-08-07 10:00:28 | (
[36mmy-mlops-model       |[0m 2025-08-07 10:00:28 | 1.3167817375876538
[36mmy-mlops-model       |[0m 2025-08-07 10:00:28 | )
[36mmy-mlops-model       |[0m 2025-08-07 10:00:28 | test_acc
[36mmy-mlops-model       |[0m 2025-08-07 10:00:28 | :
[36mmy-mlops-model       |[0m 2025-08-07 10:00:28 | np
[36mmy-mlops-model       |[0m 2025-08-07 10:00:28 | .
[36mmy-mlops-model       |[0m 2025-08-07 10:00:28 | float64
[36mmy-mlops-model       |[0m 2025-08-07 10:00:28 | (
[36mmy-mlops-model       |[0m 2025-08-07 10:00:28 | 0.5551181102362205
[36mmy-mlops-model       |[0m 2025-08-07 10:00:28 | )
[36mmy-mlops-model       |[0m 2025-08-07 10:00:28 | Training:   0%|          | 0/64 [00:00<?, ?it/s]
[36mmy-mlops-model       |[0m 2025-08-07 10:00:28 | Training:  12%|#2        | 8/64 [00:00<00:00, 74.78it/s]
[36mmy-mlops-model       |[0m 2025-08-07 10:00:28 | Training:  27%|##6       | 17/64 [00:00<00:00, 81.62it/s]
[36mmy-mlops-model       |[0m 2025-08-07 10:00:28 | Training:  56%|#####6    | 36/64 [00:00<00:00, 123.53it/s]
[36mmy-mlops-model       |[0m 2025-08-07 10:00:28 | Training:  77%|#######6  | 49/64 [00:00<00:00, 97.95it/s]
[36mmy-mlops-model       |[0m 2025-08-07 10:00:29 | ic
[36mmy-mlops-model       |[0m 2025-08-07 10:00:29 | |
[36mmy-mlops-model       |[0m 2025-08-07 10:00:29 | f
[36mmy-mlops-model       |[0m 2025-08-07 10:00:29 | "
[36mmy-mlops-model       |[0m 2025-08-07 10:00:29 | Epoch
[36mmy-mlops-model       |[0m 2025-08-07 10:00:29 | {
[36mmy-mlops-model       |[0m 2025-08-07 10:00:29 | epoch
[36mmy-mlops-model       |[0m 2025-08-07 10:00:29 | +
[36mmy-mlops-model       |[0m 2025-08-07 10:00:29 | 1
[36mmy-mlops-model       |[0m 2025-08-07 10:00:29 | }
[36mmy-mlops-model       |[0m 2025-08-07 10:00:29 | /
[36mmy-mlops-model       |[0m 2025-08-07 10:00:29 | {
[36mmy-mlops-model       |[0m 2025-08-07 10:00:29 | num_epochs
[36mmy-mlops-model       |[0m 2025-08-07 10:00:29 | }
[36mmy-mlops-model       |[0m 2025-08-07 10:00:29 | "
[36mmy-mlops-model       |[0m 2025-08-07 10:00:29 | :
[36mmy-mlops-model       |[0m 2025-08-07 10:00:29 | '
[36mmy-mlops-model       |[0m 2025-08-07 10:00:29 | Epoch 317/500
[36mmy-mlops-model       |[0m 2025-08-07 10:00:29 | '
[36mmy-mlops-model       |[0m 2025-08-07 10:00:29 | ic
[36mmy-mlops-model       |[0m 2025-08-07 10:00:29 | |
[36mmy-mlops-model       |[0m 2025-08-07 10:00:29 | train_loss
[36mmy-mlops-model       |[0m 2025-08-07 10:00:29 | :
[36mmy-mlops-model       |[0m 2025-08-07 10:00:29 | np
[36mmy-mlops-model       |[0m 2025-08-07 10:00:29 | .
[36mmy-mlops-model       |[0m 2025-08-07 10:00:29 | float64
[36mmy-mlops-model       |[0m 2025-08-07 10:00:29 | (
[36mmy-mlops-model       |[0m 2025-08-07 10:00:29 | 1.1869091672168541
[36mmy-mlops-model       |[0m 2025-08-07 10:00:29 | )
[36mmy-mlops-model       |[0m 2025-08-07 10:00:29 | val_loss
[36mmy-mlops-model       |[0m 2025-08-07 10:00:29 | :
[36mmy-mlops-model       |[0m 2025-08-07 10:00:29 | np
[36mmy-mlops-model       |[0m 2025-08-07 10:00:29 | .
[36mmy-mlops-model       |[0m 2025-08-07 10:00:29 | float64
[36mmy-mlops-model       |[0m 2025-08-07 10:00:29 | (
[36mmy-mlops-model       |[0m 2025-08-07 10:00:29 | 1.3009735050989373
[36mmy-mlops-model       |[0m 2025-08-07 10:00:29 | )
[36mmy-mlops-model       |[0m 2025-08-07 10:00:29 | val_acc
[36mmy-mlops-model       |[0m 2025-08-07 10:00:29 | :
[36mmy-mlops-model       |[0m 2025-08-07 10:00:29 | np
[36mmy-mlops-model       |[0m 2025-08-07 10:00:29 | .
[36mmy-mlops-model       |[0m 2025-08-07 10:00:29 | float64
[36mmy-mlops-model       |[0m 2025-08-07 10:00:29 | (
[36mmy-mlops-model       |[0m 2025-08-07 10:00:29 | 0.5520504731861199
[36mmy-mlops-model       |[0m 2025-08-07 10:00:29 | )
[36mmy-mlops-model       |[0m 2025-08-07 10:00:29 | test_loss
[36mmy-mlops-model       |[0m 2025-08-07 10:00:29 | :
[36mmy-mlops-model       |[0m 2025-08-07 10:00:29 | np
[36mmy-mlops-model       |[0m 2025-08-07 10:00:29 | .
[36mmy-mlops-model       |[0m 2025-08-07 10:00:29 | float64
[36mmy-mlops-model       |[0m 2025-08-07 10:00:29 | (
[36mmy-mlops-model       |[0m 2025-08-07 10:00:29 | 1.3156548787278792
[36mmy-mlops-model       |[0m 2025-08-07 10:00:29 | )
[36mmy-mlops-model       |[0m 2025-08-07 10:00:29 | test_acc
[36mmy-mlops-model       |[0m 2025-08-07 10:00:29 | :
[36mmy-mlops-model       |[0m 2025-08-07 10:00:29 | np
[36mmy-mlops-model       |[0m 2025-08-07 10:00:29 | .
[36mmy-mlops-model       |[0m 2025-08-07 10:00:29 | float64
[36mmy-mlops-model       |[0m 2025-08-07 10:00:29 | (
[36mmy-mlops-model       |[0m 2025-08-07 10:00:29 | 0.5196850393700787
[36mmy-mlops-model       |[0m 2025-08-07 10:00:29 | )
[36mmy-mlops-model       |[0m 2025-08-07 10:00:29 | Training:   0%|          | 0/64 [00:00<?, ?it/s]
[36mmy-mlops-model       |[0m 2025-08-07 10:00:29 | Training:  11%|#         | 7/64 [00:00<00:00, 67.13it/s]
[36mmy-mlops-model       |[0m 2025-08-07 10:00:29 | Training:  22%|##1       | 14/64 [00:00<00:00, 63.12it/s]
[36mmy-mlops-model       |[0m 2025-08-07 10:00:29 | Training:  34%|###4      | 22/64 [00:00<00:00, 67.65it/s]
[36mmy-mlops-model       |[0m 2025-08-07 10:00:29 | Training:  45%|####5     | 29/64 [00:00<00:00, 64.87it/s]
[36mmy-mlops-model       |[0m 2025-08-07 10:00:29 | Training:  56%|#####6    | 36/64 [00:00<00:00, 65.08it/s]
[36mmy-mlops-model       |[0m 2025-08-07 10:00:29 | Training:  67%|######7   | 43/64 [00:00<00:00, 64.23it/s]
[36mmy-mlops-model       |[0m 2025-08-07 10:00:30 | Training:  81%|########1 | 52/64 [00:00<00:00, 70.98it/s]
[36mmy-mlops-model       |[0m 2025-08-07 10:00:30 | Training:  94%|#########3| 60/64 [00:00<00:00, 68.92it/s]
[36mmy-mlops-model       |[0m 2025-08-07 10:00:30 | ic
[36mmy-mlops-model       |[0m 2025-08-07 10:00:30 | |
[36mmy-mlops-model       |[0m 2025-08-07 10:00:30 | f
[36mmy-mlops-model       |[0m 2025-08-07 10:00:30 | "
[36mmy-mlops-model       |[0m 2025-08-07 10:00:30 | Epoch
[36mmy-mlops-model       |[0m 2025-08-07 10:00:30 | {
[36mmy-mlops-model       |[0m 2025-08-07 10:00:30 | epoch
[36mmy-mlops-model       |[0m 2025-08-07 10:00:30 | +
[36mmy-mlops-model       |[0m 2025-08-07 10:00:30 | 1
[36mmy-mlops-model       |[0m 2025-08-07 10:00:30 | }
[36mmy-mlops-model       |[0m 2025-08-07 10:00:30 | /
[36mmy-mlops-model       |[0m 2025-08-07 10:00:30 | {
[36mmy-mlops-model       |[0m 2025-08-07 10:00:30 | num_epochs
[36mmy-mlops-model       |[0m 2025-08-07 10:00:30 | }
[36mmy-mlops-model       |[0m 2025-08-07 10:00:30 | "
[36mmy-mlops-model       |[0m 2025-08-07 10:00:30 | :
[36mmy-mlops-model       |[0m 2025-08-07 10:00:30 | '
[36mmy-mlops-model       |[0m 2025-08-07 10:00:30 | Epoch 318/500
[36mmy-mlops-model       |[0m 2025-08-07 10:00:30 | '
[36mmy-mlops-model       |[0m 2025-08-07 10:00:30 | ic
[36mmy-mlops-model       |[0m 2025-08-07 10:00:30 | |
[36mmy-mlops-model       |[0m 2025-08-07 10:00:30 | train_loss
[36mmy-mlops-model       |[0m 2025-08-07 10:00:30 | :
[36mmy-mlops-model       |[0m 2025-08-07 10:00:30 | np
[36mmy-mlops-model       |[0m 2025-08-07 10:00:30 | .
[36mmy-mlops-model       |[0m 2025-08-07 10:00:30 | float64
[36mmy-mlops-model       |[0m 2025-08-07 10:00:30 | (
[36mmy-mlops-model       |[0m 2025-08-07 10:00:30 | 1.1528073905751273
[36mmy-mlops-model       |[0m 2025-08-07 10:00:30 | )
[36mmy-mlops-model       |[0m 2025-08-07 10:00:30 | val_loss
[36mmy-mlops-model       |[0m 2025-08-07 10:00:30 | :
[36mmy-mlops-model       |[0m 2025-08-07 10:00:30 | np
[36mmy-mlops-model       |[0m 2025-08-07 10:00:30 | .
[36mmy-mlops-model       |[0m 2025-08-07 10:00:30 | float64
[36mmy-mlops-model       |[0m 2025-08-07 10:00:30 | (
[36mmy-mlops-model       |[0m 2025-08-07 10:00:30 | 1.3010642934891783
[36mmy-mlops-model       |[0m 2025-08-07 10:00:30 | )
[36mmy-mlops-model       |[0m 2025-08-07 10:00:30 | val_acc
[36mmy-mlops-model       |[0m 2025-08-07 10:00:30 | :
[36mmy-mlops-model       |[0m 2025-08-07 10:00:30 | np
[36mmy-mlops-model       |[0m 2025-08-07 10:00:30 | .
[36mmy-mlops-model       |[0m 2025-08-07 10:00:30 | float64
[36mmy-mlops-model       |[0m 2025-08-07 10:00:30 | (
[36mmy-mlops-model       |[0m 2025-08-07 10:00:30 | 0.5488958990536278
[36mmy-mlops-model       |[0m 2025-08-07 10:00:30 | )
[36mmy-mlops-model       |[0m 2025-08-07 10:00:30 | test_loss
[36mmy-mlops-model       |[0m 2025-08-07 10:00:30 | :
[36mmy-mlops-model       |[0m 2025-08-07 10:00:30 | np
[36mmy-mlops-model       |[0m 2025-08-07 10:00:30 | .
[36mmy-mlops-model       |[0m 2025-08-07 10:00:30 | float64
[36mmy-mlops-model       |[0m 2025-08-07 10:00:30 | (
[36mmy-mlops-model       |[0m 2025-08-07 10:00:30 | 1.317223200135464
[36mmy-mlops-model       |[0m 2025-08-07 10:00:30 | )
[36mmy-mlops-model       |[0m 2025-08-07 10:00:30 | test_acc
[36mmy-mlops-model       |[0m 2025-08-07 10:00:30 | :
[36mmy-mlops-model       |[0m 2025-08-07 10:00:30 | np
[36mmy-mlops-model       |[0m 2025-08-07 10:00:30 | .
[36mmy-mlops-model       |[0m 2025-08-07 10:00:30 | float64
[36mmy-mlops-model       |[0m 2025-08-07 10:00:30 | (
[36mmy-mlops-model       |[0m 2025-08-07 10:00:30 | 0.5196850393700787
[36mmy-mlops-model       |[0m 2025-08-07 10:00:30 | )
[36mmy-mlops-model       |[0m 2025-08-07 10:00:30 | Training:   0%|          | 0/64 [00:00<?, ?it/s]
[36mmy-mlops-model       |[0m 2025-08-07 10:00:30 | Training:  12%|#2        | 8/64 [00:00<00:00, 77.74it/s]
[36mmy-mlops-model       |[0m 2025-08-07 10:00:30 | Training:  25%|##5       | 16/64 [00:00<00:00, 68.35it/s]
[36mmy-mlops-model       |[0m 2025-08-07 10:00:30 | Training:  38%|###7      | 24/64 [00:00<00:00, 69.26it/s]
[36mmy-mlops-model       |[0m 2025-08-07 10:00:30 | Training:  48%|####8     | 31/64 [00:00<00:00, 58.65it/s]
[36mmy-mlops-model       |[0m 2025-08-07 10:00:31 | Training:  59%|#####9    | 38/64 [00:00<00:00, 60.40it/s]
[36mmy-mlops-model       |[0m 2025-08-07 10:00:31 | Training:  72%|#######1  | 46/64 [00:00<00:00, 62.94it/s]
[36mmy-mlops-model       |[0m 2025-08-07 10:00:31 | Training:  88%|########7 | 56/64 [00:00<00:00, 70.49it/s]
[36mmy-mlops-model       |[0m 2025-08-07 10:00:31 | Training: 100%|##########| 64/64 [00:00<00:00, 62.84it/s]
[36mmy-mlops-model       |[0m 2025-08-07 10:00:31 | ic
[36mmy-mlops-model       |[0m 2025-08-07 10:00:31 | |
[36mmy-mlops-model       |[0m 2025-08-07 10:00:31 | f
[36mmy-mlops-model       |[0m 2025-08-07 10:00:31 | "
[36mmy-mlops-model       |[0m 2025-08-07 10:00:31 | Epoch
[36mmy-mlops-model       |[0m 2025-08-07 10:00:31 | {
[36mmy-mlops-model       |[0m 2025-08-07 10:00:31 | epoch
[36mmy-mlops-model       |[0m 2025-08-07 10:00:31 | +
[36mmy-mlops-model       |[0m 2025-08-07 10:00:31 | 1
[36mmy-mlops-model       |[0m 2025-08-07 10:00:31 | }
[36mmy-mlops-model       |[0m 2025-08-07 10:00:31 | /
[36mmy-mlops-model       |[0m 2025-08-07 10:00:31 | {
[36mmy-mlops-model       |[0m 2025-08-07 10:00:31 | num_epochs
[36mmy-mlops-model       |[0m 2025-08-07 10:00:31 | }
[36mmy-mlops-model       |[0m 2025-08-07 10:00:31 | "
[36mmy-mlops-model       |[0m 2025-08-07 10:00:31 | :
[36mmy-mlops-model       |[0m 2025-08-07 10:00:31 | '
[36mmy-mlops-model       |[0m 2025-08-07 10:00:31 | Epoch 319/500
[36mmy-mlops-model       |[0m 2025-08-07 10:00:31 | '
[36mmy-mlops-model       |[0m 2025-08-07 10:00:31 | ic
[36mmy-mlops-model       |[0m 2025-08-07 10:00:31 | |
[36mmy-mlops-model       |[0m 2025-08-07 10:00:31 | train_loss
[36mmy-mlops-model       |[0m 2025-08-07 10:00:31 | :
[36mmy-mlops-model       |[0m 2025-08-07 10:00:31 | np
[36mmy-mlops-model       |[0m 2025-08-07 10:00:31 | .
[36mmy-mlops-model       |[0m 2025-08-07 10:00:31 | float64
[36mmy-mlops-model       |[0m 2025-08-07 10:00:31 | (
[36mmy-mlops-model       |[0m 2025-08-07 10:00:31 | 1.2043644158090714
[36mmy-mlops-model       |[0m 2025-08-07 10:00:31 | )
[36mmy-mlops-model       |[0m 2025-08-07 10:00:31 | val_loss
[36mmy-mlops-model       |[0m 2025-08-07 10:00:31 | :
[36mmy-mlops-model       |[0m 2025-08-07 10:00:31 | np
[36mmy-mlops-model       |[0m 2025-08-07 10:00:31 | .
[36mmy-mlops-model       |[0m 2025-08-07 10:00:31 | float64
[36mmy-mlops-model       |[0m 2025-08-07 10:00:31 | (
[36mmy-mlops-model       |[0m 2025-08-07 10:00:31 | 1.297771924963368
[36mmy-mlops-model       |[0m 2025-08-07 10:00:31 | )
[36mmy-mlops-model       |[0m 2025-08-07 10:00:31 | val_acc
[36mmy-mlops-model       |[0m 2025-08-07 10:00:31 | :
[36mmy-mlops-model       |[0m 2025-08-07 10:00:31 | np
[36mmy-mlops-model       |[0m 2025-08-07 10:00:31 | .
[36mmy-mlops-model       |[0m 2025-08-07 10:00:31 | float64
[36mmy-mlops-model       |[0m 2025-08-07 10:00:31 | (
[36mmy-mlops-model       |[0m 2025-08-07 10:00:31 | 0.5488958990536278
[36mmy-mlops-model       |[0m 2025-08-07 10:00:31 | )
[36mmy-mlops-model       |[0m 2025-08-07 10:00:31 | test_loss
[36mmy-mlops-model       |[0m 2025-08-07 10:00:31 | :
[36mmy-mlops-model       |[0m 2025-08-07 10:00:31 | np
[36mmy-mlops-model       |[0m 2025-08-07 10:00:31 | .
[36mmy-mlops-model       |[0m 2025-08-07 10:00:31 | float64
[36mmy-mlops-model       |[0m 2025-08-07 10:00:31 | (
[36mmy-mlops-model       |[0m 2025-08-07 10:00:31 | 1.3181292468745842
[36mmy-mlops-model       |[0m 2025-08-07 10:00:31 | )
[36mmy-mlops-model       |[0m 2025-08-07 10:00:31 | test_acc
[36mmy-mlops-model       |[0m 2025-08-07 10:00:31 | :
[36mmy-mlops-model       |[0m 2025-08-07 10:00:31 | np
[36mmy-mlops-model       |[0m 2025-08-07 10:00:31 | .
[36mmy-mlops-model       |[0m 2025-08-07 10:00:31 | float64
[36mmy-mlops-model       |[0m 2025-08-07 10:00:31 | (
[36mmy-mlops-model       |[0m 2025-08-07 10:00:31 | 0.5236220472440944
[36mmy-mlops-model       |[0m 2025-08-07 10:00:31 | )
[36mmy-mlops-model       |[0m 2025-08-07 10:00:31 | Training:   0%|          | 0/64 [00:00<?, ?it/s]
[36mmy-mlops-model       |[0m 2025-08-07 10:00:31 | Training:   9%|9         | 6/64 [00:00<00:01, 57.33it/s]
[36mmy-mlops-model       |[0m 2025-08-07 10:00:32 | Training:  19%|#8        | 12/64 [00:00<00:00, 54.40it/s]
[36mmy-mlops-model       |[0m 2025-08-07 10:00:32 | Training:  28%|##8       | 18/64 [00:00<00:00, 52.14it/s]
[36mmy-mlops-model       |[0m 2025-08-07 10:00:32 | Training:  38%|###7      | 24/64 [00:00<00:00, 44.12it/s]
[36mmy-mlops-model       |[0m 2025-08-07 10:00:32 | Training:  47%|####6     | 30/64 [00:00<00:00, 45.82it/s]
[36mmy-mlops-model       |[0m 2025-08-07 10:00:32 | Training:  55%|#####4    | 35/64 [00:00<00:00, 44.80it/s]
[36mmy-mlops-model       |[0m 2025-08-07 10:00:32 | Training:  62%|######2   | 40/64 [00:00<00:00, 44.68it/s]
[36mmy-mlops-model       |[0m 2025-08-07 10:00:32 | Training:  70%|#######   | 45/64 [00:00<00:00, 43.97it/s]
[36mmy-mlops-model       |[0m 2025-08-07 10:00:32 | Training:  80%|#######9  | 51/64 [00:01<00:00, 48.04it/s]
[36mmy-mlops-model       |[0m 2025-08-07 10:00:33 | ic
[36mmy-mlops-model       |[0m 2025-08-07 10:00:33 | |
[36mmy-mlops-model       |[0m 2025-08-07 10:00:33 | f
[36mmy-mlops-model       |[0m 2025-08-07 10:00:33 | "
[36mmy-mlops-model       |[0m 2025-08-07 10:00:33 | Epoch
[36mmy-mlops-model       |[0m 2025-08-07 10:00:33 | {
[36mmy-mlops-model       |[0m 2025-08-07 10:00:33 | epoch
[36mmy-mlops-model       |[0m 2025-08-07 10:00:33 | +
[36mmy-mlops-model       |[0m 2025-08-07 10:00:33 | 1
[36mmy-mlops-model       |[0m 2025-08-07 10:00:33 | }
[36mmy-mlops-model       |[0m 2025-08-07 10:00:33 | /
[36mmy-mlops-model       |[0m 2025-08-07 10:00:33 | {
[36mmy-mlops-model       |[0m 2025-08-07 10:00:33 | num_epochs
[36mmy-mlops-model       |[0m 2025-08-07 10:00:33 | }
[36mmy-mlops-model       |[0m 2025-08-07 10:00:33 | "
[36mmy-mlops-model       |[0m 2025-08-07 10:00:33 | :
[36mmy-mlops-model       |[0m 2025-08-07 10:00:33 | '
[36mmy-mlops-model       |[0m 2025-08-07 10:00:33 | Epoch 320/500
[36mmy-mlops-model       |[0m 2025-08-07 10:00:33 | '
[36mmy-mlops-model       |[0m 2025-08-07 10:00:33 | ic
[36mmy-mlops-model       |[0m 2025-08-07 10:00:33 | |
[36mmy-mlops-model       |[0m 2025-08-07 10:00:33 | train_loss
[36mmy-mlops-model       |[0m 2025-08-07 10:00:33 | :
[36mmy-mlops-model       |[0m 2025-08-07 10:00:33 | np
[36mmy-mlops-model       |[0m 2025-08-07 10:00:33 | .
[36mmy-mlops-model       |[0m 2025-08-07 10:00:33 | float64
[36mmy-mlops-model       |[0m 2025-08-07 10:00:33 | (
[36mmy-mlops-model       |[0m 2025-08-07 10:00:33 | 1.218089608741548
[36mmy-mlops-model       |[0m 2025-08-07 10:00:33 | )
[36mmy-mlops-model       |[0m 2025-08-07 10:00:33 | val_loss
[36mmy-mlops-model       |[0m 2025-08-07 10:00:33 | :
[36mmy-mlops-model       |[0m 2025-08-07 10:00:33 | np
[36mmy-mlops-model       |[0m 2025-08-07 10:00:33 | .
[36mmy-mlops-model       |[0m 2025-08-07 10:00:33 | float64
[36mmy-mlops-model       |[0m 2025-08-07 10:00:33 | (
[36mmy-mlops-model       |[0m 2025-08-07 10:00:33 | 1.2966960505929117
[36mmy-mlops-model       |[0m 2025-08-07 10:00:33 | )
[36mmy-mlops-model       |[0m 2025-08-07 10:00:33 | val_acc
[36mmy-mlops-model       |[0m 2025-08-07 10:00:33 | :
[36mmy-mlops-model       |[0m 2025-08-07 10:00:33 | np
[36mmy-mlops-model       |[0m 2025-08-07 10:00:33 | .
[36mmy-mlops-model       |[0m 2025-08-07 10:00:33 | float64
[36mmy-mlops-model       |[0m 2025-08-07 10:00:33 | (
[36mmy-mlops-model       |[0m 2025-08-07 10:00:33 | 0.5583596214511041
[36mmy-mlops-model       |[0m 2025-08-07 10:00:33 | )
[36mmy-mlops-model       |[0m 2025-08-07 10:00:33 | test_loss
[36mmy-mlops-model       |[0m 2025-08-07 10:00:33 | :
[36mmy-mlops-model       |[0m 2025-08-07 10:00:33 | np
[36mmy-mlops-model       |[0m 2025-08-07 10:00:33 | .
[36mmy-mlops-model       |[0m 2025-08-07 10:00:33 | float64
[36mmy-mlops-model       |[0m 2025-08-07 10:00:33 | (
[36mmy-mlops-model       |[0m 2025-08-07 10:00:33 | 1.3166868065389399
[36mmy-mlops-model       |[0m 2025-08-07 10:00:33 | )
[36mmy-mlops-model       |[0m 2025-08-07 10:00:33 | test_acc
[36mmy-mlops-model       |[0m 2025-08-07 10:00:33 | :
[36mmy-mlops-model       |[0m 2025-08-07 10:00:33 | np
[36mmy-mlops-model       |[0m 2025-08-07 10:00:33 | .
[36mmy-mlops-model       |[0m 2025-08-07 10:00:33 | float64
[36mmy-mlops-model       |[0m 2025-08-07 10:00:33 | (
[36mmy-mlops-model       |[0m 2025-08-07 10:00:33 | 0.5511811023622047
[36mmy-mlops-model       |[0m 2025-08-07 10:00:33 | )
[36mmy-mlops-model       |[0m 2025-08-07 10:00:33 | Training:   0%|          | 0/64 [00:00<?, ?it/s]
[36mmy-mlops-model       |[0m 2025-08-07 10:00:33 | Training:   8%|7         | 5/64 [00:00<00:01, 39.84it/s]
[36mmy-mlops-model       |[0m 2025-08-07 10:00:33 | Training:  14%|#4        | 9/64 [00:00<00:01, 38.58it/s]
[36mmy-mlops-model       |[0m 2025-08-07 10:00:33 | Training:  20%|##        | 13/64 [00:00<00:01, 35.92it/s]
[36mmy-mlops-model       |[0m 2025-08-07 10:00:33 | Training:  27%|##6       | 17/64 [00:00<00:01, 36.98it/s]
[36mmy-mlops-model       |[0m 2025-08-07 10:00:33 | Training:  34%|###4      | 22/64 [00:00<00:01, 41.21it/s]
[36mmy-mlops-model       |[0m 2025-08-07 10:00:34 | Training:  45%|####5     | 29/64 [00:00<00:00, 48.64it/s]
[36mmy-mlops-model       |[0m 2025-08-07 10:00:34 | Training:  56%|#####6    | 36/64 [00:00<00:00, 53.55it/s]
[36mmy-mlops-model       |[0m 2025-08-07 10:00:34 | Training:  66%|######5   | 42/64 [00:00<00:00, 43.74it/s]
[36mmy-mlops-model       |[0m 2025-08-07 10:00:34 | Training:  75%|#######5  | 48/64 [00:01<00:00, 46.26it/s]
[36mmy-mlops-model       |[0m 2025-08-07 10:00:34 | Training:  83%|########2 | 53/64 [00:01<00:00, 41.84it/s]
[36mmy-mlops-model       |[0m 2025-08-07 10:00:34 | Training:  91%|######### | 58/64 [00:01<00:00, 41.31it/s]
[36mmy-mlops-model       |[0m 2025-08-07 10:00:34 | Training:  98%|#########8| 63/64 [00:01<00:00, 42.02it/s]
[36mmy-mlops-model       |[0m 2025-08-07 10:00:35 | ic
[36mmy-mlops-model       |[0m 2025-08-07 10:00:35 | |
[36mmy-mlops-model       |[0m 2025-08-07 10:00:35 | f
[36mmy-mlops-model       |[0m 2025-08-07 10:00:35 | "
[36mmy-mlops-model       |[0m 2025-08-07 10:00:35 | Epoch
[36mmy-mlops-model       |[0m 2025-08-07 10:00:35 | {
[36mmy-mlops-model       |[0m 2025-08-07 10:00:35 | epoch
[36mmy-mlops-model       |[0m 2025-08-07 10:00:35 | +
[36mmy-mlops-model       |[0m 2025-08-07 10:00:35 | 1
[36mmy-mlops-model       |[0m 2025-08-07 10:00:35 | }
[36mmy-mlops-model       |[0m 2025-08-07 10:00:35 | /
[36mmy-mlops-model       |[0m 2025-08-07 10:00:35 | {
[36mmy-mlops-model       |[0m 2025-08-07 10:00:35 | num_epochs
[36mmy-mlops-model       |[0m 2025-08-07 10:00:35 | }
[36mmy-mlops-model       |[0m 2025-08-07 10:00:35 | "
[36mmy-mlops-model       |[0m 2025-08-07 10:00:35 | :
[36mmy-mlops-model       |[0m 2025-08-07 10:00:35 | '
[36mmy-mlops-model       |[0m 2025-08-07 10:00:35 | Epoch 321/500
[36mmy-mlops-model       |[0m 2025-08-07 10:00:35 | '
[36mmy-mlops-model       |[0m 2025-08-07 10:00:35 | ic
[36mmy-mlops-model       |[0m 2025-08-07 10:00:35 | |
[36mmy-mlops-model       |[0m 2025-08-07 10:00:35 | train_loss
[36mmy-mlops-model       |[0m 2025-08-07 10:00:35 | :
[36mmy-mlops-model       |[0m 2025-08-07 10:00:35 | np
[36mmy-mlops-model       |[0m 2025-08-07 10:00:35 | .
[36mmy-mlops-model       |[0m 2025-08-07 10:00:35 | float64
[36mmy-mlops-model       |[0m 2025-08-07 10:00:35 | (
[36mmy-mlops-model       |[0m 2025-08-07 10:00:35 | 1.202545274087025
[36mmy-mlops-model       |[0m 2025-08-07 10:00:35 | )
[36mmy-mlops-model       |[0m 2025-08-07 10:00:35 | val_loss
[36mmy-mlops-model       |[0m 2025-08-07 10:00:35 | :
[36mmy-mlops-model       |[0m 2025-08-07 10:00:35 | np
[36mmy-mlops-model       |[0m 2025-08-07 10:00:35 | .
[36mmy-mlops-model       |[0m 2025-08-07 10:00:35 | float64
[36mmy-mlops-model       |[0m 2025-08-07 10:00:35 | (
[36mmy-mlops-model       |[0m 2025-08-07 10:00:35 | 1.294079968407629
[36mmy-mlops-model       |[0m 2025-08-07 10:00:35 | )
[36mmy-mlops-model       |[0m 2025-08-07 10:00:35 | val_acc
[36mmy-mlops-model       |[0m 2025-08-07 10:00:35 | :
[36mmy-mlops-model       |[0m 2025-08-07 10:00:35 | np
[36mmy-mlops-model       |[0m 2025-08-07 10:00:35 | .
[36mmy-mlops-model       |[0m 2025-08-07 10:00:35 | float64
[36mmy-mlops-model       |[0m 2025-08-07 10:00:35 | (
[36mmy-mlops-model       |[0m 2025-08-07 10:00:35 | 0.5520504731861199
[36mmy-mlops-model       |[0m 2025-08-07 10:00:35 | )
[36mmy-mlops-model       |[0m 2025-08-07 10:00:35 | test_loss
[36mmy-mlops-model       |[0m 2025-08-07 10:00:35 | :
[36mmy-mlops-model       |[0m 2025-08-07 10:00:35 | np
[36mmy-mlops-model       |[0m 2025-08-07 10:00:35 | .
[36mmy-mlops-model       |[0m 2025-08-07 10:00:35 | float64
[36mmy-mlops-model       |[0m 2025-08-07 10:00:35 | (
[36mmy-mlops-model       |[0m 2025-08-07 10:00:35 | 1.3155856412128464
[36mmy-mlops-model       |[0m 2025-08-07 10:00:35 | )
[36mmy-mlops-model       |[0m 2025-08-07 10:00:35 | test_acc
[36mmy-mlops-model       |[0m 2025-08-07 10:00:35 | :
[36mmy-mlops-model       |[0m 2025-08-07 10:00:35 | np
[36mmy-mlops-model       |[0m 2025-08-07 10:00:35 | .
[36mmy-mlops-model       |[0m 2025-08-07 10:00:35 | float64
[36mmy-mlops-model       |[0m 2025-08-07 10:00:35 | (
[36mmy-mlops-model       |[0m 2025-08-07 10:00:35 | 0.5511811023622047
[36mmy-mlops-model       |[0m 2025-08-07 10:00:35 | )
