Attaching to my-mlops-model
[36mmy-mlops-model       |[0m 2025-08-07 11:10:03 | /
[36mmy-mlops-model       |[0m 2025-08-07 11:10:03 | {
[36mmy-mlops-model       |[0m 2025-08-07 11:10:03 | num_epochs
[36mmy-mlops-model       |[0m 2025-08-07 11:10:03 | }
[36mmy-mlops-model       |[0m 2025-08-07 11:10:03 | "
[36mmy-mlops-model       |[0m 2025-08-07 11:10:03 | :
[36mmy-mlops-model       |[0m 2025-08-07 11:10:03 | '
[36mmy-mlops-model       |[0m 2025-08-07 11:10:03 | Epoch 449/500
[36mmy-mlops-model       |[0m 2025-08-07 11:10:03 | '
[36mmy-mlops-model       |[0m 2025-08-07 11:10:03 | ic
[36mmy-mlops-model       |[0m 2025-08-07 11:10:03 | |
[36mmy-mlops-model       |[0m 2025-08-07 11:10:03 | train_loss
[36mmy-mlops-model       |[0m 2025-08-07 11:10:03 | :
[36mmy-mlops-model       |[0m 2025-08-07 11:10:03 | np
[36mmy-mlops-model       |[0m 2025-08-07 11:10:03 | .
[36mmy-mlops-model       |[0m 2025-08-07 11:10:03 | float64
[36mmy-mlops-model       |[0m 2025-08-07 11:10:03 | (
[36mmy-mlops-model       |[0m 2025-08-07 11:10:03 | 1.0914202652697058
[36mmy-mlops-model       |[0m 2025-08-07 11:10:03 | )
[36mmy-mlops-model       |[0m 2025-08-07 11:10:03 | val_loss
[36mmy-mlops-model       |[0m 2025-08-07 11:10:03 | :
[36mmy-mlops-model       |[0m 2025-08-07 11:10:03 | np
[36mmy-mlops-model       |[0m 2025-08-07 11:10:03 | .
[36mmy-mlops-model       |[0m 2025-08-07 11:10:03 | float64
[36mmy-mlops-model       |[0m 2025-08-07 11:10:03 | (
[36mmy-mlops-model       |[0m 2025-08-07 11:10:03 | 1.1970980220867355
[36mmy-mlops-model       |[0m 2025-08-07 11:10:03 | )
[36mmy-mlops-model       |[0m 2025-08-07 11:10:03 | val_acc
[36mmy-mlops-model       |[0m 2025-08-07 11:10:03 | :
[36mmy-mlops-model       |[0m 2025-08-07 11:10:03 | np
[36mmy-mlops-model       |[0m 2025-08-07 11:10:03 | .
[36mmy-mlops-model       |[0m 2025-08-07 11:10:03 | float64
[36mmy-mlops-model       |[0m 2025-08-07 11:10:03 | (
[36mmy-mlops-model       |[0m 2025-08-07 11:10:03 | 0.583596214511041
[36mmy-mlops-model       |[0m 2025-08-07 11:10:03 | )
[36mmy-mlops-model       |[0m 2025-08-07 11:10:03 | test_loss
[36mmy-mlops-model       |[0m 2025-08-07 11:10:03 | :
[36mmy-mlops-model       |[0m 2025-08-07 11:10:03 | np
[36mmy-mlops-model       |[0m 2025-08-07 11:10:03 | .
[36mmy-mlops-model       |[0m 2025-08-07 11:10:03 | float64
[36mmy-mlops-model       |[0m 2025-08-07 11:10:03 | (
[36mmy-mlops-model       |[0m 2025-08-07 11:10:03 | 1.2132966657855957
[36mmy-mlops-model       |[0m 2025-08-07 11:10:03 | )
[36mmy-mlops-model       |[0m 2025-08-07 11:10:03 | test_acc
[36mmy-mlops-model       |[0m 2025-08-07 11:10:03 | :
[36mmy-mlops-model       |[0m 2025-08-07 11:10:03 | np
[36mmy-mlops-model       |[0m 2025-08-07 11:10:03 | .
[36mmy-mlops-model       |[0m 2025-08-07 11:10:03 | float64
[36mmy-mlops-model       |[0m 2025-08-07 11:10:03 | (
[36mmy-mlops-model       |[0m 2025-08-07 11:10:03 | 0.5708661417322834
[36mmy-mlops-model       |[0m 2025-08-07 11:10:03 | )
[36mmy-mlops-model       |[0m 2025-08-07 11:10:03 | Training:   0%|          | 0/64 [00:00<?, ?it/s]
[36mmy-mlops-model       |[0m 2025-08-07 11:10:03 | ic
[36mmy-mlops-model       |[0m 2025-08-07 11:10:03 | |
[36mmy-mlops-model       |[0m 2025-08-07 11:10:03 | f
[36mmy-mlops-model       |[0m 2025-08-07 11:10:03 | "
[36mmy-mlops-model       |[0m 2025-08-07 11:10:03 | Epoch
[36mmy-mlops-model       |[0m 2025-08-07 11:10:03 | {
[36mmy-mlops-model       |[0m 2025-08-07 11:10:03 | epoch
[36mmy-mlops-model       |[0m 2025-08-07 11:10:03 | +
[36mmy-mlops-model       |[0m 2025-08-07 11:10:03 | 1
[36mmy-mlops-model       |[0m 2025-08-07 11:10:03 | }
[36mmy-mlops-model       |[0m 2025-08-07 11:10:03 | /
[36mmy-mlops-model       |[0m 2025-08-07 11:10:03 | {
[36mmy-mlops-model       |[0m 2025-08-07 11:10:03 | num_epochs
[36mmy-mlops-model       |[0m 2025-08-07 11:10:03 | }
[36mmy-mlops-model       |[0m 2025-08-07 11:10:03 | "
[36mmy-mlops-model       |[0m 2025-08-07 11:10:03 | :
[36mmy-mlops-model       |[0m 2025-08-07 11:10:03 | '
[36mmy-mlops-model       |[0m 2025-08-07 11:10:03 | Epoch 450/500
[36mmy-mlops-model       |[0m 2025-08-07 11:10:03 | '
[36mmy-mlops-model       |[0m 2025-08-07 11:10:03 | ic
[36mmy-mlops-model       |[0m 2025-08-07 11:10:03 | |
[36mmy-mlops-model       |[0m 2025-08-07 11:10:03 | train_loss
[36mmy-mlops-model       |[0m 2025-08-07 11:10:03 | :
[36mmy-mlops-model       |[0m 2025-08-07 11:10:03 | np
[36mmy-mlops-model       |[0m 2025-08-07 11:10:03 | .
[36mmy-mlops-model       |[0m 2025-08-07 11:10:03 | float64
[36mmy-mlops-model       |[0m 2025-08-07 11:10:03 | (
[36mmy-mlops-model       |[0m 2025-08-07 11:10:03 | 1.1203987575432681
[36mmy-mlops-model       |[0m 2025-08-07 11:10:03 | )
[36mmy-mlops-model       |[0m 2025-08-07 11:10:03 | val_loss
[36mmy-mlops-model       |[0m 2025-08-07 11:10:03 | :
[36mmy-mlops-model       |[0m 2025-08-07 11:10:03 | np
[36mmy-mlops-model       |[0m 2025-08-07 11:10:03 | .
[36mmy-mlops-model       |[0m 2025-08-07 11:10:03 | float64
[36mmy-mlops-model       |[0m 2025-08-07 11:10:03 | (
[36mmy-mlops-model       |[0m 2025-08-07 11:10:03 | 1.1966293170585907
[36mmy-mlops-model       |[0m 2025-08-07 11:10:03 | )
[36mmy-mlops-model       |[0m 2025-08-07 11:10:03 | val_acc
[36mmy-mlops-model       |[0m 2025-08-07 11:10:03 | :
[36mmy-mlops-model       |[0m 2025-08-07 11:10:03 | np
[36mmy-mlops-model       |[0m 2025-08-07 11:10:03 | .
[36mmy-mlops-model       |[0m 2025-08-07 11:10:03 | float64
[36mmy-mlops-model       |[0m 2025-08-07 11:10:03 | (
[36mmy-mlops-model       |[0m 2025-08-07 11:10:03 | 0.5741324921135647
[36mmy-mlops-model       |[0m 2025-08-07 11:10:03 | )
[36mmy-mlops-model       |[0m 2025-08-07 11:10:03 | test_loss
[36mmy-mlops-model       |[0m 2025-08-07 11:10:03 | :
[36mmy-mlops-model       |[0m 2025-08-07 11:10:03 | np
[36mmy-mlops-model       |[0m 2025-08-07 11:10:03 | .
[36mmy-mlops-model       |[0m 2025-08-07 11:10:03 | float64
[36mmy-mlops-model       |[0m 2025-08-07 11:10:03 | (
[36mmy-mlops-model       |[0m 2025-08-07 11:10:03 | 1.21264632631556
[36mmy-mlops-model       |[0m 2025-08-07 11:10:03 | )
[36mmy-mlops-model       |[0m 2025-08-07 11:10:03 | test_acc
[36mmy-mlops-model       |[0m 2025-08-07 11:10:03 | :
[36mmy-mlops-model       |[0m 2025-08-07 11:10:03 | np
[36mmy-mlops-model       |[0m 2025-08-07 11:10:03 | .
[36mmy-mlops-model       |[0m 2025-08-07 11:10:03 | float64
[36mmy-mlops-model       |[0m 2025-08-07 11:10:03 | (
[36mmy-mlops-model       |[0m 2025-08-07 11:10:03 | 0.5866141732283464
[36mmy-mlops-model       |[0m 2025-08-07 11:10:03 | )
[36mmy-mlops-model       |[0m 2025-08-07 11:10:03 | Training:   0%|          | 0/64 [00:00<?, ?it/s]
[36mmy-mlops-model       |[0m 2025-08-07 11:10:03 | ic
[36mmy-mlops-model       |[0m 2025-08-07 11:10:03 | |
[36mmy-mlops-model       |[0m 2025-08-07 11:10:03 | f
[36mmy-mlops-model       |[0m 2025-08-07 11:10:03 | "
[36mmy-mlops-model       |[0m 2025-08-07 11:10:03 | Epoch
[36mmy-mlops-model       |[0m 2025-08-07 11:10:03 | {
[36mmy-mlops-model       |[0m 2025-08-07 11:10:03 | epoch
[36mmy-mlops-model       |[0m 2025-08-07 11:10:03 | +
[36mmy-mlops-model       |[0m 2025-08-07 11:10:03 | 1
[36mmy-mlops-model       |[0m 2025-08-07 11:10:03 | }
[36mmy-mlops-model       |[0m 2025-08-07 11:10:03 | /
[36mmy-mlops-model       |[0m 2025-08-07 11:10:03 | {
[36mmy-mlops-model       |[0m 2025-08-07 11:10:03 | num_epochs
[36mmy-mlops-model       |[0m 2025-08-07 11:10:03 | }
[36mmy-mlops-model       |[0m 2025-08-07 11:10:03 | "
[36mmy-mlops-model       |[0m 2025-08-07 11:10:03 | :
[36mmy-mlops-model       |[0m 2025-08-07 11:10:03 | '
[36mmy-mlops-model       |[0m 2025-08-07 11:10:03 | Epoch 451/500
[36mmy-mlops-model       |[0m 2025-08-07 11:10:03 | '
[36mmy-mlops-model       |[0m 2025-08-07 11:10:03 | ic
[36mmy-mlops-model       |[0m 2025-08-07 11:10:03 | |
[36mmy-mlops-model       |[0m 2025-08-07 11:10:03 | train_loss
[36mmy-mlops-model       |[0m 2025-08-07 11:10:03 | :
[36mmy-mlops-model       |[0m 2025-08-07 11:10:03 | np
[36mmy-mlops-model       |[0m 2025-08-07 11:10:03 | .
[36mmy-mlops-model       |[0m 2025-08-07 11:10:03 | float64
[36mmy-mlops-model       |[0m 2025-08-07 11:10:03 | (
[36mmy-mlops-model       |[0m 2025-08-07 11:10:03 | 1.048186187731337
[36mmy-mlops-model       |[0m 2025-08-07 11:10:03 | )
[36mmy-mlops-model       |[0m 2025-08-07 11:10:03 | val_loss
[36mmy-mlops-model       |[0m 2025-08-07 11:10:03 | :
[36mmy-mlops-model       |[0m 2025-08-07 11:10:03 | np
[36mmy-mlops-model       |[0m 2025-08-07 11:10:03 | .
[36mmy-mlops-model       |[0m 2025-08-07 11:10:03 | float64
[36mmy-mlops-model       |[0m 2025-08-07 11:10:03 | (
[36mmy-mlops-model       |[0m 2025-08-07 11:10:03 | 1.1962915671818937
[36mmy-mlops-model       |[0m 2025-08-07 11:10:03 | )
[36mmy-mlops-model       |[0m 2025-08-07 11:10:03 | val_acc
[36mmy-mlops-model       |[0m 2025-08-07 11:10:03 | :
[36mmy-mlops-model       |[0m 2025-08-07 11:10:03 | np
[36mmy-mlops-model       |[0m 2025-08-07 11:10:03 | .
[36mmy-mlops-model       |[0m 2025-08-07 11:10:03 | float64
[36mmy-mlops-model       |[0m 2025-08-07 11:10:03 | (
[36mmy-mlops-model       |[0m 2025-08-07 11:10:03 | 0.5741324921135647
[36mmy-mlops-model       |[0m 2025-08-07 11:10:03 | )
[36mmy-mlops-model       |[0m 2025-08-07 11:10:03 | test_loss
[36mmy-mlops-model       |[0m 2025-08-07 11:10:03 | :
[36mmy-mlops-model       |[0m 2025-08-07 11:10:03 | np
[36mmy-mlops-model       |[0m 2025-08-07 11:10:03 | .
[36mmy-mlops-model       |[0m 2025-08-07 11:10:03 | float64
[36mmy-mlops-model       |[0m 2025-08-07 11:10:03 | (
[36mmy-mlops-model       |[0m 2025-08-07 11:10:03 | 1.213029834752084
[36mmy-mlops-model       |[0m 2025-08-07 11:10:03 | )
[36mmy-mlops-model       |[0m 2025-08-07 11:10:03 | test_acc
[36mmy-mlops-model       |[0m 2025-08-07 11:10:03 | :
[36mmy-mlops-model       |[0m 2025-08-07 11:10:03 | np
[36mmy-mlops-model       |[0m 2025-08-07 11:10:03 | .
[36mmy-mlops-model       |[0m 2025-08-07 11:10:03 | float64
[36mmy-mlops-model       |[0m 2025-08-07 11:10:03 | (
[36mmy-mlops-model       |[0m 2025-08-07 11:10:03 | 0.5748031496062992
[36mmy-mlops-model       |[0m 2025-08-07 11:10:03 | )
[36mmy-mlops-model       |[0m 2025-08-07 11:10:04 | Training:   0%|          | 0/64 [00:00<?, ?it/s]
[36mmy-mlops-model       |[0m 2025-08-07 11:10:04 | ic
[36mmy-mlops-model       |[0m 2025-08-07 11:10:04 | |
[36mmy-mlops-model       |[0m 2025-08-07 11:10:04 | f
[36mmy-mlops-model       |[0m 2025-08-07 11:10:04 | "
[36mmy-mlops-model       |[0m 2025-08-07 11:10:04 | Epoch
[36mmy-mlops-model       |[0m 2025-08-07 11:10:04 | {
[36mmy-mlops-model       |[0m 2025-08-07 11:10:04 | epoch
[36mmy-mlops-model       |[0m 2025-08-07 11:10:04 | +
[36mmy-mlops-model       |[0m 2025-08-07 11:10:04 | 1
[36mmy-mlops-model       |[0m 2025-08-07 11:10:04 | }
[36mmy-mlops-model       |[0m 2025-08-07 11:10:04 | /
[36mmy-mlops-model       |[0m 2025-08-07 11:10:04 | {
[36mmy-mlops-model       |[0m 2025-08-07 11:10:04 | num_epochs
[36mmy-mlops-model       |[0m 2025-08-07 11:10:04 | }
[36mmy-mlops-model       |[0m 2025-08-07 11:10:04 | "
[36mmy-mlops-model       |[0m 2025-08-07 11:10:04 | :
[36mmy-mlops-model       |[0m 2025-08-07 11:10:04 | '
[36mmy-mlops-model       |[0m 2025-08-07 11:10:04 | Epoch 452/500
[36mmy-mlops-model       |[0m 2025-08-07 11:10:04 | '
[36mmy-mlops-model       |[0m 2025-08-07 11:10:04 | ic
[36mmy-mlops-model       |[0m 2025-08-07 11:10:04 | |
[36mmy-mlops-model       |[0m 2025-08-07 11:10:04 | train_loss
[36mmy-mlops-model       |[0m 2025-08-07 11:10:04 | :
[36mmy-mlops-model       |[0m 2025-08-07 11:10:04 | np
[36mmy-mlops-model       |[0m 2025-08-07 11:10:04 | .
[36mmy-mlops-model       |[0m 2025-08-07 11:10:04 | float64
[36mmy-mlops-model       |[0m 2025-08-07 11:10:04 | (
[36mmy-mlops-model       |[0m 2025-08-07 11:10:04 | 1.0752820009612682
[36mmy-mlops-model       |[0m 2025-08-07 11:10:04 | )
[36mmy-mlops-model       |[0m 2025-08-07 11:10:04 | val_loss
[36mmy-mlops-model       |[0m 2025-08-07 11:10:04 | :
[36mmy-mlops-model       |[0m 2025-08-07 11:10:04 | np
[36mmy-mlops-model       |[0m 2025-08-07 11:10:04 | .
[36mmy-mlops-model       |[0m 2025-08-07 11:10:04 | float64
[36mmy-mlops-model       |[0m 2025-08-07 11:10:04 | (
[36mmy-mlops-model       |[0m 2025-08-07 11:10:04 | 1.195729131756826
[36mmy-mlops-model       |[0m 2025-08-07 11:10:04 | )
[36mmy-mlops-model       |[0m 2025-08-07 11:10:04 | val_acc
[36mmy-mlops-model       |[0m 2025-08-07 11:10:04 | :
[36mmy-mlops-model       |[0m 2025-08-07 11:10:04 | np
[36mmy-mlops-model       |[0m 2025-08-07 11:10:04 | .
[36mmy-mlops-model       |[0m 2025-08-07 11:10:04 | float64
[36mmy-mlops-model       |[0m 2025-08-07 11:10:04 | (
[36mmy-mlops-model       |[0m 2025-08-07 11:10:04 | 0.5709779179810726
[36mmy-mlops-model       |[0m 2025-08-07 11:10:04 | )
[36mmy-mlops-model       |[0m 2025-08-07 11:10:04 | test_loss
[36mmy-mlops-model       |[0m 2025-08-07 11:10:04 | :
[36mmy-mlops-model       |[0m 2025-08-07 11:10:04 | np
[36mmy-mlops-model       |[0m 2025-08-07 11:10:04 | .
[36mmy-mlops-model       |[0m 2025-08-07 11:10:04 | float64
[36mmy-mlops-model       |[0m 2025-08-07 11:10:04 | (
[36mmy-mlops-model       |[0m 2025-08-07 11:10:04 | 1.2118235362720107
[36mmy-mlops-model       |[0m 2025-08-07 11:10:04 | )
[36mmy-mlops-model       |[0m 2025-08-07 11:10:04 | test_acc
[36mmy-mlops-model       |[0m 2025-08-07 11:10:04 | :
[36mmy-mlops-model       |[0m 2025-08-07 11:10:04 | np
[36mmy-mlops-model       |[0m 2025-08-07 11:10:04 | .
[36mmy-mlops-model       |[0m 2025-08-07 11:10:04 | float64
[36mmy-mlops-model       |[0m 2025-08-07 11:10:04 | (
[36mmy-mlops-model       |[0m 2025-08-07 11:10:04 | 0.5748031496062992
[36mmy-mlops-model       |[0m 2025-08-07 11:10:04 | )
[36mmy-mlops-model       |[0m 2025-08-07 11:10:04 | Training:   0%|          | 0/64 [00:00<?, ?it/s]
[36mmy-mlops-model       |[0m 2025-08-07 11:10:04 | ic
[36mmy-mlops-model       |[0m 2025-08-07 11:10:04 | |
[36mmy-mlops-model       |[0m 2025-08-07 11:10:04 | f
[36mmy-mlops-model       |[0m 2025-08-07 11:10:04 | "
[36mmy-mlops-model       |[0m 2025-08-07 11:10:04 | Epoch
[36mmy-mlops-model       |[0m 2025-08-07 11:10:04 | {
[36mmy-mlops-model       |[0m 2025-08-07 11:10:04 | epoch
[36mmy-mlops-model       |[0m 2025-08-07 11:10:04 | +
[36mmy-mlops-model       |[0m 2025-08-07 11:10:04 | 1
[36mmy-mlops-model       |[0m 2025-08-07 11:10:04 | }
[36mmy-mlops-model       |[0m 2025-08-07 11:10:04 | /
[36mmy-mlops-model       |[0m 2025-08-07 11:10:04 | {
[36mmy-mlops-model       |[0m 2025-08-07 11:10:04 | num_epochs
[36mmy-mlops-model       |[0m 2025-08-07 11:10:04 | }
[36mmy-mlops-model       |[0m 2025-08-07 11:10:04 | "
[36mmy-mlops-model       |[0m 2025-08-07 11:10:04 | :
[36mmy-mlops-model       |[0m 2025-08-07 11:10:04 | '
[36mmy-mlops-model       |[0m 2025-08-07 11:10:04 | Epoch 453/500
[36mmy-mlops-model       |[0m 2025-08-07 11:10:04 | '
[36mmy-mlops-model       |[0m 2025-08-07 11:10:04 | ic
[36mmy-mlops-model       |[0m 2025-08-07 11:10:04 | |
[36mmy-mlops-model       |[0m 2025-08-07 11:10:04 | train_loss
[36mmy-mlops-model       |[0m 2025-08-07 11:10:04 | :
[36mmy-mlops-model       |[0m 2025-08-07 11:10:04 | np
[36mmy-mlops-model       |[0m 2025-08-07 11:10:04 | .
[36mmy-mlops-model       |[0m 2025-08-07 11:10:04 | float64
[36mmy-mlops-model       |[0m 2025-08-07 11:10:04 | (
[36mmy-mlops-model       |[0m 2025-08-07 11:10:04 | 1.0890179833415945
[36mmy-mlops-model       |[0m 2025-08-07 11:10:04 | )
[36mmy-mlops-model       |[0m 2025-08-07 11:10:04 | val_loss
[36mmy-mlops-model       |[0m 2025-08-07 11:10:04 | :
[36mmy-mlops-model       |[0m 2025-08-07 11:10:04 | np
[36mmy-mlops-model       |[0m 2025-08-07 11:10:04 | .
[36mmy-mlops-model       |[0m 2025-08-07 11:10:04 | float64
[36mmy-mlops-model       |[0m 2025-08-07 11:10:04 | (
[36mmy-mlops-model       |[0m 2025-08-07 11:10:04 | 1.1937292593557514
[36mmy-mlops-model       |[0m 2025-08-07 11:10:04 | )
[36mmy-mlops-model       |[0m 2025-08-07 11:10:04 | val_acc
[36mmy-mlops-model       |[0m 2025-08-07 11:10:04 | :
[36mmy-mlops-model       |[0m 2025-08-07 11:10:04 | np
[36mmy-mlops-model       |[0m 2025-08-07 11:10:04 | .
[36mmy-mlops-model       |[0m 2025-08-07 11:10:04 | float64
[36mmy-mlops-model       |[0m 2025-08-07 11:10:04 | (
[36mmy-mlops-model       |[0m 2025-08-07 11:10:04 | 0.583596214511041
[36mmy-mlops-model       |[0m 2025-08-07 11:10:04 | )
[36mmy-mlops-model       |[0m 2025-08-07 11:10:04 | test_loss
[36mmy-mlops-model       |[0m 2025-08-07 11:10:04 | :
[36mmy-mlops-model       |[0m 2025-08-07 11:10:04 | np
[36mmy-mlops-model       |[0m 2025-08-07 11:10:04 | .
[36mmy-mlops-model       |[0m 2025-08-07 11:10:04 | float64
[36mmy-mlops-model       |[0m 2025-08-07 11:10:04 | (
[36mmy-mlops-model       |[0m 2025-08-07 11:10:04 | 1.2131889656927615
[36mmy-mlops-model       |[0m 2025-08-07 11:10:04 | )
[36mmy-mlops-model       |[0m 2025-08-07 11:10:04 | test_acc
[36mmy-mlops-model       |[0m 2025-08-07 11:10:04 | :
[36mmy-mlops-model       |[0m 2025-08-07 11:10:04 | np
[36mmy-mlops-model       |[0m 2025-08-07 11:10:04 | .
[36mmy-mlops-model       |[0m 2025-08-07 11:10:04 | float64
[36mmy-mlops-model       |[0m 2025-08-07 11:10:04 | (
[36mmy-mlops-model       |[0m 2025-08-07 11:10:04 | 0.5787401574803149
[36mmy-mlops-model       |[0m 2025-08-07 11:10:04 | )
[36mmy-mlops-model       |[0m 2025-08-07 11:10:04 | Training:   0%|          | 0/64 [00:00<?, ?it/s]
[36mmy-mlops-model       |[0m 2025-08-07 11:10:04 | ic
[36mmy-mlops-model       |[0m 2025-08-07 11:10:04 | |
[36mmy-mlops-model       |[0m 2025-08-07 11:10:04 | f
[36mmy-mlops-model       |[0m 2025-08-07 11:10:04 | "
[36mmy-mlops-model       |[0m 2025-08-07 11:10:04 | Epoch
[36mmy-mlops-model       |[0m 2025-08-07 11:10:04 | {
[36mmy-mlops-model       |[0m 2025-08-07 11:10:04 | epoch
[36mmy-mlops-model       |[0m 2025-08-07 11:10:04 | +
[36mmy-mlops-model       |[0m 2025-08-07 11:10:04 | 1
[36mmy-mlops-model       |[0m 2025-08-07 11:10:04 | }
[36mmy-mlops-model       |[0m 2025-08-07 11:10:04 | /
[36mmy-mlops-model       |[0m 2025-08-07 11:10:04 | {
[36mmy-mlops-model       |[0m 2025-08-07 11:10:04 | num_epochs
[36mmy-mlops-model       |[0m 2025-08-07 11:10:04 | }
[36mmy-mlops-model       |[0m 2025-08-07 11:10:04 | "
[36mmy-mlops-model       |[0m 2025-08-07 11:10:04 | :
[36mmy-mlops-model       |[0m 2025-08-07 11:10:04 | '
[36mmy-mlops-model       |[0m 2025-08-07 11:10:04 | Epoch 454/500
[36mmy-mlops-model       |[0m 2025-08-07 11:10:04 | '
[36mmy-mlops-model       |[0m 2025-08-07 11:10:04 | ic
[36mmy-mlops-model       |[0m 2025-08-07 11:10:04 | |
[36mmy-mlops-model       |[0m 2025-08-07 11:10:04 | train_loss
[36mmy-mlops-model       |[0m 2025-08-07 11:10:04 | :
[36mmy-mlops-model       |[0m 2025-08-07 11:10:04 | np
[36mmy-mlops-model       |[0m 2025-08-07 11:10:04 | .
[36mmy-mlops-model       |[0m 2025-08-07 11:10:04 | float64
[36mmy-mlops-model       |[0m 2025-08-07 11:10:04 | (
[36mmy-mlops-model       |[0m 2025-08-07 11:10:04 | 1.0915508070259017
[36mmy-mlops-model       |[0m 2025-08-07 11:10:04 | )
[36mmy-mlops-model       |[0m 2025-08-07 11:10:04 | val_loss
[36mmy-mlops-model       |[0m 2025-08-07 11:10:04 | :
[36mmy-mlops-model       |[0m 2025-08-07 11:10:04 | np
[36mmy-mlops-model       |[0m 2025-08-07 11:10:04 | .
[36mmy-mlops-model       |[0m 2025-08-07 11:10:04 | float64
[36mmy-mlops-model       |[0m 2025-08-07 11:10:04 | (
[36mmy-mlops-model       |[0m 2025-08-07 11:10:04 | 1.1948400172515747
[36mmy-mlops-model       |[0m 2025-08-07 11:10:04 | )
[36mmy-mlops-model       |[0m 2025-08-07 11:10:04 | val_acc
[36mmy-mlops-model       |[0m 2025-08-07 11:10:04 | :
[36mmy-mlops-model       |[0m 2025-08-07 11:10:04 | np
[36mmy-mlops-model       |[0m 2025-08-07 11:10:04 | .
[36mmy-mlops-model       |[0m 2025-08-07 11:10:04 | float64
[36mmy-mlops-model       |[0m 2025-08-07 11:10:04 | (
[36mmy-mlops-model       |[0m 2025-08-07 11:10:04 | 0.5772870662460567
[36mmy-mlops-model       |[0m 2025-08-07 11:10:04 | )
[36mmy-mlops-model       |[0m 2025-08-07 11:10:04 | test_loss
[36mmy-mlops-model       |[0m 2025-08-07 11:10:04 | :
[36mmy-mlops-model       |[0m 2025-08-07 11:10:04 | np
[36mmy-mlops-model       |[0m 2025-08-07 11:10:04 | .
[36mmy-mlops-model       |[0m 2025-08-07 11:10:04 | float64
[36mmy-mlops-model       |[0m 2025-08-07 11:10:04 | (
[36mmy-mlops-model       |[0m 2025-08-07 11:10:04 | 1.2117635341265733
[36mmy-mlops-model       |[0m 2025-08-07 11:10:04 | )
[36mmy-mlops-model       |[0m 2025-08-07 11:10:04 | test_acc
[36mmy-mlops-model       |[0m 2025-08-07 11:10:04 | :
[36mmy-mlops-model       |[0m 2025-08-07 11:10:04 | np
[36mmy-mlops-model       |[0m 2025-08-07 11:10:04 | .
[36mmy-mlops-model       |[0m 2025-08-07 11:10:04 | float64
[36mmy-mlops-model       |[0m 2025-08-07 11:10:04 | (
[36mmy-mlops-model       |[0m 2025-08-07 11:10:04 | 0.5748031496062992
[36mmy-mlops-model       |[0m 2025-08-07 11:10:04 | )
[36mmy-mlops-model       |[0m 2025-08-07 11:10:04 | Training:   0%|          | 0/64 [00:00<?, ?it/s]
[36mmy-mlops-model       |[0m 2025-08-07 11:10:04 | ic
[36mmy-mlops-model       |[0m 2025-08-07 11:10:04 | |
[36mmy-mlops-model       |[0m 2025-08-07 11:10:04 | f
[36mmy-mlops-model       |[0m 2025-08-07 11:10:04 | "
[36mmy-mlops-model       |[0m 2025-08-07 11:10:04 | Epoch
[36mmy-mlops-model       |[0m 2025-08-07 11:10:04 | {
[36mmy-mlops-model       |[0m 2025-08-07 11:10:04 | epoch
[36mmy-mlops-model       |[0m 2025-08-07 11:10:04 | +
[36mmy-mlops-model       |[0m 2025-08-07 11:10:04 | 1
[36mmy-mlops-model       |[0m 2025-08-07 11:10:04 | }
[36mmy-mlops-model       |[0m 2025-08-07 11:10:04 | /
[36mmy-mlops-model       |[0m 2025-08-07 11:10:04 | {
[36mmy-mlops-model       |[0m 2025-08-07 11:10:04 | num_epochs
[36mmy-mlops-model       |[0m 2025-08-07 11:10:04 | }
[36mmy-mlops-model       |[0m 2025-08-07 11:10:04 | "
[36mmy-mlops-model       |[0m 2025-08-07 11:10:04 | :
[36mmy-mlops-model       |[0m 2025-08-07 11:10:04 | '
[36mmy-mlops-model       |[0m 2025-08-07 11:10:04 | Epoch 455/500
[36mmy-mlops-model       |[0m 2025-08-07 11:10:04 | '
[36mmy-mlops-model       |[0m 2025-08-07 11:10:04 | ic
[36mmy-mlops-model       |[0m 2025-08-07 11:10:04 | |
[36mmy-mlops-model       |[0m 2025-08-07 11:10:04 | train_loss
[36mmy-mlops-model       |[0m 2025-08-07 11:10:04 | :
[36mmy-mlops-model       |[0m 2025-08-07 11:10:04 | np
[36mmy-mlops-model       |[0m 2025-08-07 11:10:04 | .
[36mmy-mlops-model       |[0m 2025-08-07 11:10:04 | float64
[36mmy-mlops-model       |[0m 2025-08-07 11:10:04 | (
[36mmy-mlops-model       |[0m 2025-08-07 11:10:04 | 1.0222753235392026
[36mmy-mlops-model       |[0m 2025-08-07 11:10:04 | )
[36mmy-mlops-model       |[0m 2025-08-07 11:10:04 | val_loss
[36mmy-mlops-model       |[0m 2025-08-07 11:10:04 | :
[36mmy-mlops-model       |[0m 2025-08-07 11:10:04 | np
[36mmy-mlops-model       |[0m 2025-08-07 11:10:04 | .
[36mmy-mlops-model       |[0m 2025-08-07 11:10:04 | float64
[36mmy-mlops-model       |[0m 2025-08-07 11:10:04 | (
[36mmy-mlops-model       |[0m 2025-08-07 11:10:04 | 1.1926024986723882
[36mmy-mlops-model       |[0m 2025-08-07 11:10:04 | )
[36mmy-mlops-model       |[0m 2025-08-07 11:10:04 | val_acc
[36mmy-mlops-model       |[0m 2025-08-07 11:10:04 | :
[36mmy-mlops-model       |[0m 2025-08-07 11:10:04 | np
[36mmy-mlops-model       |[0m 2025-08-07 11:10:04 | .
[36mmy-mlops-model       |[0m 2025-08-07 11:10:04 | float64
[36mmy-mlops-model       |[0m 2025-08-07 11:10:04 | (
[36mmy-mlops-model       |[0m 2025-08-07 11:10:04 | 0.580441640378549
[36mmy-mlops-model       |[0m 2025-08-07 11:10:04 | )
[36mmy-mlops-model       |[0m 2025-08-07 11:10:04 | test_loss
[36mmy-mlops-model       |[0m 2025-08-07 11:10:04 | :
[36mmy-mlops-model       |[0m 2025-08-07 11:10:04 | np
[36mmy-mlops-model       |[0m 2025-08-07 11:10:04 | .
[36mmy-mlops-model       |[0m 2025-08-07 11:10:04 | float64
[36mmy-mlops-model       |[0m 2025-08-07 11:10:04 | (
[36mmy-mlops-model       |[0m 2025-08-07 11:10:04 | 1.2119816040121543
[36mmy-mlops-model       |[0m 2025-08-07 11:10:04 | )
[36mmy-mlops-model       |[0m 2025-08-07 11:10:04 | test_acc
[36mmy-mlops-model       |[0m 2025-08-07 11:10:04 | :
[36mmy-mlops-model       |[0m 2025-08-07 11:10:04 | np
[36mmy-mlops-model       |[0m 2025-08-07 11:10:04 | .
[36mmy-mlops-model       |[0m 2025-08-07 11:10:04 | float64
[36mmy-mlops-model       |[0m 2025-08-07 11:10:04 | (
[36mmy-mlops-model       |[0m 2025-08-07 11:10:04 | 0.5748031496062992
[36mmy-mlops-model       |[0m 2025-08-07 11:10:04 | )
[36mmy-mlops-model       |[0m 2025-08-07 11:10:05 | Training:   0%|          | 0/64 [00:00<?, ?it/s]
[36mmy-mlops-model       |[0m 2025-08-07 11:10:05 | Training:  70%|#######   | 45/64 [00:00<00:00, 381.11it/s]
[36mmy-mlops-model       |[0m 2025-08-07 11:10:05 | ic
[36mmy-mlops-model       |[0m 2025-08-07 11:10:05 | |
[36mmy-mlops-model       |[0m 2025-08-07 11:10:05 | f
[36mmy-mlops-model       |[0m 2025-08-07 11:10:05 | "
[36mmy-mlops-model       |[0m 2025-08-07 11:10:05 | Epoch
[36mmy-mlops-model       |[0m 2025-08-07 11:10:05 | {
[36mmy-mlops-model       |[0m 2025-08-07 11:10:05 | epoch
[36mmy-mlops-model       |[0m 2025-08-07 11:10:05 | +
[36mmy-mlops-model       |[0m 2025-08-07 11:10:05 | 1
[36mmy-mlops-model       |[0m 2025-08-07 11:10:05 | }
[36mmy-mlops-model       |[0m 2025-08-07 11:10:05 | /
[36mmy-mlops-model       |[0m 2025-08-07 11:10:05 | {
[36mmy-mlops-model       |[0m 2025-08-07 11:10:05 | num_epochs
[36mmy-mlops-model       |[0m 2025-08-07 11:10:05 | }
[36mmy-mlops-model       |[0m 2025-08-07 11:10:05 | "
[36mmy-mlops-model       |[0m 2025-08-07 11:10:05 | :
[36mmy-mlops-model       |[0m 2025-08-07 11:10:05 | '
[36mmy-mlops-model       |[0m 2025-08-07 11:10:05 | Epoch 456/500
[36mmy-mlops-model       |[0m 2025-08-07 11:10:05 | '
[36mmy-mlops-model       |[0m 2025-08-07 11:10:05 | ic
[36mmy-mlops-model       |[0m 2025-08-07 11:10:05 | |
[36mmy-mlops-model       |[0m 2025-08-07 11:10:05 | train_loss
[36mmy-mlops-model       |[0m 2025-08-07 11:10:05 | :
[36mmy-mlops-model       |[0m 2025-08-07 11:10:05 | np
[36mmy-mlops-model       |[0m 2025-08-07 11:10:05 | .
[36mmy-mlops-model       |[0m 2025-08-07 11:10:05 | float64
[36mmy-mlops-model       |[0m 2025-08-07 11:10:05 | (
[36mmy-mlops-model       |[0m 2025-08-07 11:10:05 | 1.0496577453974258
[36mmy-mlops-model       |[0m 2025-08-07 11:10:05 | )
[36mmy-mlops-model       |[0m 2025-08-07 11:10:05 | val_loss
[36mmy-mlops-model       |[0m 2025-08-07 11:10:05 | :
[36mmy-mlops-model       |[0m 2025-08-07 11:10:05 | np
[36mmy-mlops-model       |[0m 2025-08-07 11:10:05 | .
[36mmy-mlops-model       |[0m 2025-08-07 11:10:05 | float64
[36mmy-mlops-model       |[0m 2025-08-07 11:10:05 | (
[36mmy-mlops-model       |[0m 2025-08-07 11:10:05 | 1.192457286928548
[36mmy-mlops-model       |[0m 2025-08-07 11:10:05 | )
[36mmy-mlops-model       |[0m 2025-08-07 11:10:05 | val_acc
[36mmy-mlops-model       |[0m 2025-08-07 11:10:05 | :
[36mmy-mlops-model       |[0m 2025-08-07 11:10:05 | np
[36mmy-mlops-model       |[0m 2025-08-07 11:10:05 | .
[36mmy-mlops-model       |[0m 2025-08-07 11:10:05 | float64
[36mmy-mlops-model       |[0m 2025-08-07 11:10:05 | (
[36mmy-mlops-model       |[0m 2025-08-07 11:10:05 | 0.5741324921135647
[36mmy-mlops-model       |[0m 2025-08-07 11:10:05 | )
[36mmy-mlops-model       |[0m 2025-08-07 11:10:05 | test_loss
[36mmy-mlops-model       |[0m 2025-08-07 11:10:05 | :
[36mmy-mlops-model       |[0m 2025-08-07 11:10:05 | np
[36mmy-mlops-model       |[0m 2025-08-07 11:10:05 | .
[36mmy-mlops-model       |[0m 2025-08-07 11:10:05 | float64
[36mmy-mlops-model       |[0m 2025-08-07 11:10:05 | (
[36mmy-mlops-model       |[0m 2025-08-07 11:10:05 | 1.2113969100400652
[36mmy-mlops-model       |[0m 2025-08-07 11:10:05 | )
[36mmy-mlops-model       |[0m 2025-08-07 11:10:05 | test_acc
[36mmy-mlops-model       |[0m 2025-08-07 11:10:05 | :
[36mmy-mlops-model       |[0m 2025-08-07 11:10:05 | np
[36mmy-mlops-model       |[0m 2025-08-07 11:10:05 | .
[36mmy-mlops-model       |[0m 2025-08-07 11:10:05 | float64
[36mmy-mlops-model       |[0m 2025-08-07 11:10:05 | (
[36mmy-mlops-model       |[0m 2025-08-07 11:10:05 | 0.5748031496062992
[36mmy-mlops-model       |[0m 2025-08-07 11:10:05 | )
[36mmy-mlops-model       |[0m 2025-08-07 11:10:05 | Training:   0%|          | 0/64 [00:00<?, ?it/s]
[36mmy-mlops-model       |[0m 2025-08-07 11:10:05 | Training:  58%|#####7    | 37/64 [00:00<00:00, 367.23it/s]
[36mmy-mlops-model       |[0m 2025-08-07 11:10:05 | ic
[36mmy-mlops-model       |[0m 2025-08-07 11:10:05 | |
[36mmy-mlops-model       |[0m 2025-08-07 11:10:05 | f
[36mmy-mlops-model       |[0m 2025-08-07 11:10:05 | "
[36mmy-mlops-model       |[0m 2025-08-07 11:10:05 | Epoch
[36mmy-mlops-model       |[0m 2025-08-07 11:10:05 | {
[36mmy-mlops-model       |[0m 2025-08-07 11:10:05 | epoch
[36mmy-mlops-model       |[0m 2025-08-07 11:10:05 | +
[36mmy-mlops-model       |[0m 2025-08-07 11:10:05 | 1
[36mmy-mlops-model       |[0m 2025-08-07 11:10:05 | }
[36mmy-mlops-model       |[0m 2025-08-07 11:10:05 | /
[36mmy-mlops-model       |[0m 2025-08-07 11:10:05 | {
[36mmy-mlops-model       |[0m 2025-08-07 11:10:05 | num_epochs
[36mmy-mlops-model       |[0m 2025-08-07 11:10:05 | }
[36mmy-mlops-model       |[0m 2025-08-07 11:10:05 | "
[36mmy-mlops-model       |[0m 2025-08-07 11:10:05 | :
[36mmy-mlops-model       |[0m 2025-08-07 11:10:05 | '
[36mmy-mlops-model       |[0m 2025-08-07 11:10:05 | Epoch 457/500
[36mmy-mlops-model       |[0m 2025-08-07 11:10:05 | '
[36mmy-mlops-model       |[0m 2025-08-07 11:10:05 | ic
[36mmy-mlops-model       |[0m 2025-08-07 11:10:05 | |
[36mmy-mlops-model       |[0m 2025-08-07 11:10:05 | train_loss
[36mmy-mlops-model       |[0m 2025-08-07 11:10:05 | :
[36mmy-mlops-model       |[0m 2025-08-07 11:10:05 | np
[36mmy-mlops-model       |[0m 2025-08-07 11:10:05 | .
[36mmy-mlops-model       |[0m 2025-08-07 11:10:05 | float64
[36mmy-mlops-model       |[0m 2025-08-07 11:10:05 | (
[36mmy-mlops-model       |[0m 2025-08-07 11:10:05 | 1.0630835714437041
[36mmy-mlops-model       |[0m 2025-08-07 11:10:05 | )
[36mmy-mlops-model       |[0m 2025-08-07 11:10:05 | val_loss
[36mmy-mlops-model       |[0m 2025-08-07 11:10:05 | :
[36mmy-mlops-model       |[0m 2025-08-07 11:10:05 | np
[36mmy-mlops-model       |[0m 2025-08-07 11:10:05 | .
[36mmy-mlops-model       |[0m 2025-08-07 11:10:05 | float64
[36mmy-mlops-model       |[0m 2025-08-07 11:10:05 | (
[36mmy-mlops-model       |[0m 2025-08-07 11:10:05 | 1.1895196931805478
[36mmy-mlops-model       |[0m 2025-08-07 11:10:05 | )
[36mmy-mlops-model       |[0m 2025-08-07 11:10:05 | val_acc
[36mmy-mlops-model       |[0m 2025-08-07 11:10:05 | :
[36mmy-mlops-model       |[0m 2025-08-07 11:10:05 | np
[36mmy-mlops-model       |[0m 2025-08-07 11:10:05 | .
[36mmy-mlops-model       |[0m 2025-08-07 11:10:05 | float64
[36mmy-mlops-model       |[0m 2025-08-07 11:10:05 | (
[36mmy-mlops-model       |[0m 2025-08-07 11:10:05 | 0.5899053627760252
[36mmy-mlops-model       |[0m 2025-08-07 11:10:05 | )
[36mmy-mlops-model       |[0m 2025-08-07 11:10:05 | test_loss
[36mmy-mlops-model       |[0m 2025-08-07 11:10:05 | :
[36mmy-mlops-model       |[0m 2025-08-07 11:10:05 | np
[36mmy-mlops-model       |[0m 2025-08-07 11:10:05 | .
[36mmy-mlops-model       |[0m 2025-08-07 11:10:05 | float64
[36mmy-mlops-model       |[0m 2025-08-07 11:10:05 | (
[36mmy-mlops-model       |[0m 2025-08-07 11:10:05 | 1.2093130171379294
[36mmy-mlops-model       |[0m 2025-08-07 11:10:05 | )
[36mmy-mlops-model       |[0m 2025-08-07 11:10:05 | test_acc
[36mmy-mlops-model       |[0m 2025-08-07 11:10:05 | :
[36mmy-mlops-model       |[0m 2025-08-07 11:10:05 | np
[36mmy-mlops-model       |[0m 2025-08-07 11:10:05 | .
[36mmy-mlops-model       |[0m 2025-08-07 11:10:05 | float64
[36mmy-mlops-model       |[0m 2025-08-07 11:10:05 | (
[36mmy-mlops-model       |[0m 2025-08-07 11:10:05 | 0.5669291338582677
[36mmy-mlops-model       |[0m 2025-08-07 11:10:05 | )
[36mmy-mlops-model       |[0m 2025-08-07 11:10:06 | Training:   0%|          | 0/64 [00:00<?, ?it/s]
[36mmy-mlops-model       |[0m 2025-08-07 11:10:06 | Training:  12%|#2        | 8/64 [00:00<00:00, 68.70it/s]
[36mmy-mlops-model       |[0m 2025-08-07 11:10:06 | ic
[36mmy-mlops-model       |[0m 2025-08-07 11:10:06 | |
[36mmy-mlops-model       |[0m 2025-08-07 11:10:06 | f
[36mmy-mlops-model       |[0m 2025-08-07 11:10:06 | "
[36mmy-mlops-model       |[0m 2025-08-07 11:10:06 | Epoch
[36mmy-mlops-model       |[0m 2025-08-07 11:10:06 | {
[36mmy-mlops-model       |[0m 2025-08-07 11:10:06 | epoch
[36mmy-mlops-model       |[0m 2025-08-07 11:10:06 | +
[36mmy-mlops-model       |[0m 2025-08-07 11:10:06 | 1
[36mmy-mlops-model       |[0m 2025-08-07 11:10:06 | }
[36mmy-mlops-model       |[0m 2025-08-07 11:10:06 | /
[36mmy-mlops-model       |[0m 2025-08-07 11:10:06 | {
[36mmy-mlops-model       |[0m 2025-08-07 11:10:06 | num_epochs
[36mmy-mlops-model       |[0m 2025-08-07 11:10:06 | }
[36mmy-mlops-model       |[0m 2025-08-07 11:10:06 | "
[36mmy-mlops-model       |[0m 2025-08-07 11:10:06 | :
[36mmy-mlops-model       |[0m 2025-08-07 11:10:06 | '
[36mmy-mlops-model       |[0m 2025-08-07 11:10:06 | Epoch 458/500
[36mmy-mlops-model       |[0m 2025-08-07 11:10:06 | '
[36mmy-mlops-model       |[0m 2025-08-07 11:10:06 | ic
[36mmy-mlops-model       |[0m 2025-08-07 11:10:06 | |
[36mmy-mlops-model       |[0m 2025-08-07 11:10:06 | train_loss
[36mmy-mlops-model       |[0m 2025-08-07 11:10:06 | :
[36mmy-mlops-model       |[0m 2025-08-07 11:10:06 | np
[36mmy-mlops-model       |[0m 2025-08-07 11:10:06 | .
[36mmy-mlops-model       |[0m 2025-08-07 11:10:06 | float64
[36mmy-mlops-model       |[0m 2025-08-07 11:10:06 | (
[36mmy-mlops-model       |[0m 2025-08-07 11:10:06 | 1.0496864590209944
[36mmy-mlops-model       |[0m 2025-08-07 11:10:06 | )
[36mmy-mlops-model       |[0m 2025-08-07 11:10:06 | val_loss
[36mmy-mlops-model       |[0m 2025-08-07 11:10:06 | :
[36mmy-mlops-model       |[0m 2025-08-07 11:10:06 | np
[36mmy-mlops-model       |[0m 2025-08-07 11:10:06 | .
[36mmy-mlops-model       |[0m 2025-08-07 11:10:06 | float64
[36mmy-mlops-model       |[0m 2025-08-07 11:10:06 | (
[36mmy-mlops-model       |[0m 2025-08-07 11:10:06 | 1.1883211115762564
[36mmy-mlops-model       |[0m 2025-08-07 11:10:06 | )
[36mmy-mlops-model       |[0m 2025-08-07 11:10:06 | val_acc
[36mmy-mlops-model       |[0m 2025-08-07 11:10:06 | :
[36mmy-mlops-model       |[0m 2025-08-07 11:10:06 | np
[36mmy-mlops-model       |[0m 2025-08-07 11:10:06 | .
[36mmy-mlops-model       |[0m 2025-08-07 11:10:06 | float64
[36mmy-mlops-model       |[0m 2025-08-07 11:10:06 | (
[36mmy-mlops-model       |[0m 2025-08-07 11:10:06 | 0.5899053627760252
[36mmy-mlops-model       |[0m 2025-08-07 11:10:06 | )
[36mmy-mlops-model       |[0m 2025-08-07 11:10:06 | test_loss
[36mmy-mlops-model       |[0m 2025-08-07 11:10:06 | :
[36mmy-mlops-model       |[0m 2025-08-07 11:10:06 | np
[36mmy-mlops-model       |[0m 2025-08-07 11:10:06 | .
[36mmy-mlops-model       |[0m 2025-08-07 11:10:06 | float64
[36mmy-mlops-model       |[0m 2025-08-07 11:10:06 | (
[36mmy-mlops-model       |[0m 2025-08-07 11:10:06 | 1.2095492088202844
[36mmy-mlops-model       |[0m 2025-08-07 11:10:06 | )
[36mmy-mlops-model       |[0m 2025-08-07 11:10:06 | test_acc
[36mmy-mlops-model       |[0m 2025-08-07 11:10:06 | :
[36mmy-mlops-model       |[0m 2025-08-07 11:10:06 | np
[36mmy-mlops-model       |[0m 2025-08-07 11:10:06 | .
[36mmy-mlops-model       |[0m 2025-08-07 11:10:06 | float64
[36mmy-mlops-model       |[0m 2025-08-07 11:10:06 | (
[36mmy-mlops-model       |[0m 2025-08-07 11:10:06 | 0.5748031496062992
[36mmy-mlops-model       |[0m 2025-08-07 11:10:06 | )
[36mmy-mlops-model       |[0m 2025-08-07 11:10:06 | Training:   0%|          | 0/64 [00:00<?, ?it/s]
[36mmy-mlops-model       |[0m 2025-08-07 11:10:06 | Training:  45%|####5     | 29/64 [00:00<00:00, 286.87it/s]
[36mmy-mlops-model       |[0m 2025-08-07 11:10:07 | Training:  91%|######### | 58/64 [00:00<00:00, 88.73it/s]
[36mmy-mlops-model       |[0m 2025-08-07 11:10:07 | ic
[36mmy-mlops-model       |[0m 2025-08-07 11:10:07 | |
[36mmy-mlops-model       |[0m 2025-08-07 11:10:07 | f
[36mmy-mlops-model       |[0m 2025-08-07 11:10:07 | "
[36mmy-mlops-model       |[0m 2025-08-07 11:10:07 | Epoch
[36mmy-mlops-model       |[0m 2025-08-07 11:10:07 | {
[36mmy-mlops-model       |[0m 2025-08-07 11:10:07 | epoch
[36mmy-mlops-model       |[0m 2025-08-07 11:10:07 | +
[36mmy-mlops-model       |[0m 2025-08-07 11:10:07 | 1
[36mmy-mlops-model       |[0m 2025-08-07 11:10:07 | }
[36mmy-mlops-model       |[0m 2025-08-07 11:10:07 | /
[36mmy-mlops-model       |[0m 2025-08-07 11:10:07 | {
[36mmy-mlops-model       |[0m 2025-08-07 11:10:07 | num_epochs
[36mmy-mlops-model       |[0m 2025-08-07 11:10:07 | }
[36mmy-mlops-model       |[0m 2025-08-07 11:10:07 | "
[36mmy-mlops-model       |[0m 2025-08-07 11:10:07 | :
[36mmy-mlops-model       |[0m 2025-08-07 11:10:07 | '
[36mmy-mlops-model       |[0m 2025-08-07 11:10:07 | Epoch 459/500
[36mmy-mlops-model       |[0m 2025-08-07 11:10:07 | '
[36mmy-mlops-model       |[0m 2025-08-07 11:10:07 | ic
[36mmy-mlops-model       |[0m 2025-08-07 11:10:07 | |
[36mmy-mlops-model       |[0m 2025-08-07 11:10:07 | train_loss
[36mmy-mlops-model       |[0m 2025-08-07 11:10:07 | :
[36mmy-mlops-model       |[0m 2025-08-07 11:10:07 | np
[36mmy-mlops-model       |[0m 2025-08-07 11:10:07 | .
[36mmy-mlops-model       |[0m 2025-08-07 11:10:07 | float64
[36mmy-mlops-model       |[0m 2025-08-07 11:10:07 | (
[36mmy-mlops-model       |[0m 2025-08-07 11:10:07 | 1.02966103487145
[36mmy-mlops-model       |[0m 2025-08-07 11:10:07 | )
[36mmy-mlops-model       |[0m 2025-08-07 11:10:07 | val_loss
[36mmy-mlops-model       |[0m 2025-08-07 11:10:07 | :
[36mmy-mlops-model       |[0m 2025-08-07 11:10:07 | np
[36mmy-mlops-model       |[0m 2025-08-07 11:10:07 | .
[36mmy-mlops-model       |[0m 2025-08-07 11:10:07 | float64
[36mmy-mlops-model       |[0m 2025-08-07 11:10:07 | (
[36mmy-mlops-model       |[0m 2025-08-07 11:10:07 | 1.1887719531757055
[36mmy-mlops-model       |[0m 2025-08-07 11:10:07 | )
[36mmy-mlops-model       |[0m 2025-08-07 11:10:07 | val_acc
[36mmy-mlops-model       |[0m 2025-08-07 11:10:07 | :
[36mmy-mlops-model       |[0m 2025-08-07 11:10:07 | np
[36mmy-mlops-model       |[0m 2025-08-07 11:10:07 | .
[36mmy-mlops-model       |[0m 2025-08-07 11:10:07 | float64
[36mmy-mlops-model       |[0m 2025-08-07 11:10:07 | (
[36mmy-mlops-model       |[0m 2025-08-07 11:10:07 | 0.5930599369085173
[36mmy-mlops-model       |[0m 2025-08-07 11:10:07 | )
[36mmy-mlops-model       |[0m 2025-08-07 11:10:07 | test_loss
[36mmy-mlops-model       |[0m 2025-08-07 11:10:07 | :
[36mmy-mlops-model       |[0m 2025-08-07 11:10:07 | np
[36mmy-mlops-model       |[0m 2025-08-07 11:10:07 | .
[36mmy-mlops-model       |[0m 2025-08-07 11:10:07 | float64
[36mmy-mlops-model       |[0m 2025-08-07 11:10:07 | (
[36mmy-mlops-model       |[0m 2025-08-07 11:10:07 | 1.2083684054016612
[36mmy-mlops-model       |[0m 2025-08-07 11:10:07 | )
[36mmy-mlops-model       |[0m 2025-08-07 11:10:07 | test_acc
[36mmy-mlops-model       |[0m 2025-08-07 11:10:07 | :
[36mmy-mlops-model       |[0m 2025-08-07 11:10:07 | np
[36mmy-mlops-model       |[0m 2025-08-07 11:10:07 | .
[36mmy-mlops-model       |[0m 2025-08-07 11:10:07 | float64
[36mmy-mlops-model       |[0m 2025-08-07 11:10:07 | (
[36mmy-mlops-model       |[0m 2025-08-07 11:10:07 | 0.5669291338582677
[36mmy-mlops-model       |[0m 2025-08-07 11:10:07 | )
[36mmy-mlops-model       |[0m 2025-08-07 11:10:07 | Training:   0%|          | 0/64 [00:00<?, ?it/s]
[36mmy-mlops-model       |[0m 2025-08-07 11:10:07 | Training:  39%|###9      | 25/64 [00:00<00:00, 240.05it/s]
[36mmy-mlops-model       |[0m 2025-08-07 11:10:07 | ic
[36mmy-mlops-model       |[0m 2025-08-07 11:10:07 | |
[36mmy-mlops-model       |[0m 2025-08-07 11:10:07 | f
[36mmy-mlops-model       |[0m 2025-08-07 11:10:07 | "
[36mmy-mlops-model       |[0m 2025-08-07 11:10:07 | Epoch
[36mmy-mlops-model       |[0m 2025-08-07 11:10:07 | {
[36mmy-mlops-model       |[0m 2025-08-07 11:10:07 | epoch
[36mmy-mlops-model       |[0m 2025-08-07 11:10:07 | +
[36mmy-mlops-model       |[0m 2025-08-07 11:10:07 | 1
[36mmy-mlops-model       |[0m 2025-08-07 11:10:07 | }
[36mmy-mlops-model       |[0m 2025-08-07 11:10:07 | /
[36mmy-mlops-model       |[0m 2025-08-07 11:10:07 | {
[36mmy-mlops-model       |[0m 2025-08-07 11:10:07 | num_epochs
[36mmy-mlops-model       |[0m 2025-08-07 11:10:07 | }
[36mmy-mlops-model       |[0m 2025-08-07 11:10:07 | "
[36mmy-mlops-model       |[0m 2025-08-07 11:10:07 | :
[36mmy-mlops-model       |[0m 2025-08-07 11:10:07 | '
[36mmy-mlops-model       |[0m 2025-08-07 11:10:07 | Epoch 460/500
[36mmy-mlops-model       |[0m 2025-08-07 11:10:07 | '
[36mmy-mlops-model       |[0m 2025-08-07 11:10:07 | ic
[36mmy-mlops-model       |[0m 2025-08-07 11:10:07 | |
[36mmy-mlops-model       |[0m 2025-08-07 11:10:07 | train_loss
[36mmy-mlops-model       |[0m 2025-08-07 11:10:07 | :
[36mmy-mlops-model       |[0m 2025-08-07 11:10:07 | np
[36mmy-mlops-model       |[0m 2025-08-07 11:10:07 | .
[36mmy-mlops-model       |[0m 2025-08-07 11:10:07 | float64
[36mmy-mlops-model       |[0m 2025-08-07 11:10:07 | (
[36mmy-mlops-model       |[0m 2025-08-07 11:10:07 | 1.0111448333822286
[36mmy-mlops-model       |[0m 2025-08-07 11:10:07 | )
[36mmy-mlops-model       |[0m 2025-08-07 11:10:07 | val_loss
[36mmy-mlops-model       |[0m 2025-08-07 11:10:07 | :
[36mmy-mlops-model       |[0m 2025-08-07 11:10:07 | np
[36mmy-mlops-model       |[0m 2025-08-07 11:10:07 | .
[36mmy-mlops-model       |[0m 2025-08-07 11:10:07 | float64
[36mmy-mlops-model       |[0m 2025-08-07 11:10:07 | (
[36mmy-mlops-model       |[0m 2025-08-07 11:10:07 | 1.1877300855496418
[36mmy-mlops-model       |[0m 2025-08-07 11:10:07 | )
[36mmy-mlops-model       |[0m 2025-08-07 11:10:07 | val_acc
[36mmy-mlops-model       |[0m 2025-08-07 11:10:07 | :
[36mmy-mlops-model       |[0m 2025-08-07 11:10:07 | np
[36mmy-mlops-model       |[0m 2025-08-07 11:10:07 | .
[36mmy-mlops-model       |[0m 2025-08-07 11:10:07 | float64
[36mmy-mlops-model       |[0m 2025-08-07 11:10:07 | (
[36mmy-mlops-model       |[0m 2025-08-07 11:10:07 | 0.5899053627760252
[36mmy-mlops-model       |[0m 2025-08-07 11:10:07 | )
[36mmy-mlops-model       |[0m 2025-08-07 11:10:07 | test_loss
[36mmy-mlops-model       |[0m 2025-08-07 11:10:07 | :
[36mmy-mlops-model       |[0m 2025-08-07 11:10:07 | np
[36mmy-mlops-model       |[0m 2025-08-07 11:10:07 | .
[36mmy-mlops-model       |[0m 2025-08-07 11:10:07 | float64
[36mmy-mlops-model       |[0m 2025-08-07 11:10:07 | (
[36mmy-mlops-model       |[0m 2025-08-07 11:10:07 | 1.2076176487468568
[36mmy-mlops-model       |[0m 2025-08-07 11:10:07 | )
[36mmy-mlops-model       |[0m 2025-08-07 11:10:07 | test_acc
[36mmy-mlops-model       |[0m 2025-08-07 11:10:07 | :
[36mmy-mlops-model       |[0m 2025-08-07 11:10:07 | np
[36mmy-mlops-model       |[0m 2025-08-07 11:10:07 | .
[36mmy-mlops-model       |[0m 2025-08-07 11:10:07 | float64
[36mmy-mlops-model       |[0m 2025-08-07 11:10:07 | (
[36mmy-mlops-model       |[0m 2025-08-07 11:10:07 | 0.5669291338582677
[36mmy-mlops-model       |[0m 2025-08-07 11:10:07 | )
[36mmy-mlops-model       |[0m 2025-08-07 11:10:07 | Training:   0%|          | 0/64 [00:00<?, ?it/s]
[36mmy-mlops-model       |[0m 2025-08-07 11:10:07 | Training:  12%|#2        | 8/64 [00:00<00:00, 71.21it/s]
[36mmy-mlops-model       |[0m 2025-08-07 11:10:08 | Training:  25%|##5       | 16/64 [00:00<00:00, 70.59it/s]
[36mmy-mlops-model       |[0m 2025-08-07 11:10:08 | Training:  38%|###7      | 24/64 [00:00<00:00, 73.22it/s]
[36mmy-mlops-model       |[0m 2025-08-07 11:10:08 | Training:  50%|#####     | 32/64 [00:00<00:00, 73.14it/s]
[36mmy-mlops-model       |[0m 2025-08-07 11:10:08 | Training:  64%|######4   | 41/64 [00:00<00:00, 75.54it/s]
[36mmy-mlops-model       |[0m 2025-08-07 11:10:08 | ic
[36mmy-mlops-model       |[0m 2025-08-07 11:10:08 | |
[36mmy-mlops-model       |[0m 2025-08-07 11:10:08 | f
[36mmy-mlops-model       |[0m 2025-08-07 11:10:08 | "
[36mmy-mlops-model       |[0m 2025-08-07 11:10:08 | Epoch
[36mmy-mlops-model       |[0m 2025-08-07 11:10:08 | {
[36mmy-mlops-model       |[0m 2025-08-07 11:10:08 | epoch
[36mmy-mlops-model       |[0m 2025-08-07 11:10:08 | +
[36mmy-mlops-model       |[0m 2025-08-07 11:10:08 | 1
[36mmy-mlops-model       |[0m 2025-08-07 11:10:08 | }
[36mmy-mlops-model       |[0m 2025-08-07 11:10:08 | /
[36mmy-mlops-model       |[0m 2025-08-07 11:10:08 | {
[36mmy-mlops-model       |[0m 2025-08-07 11:10:08 | num_epochs
[36mmy-mlops-model       |[0m 2025-08-07 11:10:08 | }
[36mmy-mlops-model       |[0m 2025-08-07 11:10:08 | "
[36mmy-mlops-model       |[0m 2025-08-07 11:10:08 | :
[36mmy-mlops-model       |[0m 2025-08-07 11:10:08 | '
[36mmy-mlops-model       |[0m 2025-08-07 11:10:08 | Epoch 461/500
[36mmy-mlops-model       |[0m 2025-08-07 11:10:08 | '
[36mmy-mlops-model       |[0m 2025-08-07 11:10:08 | ic
[36mmy-mlops-model       |[0m 2025-08-07 11:10:08 | |
[36mmy-mlops-model       |[0m 2025-08-07 11:10:08 | train_loss
[36mmy-mlops-model       |[0m 2025-08-07 11:10:08 | :
[36mmy-mlops-model       |[0m 2025-08-07 11:10:08 | np
[36mmy-mlops-model       |[0m 2025-08-07 11:10:08 | .
[36mmy-mlops-model       |[0m 2025-08-07 11:10:08 | float64
[36mmy-mlops-model       |[0m 2025-08-07 11:10:08 | (
[36mmy-mlops-model       |[0m 2025-08-07 11:10:08 | 1.1200442473842016
[36mmy-mlops-model       |[0m 2025-08-07 11:10:08 | )
[36mmy-mlops-model       |[0m 2025-08-07 11:10:08 | val_loss
[36mmy-mlops-model       |[0m 2025-08-07 11:10:08 | :
[36mmy-mlops-model       |[0m 2025-08-07 11:10:08 | np
[36mmy-mlops-model       |[0m 2025-08-07 11:10:08 | .
[36mmy-mlops-model       |[0m 2025-08-07 11:10:08 | float64
[36mmy-mlops-model       |[0m 2025-08-07 11:10:08 | (
[36mmy-mlops-model       |[0m 2025-08-07 11:10:08 | 1.1851485044682777
[36mmy-mlops-model       |[0m 2025-08-07 11:10:08 | )
[36mmy-mlops-model       |[0m 2025-08-07 11:10:08 | val_acc
[36mmy-mlops-model       |[0m 2025-08-07 11:10:08 | :
[36mmy-mlops-model       |[0m 2025-08-07 11:10:08 | np
[36mmy-mlops-model       |[0m 2025-08-07 11:10:08 | .
[36mmy-mlops-model       |[0m 2025-08-07 11:10:08 | float64
[36mmy-mlops-model       |[0m 2025-08-07 11:10:08 | (
[36mmy-mlops-model       |[0m 2025-08-07 11:10:08 | 0.5867507886435331
[36mmy-mlops-model       |[0m 2025-08-07 11:10:08 | )
[36mmy-mlops-model       |[0m 2025-08-07 11:10:08 | test_loss
[36mmy-mlops-model       |[0m 2025-08-07 11:10:08 | :
[36mmy-mlops-model       |[0m 2025-08-07 11:10:08 | np
[36mmy-mlops-model       |[0m 2025-08-07 11:10:08 | .
[36mmy-mlops-model       |[0m 2025-08-07 11:10:08 | float64
[36mmy-mlops-model       |[0m 2025-08-07 11:10:08 | (
[36mmy-mlops-model       |[0m 2025-08-07 11:10:08 | 1.2070072766285
[36mmy-mlops-model       |[0m 2025-08-07 11:10:08 | )
[36mmy-mlops-model       |[0m 2025-08-07 11:10:08 | test_acc
[36mmy-mlops-model       |[0m 2025-08-07 11:10:08 | :
[36mmy-mlops-model       |[0m 2025-08-07 11:10:08 | np
[36mmy-mlops-model       |[0m 2025-08-07 11:10:08 | .
[36mmy-mlops-model       |[0m 2025-08-07 11:10:08 | float64
[36mmy-mlops-model       |[0m 2025-08-07 11:10:08 | (
[36mmy-mlops-model       |[0m 2025-08-07 11:10:08 | 0.5748031496062992
[36mmy-mlops-model       |[0m 2025-08-07 11:10:08 | )
[36mmy-mlops-model       |[0m 2025-08-07 11:10:08 | Training:   0%|          | 0/64 [00:00<?, ?it/s]
[36mmy-mlops-model       |[0m 2025-08-07 11:10:08 | Training:  95%|#########5| 61/64 [00:00<00:00, 589.02it/s]
[36mmy-mlops-model       |[0m 2025-08-07 11:10:08 | ic
[36mmy-mlops-model       |[0m 2025-08-07 11:10:08 | |
[36mmy-mlops-model       |[0m 2025-08-07 11:10:08 | f
[36mmy-mlops-model       |[0m 2025-08-07 11:10:08 | "
[36mmy-mlops-model       |[0m 2025-08-07 11:10:08 | Epoch
[36mmy-mlops-model       |[0m 2025-08-07 11:10:08 | {
[36mmy-mlops-model       |[0m 2025-08-07 11:10:08 | epoch
[36mmy-mlops-model       |[0m 2025-08-07 11:10:08 | +
[36mmy-mlops-model       |[0m 2025-08-07 11:10:08 | 1
[36mmy-mlops-model       |[0m 2025-08-07 11:10:08 | }
[36mmy-mlops-model       |[0m 2025-08-07 11:10:08 | /
[36mmy-mlops-model       |[0m 2025-08-07 11:10:08 | {
[36mmy-mlops-model       |[0m 2025-08-07 11:10:08 | num_epochs
[36mmy-mlops-model       |[0m 2025-08-07 11:10:08 | }
[36mmy-mlops-model       |[0m 2025-08-07 11:10:08 | "
[36mmy-mlops-model       |[0m 2025-08-07 11:10:08 | :
[36mmy-mlops-model       |[0m 2025-08-07 11:10:08 | '
[36mmy-mlops-model       |[0m 2025-08-07 11:10:08 | Epoch 462/500
[36mmy-mlops-model       |[0m 2025-08-07 11:10:08 | '
[36mmy-mlops-model       |[0m 2025-08-07 11:10:08 | ic
[36mmy-mlops-model       |[0m 2025-08-07 11:10:08 | |
[36mmy-mlops-model       |[0m 2025-08-07 11:10:08 | train_loss
[36mmy-mlops-model       |[0m 2025-08-07 11:10:08 | :
[36mmy-mlops-model       |[0m 2025-08-07 11:10:08 | np
[36mmy-mlops-model       |[0m 2025-08-07 11:10:08 | .
[36mmy-mlops-model       |[0m 2025-08-07 11:10:08 | float64
[36mmy-mlops-model       |[0m 2025-08-07 11:10:08 | (
[36mmy-mlops-model       |[0m 2025-08-07 11:10:08 | 1.075541755364942
[36mmy-mlops-model       |[0m 2025-08-07 11:10:08 | )
[36mmy-mlops-model       |[0m 2025-08-07 11:10:08 | val_loss
[36mmy-mlops-model       |[0m 2025-08-07 11:10:08 | :
[36mmy-mlops-model       |[0m 2025-08-07 11:10:08 | np
[36mmy-mlops-model       |[0m 2025-08-07 11:10:08 | .
[36mmy-mlops-model       |[0m 2025-08-07 11:10:08 | float64
[36mmy-mlops-model       |[0m 2025-08-07 11:10:08 | (
[36mmy-mlops-model       |[0m 2025-08-07 11:10:08 | 1.1841168538325497
[36mmy-mlops-model       |[0m 2025-08-07 11:10:08 | )
[36mmy-mlops-model       |[0m 2025-08-07 11:10:08 | val_acc
[36mmy-mlops-model       |[0m 2025-08-07 11:10:08 | :
[36mmy-mlops-model       |[0m 2025-08-07 11:10:08 | np
[36mmy-mlops-model       |[0m 2025-08-07 11:10:08 | .
[36mmy-mlops-model       |[0m 2025-08-07 11:10:08 | float64
[36mmy-mlops-model       |[0m 2025-08-07 11:10:08 | (
[36mmy-mlops-model       |[0m 2025-08-07 11:10:08 | 0.5772870662460567
[36mmy-mlops-model       |[0m 2025-08-07 11:10:08 | )
[36mmy-mlops-model       |[0m 2025-08-07 11:10:08 | test_loss
[36mmy-mlops-model       |[0m 2025-08-07 11:10:08 | :
[36mmy-mlops-model       |[0m 2025-08-07 11:10:08 | np
[36mmy-mlops-model       |[0m 2025-08-07 11:10:08 | .
[36mmy-mlops-model       |[0m 2025-08-07 11:10:08 | float64
[36mmy-mlops-model       |[0m 2025-08-07 11:10:08 | (
[36mmy-mlops-model       |[0m 2025-08-07 11:10:08 | 1.2063122793492531
[36mmy-mlops-model       |[0m 2025-08-07 11:10:08 | )
[36mmy-mlops-model       |[0m 2025-08-07 11:10:08 | test_acc
[36mmy-mlops-model       |[0m 2025-08-07 11:10:08 | :
[36mmy-mlops-model       |[0m 2025-08-07 11:10:08 | np
[36mmy-mlops-model       |[0m 2025-08-07 11:10:08 | .
[36mmy-mlops-model       |[0m 2025-08-07 11:10:08 | float64
[36mmy-mlops-model       |[0m 2025-08-07 11:10:08 | (
[36mmy-mlops-model       |[0m 2025-08-07 11:10:08 | 0.5708661417322834
[36mmy-mlops-model       |[0m 2025-08-07 11:10:08 | )
[36mmy-mlops-model       |[0m 2025-08-07 11:10:09 | Training:   0%|          | 0/64 [00:00<?, ?it/s]
[36mmy-mlops-model       |[0m 2025-08-07 11:10:09 | Training:  88%|########7 | 56/64 [00:00<00:00, 556.34it/s]
[36mmy-mlops-model       |[0m 2025-08-07 11:10:09 | ic
[36mmy-mlops-model       |[0m 2025-08-07 11:10:09 | |
[36mmy-mlops-model       |[0m 2025-08-07 11:10:09 | f
[36mmy-mlops-model       |[0m 2025-08-07 11:10:09 | "
[36mmy-mlops-model       |[0m 2025-08-07 11:10:09 | Epoch
[36mmy-mlops-model       |[0m 2025-08-07 11:10:09 | {
[36mmy-mlops-model       |[0m 2025-08-07 11:10:09 | epoch
[36mmy-mlops-model       |[0m 2025-08-07 11:10:09 | +
[36mmy-mlops-model       |[0m 2025-08-07 11:10:09 | 1
[36mmy-mlops-model       |[0m 2025-08-07 11:10:09 | }
[36mmy-mlops-model       |[0m 2025-08-07 11:10:09 | /
[36mmy-mlops-model       |[0m 2025-08-07 11:10:09 | {
[36mmy-mlops-model       |[0m 2025-08-07 11:10:09 | num_epochs
[36mmy-mlops-model       |[0m 2025-08-07 11:10:09 | }
[36mmy-mlops-model       |[0m 2025-08-07 11:10:09 | "
[36mmy-mlops-model       |[0m 2025-08-07 11:10:09 | :
[36mmy-mlops-model       |[0m 2025-08-07 11:10:09 | '
[36mmy-mlops-model       |[0m 2025-08-07 11:10:09 | Epoch 463/500
[36mmy-mlops-model       |[0m 2025-08-07 11:10:09 | '
[36mmy-mlops-model       |[0m 2025-08-07 11:10:09 | ic
[36mmy-mlops-model       |[0m 2025-08-07 11:10:09 | |
[36mmy-mlops-model       |[0m 2025-08-07 11:10:09 | train_loss
[36mmy-mlops-model       |[0m 2025-08-07 11:10:09 | :
[36mmy-mlops-model       |[0m 2025-08-07 11:10:09 | np
[36mmy-mlops-model       |[0m 2025-08-07 11:10:09 | .
[36mmy-mlops-model       |[0m 2025-08-07 11:10:09 | float64
[36mmy-mlops-model       |[0m 2025-08-07 11:10:09 | (
[36mmy-mlops-model       |[0m 2025-08-07 11:10:09 | 1.085495851931453
[36mmy-mlops-model       |[0m 2025-08-07 11:10:09 | )
[36mmy-mlops-model       |[0m 2025-08-07 11:10:09 | val_loss
[36mmy-mlops-model       |[0m 2025-08-07 11:10:09 | :
[36mmy-mlops-model       |[0m 2025-08-07 11:10:09 | np
[36mmy-mlops-model       |[0m 2025-08-07 11:10:09 | .
[36mmy-mlops-model       |[0m 2025-08-07 11:10:09 | float64
[36mmy-mlops-model       |[0m 2025-08-07 11:10:09 | (
[36mmy-mlops-model       |[0m 2025-08-07 11:10:09 | 1.1821493421214566
[36mmy-mlops-model       |[0m 2025-08-07 11:10:09 | )
[36mmy-mlops-model       |[0m 2025-08-07 11:10:09 | val_acc
[36mmy-mlops-model       |[0m 2025-08-07 11:10:09 | :
[36mmy-mlops-model       |[0m 2025-08-07 11:10:09 | np
[36mmy-mlops-model       |[0m 2025-08-07 11:10:09 | .
[36mmy-mlops-model       |[0m 2025-08-07 11:10:09 | float64
[36mmy-mlops-model       |[0m 2025-08-07 11:10:09 | (
[36mmy-mlops-model       |[0m 2025-08-07 11:10:09 | 0.583596214511041
[36mmy-mlops-model       |[0m 2025-08-07 11:10:09 | )
[36mmy-mlops-model       |[0m 2025-08-07 11:10:09 | test_loss
[36mmy-mlops-model       |[0m 2025-08-07 11:10:09 | :
[36mmy-mlops-model       |[0m 2025-08-07 11:10:09 | np
[36mmy-mlops-model       |[0m 2025-08-07 11:10:09 | .
[36mmy-mlops-model       |[0m 2025-08-07 11:10:09 | float64
[36mmy-mlops-model       |[0m 2025-08-07 11:10:09 | (
[36mmy-mlops-model       |[0m 2025-08-07 11:10:09 | 1.2060248004980951
[36mmy-mlops-model       |[0m 2025-08-07 11:10:09 | )
[36mmy-mlops-model       |[0m 2025-08-07 11:10:09 | test_acc
[36mmy-mlops-model       |[0m 2025-08-07 11:10:09 | :
[36mmy-mlops-model       |[0m 2025-08-07 11:10:09 | np
[36mmy-mlops-model       |[0m 2025-08-07 11:10:09 | .
[36mmy-mlops-model       |[0m 2025-08-07 11:10:09 | float64
[36mmy-mlops-model       |[0m 2025-08-07 11:10:09 | (
[36mmy-mlops-model       |[0m 2025-08-07 11:10:09 | 0.5669291338582677
[36mmy-mlops-model       |[0m 2025-08-07 11:10:09 | )
[36mmy-mlops-model       |[0m 2025-08-07 11:10:09 | Training:   0%|          | 0/64 [00:00<?, ?it/s]
[36mmy-mlops-model       |[0m 2025-08-07 11:10:09 | Training:  89%|########9 | 57/64 [00:00<00:00, 561.12it/s]
[36mmy-mlops-model       |[0m 2025-08-07 11:10:09 | ic
[36mmy-mlops-model       |[0m 2025-08-07 11:10:09 | |
[36mmy-mlops-model       |[0m 2025-08-07 11:10:09 | f
[36mmy-mlops-model       |[0m 2025-08-07 11:10:09 | "
[36mmy-mlops-model       |[0m 2025-08-07 11:10:09 | Epoch
[36mmy-mlops-model       |[0m 2025-08-07 11:10:09 | {
[36mmy-mlops-model       |[0m 2025-08-07 11:10:09 | epoch
[36mmy-mlops-model       |[0m 2025-08-07 11:10:09 | +
[36mmy-mlops-model       |[0m 2025-08-07 11:10:09 | 1
[36mmy-mlops-model       |[0m 2025-08-07 11:10:09 | }
[36mmy-mlops-model       |[0m 2025-08-07 11:10:09 | /
[36mmy-mlops-model       |[0m 2025-08-07 11:10:09 | {
[36mmy-mlops-model       |[0m 2025-08-07 11:10:09 | num_epochs
[36mmy-mlops-model       |[0m 2025-08-07 11:10:09 | }
[36mmy-mlops-model       |[0m 2025-08-07 11:10:09 | "
[36mmy-mlops-model       |[0m 2025-08-07 11:10:09 | :
[36mmy-mlops-model       |[0m 2025-08-07 11:10:09 | '
[36mmy-mlops-model       |[0m 2025-08-07 11:10:09 | Epoch 464/500
[36mmy-mlops-model       |[0m 2025-08-07 11:10:09 | '
[36mmy-mlops-model       |[0m 2025-08-07 11:10:09 | ic
[36mmy-mlops-model       |[0m 2025-08-07 11:10:09 | |
[36mmy-mlops-model       |[0m 2025-08-07 11:10:09 | train_loss
[36mmy-mlops-model       |[0m 2025-08-07 11:10:09 | :
[36mmy-mlops-model       |[0m 2025-08-07 11:10:09 | np
[36mmy-mlops-model       |[0m 2025-08-07 11:10:09 | .
[36mmy-mlops-model       |[0m 2025-08-07 11:10:09 | float64
[36mmy-mlops-model       |[0m 2025-08-07 11:10:09 | (
[36mmy-mlops-model       |[0m 2025-08-07 11:10:09 | 1.0564482984325692
[36mmy-mlops-model       |[0m 2025-08-07 11:10:09 | )
[36mmy-mlops-model       |[0m 2025-08-07 11:10:09 | val_loss
[36mmy-mlops-model       |[0m 2025-08-07 11:10:09 | :
[36mmy-mlops-model       |[0m 2025-08-07 11:10:09 | np
[36mmy-mlops-model       |[0m 2025-08-07 11:10:09 | .
[36mmy-mlops-model       |[0m 2025-08-07 11:10:09 | float64
[36mmy-mlops-model       |[0m 2025-08-07 11:10:09 | (
[36mmy-mlops-model       |[0m 2025-08-07 11:10:09 | 1.183012022282061
[36mmy-mlops-model       |[0m 2025-08-07 11:10:09 | )
[36mmy-mlops-model       |[0m 2025-08-07 11:10:09 | val_acc
[36mmy-mlops-model       |[0m 2025-08-07 11:10:09 | :
[36mmy-mlops-model       |[0m 2025-08-07 11:10:09 | np
[36mmy-mlops-model       |[0m 2025-08-07 11:10:09 | .
[36mmy-mlops-model       |[0m 2025-08-07 11:10:09 | float64
[36mmy-mlops-model       |[0m 2025-08-07 11:10:09 | (
[36mmy-mlops-model       |[0m 2025-08-07 11:10:09 | 0.583596214511041
[36mmy-mlops-model       |[0m 2025-08-07 11:10:09 | )
[36mmy-mlops-model       |[0m 2025-08-07 11:10:09 | test_loss
[36mmy-mlops-model       |[0m 2025-08-07 11:10:09 | :
[36mmy-mlops-model       |[0m 2025-08-07 11:10:09 | np
[36mmy-mlops-model       |[0m 2025-08-07 11:10:09 | .
[36mmy-mlops-model       |[0m 2025-08-07 11:10:09 | float64
[36mmy-mlops-model       |[0m 2025-08-07 11:10:09 | (
[36mmy-mlops-model       |[0m 2025-08-07 11:10:09 | 1.2055475421282484
[36mmy-mlops-model       |[0m 2025-08-07 11:10:09 | )
[36mmy-mlops-model       |[0m 2025-08-07 11:10:09 | test_acc
[36mmy-mlops-model       |[0m 2025-08-07 11:10:09 | :
[36mmy-mlops-model       |[0m 2025-08-07 11:10:09 | np
[36mmy-mlops-model       |[0m 2025-08-07 11:10:09 | .
[36mmy-mlops-model       |[0m 2025-08-07 11:10:09 | float64
[36mmy-mlops-model       |[0m 2025-08-07 11:10:09 | (
[36mmy-mlops-model       |[0m 2025-08-07 11:10:09 | 0.562992125984252
[36mmy-mlops-model       |[0m 2025-08-07 11:10:09 | )
[36mmy-mlops-model       |[0m 2025-08-07 11:10:09 | Training:   0%|          | 0/64 [00:00<?, ?it/s]
[36mmy-mlops-model       |[0m 2025-08-07 11:10:09 | Training:  16%|#5        | 10/64 [00:00<00:00, 94.24it/s]
[36mmy-mlops-model       |[0m 2025-08-07 11:10:09 | Training:  31%|###1      | 20/64 [00:00<00:00, 77.09it/s]
[36mmy-mlops-model       |[0m 2025-08-07 11:10:10 | Training:  44%|####3     | 28/64 [00:00<00:00, 70.99it/s]
[36mmy-mlops-model       |[0m 2025-08-07 11:10:10 | Training:  56%|#####6    | 36/64 [00:00<00:00, 72.17it/s]
