Attaching to my-mlops-model
[36mmy-mlops-model       |[0m PostgreSQL engine created for postgres on my-mlops-db
[36mmy-mlops-model       |[0m 2025-08-07 08:31:41 | >> 표준 출력 및 오류를 로그 파일로 리디렉션 시작
[36mmy-mlops-model       |[0m 2025-08-07 08:31:41 | --- 메인 파이프라인 실행 시작 ---
[36mmy-mlops-model       |[0m 2025-08-07 08:31:41 | Running popular movie pipeline...
[36mmy-mlops-model       |[0m 2025-08-07 08:31:41 | --- TMDB 인기 영화 크롤링 시작 ---
[36mmy-mlops-model       |[0m 2025-08-07 08:31:41 | Fetching popular movies page 1...
[36mmy-mlops-model       |[0m 2025-08-07 08:31:43 | Fetching popular movies page 2...
[36mmy-mlops-model       |[0m 2025-08-07 08:31:44 | Fetching popular movies page 3...
[36mmy-mlops-model       |[0m 2025-08-07 08:31:45 | Fetching popular movies page 4...
[36mmy-mlops-model       |[0m 2025-08-07 08:31:47 | Fetching popular movies page 5...
[36mmy-mlops-model       |[0m 2025-08-07 08:31:48 | Fetching popular movies page 6...
[36mmy-mlops-model       |[0m 2025-08-07 08:31:49 | Fetching popular movies page 7...
[36mmy-mlops-model       |[0m 2025-08-07 08:31:51 | Fetching popular movies page 8...
[36mmy-mlops-model       |[0m 2025-08-07 08:31:52 | Fetching popular movies page 9...
[36mmy-mlops-model       |[0m 2025-08-07 08:31:54 | Fetching popular movies page 10...
[36mmy-mlops-model       |[0m 2025-08-07 08:31:55 | Movies saved to /mlops-project/scripts/utils/../.././data/raw/popular_movies_raw.json
[36mmy-mlops-model       |[0m 2025-08-07 08:31:55 | 총 200개의 영화 데이터를 크롤링하여 저장했습니다.
[36mmy-mlops-model       |[0m 2025-08-07 08:31:55 | --- 영화 데이터 전처리 및 시청 로그 생성 시작 ---
[36mmy-mlops-model       |[0m 2025-08-07 08:31:55 | Preprocessing 200 movies for feature augmentation...
[36mmy-mlops-model       |[0m 2025-08-07 08:31:55 | Generating watch logs for 300 users from 30591 augmented features...
[36mmy-mlops-model       |[0m 2025-08-07 08:31:55 | Successfully generated 2899 watch log entries.
[36mmy-mlops-model       |[0m 2025-08-07 08:31:55 | Successfully saved raw data to /mlops-project/scripts/utils/../.././data/raw/watch_log.csv
[36mmy-mlops-model       |[0m [91m2025-08-07 08:31:55 | 메인 파이프라인 실행 중 오류 발생: name 'Logger' is not defined
[36mmy-mlops-model       |[0m [0m2025-08-07 08:31:55 | >> 표준 출력 및 오류 리디렉션 중지
