Attaching to my-mlops-model
[36mmy-mlops-model       |[0m 2025-08-07 11:33:28 | train_loss
[36mmy-mlops-model       |[0m 2025-08-07 11:33:28 | :
[36mmy-mlops-model       |[0m 2025-08-07 11:33:28 | np
[36mmy-mlops-model       |[0m 2025-08-07 11:33:28 | .
[36mmy-mlops-model       |[0m 2025-08-07 11:33:28 | float64
[36mmy-mlops-model       |[0m 2025-08-07 11:33:28 | (
[36mmy-mlops-model       |[0m 2025-08-07 11:33:28 | 2.68227033998128
[36mmy-mlops-model       |[0m 2025-08-07 11:33:28 | )
[36mmy-mlops-model       |[0m 2025-08-07 11:33:28 | val_loss
[36mmy-mlops-model       |[0m 2025-08-07 11:33:28 | :
[36mmy-mlops-model       |[0m 2025-08-07 11:33:28 | np
[36mmy-mlops-model       |[0m 2025-08-07 11:33:28 | .
[36mmy-mlops-model       |[0m 2025-08-07 11:33:28 | float64
[36mmy-mlops-model       |[0m 2025-08-07 11:33:28 | (
[36mmy-mlops-model       |[0m 2025-08-07 11:33:28 | 2.8623710721713045
[36mmy-mlops-model       |[0m 2025-08-07 11:33:28 | )
[36mmy-mlops-model       |[0m 2025-08-07 11:33:28 | val_acc
[36mmy-mlops-model       |[0m 2025-08-07 11:33:28 | :
[36mmy-mlops-model       |[0m 2025-08-07 11:33:28 | np
[36mmy-mlops-model       |[0m 2025-08-07 11:33:28 | .
[36mmy-mlops-model       |[0m 2025-08-07 11:33:28 | float64
[36mmy-mlops-model       |[0m 2025-08-07 11:33:28 | (
[36mmy-mlops-model       |[0m 2025-08-07 11:33:28 | 0.22712933753943218
[36mmy-mlops-model       |[0m 2025-08-07 11:33:28 | )
[36mmy-mlops-model       |[0m 2025-08-07 11:33:28 | test_loss
[36mmy-mlops-model       |[0m 2025-08-07 11:33:28 | :
[36mmy-mlops-model       |[0m 2025-08-07 11:33:28 | np
[36mmy-mlops-model       |[0m 2025-08-07 11:33:28 | .
[36mmy-mlops-model       |[0m 2025-08-07 11:33:28 | float64
[36mmy-mlops-model       |[0m 2025-08-07 11:33:28 | (
[36mmy-mlops-model       |[0m 2025-08-07 11:33:28 | 2.7426708004588676
[36mmy-mlops-model       |[0m 2025-08-07 11:33:28 | )
[36mmy-mlops-model       |[0m 2025-08-07 11:33:28 | test_acc
[36mmy-mlops-model       |[0m 2025-08-07 11:33:28 | :
[36mmy-mlops-model       |[0m 2025-08-07 11:33:28 | np
[36mmy-mlops-model       |[0m 2025-08-07 11:33:28 | .
[36mmy-mlops-model       |[0m 2025-08-07 11:33:28 | float64
[36mmy-mlops-model       |[0m 2025-08-07 11:33:28 | (
[36mmy-mlops-model       |[0m 2025-08-07 11:33:28 | 0.23228346456692914
[36mmy-mlops-model       |[0m 2025-08-07 11:33:28 | )
[36mmy-mlops-model       |[0m 2025-08-07 11:33:28 | Training:   0%|          | 0/64 [00:00<?, ?it/s]
[36mmy-mlops-model       |[0m 2025-08-07 11:33:28 | Training:  30%|##9       | 19/64 [00:00<00:00, 183.00it/s]
[36mmy-mlops-model       |[0m 2025-08-07 11:33:28 | Training:  59%|#####9    | 38/64 [00:00<00:00, 141.41it/s]
[36mmy-mlops-model       |[0m 2025-08-07 11:33:28 | ic
[36mmy-mlops-model       |[0m 2025-08-07 11:33:28 | |
[36mmy-mlops-model       |[0m 2025-08-07 11:33:28 | f
[36mmy-mlops-model       |[0m 2025-08-07 11:33:28 | "
[36mmy-mlops-model       |[0m 2025-08-07 11:33:28 | Epoch
[36mmy-mlops-model       |[0m 2025-08-07 11:33:28 | {
[36mmy-mlops-model       |[0m 2025-08-07 11:33:28 | epoch
[36mmy-mlops-model       |[0m 2025-08-07 11:33:28 | +
[36mmy-mlops-model       |[0m 2025-08-07 11:33:28 | 1
[36mmy-mlops-model       |[0m 2025-08-07 11:33:28 | }
[36mmy-mlops-model       |[0m 2025-08-07 11:33:28 | /
[36mmy-mlops-model       |[0m 2025-08-07 11:33:28 | {
[36mmy-mlops-model       |[0m 2025-08-07 11:33:28 | num_epochs
[36mmy-mlops-model       |[0m 2025-08-07 11:33:28 | }
[36mmy-mlops-model       |[0m 2025-08-07 11:33:28 | "
[36mmy-mlops-model       |[0m 2025-08-07 11:33:28 | :
[36mmy-mlops-model       |[0m 2025-08-07 11:33:28 | '
[36mmy-mlops-model       |[0m 2025-08-07 11:33:28 | Epoch 10/500
[36mmy-mlops-model       |[0m 2025-08-07 11:33:28 | '
[36mmy-mlops-model       |[0m 2025-08-07 11:33:28 | ic
[36mmy-mlops-model       |[0m 2025-08-07 11:33:28 | |
[36mmy-mlops-model       |[0m 2025-08-07 11:33:28 | train_loss
[36mmy-mlops-model       |[0m 2025-08-07 11:33:28 | :
[36mmy-mlops-model       |[0m 2025-08-07 11:33:28 | np
[36mmy-mlops-model       |[0m 2025-08-07 11:33:28 | .
[36mmy-mlops-model       |[0m 2025-08-07 11:33:28 | float64
[36mmy-mlops-model       |[0m 2025-08-07 11:33:28 | (
[36mmy-mlops-model       |[0m 2025-08-07 11:33:28 | 2.6806343723777597
[36mmy-mlops-model       |[0m 2025-08-07 11:33:28 | )
[36mmy-mlops-model       |[0m 2025-08-07 11:33:28 | val_loss
[36mmy-mlops-model       |[0m 2025-08-07 11:33:28 | :
[36mmy-mlops-model       |[0m 2025-08-07 11:33:28 | np
[36mmy-mlops-model       |[0m 2025-08-07 11:33:28 | .
[36mmy-mlops-model       |[0m 2025-08-07 11:33:28 | float64
[36mmy-mlops-model       |[0m 2025-08-07 11:33:28 | (
[36mmy-mlops-model       |[0m 2025-08-07 11:33:28 | 2.801400441210783
[36mmy-mlops-model       |[0m 2025-08-07 11:33:28 | )
[36mmy-mlops-model       |[0m 2025-08-07 11:33:28 | val_acc
[36mmy-mlops-model       |[0m 2025-08-07 11:33:28 | :
[36mmy-mlops-model       |[0m 2025-08-07 11:33:28 | np
[36mmy-mlops-model       |[0m 2025-08-07 11:33:28 | .
[36mmy-mlops-model       |[0m 2025-08-07 11:33:28 | float64
[36mmy-mlops-model       |[0m 2025-08-07 11:33:28 | (
[36mmy-mlops-model       |[0m 2025-08-07 11:33:28 | 0.24921135646687698
[36mmy-mlops-model       |[0m 2025-08-07 11:33:28 | )
[36mmy-mlops-model       |[0m 2025-08-07 11:33:28 | test_loss
[36mmy-mlops-model       |[0m 2025-08-07 11:33:28 | :
[36mmy-mlops-model       |[0m 2025-08-07 11:33:28 | np
[36mmy-mlops-model       |[0m 2025-08-07 11:33:28 | .
[36mmy-mlops-model       |[0m 2025-08-07 11:33:28 | float64
[36mmy-mlops-model       |[0m 2025-08-07 11:33:28 | (
[36mmy-mlops-model       |[0m 2025-08-07 11:33:28 | 2.6836880108213674
[36mmy-mlops-model       |[0m 2025-08-07 11:33:28 | )
[36mmy-mlops-model       |[0m 2025-08-07 11:33:28 | test_acc
[36mmy-mlops-model       |[0m 2025-08-07 11:33:28 | :
[36mmy-mlops-model       |[0m 2025-08-07 11:33:28 | np
[36mmy-mlops-model       |[0m 2025-08-07 11:33:28 | .
[36mmy-mlops-model       |[0m 2025-08-07 11:33:28 | float64
[36mmy-mlops-model       |[0m 2025-08-07 11:33:28 | (
[36mmy-mlops-model       |[0m 2025-08-07 11:33:28 | 0.2559055118110236
[36mmy-mlops-model       |[0m 2025-08-07 11:33:28 | )
[36mmy-mlops-model       |[0m 2025-08-07 11:33:28 | Training:   0%|          | 0/64 [00:00<?, ?it/s]
[36mmy-mlops-model       |[0m 2025-08-07 11:33:28 | ic
[36mmy-mlops-model       |[0m 2025-08-07 11:33:28 | |
[36mmy-mlops-model       |[0m 2025-08-07 11:33:28 | f
[36mmy-mlops-model       |[0m 2025-08-07 11:33:28 | "
[36mmy-mlops-model       |[0m 2025-08-07 11:33:28 | Epoch
[36mmy-mlops-model       |[0m 2025-08-07 11:33:28 | {
[36mmy-mlops-model       |[0m 2025-08-07 11:33:28 | epoch
[36mmy-mlops-model       |[0m 2025-08-07 11:33:28 | +
[36mmy-mlops-model       |[0m 2025-08-07 11:33:28 | 1
[36mmy-mlops-model       |[0m 2025-08-07 11:33:28 | }
[36mmy-mlops-model       |[0m 2025-08-07 11:33:28 | /
[36mmy-mlops-model       |[0m 2025-08-07 11:33:28 | {
[36mmy-mlops-model       |[0m 2025-08-07 11:33:28 | num_epochs
[36mmy-mlops-model       |[0m 2025-08-07 11:33:28 | }
[36mmy-mlops-model       |[0m 2025-08-07 11:33:28 | "
[36mmy-mlops-model       |[0m 2025-08-07 11:33:28 | :
[36mmy-mlops-model       |[0m 2025-08-07 11:33:28 | '
[36mmy-mlops-model       |[0m 2025-08-07 11:33:28 | Epoch 11/500
[36mmy-mlops-model       |[0m 2025-08-07 11:33:28 | '
[36mmy-mlops-model       |[0m 2025-08-07 11:33:28 | ic
[36mmy-mlops-model       |[0m 2025-08-07 11:33:28 | |
[36mmy-mlops-model       |[0m 2025-08-07 11:33:28 | train_loss
[36mmy-mlops-model       |[0m 2025-08-07 11:33:28 | :
[36mmy-mlops-model       |[0m 2025-08-07 11:33:28 | np
[36mmy-mlops-model       |[0m 2025-08-07 11:33:28 | .
[36mmy-mlops-model       |[0m 2025-08-07 11:33:28 | float64
[36mmy-mlops-model       |[0m 2025-08-07 11:33:28 | (
[36mmy-mlops-model       |[0m 2025-08-07 11:33:28 | 2.5469669509583137
[36mmy-mlops-model       |[0m 2025-08-07 11:33:28 | )
[36mmy-mlops-model       |[0m 2025-08-07 11:33:28 | val_loss
[36mmy-mlops-model       |[0m 2025-08-07 11:33:28 | :
[36mmy-mlops-model       |[0m 2025-08-07 11:33:28 | np
[36mmy-mlops-model       |[0m 2025-08-07 11:33:28 | .
[36mmy-mlops-model       |[0m 2025-08-07 11:33:28 | float64
[36mmy-mlops-model       |[0m 2025-08-07 11:33:28 | (
[36mmy-mlops-model       |[0m 2025-08-07 11:33:28 | 2.74857444849607
[36mmy-mlops-model       |[0m 2025-08-07 11:33:28 | )
[36mmy-mlops-model       |[0m 2025-08-07 11:33:28 | val_acc
[36mmy-mlops-model       |[0m 2025-08-07 11:33:28 | :
[36mmy-mlops-model       |[0m 2025-08-07 11:33:28 | np
[36mmy-mlops-model       |[0m 2025-08-07 11:33:28 | .
[36mmy-mlops-model       |[0m 2025-08-07 11:33:28 | float64
[36mmy-mlops-model       |[0m 2025-08-07 11:33:28 | (
[36mmy-mlops-model       |[0m 2025-08-07 11:33:28 | 0.24921135646687698
[36mmy-mlops-model       |[0m 2025-08-07 11:33:28 | )
[36mmy-mlops-model       |[0m 2025-08-07 11:33:28 | test_loss
[36mmy-mlops-model       |[0m 2025-08-07 11:33:28 | :
[36mmy-mlops-model       |[0m 2025-08-07 11:33:28 | np
[36mmy-mlops-model       |[0m 2025-08-07 11:33:28 | .
[36mmy-mlops-model       |[0m 2025-08-07 11:33:28 | float64
[36mmy-mlops-model       |[0m 2025-08-07 11:33:28 | (
[36mmy-mlops-model       |[0m 2025-08-07 11:33:28 | 2.631219606503812
[36mmy-mlops-model       |[0m 2025-08-07 11:33:28 | )
[36mmy-mlops-model       |[0m 2025-08-07 11:33:28 | test_acc
[36mmy-mlops-model       |[0m 2025-08-07 11:33:28 | :
[36mmy-mlops-model       |[0m 2025-08-07 11:33:28 | np
[36mmy-mlops-model       |[0m 2025-08-07 11:33:28 | .
[36mmy-mlops-model       |[0m 2025-08-07 11:33:28 | float64
[36mmy-mlops-model       |[0m 2025-08-07 11:33:28 | (
[36mmy-mlops-model       |[0m 2025-08-07 11:33:28 | 0.24015748031496062
[36mmy-mlops-model       |[0m 2025-08-07 11:33:28 | )
[36mmy-mlops-model       |[0m 2025-08-07 11:33:28 | Training:   0%|          | 0/64 [00:00<?, ?it/s]
[36mmy-mlops-model       |[0m 2025-08-07 11:33:28 | Training:  80%|#######9  | 51/64 [00:00<00:00, 494.83it/s]
[36mmy-mlops-model       |[0m 2025-08-07 11:33:28 | ic
[36mmy-mlops-model       |[0m 2025-08-07 11:33:28 | |
[36mmy-mlops-model       |[0m 2025-08-07 11:33:28 | f
[36mmy-mlops-model       |[0m 2025-08-07 11:33:28 | "
[36mmy-mlops-model       |[0m 2025-08-07 11:33:28 | Epoch
[36mmy-mlops-model       |[0m 2025-08-07 11:33:28 | {
[36mmy-mlops-model       |[0m 2025-08-07 11:33:28 | epoch
[36mmy-mlops-model       |[0m 2025-08-07 11:33:28 | +
[36mmy-mlops-model       |[0m 2025-08-07 11:33:28 | 1
[36mmy-mlops-model       |[0m 2025-08-07 11:33:28 | }
[36mmy-mlops-model       |[0m 2025-08-07 11:33:28 | /
[36mmy-mlops-model       |[0m 2025-08-07 11:33:28 | {
[36mmy-mlops-model       |[0m 2025-08-07 11:33:28 | num_epochs
[36mmy-mlops-model       |[0m 2025-08-07 11:33:28 | }
[36mmy-mlops-model       |[0m 2025-08-07 11:33:28 | "
[36mmy-mlops-model       |[0m 2025-08-07 11:33:28 | :
[36mmy-mlops-model       |[0m 2025-08-07 11:33:28 | '
[36mmy-mlops-model       |[0m 2025-08-07 11:33:28 | Epoch 12/500
[36mmy-mlops-model       |[0m 2025-08-07 11:33:28 | '
[36mmy-mlops-model       |[0m 2025-08-07 11:33:28 | ic
[36mmy-mlops-model       |[0m 2025-08-07 11:33:28 | |
[36mmy-mlops-model       |[0m 2025-08-07 11:33:28 | train_loss
[36mmy-mlops-model       |[0m 2025-08-07 11:33:28 | :
[36mmy-mlops-model       |[0m 2025-08-07 11:33:28 | np
[36mmy-mlops-model       |[0m 2025-08-07 11:33:28 | .
[36mmy-mlops-model       |[0m 2025-08-07 11:33:28 | float64
[36mmy-mlops-model       |[0m 2025-08-07 11:33:28 | (
[36mmy-mlops-model       |[0m 2025-08-07 11:33:28 | 2.5185303950482667
[36mmy-mlops-model       |[0m 2025-08-07 11:33:28 | )
[36mmy-mlops-model       |[0m 2025-08-07 11:33:28 | val_loss
[36mmy-mlops-model       |[0m 2025-08-07 11:33:28 | :
[36mmy-mlops-model       |[0m 2025-08-07 11:33:28 | np
[36mmy-mlops-model       |[0m 2025-08-07 11:33:28 | .
[36mmy-mlops-model       |[0m 2025-08-07 11:33:28 | float64
[36mmy-mlops-model       |[0m 2025-08-07 11:33:28 | (
[36mmy-mlops-model       |[0m 2025-08-07 11:33:28 | 2.7016029274407543
[36mmy-mlops-model       |[0m 2025-08-07 11:33:28 | )
[36mmy-mlops-model       |[0m 2025-08-07 11:33:28 | val_acc
[36mmy-mlops-model       |[0m 2025-08-07 11:33:28 | :
[36mmy-mlops-model       |[0m 2025-08-07 11:33:28 | np
[36mmy-mlops-model       |[0m 2025-08-07 11:33:28 | .
[36mmy-mlops-model       |[0m 2025-08-07 11:33:28 | float64
[36mmy-mlops-model       |[0m 2025-08-07 11:33:28 | (
[36mmy-mlops-model       |[0m 2025-08-07 11:33:28 | 0.2618296529968454
[36mmy-mlops-model       |[0m 2025-08-07 11:33:28 | )
[36mmy-mlops-model       |[0m 2025-08-07 11:33:28 | test_loss
[36mmy-mlops-model       |[0m 2025-08-07 11:33:28 | :
[36mmy-mlops-model       |[0m 2025-08-07 11:33:28 | np
[36mmy-mlops-model       |[0m 2025-08-07 11:33:28 | .
[36mmy-mlops-model       |[0m 2025-08-07 11:33:28 | float64
[36mmy-mlops-model       |[0m 2025-08-07 11:33:28 | (
[36mmy-mlops-model       |[0m 2025-08-07 11:33:28 | 2.586514606326728
[36mmy-mlops-model       |[0m 2025-08-07 11:33:28 | )
[36mmy-mlops-model       |[0m 2025-08-07 11:33:28 | test_acc
[36mmy-mlops-model       |[0m 2025-08-07 11:33:28 | :
[36mmy-mlops-model       |[0m 2025-08-07 11:33:28 | np
[36mmy-mlops-model       |[0m 2025-08-07 11:33:28 | .
[36mmy-mlops-model       |[0m 2025-08-07 11:33:28 | float64
[36mmy-mlops-model       |[0m 2025-08-07 11:33:28 | (
[36mmy-mlops-model       |[0m 2025-08-07 11:33:28 | 0.25984251968503935
[36mmy-mlops-model       |[0m 2025-08-07 11:33:28 | )
[36mmy-mlops-model       |[0m 2025-08-07 11:33:29 | Training:   0%|          | 0/64 [00:00<?, ?it/s]
[36mmy-mlops-model       |[0m 2025-08-07 11:33:29 | ic
[36mmy-mlops-model       |[0m 2025-08-07 11:33:29 | |
[36mmy-mlops-model       |[0m 2025-08-07 11:33:29 | f
[36mmy-mlops-model       |[0m 2025-08-07 11:33:29 | "
[36mmy-mlops-model       |[0m 2025-08-07 11:33:29 | Epoch
[36mmy-mlops-model       |[0m 2025-08-07 11:33:29 | {
[36mmy-mlops-model       |[0m 2025-08-07 11:33:29 | epoch
[36mmy-mlops-model       |[0m 2025-08-07 11:33:29 | +
[36mmy-mlops-model       |[0m 2025-08-07 11:33:29 | 1
[36mmy-mlops-model       |[0m 2025-08-07 11:33:29 | }
[36mmy-mlops-model       |[0m 2025-08-07 11:33:29 | /
[36mmy-mlops-model       |[0m 2025-08-07 11:33:29 | {
[36mmy-mlops-model       |[0m 2025-08-07 11:33:29 | num_epochs
[36mmy-mlops-model       |[0m 2025-08-07 11:33:29 | }
[36mmy-mlops-model       |[0m 2025-08-07 11:33:29 | "
[36mmy-mlops-model       |[0m 2025-08-07 11:33:29 | :
[36mmy-mlops-model       |[0m 2025-08-07 11:33:29 | '
[36mmy-mlops-model       |[0m 2025-08-07 11:33:29 | Epoch 13/500
[36mmy-mlops-model       |[0m 2025-08-07 11:33:29 | '
[36mmy-mlops-model       |[0m 2025-08-07 11:33:29 | ic
[36mmy-mlops-model       |[0m 2025-08-07 11:33:29 | |
[36mmy-mlops-model       |[0m 2025-08-07 11:33:29 | train_loss
[36mmy-mlops-model       |[0m 2025-08-07 11:33:29 | :
[36mmy-mlops-model       |[0m 2025-08-07 11:33:29 | np
[36mmy-mlops-model       |[0m 2025-08-07 11:33:29 | .
[36mmy-mlops-model       |[0m 2025-08-07 11:33:29 | float64
[36mmy-mlops-model       |[0m 2025-08-07 11:33:29 | (
[36mmy-mlops-model       |[0m 2025-08-07 11:33:29 | 2.484516225828657
[36mmy-mlops-model       |[0m 2025-08-07 11:33:29 | )
[36mmy-mlops-model       |[0m 2025-08-07 11:33:29 | val_loss
[36mmy-mlops-model       |[0m 2025-08-07 11:33:29 | :
[36mmy-mlops-model       |[0m 2025-08-07 11:33:29 | np
[36mmy-mlops-model       |[0m 2025-08-07 11:33:29 | .
[36mmy-mlops-model       |[0m 2025-08-07 11:33:29 | float64
[36mmy-mlops-model       |[0m 2025-08-07 11:33:29 | (
[36mmy-mlops-model       |[0m 2025-08-07 11:33:29 | 2.6592544586408704
[36mmy-mlops-model       |[0m 2025-08-07 11:33:29 | )
[36mmy-mlops-model       |[0m 2025-08-07 11:33:29 | val_acc
[36mmy-mlops-model       |[0m 2025-08-07 11:33:29 | :
[36mmy-mlops-model       |[0m 2025-08-07 11:33:29 | np
[36mmy-mlops-model       |[0m 2025-08-07 11:33:29 | .
[36mmy-mlops-model       |[0m 2025-08-07 11:33:29 | float64
[36mmy-mlops-model       |[0m 2025-08-07 11:33:29 | (
[36mmy-mlops-model       |[0m 2025-08-07 11:33:29 | 0.26498422712933756
[36mmy-mlops-model       |[0m 2025-08-07 11:33:29 | )
[36mmy-mlops-model       |[0m 2025-08-07 11:33:29 | test_loss
[36mmy-mlops-model       |[0m 2025-08-07 11:33:29 | :
[36mmy-mlops-model       |[0m 2025-08-07 11:33:29 | np
[36mmy-mlops-model       |[0m 2025-08-07 11:33:29 | .
[36mmy-mlops-model       |[0m 2025-08-07 11:33:29 | float64
[36mmy-mlops-model       |[0m 2025-08-07 11:33:29 | (
[36mmy-mlops-model       |[0m 2025-08-07 11:33:29 | 2.5409025829101033
[36mmy-mlops-model       |[0m 2025-08-07 11:33:29 | )
[36mmy-mlops-model       |[0m 2025-08-07 11:33:29 | test_acc
[36mmy-mlops-model       |[0m 2025-08-07 11:33:29 | :
[36mmy-mlops-model       |[0m 2025-08-07 11:33:29 | np
[36mmy-mlops-model       |[0m 2025-08-07 11:33:29 | .
[36mmy-mlops-model       |[0m 2025-08-07 11:33:29 | float64
[36mmy-mlops-model       |[0m 2025-08-07 11:33:29 | (
[36mmy-mlops-model       |[0m 2025-08-07 11:33:29 | 0.2559055118110236
[36mmy-mlops-model       |[0m 2025-08-07 11:33:29 | )
[36mmy-mlops-model       |[0m 2025-08-07 11:33:29 | Training:   0%|          | 0/64 [00:00<?, ?it/s]
[36mmy-mlops-model       |[0m 2025-08-07 11:33:29 | ic
[36mmy-mlops-model       |[0m 2025-08-07 11:33:29 | |
[36mmy-mlops-model       |[0m 2025-08-07 11:33:29 | f
[36mmy-mlops-model       |[0m 2025-08-07 11:33:29 | "
[36mmy-mlops-model       |[0m 2025-08-07 11:33:29 | Epoch
[36mmy-mlops-model       |[0m 2025-08-07 11:33:29 | {
[36mmy-mlops-model       |[0m 2025-08-07 11:33:29 | epoch
[36mmy-mlops-model       |[0m 2025-08-07 11:33:29 | +
[36mmy-mlops-model       |[0m 2025-08-07 11:33:29 | 1
[36mmy-mlops-model       |[0m 2025-08-07 11:33:29 | }
[36mmy-mlops-model       |[0m 2025-08-07 11:33:29 | /
[36mmy-mlops-model       |[0m 2025-08-07 11:33:29 | {
[36mmy-mlops-model       |[0m 2025-08-07 11:33:29 | num_epochs
[36mmy-mlops-model       |[0m 2025-08-07 11:33:29 | }
[36mmy-mlops-model       |[0m 2025-08-07 11:33:29 | "
[36mmy-mlops-model       |[0m 2025-08-07 11:33:29 | :
[36mmy-mlops-model       |[0m 2025-08-07 11:33:29 | '
[36mmy-mlops-model       |[0m 2025-08-07 11:33:29 | Epoch 14/500
[36mmy-mlops-model       |[0m 2025-08-07 11:33:29 | '
[36mmy-mlops-model       |[0m 2025-08-07 11:33:29 | ic
[36mmy-mlops-model       |[0m 2025-08-07 11:33:29 | |
[36mmy-mlops-model       |[0m 2025-08-07 11:33:29 | train_loss
[36mmy-mlops-model       |[0m 2025-08-07 11:33:29 | :
[36mmy-mlops-model       |[0m 2025-08-07 11:33:29 | np
[36mmy-mlops-model       |[0m 2025-08-07 11:33:29 | .
[36mmy-mlops-model       |[0m 2025-08-07 11:33:29 | float64
[36mmy-mlops-model       |[0m 2025-08-07 11:33:29 | (
[36mmy-mlops-model       |[0m 2025-08-07 11:33:29 | 2.4426194506831793
[36mmy-mlops-model       |[0m 2025-08-07 11:33:29 | )
[36mmy-mlops-model       |[0m 2025-08-07 11:33:29 | val_loss
[36mmy-mlops-model       |[0m 2025-08-07 11:33:29 | :
[36mmy-mlops-model       |[0m 2025-08-07 11:33:29 | np
[36mmy-mlops-model       |[0m 2025-08-07 11:33:29 | .
[36mmy-mlops-model       |[0m 2025-08-07 11:33:29 | float64
[36mmy-mlops-model       |[0m 2025-08-07 11:33:29 | (
[36mmy-mlops-model       |[0m 2025-08-07 11:33:29 | 2.621288268226551
[36mmy-mlops-model       |[0m 2025-08-07 11:33:29 | )
[36mmy-mlops-model       |[0m 2025-08-07 11:33:29 | val_acc
[36mmy-mlops-model       |[0m 2025-08-07 11:33:29 | :
[36mmy-mlops-model       |[0m 2025-08-07 11:33:29 | np
[36mmy-mlops-model       |[0m 2025-08-07 11:33:29 | .
[36mmy-mlops-model       |[0m 2025-08-07 11:33:29 | float64
[36mmy-mlops-model       |[0m 2025-08-07 11:33:29 | (
[36mmy-mlops-model       |[0m 2025-08-07 11:33:29 | 0.26813880126182965
[36mmy-mlops-model       |[0m 2025-08-07 11:33:29 | )
[36mmy-mlops-model       |[0m 2025-08-07 11:33:29 | test_loss
[36mmy-mlops-model       |[0m 2025-08-07 11:33:29 | :
[36mmy-mlops-model       |[0m 2025-08-07 11:33:29 | np
[36mmy-mlops-model       |[0m 2025-08-07 11:33:29 | .
[36mmy-mlops-model       |[0m 2025-08-07 11:33:29 | float64
[36mmy-mlops-model       |[0m 2025-08-07 11:33:29 | (
[36mmy-mlops-model       |[0m 2025-08-07 11:33:29 | 2.5023962157789676
[36mmy-mlops-model       |[0m 2025-08-07 11:33:29 | )
[36mmy-mlops-model       |[0m 2025-08-07 11:33:29 | test_acc
[36mmy-mlops-model       |[0m 2025-08-07 11:33:29 | :
[36mmy-mlops-model       |[0m 2025-08-07 11:33:29 | np
[36mmy-mlops-model       |[0m 2025-08-07 11:33:29 | .
[36mmy-mlops-model       |[0m 2025-08-07 11:33:29 | float64
[36mmy-mlops-model       |[0m 2025-08-07 11:33:29 | (
[36mmy-mlops-model       |[0m 2025-08-07 11:33:29 | 0.2677165354330709
[36mmy-mlops-model       |[0m 2025-08-07 11:33:29 | )
[36mmy-mlops-model       |[0m 2025-08-07 11:33:29 | Training:   0%|          | 0/64 [00:00<?, ?it/s]
[36mmy-mlops-model       |[0m 2025-08-07 11:33:29 | ic
[36mmy-mlops-model       |[0m 2025-08-07 11:33:29 | |
[36mmy-mlops-model       |[0m 2025-08-07 11:33:29 | f
[36mmy-mlops-model       |[0m 2025-08-07 11:33:29 | "
[36mmy-mlops-model       |[0m 2025-08-07 11:33:29 | Epoch
[36mmy-mlops-model       |[0m 2025-08-07 11:33:29 | {
[36mmy-mlops-model       |[0m 2025-08-07 11:33:29 | epoch
[36mmy-mlops-model       |[0m 2025-08-07 11:33:29 | +
[36mmy-mlops-model       |[0m 2025-08-07 11:33:29 | 1
[36mmy-mlops-model       |[0m 2025-08-07 11:33:29 | }
[36mmy-mlops-model       |[0m 2025-08-07 11:33:29 | /
[36mmy-mlops-model       |[0m 2025-08-07 11:33:29 | {
[36mmy-mlops-model       |[0m 2025-08-07 11:33:29 | num_epochs
[36mmy-mlops-model       |[0m 2025-08-07 11:33:29 | }
[36mmy-mlops-model       |[0m 2025-08-07 11:33:29 | "
[36mmy-mlops-model       |[0m 2025-08-07 11:33:29 | :
[36mmy-mlops-model       |[0m 2025-08-07 11:33:29 | '
[36mmy-mlops-model       |[0m 2025-08-07 11:33:29 | Epoch 15/500
[36mmy-mlops-model       |[0m 2025-08-07 11:33:29 | '
[36mmy-mlops-model       |[0m 2025-08-07 11:33:29 | ic
[36mmy-mlops-model       |[0m 2025-08-07 11:33:29 | |
[36mmy-mlops-model       |[0m 2025-08-07 11:33:29 | train_loss
[36mmy-mlops-model       |[0m 2025-08-07 11:33:29 | :
[36mmy-mlops-model       |[0m 2025-08-07 11:33:29 | np
[36mmy-mlops-model       |[0m 2025-08-07 11:33:29 | .
[36mmy-mlops-model       |[0m 2025-08-07 11:33:29 | float64
[36mmy-mlops-model       |[0m 2025-08-07 11:33:29 | (
[36mmy-mlops-model       |[0m 2025-08-07 11:33:29 | 2.398849934121713
[36mmy-mlops-model       |[0m 2025-08-07 11:33:29 | )
[36mmy-mlops-model       |[0m 2025-08-07 11:33:29 | val_loss
[36mmy-mlops-model       |[0m 2025-08-07 11:33:29 | :
[36mmy-mlops-model       |[0m 2025-08-07 11:33:29 | np
[36mmy-mlops-model       |[0m 2025-08-07 11:33:29 | .
[36mmy-mlops-model       |[0m 2025-08-07 11:33:29 | float64
[36mmy-mlops-model       |[0m 2025-08-07 11:33:29 | (
[36mmy-mlops-model       |[0m 2025-08-07 11:33:29 | 2.5844167322227363
[36mmy-mlops-model       |[0m 2025-08-07 11:33:29 | )
[36mmy-mlops-model       |[0m 2025-08-07 11:33:29 | val_acc
[36mmy-mlops-model       |[0m 2025-08-07 11:33:29 | :
[36mmy-mlops-model       |[0m 2025-08-07 11:33:29 | np
[36mmy-mlops-model       |[0m 2025-08-07 11:33:29 | .
[36mmy-mlops-model       |[0m 2025-08-07 11:33:29 | float64
[36mmy-mlops-model       |[0m 2025-08-07 11:33:29 | (
[36mmy-mlops-model       |[0m 2025-08-07 11:33:29 | 0.26813880126182965
[36mmy-mlops-model       |[0m 2025-08-07 11:33:29 | )
[36mmy-mlops-model       |[0m 2025-08-07 11:33:29 | test_loss
[36mmy-mlops-model       |[0m 2025-08-07 11:33:29 | :
[36mmy-mlops-model       |[0m 2025-08-07 11:33:29 | np
[36mmy-mlops-model       |[0m 2025-08-07 11:33:29 | .
[36mmy-mlops-model       |[0m 2025-08-07 11:33:29 | float64
[36mmy-mlops-model       |[0m 2025-08-07 11:33:29 | (
[36mmy-mlops-model       |[0m 2025-08-07 11:33:29 | 2.465658596232199
[36mmy-mlops-model       |[0m 2025-08-07 11:33:29 | )
[36mmy-mlops-model       |[0m 2025-08-07 11:33:29 | test_acc
[36mmy-mlops-model       |[0m 2025-08-07 11:33:29 | :
[36mmy-mlops-model       |[0m 2025-08-07 11:33:29 | np
[36mmy-mlops-model       |[0m 2025-08-07 11:33:29 | .
[36mmy-mlops-model       |[0m 2025-08-07 11:33:29 | float64
[36mmy-mlops-model       |[0m 2025-08-07 11:33:29 | (
[36mmy-mlops-model       |[0m 2025-08-07 11:33:29 | 0.2637795275590551
[36mmy-mlops-model       |[0m 2025-08-07 11:33:29 | )
[36mmy-mlops-model       |[0m 2025-08-07 11:33:29 | Training:   0%|          | 0/64 [00:00<?, ?it/s]
[36mmy-mlops-model       |[0m 2025-08-07 11:33:29 | ic
[36mmy-mlops-model       |[0m 2025-08-07 11:33:29 | |
[36mmy-mlops-model       |[0m 2025-08-07 11:33:29 | f
[36mmy-mlops-model       |[0m 2025-08-07 11:33:29 | "
[36mmy-mlops-model       |[0m 2025-08-07 11:33:29 | Epoch
[36mmy-mlops-model       |[0m 2025-08-07 11:33:29 | {
[36mmy-mlops-model       |[0m 2025-08-07 11:33:29 | epoch
[36mmy-mlops-model       |[0m 2025-08-07 11:33:29 | +
[36mmy-mlops-model       |[0m 2025-08-07 11:33:29 | 1
[36mmy-mlops-model       |[0m 2025-08-07 11:33:29 | }
[36mmy-mlops-model       |[0m 2025-08-07 11:33:29 | /
[36mmy-mlops-model       |[0m 2025-08-07 11:33:29 | {
[36mmy-mlops-model       |[0m 2025-08-07 11:33:29 | num_epochs
[36mmy-mlops-model       |[0m 2025-08-07 11:33:29 | }
[36mmy-mlops-model       |[0m 2025-08-07 11:33:29 | "
[36mmy-mlops-model       |[0m 2025-08-07 11:33:29 | :
[36mmy-mlops-model       |[0m 2025-08-07 11:33:29 | '
[36mmy-mlops-model       |[0m 2025-08-07 11:33:29 | Epoch 16/500
[36mmy-mlops-model       |[0m 2025-08-07 11:33:29 | '
[36mmy-mlops-model       |[0m 2025-08-07 11:33:29 | ic
[36mmy-mlops-model       |[0m 2025-08-07 11:33:29 | |
[36mmy-mlops-model       |[0m 2025-08-07 11:33:29 | train_loss
[36mmy-mlops-model       |[0m 2025-08-07 11:33:29 | :
[36mmy-mlops-model       |[0m 2025-08-07 11:33:29 | np
[36mmy-mlops-model       |[0m 2025-08-07 11:33:29 | .
[36mmy-mlops-model       |[0m 2025-08-07 11:33:29 | float64
[36mmy-mlops-model       |[0m 2025-08-07 11:33:29 | (
[36mmy-mlops-model       |[0m 2025-08-07 11:33:29 | 2.3498275648244817
[36mmy-mlops-model       |[0m 2025-08-07 11:33:29 | )
[36mmy-mlops-model       |[0m 2025-08-07 11:33:29 | val_loss
[36mmy-mlops-model       |[0m 2025-08-07 11:33:29 | :
[36mmy-mlops-model       |[0m 2025-08-07 11:33:29 | np
[36mmy-mlops-model       |[0m 2025-08-07 11:33:29 | .
[36mmy-mlops-model       |[0m 2025-08-07 11:33:29 | float64
[36mmy-mlops-model       |[0m 2025-08-07 11:33:29 | (
[36mmy-mlops-model       |[0m 2025-08-07 11:33:29 | 2.5503530383383683
[36mmy-mlops-model       |[0m 2025-08-07 11:33:29 | )
[36mmy-mlops-model       |[0m 2025-08-07 11:33:29 | val_acc
[36mmy-mlops-model       |[0m 2025-08-07 11:33:29 | :
[36mmy-mlops-model       |[0m 2025-08-07 11:33:29 | np
[36mmy-mlops-model       |[0m 2025-08-07 11:33:29 | .
[36mmy-mlops-model       |[0m 2025-08-07 11:33:29 | float64
[36mmy-mlops-model       |[0m 2025-08-07 11:33:29 | (
[36mmy-mlops-model       |[0m 2025-08-07 11:33:29 | 0.26498422712933756
[36mmy-mlops-model       |[0m 2025-08-07 11:33:29 | )
[36mmy-mlops-model       |[0m 2025-08-07 11:33:29 | test_loss
[36mmy-mlops-model       |[0m 2025-08-07 11:33:29 | :
[36mmy-mlops-model       |[0m 2025-08-07 11:33:29 | np
[36mmy-mlops-model       |[0m 2025-08-07 11:33:29 | .
[36mmy-mlops-model       |[0m 2025-08-07 11:33:29 | float64
[36mmy-mlops-model       |[0m 2025-08-07 11:33:29 | (
[36mmy-mlops-model       |[0m 2025-08-07 11:33:29 | 2.431430266462348
[36mmy-mlops-model       |[0m 2025-08-07 11:33:29 | )
[36mmy-mlops-model       |[0m 2025-08-07 11:33:29 | test_acc
[36mmy-mlops-model       |[0m 2025-08-07 11:33:29 | :
[36mmy-mlops-model       |[0m 2025-08-07 11:33:29 | np
[36mmy-mlops-model       |[0m 2025-08-07 11:33:29 | .
[36mmy-mlops-model       |[0m 2025-08-07 11:33:29 | float64
[36mmy-mlops-model       |[0m 2025-08-07 11:33:29 | (
[36mmy-mlops-model       |[0m 2025-08-07 11:33:29 | 0.2755905511811024
[36mmy-mlops-model       |[0m 2025-08-07 11:33:29 | )
[36mmy-mlops-model       |[0m 2025-08-07 11:33:29 | Training:   0%|          | 0/64 [00:00<?, ?it/s]
[36mmy-mlops-model       |[0m 2025-08-07 11:33:29 | ic
[36mmy-mlops-model       |[0m 2025-08-07 11:33:29 | |
[36mmy-mlops-model       |[0m 2025-08-07 11:33:29 | f
[36mmy-mlops-model       |[0m 2025-08-07 11:33:29 | "
[36mmy-mlops-model       |[0m 2025-08-07 11:33:29 | Epoch
[36mmy-mlops-model       |[0m 2025-08-07 11:33:29 | {
[36mmy-mlops-model       |[0m 2025-08-07 11:33:29 | epoch
[36mmy-mlops-model       |[0m 2025-08-07 11:33:29 | +
[36mmy-mlops-model       |[0m 2025-08-07 11:33:29 | 1
[36mmy-mlops-model       |[0m 2025-08-07 11:33:29 | }
[36mmy-mlops-model       |[0m 2025-08-07 11:33:29 | /
[36mmy-mlops-model       |[0m 2025-08-07 11:33:29 | {
[36mmy-mlops-model       |[0m 2025-08-07 11:33:29 | num_epochs
[36mmy-mlops-model       |[0m 2025-08-07 11:33:29 | }
[36mmy-mlops-model       |[0m 2025-08-07 11:33:29 | "
[36mmy-mlops-model       |[0m 2025-08-07 11:33:29 | :
[36mmy-mlops-model       |[0m 2025-08-07 11:33:29 | '
[36mmy-mlops-model       |[0m 2025-08-07 11:33:29 | Epoch 17/500
[36mmy-mlops-model       |[0m 2025-08-07 11:33:29 | '
[36mmy-mlops-model       |[0m 2025-08-07 11:33:29 | ic
[36mmy-mlops-model       |[0m 2025-08-07 11:33:29 | |
[36mmy-mlops-model       |[0m 2025-08-07 11:33:29 | train_loss
[36mmy-mlops-model       |[0m 2025-08-07 11:33:29 | :
[36mmy-mlops-model       |[0m 2025-08-07 11:33:29 | np
[36mmy-mlops-model       |[0m 2025-08-07 11:33:29 | .
[36mmy-mlops-model       |[0m 2025-08-07 11:33:29 | float64
[36mmy-mlops-model       |[0m 2025-08-07 11:33:29 | (
[36mmy-mlops-model       |[0m 2025-08-07 11:33:29 | 2.3139064783658454
[36mmy-mlops-model       |[0m 2025-08-07 11:33:29 | )
[36mmy-mlops-model       |[0m 2025-08-07 11:33:29 | val_loss
[36mmy-mlops-model       |[0m 2025-08-07 11:33:29 | :
[36mmy-mlops-model       |[0m 2025-08-07 11:33:29 | np
[36mmy-mlops-model       |[0m 2025-08-07 11:33:29 | .
[36mmy-mlops-model       |[0m 2025-08-07 11:33:29 | float64
[36mmy-mlops-model       |[0m 2025-08-07 11:33:29 | (
[36mmy-mlops-model       |[0m 2025-08-07 11:33:29 | 2.5163042486259446
[36mmy-mlops-model       |[0m 2025-08-07 11:33:29 | )
[36mmy-mlops-model       |[0m 2025-08-07 11:33:29 | val_acc
[36mmy-mlops-model       |[0m 2025-08-07 11:33:29 | :
[36mmy-mlops-model       |[0m 2025-08-07 11:33:29 | np
[36mmy-mlops-model       |[0m 2025-08-07 11:33:29 | .
[36mmy-mlops-model       |[0m 2025-08-07 11:33:29 | float64
[36mmy-mlops-model       |[0m 2025-08-07 11:33:29 | (
[36mmy-mlops-model       |[0m 2025-08-07 11:33:29 | 0.26498422712933756
[36mmy-mlops-model       |[0m 2025-08-07 11:33:29 | )
[36mmy-mlops-model       |[0m 2025-08-07 11:33:29 | test_loss
[36mmy-mlops-model       |[0m 2025-08-07 11:33:29 | :
[36mmy-mlops-model       |[0m 2025-08-07 11:33:29 | np
[36mmy-mlops-model       |[0m 2025-08-07 11:33:29 | .
[36mmy-mlops-model       |[0m 2025-08-07 11:33:29 | float64
[36mmy-mlops-model       |[0m 2025-08-07 11:33:29 | (
[36mmy-mlops-model       |[0m 2025-08-07 11:33:29 | 2.4000677865308955
[36mmy-mlops-model       |[0m 2025-08-07 11:33:29 | )
[36mmy-mlops-model       |[0m 2025-08-07 11:33:29 | test_acc
[36mmy-mlops-model       |[0m 2025-08-07 11:33:29 | :
[36mmy-mlops-model       |[0m 2025-08-07 11:33:29 | np
[36mmy-mlops-model       |[0m 2025-08-07 11:33:29 | .
[36mmy-mlops-model       |[0m 2025-08-07 11:33:29 | float64
[36mmy-mlops-model       |[0m 2025-08-07 11:33:29 | (
[36mmy-mlops-model       |[0m 2025-08-07 11:33:29 | 0.2755905511811024
[36mmy-mlops-model       |[0m 2025-08-07 11:33:29 | )
[36mmy-mlops-model       |[0m 2025-08-07 11:33:29 | Training:   0%|          | 0/64 [00:00<?, ?it/s]
[36mmy-mlops-model       |[0m 2025-08-07 11:33:29 | Training:  20%|##        | 13/64 [00:00<00:00, 113.50it/s]
[36mmy-mlops-model       |[0m 2025-08-07 11:33:29 | Training:  39%|###9      | 25/64 [00:00<00:00, 82.69it/s]
[36mmy-mlops-model       |[0m 2025-08-07 11:33:30 | Training:  53%|#####3    | 34/64 [00:00<00:00, 75.80it/s]
[36mmy-mlops-model       |[0m 2025-08-07 11:33:30 | Training:  66%|######5   | 42/64 [00:00<00:00, 73.01it/s]
[36mmy-mlops-model       |[0m 2025-08-07 11:33:30 | Training:  78%|#######8  | 50/64 [00:00<00:00, 70.22it/s]
[36mmy-mlops-model       |[0m 2025-08-07 11:33:30 | ic
[36mmy-mlops-model       |[0m 2025-08-07 11:33:30 | |
[36mmy-mlops-model       |[0m 2025-08-07 11:33:30 | f
[36mmy-mlops-model       |[0m 2025-08-07 11:33:30 | "
[36mmy-mlops-model       |[0m 2025-08-07 11:33:30 | Epoch
[36mmy-mlops-model       |[0m 2025-08-07 11:33:30 | {
[36mmy-mlops-model       |[0m 2025-08-07 11:33:30 | epoch
[36mmy-mlops-model       |[0m 2025-08-07 11:33:30 | +
[36mmy-mlops-model       |[0m 2025-08-07 11:33:30 | 1
[36mmy-mlops-model       |[0m 2025-08-07 11:33:30 | }
[36mmy-mlops-model       |[0m 2025-08-07 11:33:30 | /
[36mmy-mlops-model       |[0m 2025-08-07 11:33:30 | {
[36mmy-mlops-model       |[0m 2025-08-07 11:33:30 | num_epochs
[36mmy-mlops-model       |[0m 2025-08-07 11:33:30 | }
[36mmy-mlops-model       |[0m 2025-08-07 11:33:30 | "
[36mmy-mlops-model       |[0m 2025-08-07 11:33:30 | :
[36mmy-mlops-model       |[0m 2025-08-07 11:33:30 | '
[36mmy-mlops-model       |[0m 2025-08-07 11:33:30 | Epoch 18/500
[36mmy-mlops-model       |[0m 2025-08-07 11:33:30 | '
[36mmy-mlops-model       |[0m 2025-08-07 11:33:30 | ic
[36mmy-mlops-model       |[0m 2025-08-07 11:33:30 | |
[36mmy-mlops-model       |[0m 2025-08-07 11:33:30 | train_loss
[36mmy-mlops-model       |[0m 2025-08-07 11:33:30 | :
[36mmy-mlops-model       |[0m 2025-08-07 11:33:30 | np
[36mmy-mlops-model       |[0m 2025-08-07 11:33:30 | .
[36mmy-mlops-model       |[0m 2025-08-07 11:33:30 | float64
[36mmy-mlops-model       |[0m 2025-08-07 11:33:30 | (
[36mmy-mlops-model       |[0m 2025-08-07 11:33:30 | 2.2410780034764124
[36mmy-mlops-model       |[0m 2025-08-07 11:33:30 | )
[36mmy-mlops-model       |[0m 2025-08-07 11:33:30 | val_loss
[36mmy-mlops-model       |[0m 2025-08-07 11:33:30 | :
[36mmy-mlops-model       |[0m 2025-08-07 11:33:30 | np
[36mmy-mlops-model       |[0m 2025-08-07 11:33:30 | .
[36mmy-mlops-model       |[0m 2025-08-07 11:33:30 | float64
[36mmy-mlops-model       |[0m 2025-08-07 11:33:30 | (
[36mmy-mlops-model       |[0m 2025-08-07 11:33:30 | 2.485084415688275
[36mmy-mlops-model       |[0m 2025-08-07 11:33:30 | )
[36mmy-mlops-model       |[0m 2025-08-07 11:33:30 | val_acc
[36mmy-mlops-model       |[0m 2025-08-07 11:33:30 | :
[36mmy-mlops-model       |[0m 2025-08-07 11:33:30 | np
[36mmy-mlops-model       |[0m 2025-08-07 11:33:30 | .
[36mmy-mlops-model       |[0m 2025-08-07 11:33:30 | float64
[36mmy-mlops-model       |[0m 2025-08-07 11:33:30 | (
[36mmy-mlops-model       |[0m 2025-08-07 11:33:30 | 0.27129337539432175
[36mmy-mlops-model       |[0m 2025-08-07 11:33:30 | )
[36mmy-mlops-model       |[0m 2025-08-07 11:33:30 | test_loss
[36mmy-mlops-model       |[0m 2025-08-07 11:33:30 | :
[36mmy-mlops-model       |[0m 2025-08-07 11:33:30 | np
[36mmy-mlops-model       |[0m 2025-08-07 11:33:30 | .
[36mmy-mlops-model       |[0m 2025-08-07 11:33:30 | float64
[36mmy-mlops-model       |[0m 2025-08-07 11:33:30 | (
[36mmy-mlops-model       |[0m 2025-08-07 11:33:30 | 2.3709398368681676
[36mmy-mlops-model       |[0m 2025-08-07 11:33:30 | )
[36mmy-mlops-model       |[0m 2025-08-07 11:33:30 | test_acc
[36mmy-mlops-model       |[0m 2025-08-07 11:33:30 | :
[36mmy-mlops-model       |[0m 2025-08-07 11:33:30 | np
[36mmy-mlops-model       |[0m 2025-08-07 11:33:30 | .
[36mmy-mlops-model       |[0m 2025-08-07 11:33:30 | float64
[36mmy-mlops-model       |[0m 2025-08-07 11:33:30 | (
[36mmy-mlops-model       |[0m 2025-08-07 11:33:30 | 0.29133858267716534
[36mmy-mlops-model       |[0m 2025-08-07 11:33:30 | )
[36mmy-mlops-model       |[0m 2025-08-07 11:33:30 | Training:   0%|          | 0/64 [00:00<?, ?it/s]
[36mmy-mlops-model       |[0m 2025-08-07 11:33:30 | Training:  77%|#######6  | 49/64 [00:00<00:00, 471.16it/s]
[36mmy-mlops-model       |[0m 2025-08-07 11:33:30 | ic
[36mmy-mlops-model       |[0m 2025-08-07 11:33:30 | |
[36mmy-mlops-model       |[0m 2025-08-07 11:33:30 | f
[36mmy-mlops-model       |[0m 2025-08-07 11:33:30 | "
[36mmy-mlops-model       |[0m 2025-08-07 11:33:30 | Epoch
[36mmy-mlops-model       |[0m 2025-08-07 11:33:30 | {
[36mmy-mlops-model       |[0m 2025-08-07 11:33:30 | epoch
[36mmy-mlops-model       |[0m 2025-08-07 11:33:30 | +
[36mmy-mlops-model       |[0m 2025-08-07 11:33:30 | 1
[36mmy-mlops-model       |[0m 2025-08-07 11:33:30 | }
[36mmy-mlops-model       |[0m 2025-08-07 11:33:30 | /
[36mmy-mlops-model       |[0m 2025-08-07 11:33:30 | {
[36mmy-mlops-model       |[0m 2025-08-07 11:33:30 | num_epochs
[36mmy-mlops-model       |[0m 2025-08-07 11:33:30 | }
[36mmy-mlops-model       |[0m 2025-08-07 11:33:30 | "
[36mmy-mlops-model       |[0m 2025-08-07 11:33:30 | :
[36mmy-mlops-model       |[0m 2025-08-07 11:33:30 | '
[36mmy-mlops-model       |[0m 2025-08-07 11:33:30 | Epoch 19/500
[36mmy-mlops-model       |[0m 2025-08-07 11:33:30 | '
[36mmy-mlops-model       |[0m 2025-08-07 11:33:30 | ic
[36mmy-mlops-model       |[0m 2025-08-07 11:33:30 | |
[36mmy-mlops-model       |[0m 2025-08-07 11:33:30 | train_loss
[36mmy-mlops-model       |[0m 2025-08-07 11:33:30 | :
[36mmy-mlops-model       |[0m 2025-08-07 11:33:30 | np
[36mmy-mlops-model       |[0m 2025-08-07 11:33:30 | .
[36mmy-mlops-model       |[0m 2025-08-07 11:33:30 | float64
[36mmy-mlops-model       |[0m 2025-08-07 11:33:30 | (
[36mmy-mlops-model       |[0m 2025-08-07 11:33:30 | 2.2446371035241395
[36mmy-mlops-model       |[0m 2025-08-07 11:33:30 | )
[36mmy-mlops-model       |[0m 2025-08-07 11:33:30 | val_loss
[36mmy-mlops-model       |[0m 2025-08-07 11:33:30 | :
[36mmy-mlops-model       |[0m 2025-08-07 11:33:30 | np
[36mmy-mlops-model       |[0m 2025-08-07 11:33:30 | .
[36mmy-mlops-model       |[0m 2025-08-07 11:33:30 | float64
[36mmy-mlops-model       |[0m 2025-08-07 11:33:30 | (
[36mmy-mlops-model       |[0m 2025-08-07 11:33:30 | 2.4556552241717995
[36mmy-mlops-model       |[0m 2025-08-07 11:33:30 | )
[36mmy-mlops-model       |[0m 2025-08-07 11:33:30 | val_acc
[36mmy-mlops-model       |[0m 2025-08-07 11:33:30 | :
[36mmy-mlops-model       |[0m 2025-08-07 11:33:30 | np
[36mmy-mlops-model       |[0m 2025-08-07 11:33:30 | .
[36mmy-mlops-model       |[0m 2025-08-07 11:33:30 | float64
[36mmy-mlops-model       |[0m 2025-08-07 11:33:30 | (
[36mmy-mlops-model       |[0m 2025-08-07 11:33:30 | 0.27129337539432175
[36mmy-mlops-model       |[0m 2025-08-07 11:33:30 | )
[36mmy-mlops-model       |[0m 2025-08-07 11:33:30 | test_loss
[36mmy-mlops-model       |[0m 2025-08-07 11:33:30 | :
[36mmy-mlops-model       |[0m 2025-08-07 11:33:30 | np
[36mmy-mlops-model       |[0m 2025-08-07 11:33:30 | .
[36mmy-mlops-model       |[0m 2025-08-07 11:33:30 | float64
[36mmy-mlops-model       |[0m 2025-08-07 11:33:30 | (
[36mmy-mlops-model       |[0m 2025-08-07 11:33:30 | 2.3413163326978497
[36mmy-mlops-model       |[0m 2025-08-07 11:33:30 | )
[36mmy-mlops-model       |[0m 2025-08-07 11:33:30 | test_acc
[36mmy-mlops-model       |[0m 2025-08-07 11:33:30 | :
[36mmy-mlops-model       |[0m 2025-08-07 11:33:30 | np
[36mmy-mlops-model       |[0m 2025-08-07 11:33:30 | .
[36mmy-mlops-model       |[0m 2025-08-07 11:33:30 | float64
[36mmy-mlops-model       |[0m 2025-08-07 11:33:30 | (
[36mmy-mlops-model       |[0m 2025-08-07 11:33:30 | 0.3031496062992126
[36mmy-mlops-model       |[0m 2025-08-07 11:33:30 | )
[36mmy-mlops-model       |[0m 2025-08-07 11:33:30 | Training:   0%|          | 0/64 [00:00<?, ?it/s]
[36mmy-mlops-model       |[0m 2025-08-07 11:33:30 | Training:  11%|#         | 7/64 [00:00<00:00, 68.90it/s]
[36mmy-mlops-model       |[0m 2025-08-07 11:33:31 | Training:  22%|##1       | 14/64 [00:00<00:00, 69.28it/s]
[36mmy-mlops-model       |[0m 2025-08-07 11:33:31 | Training:  33%|###2      | 21/64 [00:00<00:00, 64.61it/s]
[36mmy-mlops-model       |[0m 2025-08-07 11:33:31 | Training:  44%|####3     | 28/64 [00:00<00:00, 63.78it/s]
[36mmy-mlops-model       |[0m 2025-08-07 11:33:31 | Training:  55%|#####4    | 35/64 [00:00<00:00, 62.90it/s]
[36mmy-mlops-model       |[0m 2025-08-07 11:33:31 | Training:  66%|######5   | 42/64 [00:00<00:00, 62.77it/s]
[36mmy-mlops-model       |[0m 2025-08-07 11:33:31 | ic
[36mmy-mlops-model       |[0m 2025-08-07 11:33:31 | |
[36mmy-mlops-model       |[0m 2025-08-07 11:33:31 | f
[36mmy-mlops-model       |[0m 2025-08-07 11:33:31 | "
[36mmy-mlops-model       |[0m 2025-08-07 11:33:31 | Epoch
[36mmy-mlops-model       |[0m 2025-08-07 11:33:31 | {
[36mmy-mlops-model       |[0m 2025-08-07 11:33:31 | epoch
[36mmy-mlops-model       |[0m 2025-08-07 11:33:31 | +
[36mmy-mlops-model       |[0m 2025-08-07 11:33:31 | 1
[36mmy-mlops-model       |[0m 2025-08-07 11:33:31 | }
[36mmy-mlops-model       |[0m 2025-08-07 11:33:31 | /
[36mmy-mlops-model       |[0m 2025-08-07 11:33:31 | {
[36mmy-mlops-model       |[0m 2025-08-07 11:33:31 | num_epochs
[36mmy-mlops-model       |[0m 2025-08-07 11:33:31 | }
[36mmy-mlops-model       |[0m 2025-08-07 11:33:31 | "
[36mmy-mlops-model       |[0m 2025-08-07 11:33:31 | :
[36mmy-mlops-model       |[0m 2025-08-07 11:33:31 | '
[36mmy-mlops-model       |[0m 2025-08-07 11:33:31 | Epoch 20/500
[36mmy-mlops-model       |[0m 2025-08-07 11:33:31 | '
[36mmy-mlops-model       |[0m 2025-08-07 11:33:31 | ic
[36mmy-mlops-model       |[0m 2025-08-07 11:33:31 | |
[36mmy-mlops-model       |[0m 2025-08-07 11:33:31 | train_loss
[36mmy-mlops-model       |[0m 2025-08-07 11:33:31 | :
[36mmy-mlops-model       |[0m 2025-08-07 11:33:31 | np
[36mmy-mlops-model       |[0m 2025-08-07 11:33:31 | .
[36mmy-mlops-model       |[0m 2025-08-07 11:33:31 | float64
[36mmy-mlops-model       |[0m 2025-08-07 11:33:31 | (
[36mmy-mlops-model       |[0m 2025-08-07 11:33:31 | 2.235054168680972
[36mmy-mlops-model       |[0m 2025-08-07 11:33:31 | )
[36mmy-mlops-model       |[0m 2025-08-07 11:33:31 | val_loss
[36mmy-mlops-model       |[0m 2025-08-07 11:33:31 | :
[36mmy-mlops-model       |[0m 2025-08-07 11:33:31 | np
[36mmy-mlops-model       |[0m 2025-08-07 11:33:31 | .
[36mmy-mlops-model       |[0m 2025-08-07 11:33:31 | float64
[36mmy-mlops-model       |[0m 2025-08-07 11:33:31 | (
[36mmy-mlops-model       |[0m 2025-08-07 11:33:31 | 2.431066525321169
[36mmy-mlops-model       |[0m 2025-08-07 11:33:31 | )
[36mmy-mlops-model       |[0m 2025-08-07 11:33:31 | val_acc
[36mmy-mlops-model       |[0m 2025-08-07 11:33:31 | :
[36mmy-mlops-model       |[0m 2025-08-07 11:33:31 | np
[36mmy-mlops-model       |[0m 2025-08-07 11:33:31 | .
[36mmy-mlops-model       |[0m 2025-08-07 11:33:31 | float64
[36mmy-mlops-model       |[0m 2025-08-07 11:33:31 | (
[36mmy-mlops-model       |[0m 2025-08-07 11:33:31 | 0.2870662460567823
[36mmy-mlops-model       |[0m 2025-08-07 11:33:31 | )
[36mmy-mlops-model       |[0m 2025-08-07 11:33:31 | test_loss
[36mmy-mlops-model       |[0m 2025-08-07 11:33:31 | :
[36mmy-mlops-model       |[0m 2025-08-07 11:33:31 | np
[36mmy-mlops-model       |[0m 2025-08-07 11:33:31 | .
[36mmy-mlops-model       |[0m 2025-08-07 11:33:31 | float64
[36mmy-mlops-model       |[0m 2025-08-07 11:33:31 | (
[36mmy-mlops-model       |[0m 2025-08-07 11:33:31 | 2.314751779679803
[36mmy-mlops-model       |[0m 2025-08-07 11:33:31 | )
[36mmy-mlops-model       |[0m 2025-08-07 11:33:31 | test_acc
[36mmy-mlops-model       |[0m 2025-08-07 11:33:31 | :
[36mmy-mlops-model       |[0m 2025-08-07 11:33:31 | np
[36mmy-mlops-model       |[0m 2025-08-07 11:33:31 | .
[36mmy-mlops-model       |[0m 2025-08-07 11:33:31 | float64
[36mmy-mlops-model       |[0m 2025-08-07 11:33:31 | (
[36mmy-mlops-model       |[0m 2025-08-07 11:33:31 | 0.3188976377952756
[36mmy-mlops-model       |[0m 2025-08-07 11:33:31 | )
[36mmy-mlops-model       |[0m 2025-08-07 11:33:31 | Training:   0%|          | 0/64 [00:00<?, ?it/s]
[36mmy-mlops-model       |[0m 2025-08-07 11:33:31 | ic
[36mmy-mlops-model       |[0m 2025-08-07 11:33:31 | |
[36mmy-mlops-model       |[0m 2025-08-07 11:33:31 | f
[36mmy-mlops-model       |[0m 2025-08-07 11:33:31 | "
[36mmy-mlops-model       |[0m 2025-08-07 11:33:31 | Epoch
[36mmy-mlops-model       |[0m 2025-08-07 11:33:31 | {
[36mmy-mlops-model       |[0m 2025-08-07 11:33:31 | epoch
[36mmy-mlops-model       |[0m 2025-08-07 11:33:31 | +
[36mmy-mlops-model       |[0m 2025-08-07 11:33:31 | 1
[36mmy-mlops-model       |[0m 2025-08-07 11:33:31 | }
[36mmy-mlops-model       |[0m 2025-08-07 11:33:31 | /
[36mmy-mlops-model       |[0m 2025-08-07 11:33:31 | {
[36mmy-mlops-model       |[0m 2025-08-07 11:33:31 | num_epochs
[36mmy-mlops-model       |[0m 2025-08-07 11:33:31 | }
[36mmy-mlops-model       |[0m 2025-08-07 11:33:31 | "
[36mmy-mlops-model       |[0m 2025-08-07 11:33:31 | :
[36mmy-mlops-model       |[0m 2025-08-07 11:33:31 | '
[36mmy-mlops-model       |[0m 2025-08-07 11:33:31 | Epoch 21/500
[36mmy-mlops-model       |[0m 2025-08-07 11:33:31 | '
[36mmy-mlops-model       |[0m 2025-08-07 11:33:31 | ic
[36mmy-mlops-model       |[0m 2025-08-07 11:33:31 | |
[36mmy-mlops-model       |[0m 2025-08-07 11:33:31 | train_loss
[36mmy-mlops-model       |[0m 2025-08-07 11:33:31 | :
[36mmy-mlops-model       |[0m 2025-08-07 11:33:31 | np
[36mmy-mlops-model       |[0m 2025-08-07 11:33:31 | .
[36mmy-mlops-model       |[0m 2025-08-07 11:33:31 | float64
[36mmy-mlops-model       |[0m 2025-08-07 11:33:31 | (
[36mmy-mlops-model       |[0m 2025-08-07 11:33:31 | 2.1925194304619193
[36mmy-mlops-model       |[0m 2025-08-07 11:33:31 | )
[36mmy-mlops-model       |[0m 2025-08-07 11:33:31 | val_loss
[36mmy-mlops-model       |[0m 2025-08-07 11:33:31 | :
[36mmy-mlops-model       |[0m 2025-08-07 11:33:31 | np
[36mmy-mlops-model       |[0m 2025-08-07 11:33:31 | .
[36mmy-mlops-model       |[0m 2025-08-07 11:33:31 | float64
[36mmy-mlops-model       |[0m 2025-08-07 11:33:31 | (
[36mmy-mlops-model       |[0m 2025-08-07 11:33:31 | 2.402666145801766
[36mmy-mlops-model       |[0m 2025-08-07 11:33:31 | )
[36mmy-mlops-model       |[0m 2025-08-07 11:33:31 | val_acc
[36mmy-mlops-model       |[0m 2025-08-07 11:33:31 | :
[36mmy-mlops-model       |[0m 2025-08-07 11:33:31 | np
[36mmy-mlops-model       |[0m 2025-08-07 11:33:31 | .
[36mmy-mlops-model       |[0m 2025-08-07 11:33:31 | float64
[36mmy-mlops-model       |[0m 2025-08-07 11:33:31 | (
[36mmy-mlops-model       |[0m 2025-08-07 11:33:31 | 0.2744479495268139
[36mmy-mlops-model       |[0m 2025-08-07 11:33:31 | )
[36mmy-mlops-model       |[0m 2025-08-07 11:33:31 | test_loss
[36mmy-mlops-model       |[0m 2025-08-07 11:33:31 | :
[36mmy-mlops-model       |[0m 2025-08-07 11:33:31 | np
[36mmy-mlops-model       |[0m 2025-08-07 11:33:31 | .
[36mmy-mlops-model       |[0m 2025-08-07 11:33:31 | float64
[36mmy-mlops-model       |[0m 2025-08-07 11:33:31 | (
[36mmy-mlops-model       |[0m 2025-08-07 11:33:31 | 2.2888056609194423
[36mmy-mlops-model       |[0m 2025-08-07 11:33:31 | )
[36mmy-mlops-model       |[0m 2025-08-07 11:33:31 | test_acc
[36mmy-mlops-model       |[0m 2025-08-07 11:33:31 | :
[36mmy-mlops-model       |[0m 2025-08-07 11:33:31 | np
[36mmy-mlops-model       |[0m 2025-08-07 11:33:31 | .
[36mmy-mlops-model       |[0m 2025-08-07 11:33:31 | float64
[36mmy-mlops-model       |[0m 2025-08-07 11:33:31 | (
[36mmy-mlops-model       |[0m 2025-08-07 11:33:31 | 0.33070866141732286
[36mmy-mlops-model       |[0m 2025-08-07 11:33:31 | )
[36mmy-mlops-model       |[0m 2025-08-07 11:33:31 | Training:   0%|          | 0/64 [00:00<?, ?it/s]
[36mmy-mlops-model       |[0m 2025-08-07 11:33:32 | Training:  11%|#         | 7/64 [00:00<00:00, 62.80it/s]
[36mmy-mlops-model       |[0m 2025-08-07 11:33:32 | Training:  22%|##1       | 14/64 [00:00<00:00, 63.26it/s]
[36mmy-mlops-model       |[0m 2025-08-07 11:33:32 | Training:  33%|###2      | 21/64 [00:00<00:00, 61.42it/s]
[36mmy-mlops-model       |[0m 2025-08-07 11:33:32 | Training:  44%|####3     | 28/64 [00:00<00:00, 59.53it/s]
[36mmy-mlops-model       |[0m 2025-08-07 11:33:32 | Training:  62%|######2   | 40/64 [00:00<00:00, 78.68it/s]
[36mmy-mlops-model       |[0m 2025-08-07 11:33:32 | Training:  81%|########1 | 52/64 [00:00<00:00, 87.82it/s]
[36mmy-mlops-model       |[0m 2025-08-07 11:33:32 | Training:  95%|#########5| 61/64 [00:00<00:00, 83.75it/s]
[36mmy-mlops-model       |[0m 2025-08-07 11:33:32 | ic
[36mmy-mlops-model       |[0m 2025-08-07 11:33:32 | |
[36mmy-mlops-model       |[0m 2025-08-07 11:33:32 | f
[36mmy-mlops-model       |[0m 2025-08-07 11:33:32 | "
[36mmy-mlops-model       |[0m 2025-08-07 11:33:32 | Epoch
[36mmy-mlops-model       |[0m 2025-08-07 11:33:32 | {
[36mmy-mlops-model       |[0m 2025-08-07 11:33:32 | epoch
[36mmy-mlops-model       |[0m 2025-08-07 11:33:32 | +
[36mmy-mlops-model       |[0m 2025-08-07 11:33:32 | 1
[36mmy-mlops-model       |[0m 2025-08-07 11:33:32 | }
[36mmy-mlops-model       |[0m 2025-08-07 11:33:32 | /
[36mmy-mlops-model       |[0m 2025-08-07 11:33:32 | {
[36mmy-mlops-model       |[0m 2025-08-07 11:33:32 | num_epochs
[36mmy-mlops-model       |[0m 2025-08-07 11:33:32 | }
[36mmy-mlops-model       |[0m 2025-08-07 11:33:32 | "
[36mmy-mlops-model       |[0m 2025-08-07 11:33:32 | :
[36mmy-mlops-model       |[0m 2025-08-07 11:33:32 | '
[36mmy-mlops-model       |[0m 2025-08-07 11:33:32 | Epoch 22/500
[36mmy-mlops-model       |[0m 2025-08-07 11:33:32 | '
[36mmy-mlops-model       |[0m 2025-08-07 11:33:32 | ic
[36mmy-mlops-model       |[0m 2025-08-07 11:33:32 | |
[36mmy-mlops-model       |[0m 2025-08-07 11:33:32 | train_loss
[36mmy-mlops-model       |[0m 2025-08-07 11:33:32 | :
[36mmy-mlops-model       |[0m 2025-08-07 11:33:32 | np
[36mmy-mlops-model       |[0m 2025-08-07 11:33:32 | .
[36mmy-mlops-model       |[0m 2025-08-07 11:33:32 | float64
[36mmy-mlops-model       |[0m 2025-08-07 11:33:32 | (
[36mmy-mlops-model       |[0m 2025-08-07 11:33:32 | 2.1751057789968957
[36mmy-mlops-model       |[0m 2025-08-07 11:33:32 | )
[36mmy-mlops-model       |[0m 2025-08-07 11:33:32 | val_loss
[36mmy-mlops-model       |[0m 2025-08-07 11:33:32 | :
[36mmy-mlops-model       |[0m 2025-08-07 11:33:32 | np
[36mmy-mlops-model       |[0m 2025-08-07 11:33:32 | .
[36mmy-mlops-model       |[0m 2025-08-07 11:33:32 | float64
[36mmy-mlops-model       |[0m 2025-08-07 11:33:32 | (
[36mmy-mlops-model       |[0m 2025-08-07 11:33:32 | 2.3787754516512103
[36mmy-mlops-model       |[0m 2025-08-07 11:33:32 | )
[36mmy-mlops-model       |[0m 2025-08-07 11:33:32 | val_acc
[36mmy-mlops-model       |[0m 2025-08-07 11:33:32 | :
[36mmy-mlops-model       |[0m 2025-08-07 11:33:32 | np
[36mmy-mlops-model       |[0m 2025-08-07 11:33:32 | .
[36mmy-mlops-model       |[0m 2025-08-07 11:33:32 | float64
[36mmy-mlops-model       |[0m 2025-08-07 11:33:32 | (
[36mmy-mlops-model       |[0m 2025-08-07 11:33:32 | 0.28391167192429023
[36mmy-mlops-model       |[0m 2025-08-07 11:33:32 | )
[36mmy-mlops-model       |[0m 2025-08-07 11:33:32 | test_loss
[36mmy-mlops-model       |[0m 2025-08-07 11:33:32 | :
[36mmy-mlops-model       |[0m 2025-08-07 11:33:32 | np
[36mmy-mlops-model       |[0m 2025-08-07 11:33:32 | .
[36mmy-mlops-model       |[0m 2025-08-07 11:33:32 | float64
[36mmy-mlops-model       |[0m 2025-08-07 11:33:32 | (
[36mmy-mlops-model       |[0m 2025-08-07 11:33:32 | 2.265115203898819
[36mmy-mlops-model       |[0m 2025-08-07 11:33:32 | )
[36mmy-mlops-model       |[0m 2025-08-07 11:33:32 | test_acc
[36mmy-mlops-model       |[0m 2025-08-07 11:33:32 | :
[36mmy-mlops-model       |[0m 2025-08-07 11:33:32 | np
[36mmy-mlops-model       |[0m 2025-08-07 11:33:32 | .
[36mmy-mlops-model       |[0m 2025-08-07 11:33:32 | float64
[36mmy-mlops-model       |[0m 2025-08-07 11:33:32 | (
[36mmy-mlops-model       |[0m 2025-08-07 11:33:32 | 0.33070866141732286
[36mmy-mlops-model       |[0m 2025-08-07 11:33:32 | )
[36mmy-mlops-model       |[0m 2025-08-07 11:33:32 | Training:   0%|          | 0/64 [00:00<?, ?it/s]
[36mmy-mlops-model       |[0m 2025-08-07 11:33:32 | ic
[36mmy-mlops-model       |[0m 2025-08-07 11:33:32 | |
[36mmy-mlops-model       |[0m 2025-08-07 11:33:32 | f
[36mmy-mlops-model       |[0m 2025-08-07 11:33:32 | "
[36mmy-mlops-model       |[0m 2025-08-07 11:33:32 | Epoch
[36mmy-mlops-model       |[0m 2025-08-07 11:33:32 | {
[36mmy-mlops-model       |[0m 2025-08-07 11:33:32 | epoch
[36mmy-mlops-model       |[0m 2025-08-07 11:33:32 | +
[36mmy-mlops-model       |[0m 2025-08-07 11:33:32 | 1
[36mmy-mlops-model       |[0m 2025-08-07 11:33:32 | }
[36mmy-mlops-model       |[0m 2025-08-07 11:33:32 | /
[36mmy-mlops-model       |[0m 2025-08-07 11:33:32 | {
[36mmy-mlops-model       |[0m 2025-08-07 11:33:32 | num_epochs
[36mmy-mlops-model       |[0m 2025-08-07 11:33:32 | }
[36mmy-mlops-model       |[0m 2025-08-07 11:33:32 | "
[36mmy-mlops-model       |[0m 2025-08-07 11:33:32 | :
[36mmy-mlops-model       |[0m 2025-08-07 11:33:32 | '
[36mmy-mlops-model       |[0m 2025-08-07 11:33:32 | Epoch 23/500
[36mmy-mlops-model       |[0m 2025-08-07 11:33:32 | '
[36mmy-mlops-model       |[0m 2025-08-07 11:33:32 | ic
[36mmy-mlops-model       |[0m 2025-08-07 11:33:32 | |
[36mmy-mlops-model       |[0m 2025-08-07 11:33:32 | train_loss
[36mmy-mlops-model       |[0m 2025-08-07 11:33:32 | :
[36mmy-mlops-model       |[0m 2025-08-07 11:33:32 | np
[36mmy-mlops-model       |[0m 2025-08-07 11:33:32 | .
[36mmy-mlops-model       |[0m 2025-08-07 11:33:32 | float64
[36mmy-mlops-model       |[0m 2025-08-07 11:33:32 | (
[36mmy-mlops-model       |[0m 2025-08-07 11:33:32 | 2.1426615984285515
[36mmy-mlops-model       |[0m 2025-08-07 11:33:32 | )
[36mmy-mlops-model       |[0m 2025-08-07 11:33:32 | val_loss
[36mmy-mlops-model       |[0m 2025-08-07 11:33:32 | :
[36mmy-mlops-model       |[0m 2025-08-07 11:33:32 | np
[36mmy-mlops-model       |[0m 2025-08-07 11:33:32 | .
[36mmy-mlops-model       |[0m 2025-08-07 11:33:32 | float64
[36mmy-mlops-model       |[0m 2025-08-07 11:33:32 | (
[36mmy-mlops-model       |[0m 2025-08-07 11:33:32 | 2.3532661174641776
[36mmy-mlops-model       |[0m 2025-08-07 11:33:32 | )
[36mmy-mlops-model       |[0m 2025-08-07 11:33:32 | val_acc
[36mmy-mlops-model       |[0m 2025-08-07 11:33:32 | :
[36mmy-mlops-model       |[0m 2025-08-07 11:33:32 | np
[36mmy-mlops-model       |[0m 2025-08-07 11:33:32 | .
[36mmy-mlops-model       |[0m 2025-08-07 11:33:32 | float64
[36mmy-mlops-model       |[0m 2025-08-07 11:33:32 | (
[36mmy-mlops-model       |[0m 2025-08-07 11:33:32 | 0.31230283911671924
[36mmy-mlops-model       |[0m 2025-08-07 11:33:32 | )
[36mmy-mlops-model       |[0m 2025-08-07 11:33:32 | test_loss
[36mmy-mlops-model       |[0m 2025-08-07 11:33:32 | :
[36mmy-mlops-model       |[0m 2025-08-07 11:33:32 | np
[36mmy-mlops-model       |[0m 2025-08-07 11:33:32 | .
[36mmy-mlops-model       |[0m 2025-08-07 11:33:32 | float64
[36mmy-mlops-model       |[0m 2025-08-07 11:33:32 | (
[36mmy-mlops-model       |[0m 2025-08-07 11:33:32 | 2.241488323525127
[36mmy-mlops-model       |[0m 2025-08-07 11:33:32 | )
[36mmy-mlops-model       |[0m 2025-08-07 11:33:32 | test_acc
[36mmy-mlops-model       |[0m 2025-08-07 11:33:32 | :
[36mmy-mlops-model       |[0m 2025-08-07 11:33:32 | np
[36mmy-mlops-model       |[0m 2025-08-07 11:33:32 | .
[36mmy-mlops-model       |[0m 2025-08-07 11:33:32 | float64
[36mmy-mlops-model       |[0m 2025-08-07 11:33:32 | (
[36mmy-mlops-model       |[0m 2025-08-07 11:33:32 | 0.3346456692913386
[36mmy-mlops-model       |[0m 2025-08-07 11:33:32 | )
[36mmy-mlops-model       |[0m 2025-08-07 11:33:32 | Training:   0%|          | 0/64 [00:00<?, ?it/s]
[36mmy-mlops-model       |[0m 2025-08-07 11:33:33 | Training:   9%|9         | 6/64 [00:00<00:00, 58.61it/s]
[36mmy-mlops-model       |[0m 2025-08-07 11:33:33 | Training:  19%|#8        | 12/64 [00:00<00:01, 44.85it/s]
[36mmy-mlops-model       |[0m 2025-08-07 11:33:33 | Training:  31%|###1      | 20/64 [00:00<00:00, 58.25it/s]
[36mmy-mlops-model       |[0m 2025-08-07 11:33:33 | Training:  48%|####8     | 31/64 [00:00<00:00, 71.95it/s]
[36mmy-mlops-model       |[0m 2025-08-07 11:33:33 | Training:  61%|######    | 39/64 [00:00<00:00, 44.79it/s]
[36mmy-mlops-model       |[0m 2025-08-07 11:33:34 | Training:  70%|#######   | 45/64 [00:01<00:00, 32.16it/s]
[36mmy-mlops-model       |[0m 2025-08-07 11:33:34 | Training:  81%|########1 | 52/64 [00:01<00:00, 38.36it/s]
[36mmy-mlops-model       |[0m 2025-08-07 11:33:34 | ic
[36mmy-mlops-model       |[0m 2025-08-07 11:33:34 | |
[36mmy-mlops-model       |[0m 2025-08-07 11:33:34 | f
[36mmy-mlops-model       |[0m 2025-08-07 11:33:34 | "
[36mmy-mlops-model       |[0m 2025-08-07 11:33:34 | Epoch
[36mmy-mlops-model       |[0m 2025-08-07 11:33:34 | {
[36mmy-mlops-model       |[0m 2025-08-07 11:33:34 | epoch
[36mmy-mlops-model       |[0m 2025-08-07 11:33:34 | +
[36mmy-mlops-model       |[0m 2025-08-07 11:33:34 | 1
[36mmy-mlops-model       |[0m 2025-08-07 11:33:34 | }
[36mmy-mlops-model       |[0m 2025-08-07 11:33:34 | /
[36mmy-mlops-model       |[0m 2025-08-07 11:33:34 | {
[36mmy-mlops-model       |[0m 2025-08-07 11:33:34 | num_epochs
[36mmy-mlops-model       |[0m 2025-08-07 11:33:34 | }
[36mmy-mlops-model       |[0m 2025-08-07 11:33:34 | "
[36mmy-mlops-model       |[0m 2025-08-07 11:33:34 | :
[36mmy-mlops-model       |[0m 2025-08-07 11:33:34 | '
[36mmy-mlops-model       |[0m 2025-08-07 11:33:34 | Epoch 24/500
[36mmy-mlops-model       |[0m 2025-08-07 11:33:34 | '
[36mmy-mlops-model       |[0m 2025-08-07 11:33:34 | ic
[36mmy-mlops-model       |[0m 2025-08-07 11:33:34 | |
[36mmy-mlops-model       |[0m 2025-08-07 11:33:34 | train_loss
[36mmy-mlops-model       |[0m 2025-08-07 11:33:34 | :
[36mmy-mlops-model       |[0m 2025-08-07 11:33:34 | np
[36mmy-mlops-model       |[0m 2025-08-07 11:33:34 | .
[36mmy-mlops-model       |[0m 2025-08-07 11:33:34 | float64
[36mmy-mlops-model       |[0m 2025-08-07 11:33:34 | (
[36mmy-mlops-model       |[0m 2025-08-07 11:33:34 | 2.1490914431694073
[36mmy-mlops-model       |[0m 2025-08-07 11:33:34 | )
[36mmy-mlops-model       |[0m 2025-08-07 11:33:34 | val_loss
[36mmy-mlops-model       |[0m 2025-08-07 11:33:34 | :
[36mmy-mlops-model       |[0m 2025-08-07 11:33:34 | np
[36mmy-mlops-model       |[0m 2025-08-07 11:33:34 | .
[36mmy-mlops-model       |[0m 2025-08-07 11:33:34 | float64
[36mmy-mlops-model       |[0m 2025-08-07 11:33:34 | (
[36mmy-mlops-model       |[0m 2025-08-07 11:33:34 | 2.332735651201967
[36mmy-mlops-model       |[0m 2025-08-07 11:33:34 | )
[36mmy-mlops-model       |[0m 2025-08-07 11:33:34 | val_acc
[36mmy-mlops-model       |[0m 2025-08-07 11:33:34 | :
[36mmy-mlops-model       |[0m 2025-08-07 11:33:34 | np
[36mmy-mlops-model       |[0m 2025-08-07 11:33:34 | .
[36mmy-mlops-model       |[0m 2025-08-07 11:33:34 | float64
[36mmy-mlops-model       |[0m 2025-08-07 11:33:34 | (
[36mmy-mlops-model       |[0m 2025-08-07 11:33:34 | 0.31545741324921134
[36mmy-mlops-model       |[0m 2025-08-07 11:33:34 | )
[36mmy-mlops-model       |[0m 2025-08-07 11:33:34 | test_loss
[36mmy-mlops-model       |[0m 2025-08-07 11:33:34 | :
[36mmy-mlops-model       |[0m 2025-08-07 11:33:34 | np
[36mmy-mlops-model       |[0m 2025-08-07 11:33:34 | .
[36mmy-mlops-model       |[0m 2025-08-07 11:33:34 | float64
[36mmy-mlops-model       |[0m 2025-08-07 11:33:34 | (
[36mmy-mlops-model       |[0m 2025-08-07 11:33:34 | 2.2222920978007528
[36mmy-mlops-model       |[0m 2025-08-07 11:33:34 | )
[36mmy-mlops-model       |[0m 2025-08-07 11:33:34 | test_acc
[36mmy-mlops-model       |[0m 2025-08-07 11:33:34 | :
[36mmy-mlops-model       |[0m 2025-08-07 11:33:34 | np
[36mmy-mlops-model       |[0m 2025-08-07 11:33:34 | .
[36mmy-mlops-model       |[0m 2025-08-07 11:33:34 | float64
[36mmy-mlops-model       |[0m 2025-08-07 11:33:34 | (
[36mmy-mlops-model       |[0m 2025-08-07 11:33:34 | 0.3346456692913386
[36mmy-mlops-model       |[0m 2025-08-07 11:33:34 | )
[36mmy-mlops-model       |[0m 2025-08-07 11:33:34 | Training:   0%|          | 0/64 [00:00<?, ?it/s]
