Attaching to my-mlops-model
[36mmy-mlops-model       |[0m 2025-08-07 17:12:59 | }
[36mmy-mlops-model       |[0m 2025-08-07 17:12:59 | "
[36mmy-mlops-model       |[0m 2025-08-07 17:12:59 | :
[36mmy-mlops-model       |[0m 2025-08-07 17:12:59 | '
[36mmy-mlops-model       |[0m 2025-08-07 17:12:59 | Epoch 441/500
[36mmy-mlops-model       |[0m 2025-08-07 17:12:59 | '
[36mmy-mlops-model       |[0m 2025-08-07 17:12:59 | ic
[36mmy-mlops-model       |[0m 2025-08-07 17:12:59 | |
[36mmy-mlops-model       |[0m 2025-08-07 17:12:59 | train_loss
[36mmy-mlops-model       |[0m 2025-08-07 17:12:59 | :
[36mmy-mlops-model       |[0m 2025-08-07 17:12:59 | np
[36mmy-mlops-model       |[0m 2025-08-07 17:12:59 | .
[36mmy-mlops-model       |[0m 2025-08-07 17:12:59 | float64
[36mmy-mlops-model       |[0m 2025-08-07 17:12:59 | (
[36mmy-mlops-model       |[0m 2025-08-07 17:12:59 | 1.1020882309964875
[36mmy-mlops-model       |[0m 2025-08-07 17:12:59 | )
[36mmy-mlops-model       |[0m 2025-08-07 17:12:59 | val_loss
[36mmy-mlops-model       |[0m 2025-08-07 17:12:59 | :
[36mmy-mlops-model       |[0m 2025-08-07 17:12:59 | np
[36mmy-mlops-model       |[0m 2025-08-07 17:12:59 | .
[36mmy-mlops-model       |[0m 2025-08-07 17:12:59 | float64
[36mmy-mlops-model       |[0m 2025-08-07 17:12:59 | (
[36mmy-mlops-model       |[0m 2025-08-07 17:12:59 | 1.4090370019856178
[36mmy-mlops-model       |[0m 2025-08-07 17:12:59 | )
[36mmy-mlops-model       |[0m 2025-08-07 17:12:59 | val_acc
[36mmy-mlops-model       |[0m 2025-08-07 17:12:59 | :
[36mmy-mlops-model       |[0m 2025-08-07 17:12:59 | np
[36mmy-mlops-model       |[0m 2025-08-07 17:12:59 | .
[36mmy-mlops-model       |[0m 2025-08-07 17:12:59 | float64
[36mmy-mlops-model       |[0m 2025-08-07 17:12:59 | (
[36mmy-mlops-model       |[0m 2025-08-07 17:12:59 | 0.5335365853658537
[36mmy-mlops-model       |[0m 2025-08-07 17:12:59 | )
[36mmy-mlops-model       |[0m 2025-08-07 17:12:59 | test_loss
[36mmy-mlops-model       |[0m 2025-08-07 17:12:59 | :
[36mmy-mlops-model       |[0m 2025-08-07 17:12:59 | np
[36mmy-mlops-model       |[0m 2025-08-07 17:12:59 | .
[36mmy-mlops-model       |[0m 2025-08-07 17:12:59 | float64
[36mmy-mlops-model       |[0m 2025-08-07 17:12:59 | (
[36mmy-mlops-model       |[0m 2025-08-07 17:12:59 | 1.2616449511901453
[36mmy-mlops-model       |[0m 2025-08-07 17:12:59 | )
[36mmy-mlops-model       |[0m 2025-08-07 17:12:59 | test_acc
[36mmy-mlops-model       |[0m 2025-08-07 17:12:59 | :
[36mmy-mlops-model       |[0m 2025-08-07 17:12:59 | np
[36mmy-mlops-model       |[0m 2025-08-07 17:12:59 | .
[36mmy-mlops-model       |[0m 2025-08-07 17:12:59 | float64
[36mmy-mlops-model       |[0m 2025-08-07 17:12:59 | (
[36mmy-mlops-model       |[0m 2025-08-07 17:12:59 | 0.549618320610687
[36mmy-mlops-model       |[0m 2025-08-07 17:12:59 | )
[36mmy-mlops-model       |[0m 2025-08-07 17:12:59 | Training:   0%|          | 0/66 [00:00<?, ?it/s]
[36mmy-mlops-model       |[0m 2025-08-07 17:12:59 | Training:   6%|6         | 4/66 [00:00<00:01, 39.08it/s]
[36mmy-mlops-model       |[0m 2025-08-07 17:12:59 | Training:  17%|#6        | 11/66 [00:00<00:01, 53.36it/s]
[36mmy-mlops-model       |[0m 2025-08-07 17:13:00 | Training:  27%|##7       | 18/66 [00:00<00:00, 59.34it/s]
[36mmy-mlops-model       |[0m 2025-08-07 17:13:00 | Training:  38%|###7      | 25/66 [00:00<00:00, 59.96it/s]
[36mmy-mlops-model       |[0m 2025-08-07 17:13:00 | Training:  48%|####8     | 32/66 [00:00<00:00, 61.10it/s]
[36mmy-mlops-model       |[0m 2025-08-07 17:13:00 | Training:  59%|#####9    | 39/66 [00:00<00:00, 57.85it/s]
[36mmy-mlops-model       |[0m 2025-08-07 17:13:00 | Training:  70%|######9   | 46/66 [00:00<00:00, 59.31it/s]
[36mmy-mlops-model       |[0m 2025-08-07 17:13:00 | Training:  79%|#######8  | 52/66 [00:00<00:00, 57.69it/s]
[36mmy-mlops-model       |[0m 2025-08-07 17:13:00 | Training:  88%|########7 | 58/66 [00:01<00:00, 56.49it/s]
[36mmy-mlops-model       |[0m 2025-08-07 17:13:00 | Training:  98%|#########8| 65/66 [00:01<00:00, 58.11it/s]
[36mmy-mlops-model       |[0m 2025-08-07 17:13:01 | ic
[36mmy-mlops-model       |[0m 2025-08-07 17:13:01 | |
[36mmy-mlops-model       |[0m 2025-08-07 17:13:01 | f
[36mmy-mlops-model       |[0m 2025-08-07 17:13:01 | "
[36mmy-mlops-model       |[0m 2025-08-07 17:13:01 | Epoch
[36mmy-mlops-model       |[0m 2025-08-07 17:13:01 | {
[36mmy-mlops-model       |[0m 2025-08-07 17:13:01 | epoch
[36mmy-mlops-model       |[0m 2025-08-07 17:13:01 | +
[36mmy-mlops-model       |[0m 2025-08-07 17:13:01 | 1
[36mmy-mlops-model       |[0m 2025-08-07 17:13:01 | }
[36mmy-mlops-model       |[0m 2025-08-07 17:13:01 | /
[36mmy-mlops-model       |[0m 2025-08-07 17:13:01 | {
[36mmy-mlops-model       |[0m 2025-08-07 17:13:01 | num_epochs
[36mmy-mlops-model       |[0m 2025-08-07 17:13:01 | }
[36mmy-mlops-model       |[0m 2025-08-07 17:13:01 | "
[36mmy-mlops-model       |[0m 2025-08-07 17:13:01 | :
[36mmy-mlops-model       |[0m 2025-08-07 17:13:01 | '
[36mmy-mlops-model       |[0m 2025-08-07 17:13:01 | Epoch 442/500
[36mmy-mlops-model       |[0m 2025-08-07 17:13:01 | '
[36mmy-mlops-model       |[0m 2025-08-07 17:13:01 | ic
[36mmy-mlops-model       |[0m 2025-08-07 17:13:01 | |
[36mmy-mlops-model       |[0m 2025-08-07 17:13:01 | train_loss
[36mmy-mlops-model       |[0m 2025-08-07 17:13:01 | :
[36mmy-mlops-model       |[0m 2025-08-07 17:13:01 | np
[36mmy-mlops-model       |[0m 2025-08-07 17:13:01 | .
[36mmy-mlops-model       |[0m 2025-08-07 17:13:01 | float64
[36mmy-mlops-model       |[0m 2025-08-07 17:13:01 | (
[36mmy-mlops-model       |[0m 2025-08-07 17:13:01 | 1.1281900402440634
[36mmy-mlops-model       |[0m 2025-08-07 17:13:01 | )
[36mmy-mlops-model       |[0m 2025-08-07 17:13:01 | val_loss
[36mmy-mlops-model       |[0m 2025-08-07 17:13:01 | :
[36mmy-mlops-model       |[0m 2025-08-07 17:13:01 | np
[36mmy-mlops-model       |[0m 2025-08-07 17:13:01 | .
[36mmy-mlops-model       |[0m 2025-08-07 17:13:01 | float64
[36mmy-mlops-model       |[0m 2025-08-07 17:13:01 | (
[36mmy-mlops-model       |[0m 2025-08-07 17:13:01 | 1.4072256289758605
[36mmy-mlops-model       |[0m 2025-08-07 17:13:01 | )
[36mmy-mlops-model       |[0m 2025-08-07 17:13:01 | val_acc
[36mmy-mlops-model       |[0m 2025-08-07 17:13:01 | :
[36mmy-mlops-model       |[0m 2025-08-07 17:13:01 | np
[36mmy-mlops-model       |[0m 2025-08-07 17:13:01 | .
[36mmy-mlops-model       |[0m 2025-08-07 17:13:01 | float64
[36mmy-mlops-model       |[0m 2025-08-07 17:13:01 | (
[36mmy-mlops-model       |[0m 2025-08-07 17:13:01 | 0.5274390243902439
[36mmy-mlops-model       |[0m 2025-08-07 17:13:01 | )
[36mmy-mlops-model       |[0m 2025-08-07 17:13:01 | test_loss
[36mmy-mlops-model       |[0m 2025-08-07 17:13:01 | :
[36mmy-mlops-model       |[0m 2025-08-07 17:13:01 | np
[36mmy-mlops-model       |[0m 2025-08-07 17:13:01 | .
[36mmy-mlops-model       |[0m 2025-08-07 17:13:01 | float64
[36mmy-mlops-model       |[0m 2025-08-07 17:13:01 | (
[36mmy-mlops-model       |[0m 2025-08-07 17:13:01 | 1.258136764795664
[36mmy-mlops-model       |[0m 2025-08-07 17:13:01 | )
[36mmy-mlops-model       |[0m 2025-08-07 17:13:01 | test_acc
[36mmy-mlops-model       |[0m 2025-08-07 17:13:01 | :
[36mmy-mlops-model       |[0m 2025-08-07 17:13:01 | np
[36mmy-mlops-model       |[0m 2025-08-07 17:13:01 | .
[36mmy-mlops-model       |[0m 2025-08-07 17:13:01 | float64
[36mmy-mlops-model       |[0m 2025-08-07 17:13:01 | (
[36mmy-mlops-model       |[0m 2025-08-07 17:13:01 | 0.5610687022900763
[36mmy-mlops-model       |[0m 2025-08-07 17:13:01 | )
[36mmy-mlops-model       |[0m 2025-08-07 17:13:01 | Training:   0%|          | 0/66 [00:00<?, ?it/s]
[36mmy-mlops-model       |[0m 2025-08-07 17:13:01 | Training:   8%|7         | 5/66 [00:00<00:01, 49.11it/s]
[36mmy-mlops-model       |[0m 2025-08-07 17:13:01 | Training:  17%|#6        | 11/66 [00:00<00:00, 55.45it/s]
[36mmy-mlops-model       |[0m 2025-08-07 17:13:01 | Training:  26%|##5       | 17/66 [00:00<00:00, 53.86it/s]
[36mmy-mlops-model       |[0m 2025-08-07 17:13:01 | Training:  35%|###4      | 23/66 [00:00<00:00, 52.22it/s]
[36mmy-mlops-model       |[0m 2025-08-07 17:13:01 | Training:  44%|####3     | 29/66 [00:00<00:00, 53.74it/s]
[36mmy-mlops-model       |[0m 2025-08-07 17:13:01 | Training:  53%|#####3    | 35/66 [00:00<00:00, 47.68it/s]
[36mmy-mlops-model       |[0m 2025-08-07 17:13:02 | Training:  62%|######2   | 41/66 [00:00<00:00, 50.30it/s]
[36mmy-mlops-model       |[0m 2025-08-07 17:13:02 | Training:  71%|#######1  | 47/66 [00:00<00:00, 52.16it/s]
[36mmy-mlops-model       |[0m 2025-08-07 17:13:02 | Training:  82%|########1 | 54/66 [00:01<00:00, 55.49it/s]
[36mmy-mlops-model       |[0m 2025-08-07 17:13:02 | Training:  91%|######### | 60/66 [00:01<00:00, 53.87it/s]
[36mmy-mlops-model       |[0m 2025-08-07 17:13:02 | ic
[36mmy-mlops-model       |[0m 2025-08-07 17:13:02 | |
[36mmy-mlops-model       |[0m 2025-08-07 17:13:02 | f
[36mmy-mlops-model       |[0m 2025-08-07 17:13:02 | "
[36mmy-mlops-model       |[0m 2025-08-07 17:13:02 | Epoch
[36mmy-mlops-model       |[0m 2025-08-07 17:13:02 | {
[36mmy-mlops-model       |[0m 2025-08-07 17:13:02 | epoch
[36mmy-mlops-model       |[0m 2025-08-07 17:13:02 | +
[36mmy-mlops-model       |[0m 2025-08-07 17:13:02 | 1
[36mmy-mlops-model       |[0m 2025-08-07 17:13:02 | }
[36mmy-mlops-model       |[0m 2025-08-07 17:13:02 | /
[36mmy-mlops-model       |[0m 2025-08-07 17:13:02 | {
[36mmy-mlops-model       |[0m 2025-08-07 17:13:02 | num_epochs
[36mmy-mlops-model       |[0m 2025-08-07 17:13:02 | }
[36mmy-mlops-model       |[0m 2025-08-07 17:13:02 | "
[36mmy-mlops-model       |[0m 2025-08-07 17:13:02 | :
[36mmy-mlops-model       |[0m 2025-08-07 17:13:02 | '
[36mmy-mlops-model       |[0m 2025-08-07 17:13:02 | Epoch 443/500
[36mmy-mlops-model       |[0m 2025-08-07 17:13:02 | '
[36mmy-mlops-model       |[0m 2025-08-07 17:13:02 | ic
[36mmy-mlops-model       |[0m 2025-08-07 17:13:02 | |
[36mmy-mlops-model       |[0m 2025-08-07 17:13:02 | train_loss
[36mmy-mlops-model       |[0m 2025-08-07 17:13:02 | :
[36mmy-mlops-model       |[0m 2025-08-07 17:13:02 | np
[36mmy-mlops-model       |[0m 2025-08-07 17:13:02 | .
[36mmy-mlops-model       |[0m 2025-08-07 17:13:02 | float64
[36mmy-mlops-model       |[0m 2025-08-07 17:13:02 | (
[36mmy-mlops-model       |[0m 2025-08-07 17:13:02 | 1.0559408924351623
[36mmy-mlops-model       |[0m 2025-08-07 17:13:02 | )
[36mmy-mlops-model       |[0m 2025-08-07 17:13:02 | val_loss
[36mmy-mlops-model       |[0m 2025-08-07 17:13:02 | :
[36mmy-mlops-model       |[0m 2025-08-07 17:13:02 | np
[36mmy-mlops-model       |[0m 2025-08-07 17:13:02 | .
[36mmy-mlops-model       |[0m 2025-08-07 17:13:02 | float64
[36mmy-mlops-model       |[0m 2025-08-07 17:13:02 | (
[36mmy-mlops-model       |[0m 2025-08-07 17:13:02 | 1.4070107497570121
[36mmy-mlops-model       |[0m 2025-08-07 17:13:02 | )
[36mmy-mlops-model       |[0m 2025-08-07 17:13:02 | val_acc
[36mmy-mlops-model       |[0m 2025-08-07 17:13:02 | :
[36mmy-mlops-model       |[0m 2025-08-07 17:13:02 | np
[36mmy-mlops-model       |[0m 2025-08-07 17:13:02 | .
[36mmy-mlops-model       |[0m 2025-08-07 17:13:02 | float64
[36mmy-mlops-model       |[0m 2025-08-07 17:13:02 | (
[36mmy-mlops-model       |[0m 2025-08-07 17:13:02 | 0.5274390243902439
[36mmy-mlops-model       |[0m 2025-08-07 17:13:02 | )
[36mmy-mlops-model       |[0m 2025-08-07 17:13:02 | test_loss
[36mmy-mlops-model       |[0m 2025-08-07 17:13:02 | :
[36mmy-mlops-model       |[0m 2025-08-07 17:13:02 | np
[36mmy-mlops-model       |[0m 2025-08-07 17:13:02 | .
[36mmy-mlops-model       |[0m 2025-08-07 17:13:02 | float64
[36mmy-mlops-model       |[0m 2025-08-07 17:13:02 | (
[36mmy-mlops-model       |[0m 2025-08-07 17:13:02 | 1.2588565996102705
[36mmy-mlops-model       |[0m 2025-08-07 17:13:02 | )
[36mmy-mlops-model       |[0m 2025-08-07 17:13:02 | test_acc
[36mmy-mlops-model       |[0m 2025-08-07 17:13:02 | :
[36mmy-mlops-model       |[0m 2025-08-07 17:13:02 | np
[36mmy-mlops-model       |[0m 2025-08-07 17:13:02 | .
[36mmy-mlops-model       |[0m 2025-08-07 17:13:02 | float64
[36mmy-mlops-model       |[0m 2025-08-07 17:13:02 | (
[36mmy-mlops-model       |[0m 2025-08-07 17:13:02 | 0.5610687022900763
[36mmy-mlops-model       |[0m 2025-08-07 17:13:02 | )
[36mmy-mlops-model       |[0m 2025-08-07 17:13:03 | Training:   0%|          | 0/66 [00:00<?, ?it/s]
[36mmy-mlops-model       |[0m 2025-08-07 17:13:03 | Training:  11%|#         | 7/66 [00:00<00:01, 58.79it/s]
[36mmy-mlops-model       |[0m 2025-08-07 17:13:03 | Training:  20%|#9        | 13/66 [00:00<00:00, 56.27it/s]
[36mmy-mlops-model       |[0m 2025-08-07 17:13:03 | Training:  29%|##8       | 19/66 [00:00<00:00, 56.74it/s]
[36mmy-mlops-model       |[0m 2025-08-07 17:13:03 | Training:  38%|###7      | 25/66 [00:00<00:00, 55.07it/s]
[36mmy-mlops-model       |[0m 2025-08-07 17:13:03 | Training:  48%|####8     | 32/66 [00:00<00:00, 55.95it/s]
[36mmy-mlops-model       |[0m 2025-08-07 17:13:03 | Training:  58%|#####7    | 38/66 [00:00<00:00, 54.68it/s]
[36mmy-mlops-model       |[0m 2025-08-07 17:13:03 | Training:  67%|######6   | 44/66 [00:00<00:00, 53.18it/s]
[36mmy-mlops-model       |[0m 2025-08-07 17:13:03 | Training:  76%|#######5  | 50/66 [00:00<00:00, 54.43it/s]
[36mmy-mlops-model       |[0m 2025-08-07 17:13:04 | Training:  85%|########4 | 56/66 [00:01<00:00, 54.76it/s]
[36mmy-mlops-model       |[0m 2025-08-07 17:13:04 | Training:  94%|#########3| 62/66 [00:01<00:00, 55.93it/s]
[36mmy-mlops-model       |[0m 2025-08-07 17:13:04 | ic
[36mmy-mlops-model       |[0m 2025-08-07 17:13:04 | |
[36mmy-mlops-model       |[0m 2025-08-07 17:13:04 | f
[36mmy-mlops-model       |[0m 2025-08-07 17:13:04 | "
[36mmy-mlops-model       |[0m 2025-08-07 17:13:04 | Epoch
[36mmy-mlops-model       |[0m 2025-08-07 17:13:04 | {
[36mmy-mlops-model       |[0m 2025-08-07 17:13:04 | epoch
[36mmy-mlops-model       |[0m 2025-08-07 17:13:04 | +
[36mmy-mlops-model       |[0m 2025-08-07 17:13:04 | 1
[36mmy-mlops-model       |[0m 2025-08-07 17:13:04 | }
[36mmy-mlops-model       |[0m 2025-08-07 17:13:04 | /
[36mmy-mlops-model       |[0m 2025-08-07 17:13:04 | {
[36mmy-mlops-model       |[0m 2025-08-07 17:13:04 | num_epochs
[36mmy-mlops-model       |[0m 2025-08-07 17:13:04 | }
[36mmy-mlops-model       |[0m 2025-08-07 17:13:04 | "
[36mmy-mlops-model       |[0m 2025-08-07 17:13:04 | :
[36mmy-mlops-model       |[0m 2025-08-07 17:13:04 | '
[36mmy-mlops-model       |[0m 2025-08-07 17:13:04 | Epoch 444/500
[36mmy-mlops-model       |[0m 2025-08-07 17:13:04 | '
[36mmy-mlops-model       |[0m 2025-08-07 17:13:04 | ic
[36mmy-mlops-model       |[0m 2025-08-07 17:13:04 | |
[36mmy-mlops-model       |[0m 2025-08-07 17:13:04 | train_loss
[36mmy-mlops-model       |[0m 2025-08-07 17:13:04 | :
[36mmy-mlops-model       |[0m 2025-08-07 17:13:04 | np
[36mmy-mlops-model       |[0m 2025-08-07 17:13:04 | .
[36mmy-mlops-model       |[0m 2025-08-07 17:13:04 | float64
[36mmy-mlops-model       |[0m 2025-08-07 17:13:04 | (
[36mmy-mlops-model       |[0m 2025-08-07 17:13:04 | 1.1416384914541131
[36mmy-mlops-model       |[0m 2025-08-07 17:13:04 | )
[36mmy-mlops-model       |[0m 2025-08-07 17:13:04 | val_loss
[36mmy-mlops-model       |[0m 2025-08-07 17:13:04 | :
[36mmy-mlops-model       |[0m 2025-08-07 17:13:04 | np
[36mmy-mlops-model       |[0m 2025-08-07 17:13:04 | .
[36mmy-mlops-model       |[0m 2025-08-07 17:13:04 | float64
[36mmy-mlops-model       |[0m 2025-08-07 17:13:04 | (
[36mmy-mlops-model       |[0m 2025-08-07 17:13:04 | 1.4092239280747043
[36mmy-mlops-model       |[0m 2025-08-07 17:13:04 | )
[36mmy-mlops-model       |[0m 2025-08-07 17:13:04 | val_acc
[36mmy-mlops-model       |[0m 2025-08-07 17:13:04 | :
[36mmy-mlops-model       |[0m 2025-08-07 17:13:04 | np
[36mmy-mlops-model       |[0m 2025-08-07 17:13:04 | .
[36mmy-mlops-model       |[0m 2025-08-07 17:13:04 | float64
[36mmy-mlops-model       |[0m 2025-08-07 17:13:04 | (
[36mmy-mlops-model       |[0m 2025-08-07 17:13:04 | 0.524390243902439
[36mmy-mlops-model       |[0m 2025-08-07 17:13:04 | )
[36mmy-mlops-model       |[0m 2025-08-07 17:13:04 | test_loss
[36mmy-mlops-model       |[0m 2025-08-07 17:13:04 | :
[36mmy-mlops-model       |[0m 2025-08-07 17:13:04 | np
[36mmy-mlops-model       |[0m 2025-08-07 17:13:04 | .
[36mmy-mlops-model       |[0m 2025-08-07 17:13:04 | float64
[36mmy-mlops-model       |[0m 2025-08-07 17:13:04 | (
[36mmy-mlops-model       |[0m 2025-08-07 17:13:04 | 1.2648247189732498
[36mmy-mlops-model       |[0m 2025-08-07 17:13:04 | )
[36mmy-mlops-model       |[0m 2025-08-07 17:13:04 | test_acc
[36mmy-mlops-model       |[0m 2025-08-07 17:13:04 | :
[36mmy-mlops-model       |[0m 2025-08-07 17:13:04 | np
[36mmy-mlops-model       |[0m 2025-08-07 17:13:04 | .
[36mmy-mlops-model       |[0m 2025-08-07 17:13:04 | float64
[36mmy-mlops-model       |[0m 2025-08-07 17:13:04 | (
[36mmy-mlops-model       |[0m 2025-08-07 17:13:04 | 0.5419847328244275
[36mmy-mlops-model       |[0m 2025-08-07 17:13:04 | )
[36mmy-mlops-model       |[0m 2025-08-07 17:13:04 | Training:   0%|          | 0/66 [00:00<?, ?it/s]
[36mmy-mlops-model       |[0m 2025-08-07 17:13:04 | Training:   9%|9         | 6/66 [00:00<00:01, 54.52it/s]
[36mmy-mlops-model       |[0m 2025-08-07 17:13:04 | Training:  18%|#8        | 12/66 [00:00<00:01, 44.34it/s]
[36mmy-mlops-model       |[0m 2025-08-07 17:13:05 | Training:  29%|##8       | 19/66 [00:00<00:00, 51.79it/s]
[36mmy-mlops-model       |[0m 2025-08-07 17:13:05 | Training:  38%|###7      | 25/66 [00:00<00:00, 52.10it/s]
[36mmy-mlops-model       |[0m 2025-08-07 17:13:05 | Training:  47%|####6     | 31/66 [00:00<00:00, 51.65it/s]
[36mmy-mlops-model       |[0m 2025-08-07 17:13:05 | Training:  56%|#####6    | 37/66 [00:00<00:00, 53.36it/s]
[36mmy-mlops-model       |[0m 2025-08-07 17:13:05 | Training:  65%|######5   | 43/66 [00:00<00:00, 53.93it/s]
[36mmy-mlops-model       |[0m 2025-08-07 17:13:05 | Training:  74%|#######4  | 49/66 [00:00<00:00, 54.87it/s]
[36mmy-mlops-model       |[0m 2025-08-07 17:13:05 | Training:  83%|########3 | 55/66 [00:01<00:00, 55.72it/s]
[36mmy-mlops-model       |[0m 2025-08-07 17:13:05 | Training:  95%|#########5| 63/66 [00:01<00:00, 60.69it/s]
[36mmy-mlops-model       |[0m 2025-08-07 17:13:05 | ic
[36mmy-mlops-model       |[0m 2025-08-07 17:13:05 | |
[36mmy-mlops-model       |[0m 2025-08-07 17:13:05 | f
[36mmy-mlops-model       |[0m 2025-08-07 17:13:05 | "
[36mmy-mlops-model       |[0m 2025-08-07 17:13:05 | Epoch
[36mmy-mlops-model       |[0m 2025-08-07 17:13:05 | {
[36mmy-mlops-model       |[0m 2025-08-07 17:13:05 | epoch
[36mmy-mlops-model       |[0m 2025-08-07 17:13:05 | +
[36mmy-mlops-model       |[0m 2025-08-07 17:13:05 | 1
[36mmy-mlops-model       |[0m 2025-08-07 17:13:05 | }
[36mmy-mlops-model       |[0m 2025-08-07 17:13:05 | /
[36mmy-mlops-model       |[0m 2025-08-07 17:13:05 | {
[36mmy-mlops-model       |[0m 2025-08-07 17:13:05 | num_epochs
[36mmy-mlops-model       |[0m 2025-08-07 17:13:05 | }
[36mmy-mlops-model       |[0m 2025-08-07 17:13:05 | "
[36mmy-mlops-model       |[0m 2025-08-07 17:13:05 | :
[36mmy-mlops-model       |[0m 2025-08-07 17:13:05 | '
[36mmy-mlops-model       |[0m 2025-08-07 17:13:05 | Epoch 445/500
[36mmy-mlops-model       |[0m 2025-08-07 17:13:05 | '
[36mmy-mlops-model       |[0m 2025-08-07 17:13:05 | ic
[36mmy-mlops-model       |[0m 2025-08-07 17:13:05 | |
[36mmy-mlops-model       |[0m 2025-08-07 17:13:05 | train_loss
[36mmy-mlops-model       |[0m 2025-08-07 17:13:05 | :
[36mmy-mlops-model       |[0m 2025-08-07 17:13:05 | np
[36mmy-mlops-model       |[0m 2025-08-07 17:13:05 | .
[36mmy-mlops-model       |[0m 2025-08-07 17:13:05 | float64
[36mmy-mlops-model       |[0m 2025-08-07 17:13:05 | (
[36mmy-mlops-model       |[0m 2025-08-07 17:13:05 | 1.0961894476376293
[36mmy-mlops-model       |[0m 2025-08-07 17:13:05 | )
[36mmy-mlops-model       |[0m 2025-08-07 17:13:05 | val_loss
[36mmy-mlops-model       |[0m 2025-08-07 17:13:05 | :
[36mmy-mlops-model       |[0m 2025-08-07 17:13:05 | np
[36mmy-mlops-model       |[0m 2025-08-07 17:13:05 | .
[36mmy-mlops-model       |[0m 2025-08-07 17:13:05 | float64
[36mmy-mlops-model       |[0m 2025-08-07 17:13:05 | (
[36mmy-mlops-model       |[0m 2025-08-07 17:13:05 | 1.4059953644876892
[36mmy-mlops-model       |[0m 2025-08-07 17:13:05 | )
[36mmy-mlops-model       |[0m 2025-08-07 17:13:05 | val_acc
[36mmy-mlops-model       |[0m 2025-08-07 17:13:05 | :
[36mmy-mlops-model       |[0m 2025-08-07 17:13:05 | np
[36mmy-mlops-model       |[0m 2025-08-07 17:13:05 | .
[36mmy-mlops-model       |[0m 2025-08-07 17:13:05 | float64
[36mmy-mlops-model       |[0m 2025-08-07 17:13:05 | (
[36mmy-mlops-model       |[0m 2025-08-07 17:13:05 | 0.524390243902439
[36mmy-mlops-model       |[0m 2025-08-07 17:13:05 | )
[36mmy-mlops-model       |[0m 2025-08-07 17:13:05 | test_loss
[36mmy-mlops-model       |[0m 2025-08-07 17:13:05 | :
[36mmy-mlops-model       |[0m 2025-08-07 17:13:05 | np
[36mmy-mlops-model       |[0m 2025-08-07 17:13:05 | .
[36mmy-mlops-model       |[0m 2025-08-07 17:13:05 | float64
[36mmy-mlops-model       |[0m 2025-08-07 17:13:05 | (
[36mmy-mlops-model       |[0m 2025-08-07 17:13:05 | 1.2596392789028175
[36mmy-mlops-model       |[0m 2025-08-07 17:13:05 | )
[36mmy-mlops-model       |[0m 2025-08-07 17:13:05 | test_acc
[36mmy-mlops-model       |[0m 2025-08-07 17:13:05 | :
[36mmy-mlops-model       |[0m 2025-08-07 17:13:05 | np
[36mmy-mlops-model       |[0m 2025-08-07 17:13:05 | .
[36mmy-mlops-model       |[0m 2025-08-07 17:13:05 | float64
[36mmy-mlops-model       |[0m 2025-08-07 17:13:05 | (
[36mmy-mlops-model       |[0m 2025-08-07 17:13:05 | 0.549618320610687
[36mmy-mlops-model       |[0m 2025-08-07 17:13:05 | )
[36mmy-mlops-model       |[0m 2025-08-07 17:13:06 | Training:   0%|          | 0/66 [00:00<?, ?it/s]
[36mmy-mlops-model       |[0m 2025-08-07 17:13:06 | Training:   9%|9         | 6/66 [00:00<00:01, 56.39it/s]
[36mmy-mlops-model       |[0m 2025-08-07 17:13:06 | Training:  18%|#8        | 12/66 [00:00<00:01, 50.62it/s]
[36mmy-mlops-model       |[0m 2025-08-07 17:13:06 | Training:  27%|##7       | 18/66 [00:00<00:00, 51.85it/s]
[36mmy-mlops-model       |[0m 2025-08-07 17:13:06 | Training:  36%|###6      | 24/66 [00:00<00:00, 52.23it/s]
[36mmy-mlops-model       |[0m 2025-08-07 17:13:06 | Training:  45%|####5     | 30/66 [00:00<00:00, 51.72it/s]
[36mmy-mlops-model       |[0m 2025-08-07 17:13:06 | Training:  55%|#####4    | 36/66 [00:00<00:00, 51.87it/s]
[36mmy-mlops-model       |[0m 2025-08-07 17:13:07 | Training:  64%|######3   | 42/66 [00:00<00:00, 51.39it/s]
[36mmy-mlops-model       |[0m 2025-08-07 17:13:07 | Training:  73%|#######2  | 48/66 [00:00<00:00, 50.26it/s]
[36mmy-mlops-model       |[0m 2025-08-07 17:13:07 | Training:  83%|########3 | 55/66 [00:01<00:00, 53.92it/s]
[36mmy-mlops-model       |[0m 2025-08-07 17:13:07 | Training:  94%|#########3| 62/66 [00:01<00:00, 56.04it/s]
[36mmy-mlops-model       |[0m 2025-08-07 17:13:07 | ic
[36mmy-mlops-model       |[0m 2025-08-07 17:13:07 | |
[36mmy-mlops-model       |[0m 2025-08-07 17:13:07 | f
[36mmy-mlops-model       |[0m 2025-08-07 17:13:07 | "
[36mmy-mlops-model       |[0m 2025-08-07 17:13:07 | Epoch
[36mmy-mlops-model       |[0m 2025-08-07 17:13:07 | {
[36mmy-mlops-model       |[0m 2025-08-07 17:13:07 | epoch
[36mmy-mlops-model       |[0m 2025-08-07 17:13:07 | +
[36mmy-mlops-model       |[0m 2025-08-07 17:13:07 | 1
[36mmy-mlops-model       |[0m 2025-08-07 17:13:07 | }
[36mmy-mlops-model       |[0m 2025-08-07 17:13:07 | /
[36mmy-mlops-model       |[0m 2025-08-07 17:13:07 | {
[36mmy-mlops-model       |[0m 2025-08-07 17:13:07 | num_epochs
[36mmy-mlops-model       |[0m 2025-08-07 17:13:07 | }
[36mmy-mlops-model       |[0m 2025-08-07 17:13:07 | "
[36mmy-mlops-model       |[0m 2025-08-07 17:13:07 | :
[36mmy-mlops-model       |[0m 2025-08-07 17:13:07 | '
[36mmy-mlops-model       |[0m 2025-08-07 17:13:07 | Epoch 446/500
[36mmy-mlops-model       |[0m 2025-08-07 17:13:07 | '
[36mmy-mlops-model       |[0m 2025-08-07 17:13:07 | ic
[36mmy-mlops-model       |[0m 2025-08-07 17:13:07 | |
[36mmy-mlops-model       |[0m 2025-08-07 17:13:07 | train_loss
[36mmy-mlops-model       |[0m 2025-08-07 17:13:07 | :
[36mmy-mlops-model       |[0m 2025-08-07 17:13:07 | np
[36mmy-mlops-model       |[0m 2025-08-07 17:13:07 | .
[36mmy-mlops-model       |[0m 2025-08-07 17:13:07 | float64
[36mmy-mlops-model       |[0m 2025-08-07 17:13:07 | (
[36mmy-mlops-model       |[0m 2025-08-07 17:13:07 | 1.1242250559085631
[36mmy-mlops-model       |[0m 2025-08-07 17:13:07 | )
[36mmy-mlops-model       |[0m 2025-08-07 17:13:07 | val_loss
[36mmy-mlops-model       |[0m 2025-08-07 17:13:07 | :
[36mmy-mlops-model       |[0m 2025-08-07 17:13:07 | np
[36mmy-mlops-model       |[0m 2025-08-07 17:13:07 | .
[36mmy-mlops-model       |[0m 2025-08-07 17:13:07 | float64
[36mmy-mlops-model       |[0m 2025-08-07 17:13:07 | (
[36mmy-mlops-model       |[0m 2025-08-07 17:13:07 | 1.40729437310464
[36mmy-mlops-model       |[0m 2025-08-07 17:13:07 | )
[36mmy-mlops-model       |[0m 2025-08-07 17:13:07 | val_acc
[36mmy-mlops-model       |[0m 2025-08-07 17:13:07 | :
[36mmy-mlops-model       |[0m 2025-08-07 17:13:07 | np
[36mmy-mlops-model       |[0m 2025-08-07 17:13:07 | .
[36mmy-mlops-model       |[0m 2025-08-07 17:13:07 | float64
[36mmy-mlops-model       |[0m 2025-08-07 17:13:07 | (
[36mmy-mlops-model       |[0m 2025-08-07 17:13:07 | 0.524390243902439
[36mmy-mlops-model       |[0m 2025-08-07 17:13:07 | )
[36mmy-mlops-model       |[0m 2025-08-07 17:13:07 | test_loss
[36mmy-mlops-model       |[0m 2025-08-07 17:13:07 | :
[36mmy-mlops-model       |[0m 2025-08-07 17:13:07 | np
[36mmy-mlops-model       |[0m 2025-08-07 17:13:07 | .
[36mmy-mlops-model       |[0m 2025-08-07 17:13:07 | float64
[36mmy-mlops-model       |[0m 2025-08-07 17:13:07 | (
[36mmy-mlops-model       |[0m 2025-08-07 17:13:07 | 1.2562198929555193
[36mmy-mlops-model       |[0m 2025-08-07 17:13:07 | )
[36mmy-mlops-model       |[0m 2025-08-07 17:13:07 | test_acc
[36mmy-mlops-model       |[0m 2025-08-07 17:13:07 | :
[36mmy-mlops-model       |[0m 2025-08-07 17:13:07 | np
[36mmy-mlops-model       |[0m 2025-08-07 17:13:07 | .
[36mmy-mlops-model       |[0m 2025-08-07 17:13:07 | float64
[36mmy-mlops-model       |[0m 2025-08-07 17:13:07 | (
[36mmy-mlops-model       |[0m 2025-08-07 17:13:07 | 0.5534351145038168
[36mmy-mlops-model       |[0m 2025-08-07 17:13:07 | )
[36mmy-mlops-model       |[0m 2025-08-07 17:13:07 | Training:   0%|          | 0/66 [00:00<?, ?it/s]
[36mmy-mlops-model       |[0m 2025-08-07 17:13:08 | Training:  11%|#         | 7/66 [00:00<00:00, 61.46it/s]
[36mmy-mlops-model       |[0m 2025-08-07 17:13:08 | Training:  21%|##1       | 14/66 [00:00<00:00, 58.42it/s]
[36mmy-mlops-model       |[0m 2025-08-07 17:13:08 | Training:  30%|###       | 20/66 [00:00<00:00, 50.70it/s]
[36mmy-mlops-model       |[0m 2025-08-07 17:13:08 | Training:  39%|###9      | 26/66 [00:00<00:00, 52.76it/s]
[36mmy-mlops-model       |[0m 2025-08-07 17:13:08 | Training:  50%|#####     | 33/66 [00:00<00:00, 55.63it/s]
[36mmy-mlops-model       |[0m 2025-08-07 17:13:08 | Training:  59%|#####9    | 39/66 [00:00<00:00, 47.68it/s]
[36mmy-mlops-model       |[0m 2025-08-07 17:13:08 | Training:  67%|######6   | 44/66 [00:00<00:00, 46.80it/s]
[36mmy-mlops-model       |[0m 2025-08-07 17:13:08 | Training:  76%|#######5  | 50/66 [00:00<00:00, 49.16it/s]
[36mmy-mlops-model       |[0m 2025-08-07 17:13:09 | Training:  85%|########4 | 56/66 [00:01<00:00, 49.94it/s]
[36mmy-mlops-model       |[0m 2025-08-07 17:13:09 | Training:  94%|#########3| 62/66 [00:01<00:00, 51.83it/s]
[36mmy-mlops-model       |[0m 2025-08-07 17:13:09 | ic
[36mmy-mlops-model       |[0m 2025-08-07 17:13:09 | |
[36mmy-mlops-model       |[0m 2025-08-07 17:13:09 | f
[36mmy-mlops-model       |[0m 2025-08-07 17:13:09 | "
[36mmy-mlops-model       |[0m 2025-08-07 17:13:09 | Epoch
[36mmy-mlops-model       |[0m 2025-08-07 17:13:09 | {
[36mmy-mlops-model       |[0m 2025-08-07 17:13:09 | epoch
[36mmy-mlops-model       |[0m 2025-08-07 17:13:09 | +
[36mmy-mlops-model       |[0m 2025-08-07 17:13:09 | 1
[36mmy-mlops-model       |[0m 2025-08-07 17:13:09 | }
[36mmy-mlops-model       |[0m 2025-08-07 17:13:09 | /
[36mmy-mlops-model       |[0m 2025-08-07 17:13:09 | {
[36mmy-mlops-model       |[0m 2025-08-07 17:13:09 | num_epochs
[36mmy-mlops-model       |[0m 2025-08-07 17:13:09 | }
[36mmy-mlops-model       |[0m 2025-08-07 17:13:09 | "
[36mmy-mlops-model       |[0m 2025-08-07 17:13:09 | :
[36mmy-mlops-model       |[0m 2025-08-07 17:13:09 | '
[36mmy-mlops-model       |[0m 2025-08-07 17:13:09 | Epoch 447/500
[36mmy-mlops-model       |[0m 2025-08-07 17:13:09 | '
[36mmy-mlops-model       |[0m 2025-08-07 17:13:09 | ic
[36mmy-mlops-model       |[0m 2025-08-07 17:13:09 | |
[36mmy-mlops-model       |[0m 2025-08-07 17:13:09 | train_loss
[36mmy-mlops-model       |[0m 2025-08-07 17:13:09 | :
[36mmy-mlops-model       |[0m 2025-08-07 17:13:09 | np
[36mmy-mlops-model       |[0m 2025-08-07 17:13:09 | .
[36mmy-mlops-model       |[0m 2025-08-07 17:13:09 | float64
[36mmy-mlops-model       |[0m 2025-08-07 17:13:09 | (
[36mmy-mlops-model       |[0m 2025-08-07 17:13:09 | 1.1273721495893263
[36mmy-mlops-model       |[0m 2025-08-07 17:13:09 | )
[36mmy-mlops-model       |[0m 2025-08-07 17:13:09 | val_loss
[36mmy-mlops-model       |[0m 2025-08-07 17:13:09 | :
[36mmy-mlops-model       |[0m 2025-08-07 17:13:09 | np
[36mmy-mlops-model       |[0m 2025-08-07 17:13:09 | .
[36mmy-mlops-model       |[0m 2025-08-07 17:13:09 | float64
[36mmy-mlops-model       |[0m 2025-08-07 17:13:09 | (
[36mmy-mlops-model       |[0m 2025-08-07 17:13:09 | 1.4052036604263514
[36mmy-mlops-model       |[0m 2025-08-07 17:13:09 | )
[36mmy-mlops-model       |[0m 2025-08-07 17:13:09 | val_acc
[36mmy-mlops-model       |[0m 2025-08-07 17:13:09 | :
[36mmy-mlops-model       |[0m 2025-08-07 17:13:09 | np
[36mmy-mlops-model       |[0m 2025-08-07 17:13:09 | .
[36mmy-mlops-model       |[0m 2025-08-07 17:13:09 | float64
[36mmy-mlops-model       |[0m 2025-08-07 17:13:09 | (
[36mmy-mlops-model       |[0m 2025-08-07 17:13:09 | 0.524390243902439
[36mmy-mlops-model       |[0m 2025-08-07 17:13:09 | )
[36mmy-mlops-model       |[0m 2025-08-07 17:13:09 | test_loss
[36mmy-mlops-model       |[0m 2025-08-07 17:13:09 | :
[36mmy-mlops-model       |[0m 2025-08-07 17:13:09 | np
[36mmy-mlops-model       |[0m 2025-08-07 17:13:09 | .
[36mmy-mlops-model       |[0m 2025-08-07 17:13:09 | float64
[36mmy-mlops-model       |[0m 2025-08-07 17:13:09 | (
[36mmy-mlops-model       |[0m 2025-08-07 17:13:09 | 1.255283724119198
[36mmy-mlops-model       |[0m 2025-08-07 17:13:09 | )
[36mmy-mlops-model       |[0m 2025-08-07 17:13:09 | test_acc
[36mmy-mlops-model       |[0m 2025-08-07 17:13:09 | :
[36mmy-mlops-model       |[0m 2025-08-07 17:13:09 | np
[36mmy-mlops-model       |[0m 2025-08-07 17:13:09 | .
[36mmy-mlops-model       |[0m 2025-08-07 17:13:09 | float64
[36mmy-mlops-model       |[0m 2025-08-07 17:13:09 | (
[36mmy-mlops-model       |[0m 2025-08-07 17:13:09 | 0.5534351145038168
[36mmy-mlops-model       |[0m 2025-08-07 17:13:09 | )
[36mmy-mlops-model       |[0m 2025-08-07 17:13:09 | Training:   0%|          | 0/66 [00:00<?, ?it/s]
[36mmy-mlops-model       |[0m 2025-08-07 17:13:09 | Training:   9%|9         | 6/66 [00:00<00:01, 55.98it/s]
[36mmy-mlops-model       |[0m 2025-08-07 17:13:09 | Training:  18%|#8        | 12/66 [00:00<00:00, 55.74it/s]
[36mmy-mlops-model       |[0m 2025-08-07 17:13:09 | Training:  27%|##7       | 18/66 [00:00<00:00, 51.92it/s]
[36mmy-mlops-model       |[0m 2025-08-07 17:13:10 | Training:  38%|###7      | 25/66 [00:00<00:00, 54.50it/s]
[36mmy-mlops-model       |[0m 2025-08-07 17:13:10 | Training:  47%|####6     | 31/66 [00:00<00:00, 52.87it/s]
[36mmy-mlops-model       |[0m 2025-08-07 17:13:10 | Training:  56%|#####6    | 37/66 [00:00<00:00, 54.04it/s]
[36mmy-mlops-model       |[0m 2025-08-07 17:13:10 | Training:  65%|######5   | 43/66 [00:00<00:00, 54.20it/s]
[36mmy-mlops-model       |[0m 2025-08-07 17:13:10 | Training:  74%|#######4  | 49/66 [00:00<00:00, 54.93it/s]
[36mmy-mlops-model       |[0m 2025-08-07 17:13:10 | Training:  83%|########3 | 55/66 [00:01<00:00, 46.96it/s]
[36mmy-mlops-model       |[0m 2025-08-07 17:13:10 | Training:  92%|#########2| 61/66 [00:01<00:00, 48.69it/s]
[36mmy-mlops-model       |[0m 2025-08-07 17:13:11 | ic
[36mmy-mlops-model       |[0m 2025-08-07 17:13:11 | |
[36mmy-mlops-model       |[0m 2025-08-07 17:13:11 | f
[36mmy-mlops-model       |[0m 2025-08-07 17:13:11 | "
[36mmy-mlops-model       |[0m 2025-08-07 17:13:11 | Epoch
[36mmy-mlops-model       |[0m 2025-08-07 17:13:11 | {
[36mmy-mlops-model       |[0m 2025-08-07 17:13:11 | epoch
[36mmy-mlops-model       |[0m 2025-08-07 17:13:11 | +
[36mmy-mlops-model       |[0m 2025-08-07 17:13:11 | 1
[36mmy-mlops-model       |[0m 2025-08-07 17:13:11 | }
[36mmy-mlops-model       |[0m 2025-08-07 17:13:11 | /
[36mmy-mlops-model       |[0m 2025-08-07 17:13:11 | {
[36mmy-mlops-model       |[0m 2025-08-07 17:13:11 | num_epochs
[36mmy-mlops-model       |[0m 2025-08-07 17:13:11 | }
[36mmy-mlops-model       |[0m 2025-08-07 17:13:11 | "
[36mmy-mlops-model       |[0m 2025-08-07 17:13:11 | :
[36mmy-mlops-model       |[0m 2025-08-07 17:13:11 | '
[36mmy-mlops-model       |[0m 2025-08-07 17:13:11 | Epoch 448/500
[36mmy-mlops-model       |[0m 2025-08-07 17:13:11 | '
[36mmy-mlops-model       |[0m 2025-08-07 17:13:11 | ic
[36mmy-mlops-model       |[0m 2025-08-07 17:13:11 | |
[36mmy-mlops-model       |[0m 2025-08-07 17:13:11 | train_loss
[36mmy-mlops-model       |[0m 2025-08-07 17:13:11 | :
[36mmy-mlops-model       |[0m 2025-08-07 17:13:11 | np
[36mmy-mlops-model       |[0m 2025-08-07 17:13:11 | .
[36mmy-mlops-model       |[0m 2025-08-07 17:13:11 | float64
[36mmy-mlops-model       |[0m 2025-08-07 17:13:11 | (
[36mmy-mlops-model       |[0m 2025-08-07 17:13:11 | 1.1630500342352306
[36mmy-mlops-model       |[0m 2025-08-07 17:13:11 | )
[36mmy-mlops-model       |[0m 2025-08-07 17:13:11 | val_loss
[36mmy-mlops-model       |[0m 2025-08-07 17:13:11 | :
[36mmy-mlops-model       |[0m 2025-08-07 17:13:11 | np
[36mmy-mlops-model       |[0m 2025-08-07 17:13:11 | .
[36mmy-mlops-model       |[0m 2025-08-07 17:13:11 | float64
[36mmy-mlops-model       |[0m 2025-08-07 17:13:11 | (
[36mmy-mlops-model       |[0m 2025-08-07 17:13:11 | 1.4027962727928722
[36mmy-mlops-model       |[0m 2025-08-07 17:13:11 | )
[36mmy-mlops-model       |[0m 2025-08-07 17:13:11 | val_acc
[36mmy-mlops-model       |[0m 2025-08-07 17:13:11 | :
[36mmy-mlops-model       |[0m 2025-08-07 17:13:11 | np
[36mmy-mlops-model       |[0m 2025-08-07 17:13:11 | .
[36mmy-mlops-model       |[0m 2025-08-07 17:13:11 | float64
[36mmy-mlops-model       |[0m 2025-08-07 17:13:11 | (
[36mmy-mlops-model       |[0m 2025-08-07 17:13:11 | 0.5274390243902439
[36mmy-mlops-model       |[0m 2025-08-07 17:13:11 | )
[36mmy-mlops-model       |[0m 2025-08-07 17:13:11 | test_loss
[36mmy-mlops-model       |[0m 2025-08-07 17:13:11 | :
[36mmy-mlops-model       |[0m 2025-08-07 17:13:11 | np
[36mmy-mlops-model       |[0m 2025-08-07 17:13:11 | .
[36mmy-mlops-model       |[0m 2025-08-07 17:13:11 | float64
[36mmy-mlops-model       |[0m 2025-08-07 17:13:11 | (
[36mmy-mlops-model       |[0m 2025-08-07 17:13:11 | 1.2491519691347188
[36mmy-mlops-model       |[0m 2025-08-07 17:13:11 | )
[36mmy-mlops-model       |[0m 2025-08-07 17:13:11 | test_acc
[36mmy-mlops-model       |[0m 2025-08-07 17:13:11 | :
[36mmy-mlops-model       |[0m 2025-08-07 17:13:11 | np
[36mmy-mlops-model       |[0m 2025-08-07 17:13:11 | .
[36mmy-mlops-model       |[0m 2025-08-07 17:13:11 | float64
[36mmy-mlops-model       |[0m 2025-08-07 17:13:11 | (
[36mmy-mlops-model       |[0m 2025-08-07 17:13:11 | 0.5610687022900763
[36mmy-mlops-model       |[0m 2025-08-07 17:13:11 | )
[36mmy-mlops-model       |[0m 2025-08-07 17:13:11 | Training:   0%|          | 0/66 [00:00<?, ?it/s]
[36mmy-mlops-model       |[0m 2025-08-07 17:13:11 | Training:   9%|9         | 6/66 [00:00<00:01, 52.66it/s]
[36mmy-mlops-model       |[0m 2025-08-07 17:13:11 | Training:  18%|#8        | 12/66 [00:00<00:01, 53.75it/s]
[36mmy-mlops-model       |[0m 2025-08-07 17:13:11 | Training:  27%|##7       | 18/66 [00:00<00:00, 53.66it/s]
[36mmy-mlops-model       |[0m 2025-08-07 17:13:11 | Training:  36%|###6      | 24/66 [00:00<00:00, 50.93it/s]
[36mmy-mlops-model       |[0m 2025-08-07 17:13:11 | Training:  45%|####5     | 30/66 [00:00<00:00, 53.18it/s]
[36mmy-mlops-model       |[0m 2025-08-07 17:13:12 | Training:  56%|#####6    | 37/66 [00:00<00:00, 55.50it/s]
[36mmy-mlops-model       |[0m 2025-08-07 17:13:12 | Training:  67%|######6   | 44/66 [00:00<00:00, 56.94it/s]
[36mmy-mlops-model       |[0m 2025-08-07 17:13:12 | Training:  76%|#######5  | 50/66 [00:00<00:00, 56.04it/s]
[36mmy-mlops-model       |[0m 2025-08-07 17:13:12 | Training:  86%|########6 | 57/66 [00:01<00:00, 57.73it/s]
[36mmy-mlops-model       |[0m 2025-08-07 17:13:12 | Training:  95%|#########5| 63/66 [00:01<00:00, 56.62it/s]
[36mmy-mlops-model       |[0m 2025-08-07 17:13:12 | ic
[36mmy-mlops-model       |[0m 2025-08-07 17:13:12 | |
[36mmy-mlops-model       |[0m 2025-08-07 17:13:12 | f
[36mmy-mlops-model       |[0m 2025-08-07 17:13:12 | "
[36mmy-mlops-model       |[0m 2025-08-07 17:13:12 | Epoch
[36mmy-mlops-model       |[0m 2025-08-07 17:13:12 | {
[36mmy-mlops-model       |[0m 2025-08-07 17:13:12 | epoch
[36mmy-mlops-model       |[0m 2025-08-07 17:13:12 | +
[36mmy-mlops-model       |[0m 2025-08-07 17:13:12 | 1
[36mmy-mlops-model       |[0m 2025-08-07 17:13:12 | }
[36mmy-mlops-model       |[0m 2025-08-07 17:13:12 | /
[36mmy-mlops-model       |[0m 2025-08-07 17:13:12 | {
[36mmy-mlops-model       |[0m 2025-08-07 17:13:12 | num_epochs
[36mmy-mlops-model       |[0m 2025-08-07 17:13:12 | }
[36mmy-mlops-model       |[0m 2025-08-07 17:13:12 | "
[36mmy-mlops-model       |[0m 2025-08-07 17:13:12 | :
[36mmy-mlops-model       |[0m 2025-08-07 17:13:12 | '
[36mmy-mlops-model       |[0m 2025-08-07 17:13:12 | Epoch 449/500
[36mmy-mlops-model       |[0m 2025-08-07 17:13:12 | '
[36mmy-mlops-model       |[0m 2025-08-07 17:13:12 | ic
[36mmy-mlops-model       |[0m 2025-08-07 17:13:12 | |
[36mmy-mlops-model       |[0m 2025-08-07 17:13:12 | train_loss
[36mmy-mlops-model       |[0m 2025-08-07 17:13:12 | :
[36mmy-mlops-model       |[0m 2025-08-07 17:13:12 | np
[36mmy-mlops-model       |[0m 2025-08-07 17:13:12 | .
[36mmy-mlops-model       |[0m 2025-08-07 17:13:12 | float64
[36mmy-mlops-model       |[0m 2025-08-07 17:13:12 | (
[36mmy-mlops-model       |[0m 2025-08-07 17:13:12 | 1.087131238232672
[36mmy-mlops-model       |[0m 2025-08-07 17:13:12 | )
[36mmy-mlops-model       |[0m 2025-08-07 17:13:12 | val_loss
[36mmy-mlops-model       |[0m 2025-08-07 17:13:12 | :
[36mmy-mlops-model       |[0m 2025-08-07 17:13:12 | np
[36mmy-mlops-model       |[0m 2025-08-07 17:13:12 | .
[36mmy-mlops-model       |[0m 2025-08-07 17:13:12 | float64
[36mmy-mlops-model       |[0m 2025-08-07 17:13:12 | (
[36mmy-mlops-model       |[0m 2025-08-07 17:13:12 | 1.403093502990371
[36mmy-mlops-model       |[0m 2025-08-07 17:13:12 | )
[36mmy-mlops-model       |[0m 2025-08-07 17:13:12 | val_acc
[36mmy-mlops-model       |[0m 2025-08-07 17:13:12 | :
[36mmy-mlops-model       |[0m 2025-08-07 17:13:12 | np
[36mmy-mlops-model       |[0m 2025-08-07 17:13:12 | .
[36mmy-mlops-model       |[0m 2025-08-07 17:13:12 | float64
[36mmy-mlops-model       |[0m 2025-08-07 17:13:12 | (
[36mmy-mlops-model       |[0m 2025-08-07 17:13:12 | 0.5304878048780488
[36mmy-mlops-model       |[0m 2025-08-07 17:13:12 | )
[36mmy-mlops-model       |[0m 2025-08-07 17:13:12 | test_loss
[36mmy-mlops-model       |[0m 2025-08-07 17:13:12 | :
[36mmy-mlops-model       |[0m 2025-08-07 17:13:12 | np
[36mmy-mlops-model       |[0m 2025-08-07 17:13:12 | .
[36mmy-mlops-model       |[0m 2025-08-07 17:13:12 | float64
[36mmy-mlops-model       |[0m 2025-08-07 17:13:12 | (
[36mmy-mlops-model       |[0m 2025-08-07 17:13:12 | 1.2486989564474553
[36mmy-mlops-model       |[0m 2025-08-07 17:13:12 | )
[36mmy-mlops-model       |[0m 2025-08-07 17:13:12 | test_acc
[36mmy-mlops-model       |[0m 2025-08-07 17:13:12 | :
[36mmy-mlops-model       |[0m 2025-08-07 17:13:12 | np
[36mmy-mlops-model       |[0m 2025-08-07 17:13:12 | .
[36mmy-mlops-model       |[0m 2025-08-07 17:13:12 | float64
[36mmy-mlops-model       |[0m 2025-08-07 17:13:12 | (
[36mmy-mlops-model       |[0m 2025-08-07 17:13:12 | 0.5648854961832062
[36mmy-mlops-model       |[0m 2025-08-07 17:13:12 | )
[36mmy-mlops-model       |[0m 2025-08-07 17:13:13 | Training:   0%|          | 0/66 [00:00<?, ?it/s]
[36mmy-mlops-model       |[0m 2025-08-07 17:13:13 | Training:   8%|7         | 5/66 [00:00<00:01, 44.35it/s]
[36mmy-mlops-model       |[0m 2025-08-07 17:13:13 | Training:  15%|#5        | 10/66 [00:00<00:01, 43.07it/s]
[36mmy-mlops-model       |[0m 2025-08-07 17:13:13 | Training:  24%|##4       | 16/66 [00:00<00:01, 45.74it/s]
[36mmy-mlops-model       |[0m 2025-08-07 17:13:13 | Training:  33%|###3      | 22/66 [00:00<00:00, 48.31it/s]
[36mmy-mlops-model       |[0m 2025-08-07 17:13:13 | Training:  41%|####      | 27/66 [00:00<00:00, 46.88it/s]
[36mmy-mlops-model       |[0m 2025-08-07 17:13:13 | Training:  50%|#####     | 33/66 [00:00<00:00, 49.70it/s]
[36mmy-mlops-model       |[0m 2025-08-07 17:13:13 | Training:  59%|#####9    | 39/66 [00:00<00:00, 51.25it/s]
[36mmy-mlops-model       |[0m 2025-08-07 17:13:13 | Training:  70%|######9   | 46/66 [00:00<00:00, 54.53it/s]
[36mmy-mlops-model       |[0m 2025-08-07 17:13:14 | Training:  79%|#######8  | 52/66 [00:01<00:00, 53.64it/s]
[36mmy-mlops-model       |[0m 2025-08-07 17:13:14 | Training:  88%|########7 | 58/66 [00:01<00:00, 53.61it/s]
[36mmy-mlops-model       |[0m 2025-08-07 17:13:14 | Training:  97%|#########6| 64/66 [00:01<00:00, 52.46it/s]
[36mmy-mlops-model       |[0m 2025-08-07 17:13:14 | ic
[36mmy-mlops-model       |[0m 2025-08-07 17:13:14 | |
[36mmy-mlops-model       |[0m 2025-08-07 17:13:14 | f
[36mmy-mlops-model       |[0m 2025-08-07 17:13:14 | "
[36mmy-mlops-model       |[0m 2025-08-07 17:13:14 | Epoch
[36mmy-mlops-model       |[0m 2025-08-07 17:13:14 | {
[36mmy-mlops-model       |[0m 2025-08-07 17:13:14 | epoch
[36mmy-mlops-model       |[0m 2025-08-07 17:13:14 | +
[36mmy-mlops-model       |[0m 2025-08-07 17:13:14 | 1
[36mmy-mlops-model       |[0m 2025-08-07 17:13:14 | }
[36mmy-mlops-model       |[0m 2025-08-07 17:13:14 | /
[36mmy-mlops-model       |[0m 2025-08-07 17:13:14 | {
[36mmy-mlops-model       |[0m 2025-08-07 17:13:14 | num_epochs
[36mmy-mlops-model       |[0m 2025-08-07 17:13:14 | }
[36mmy-mlops-model       |[0m 2025-08-07 17:13:14 | "
[36mmy-mlops-model       |[0m 2025-08-07 17:13:14 | :
[36mmy-mlops-model       |[0m 2025-08-07 17:13:14 | '
[36mmy-mlops-model       |[0m 2025-08-07 17:13:14 | Epoch 450/500
[36mmy-mlops-model       |[0m 2025-08-07 17:13:14 | '
[36mmy-mlops-model       |[0m 2025-08-07 17:13:14 | ic
[36mmy-mlops-model       |[0m 2025-08-07 17:13:14 | |
[36mmy-mlops-model       |[0m 2025-08-07 17:13:14 | train_loss
[36mmy-mlops-model       |[0m 2025-08-07 17:13:14 | :
[36mmy-mlops-model       |[0m 2025-08-07 17:13:14 | np
[36mmy-mlops-model       |[0m 2025-08-07 17:13:14 | .
[36mmy-mlops-model       |[0m 2025-08-07 17:13:14 | float64
[36mmy-mlops-model       |[0m 2025-08-07 17:13:14 | (
[36mmy-mlops-model       |[0m 2025-08-07 17:13:14 | 1.118360123166843
[36mmy-mlops-model       |[0m 2025-08-07 17:13:14 | )
[36mmy-mlops-model       |[0m 2025-08-07 17:13:14 | val_loss
[36mmy-mlops-model       |[0m 2025-08-07 17:13:14 | :
[36mmy-mlops-model       |[0m 2025-08-07 17:13:14 | np
[36mmy-mlops-model       |[0m 2025-08-07 17:13:14 | .
[36mmy-mlops-model       |[0m 2025-08-07 17:13:14 | float64
[36mmy-mlops-model       |[0m 2025-08-07 17:13:14 | (
[36mmy-mlops-model       |[0m 2025-08-07 17:13:14 | 1.4010095972425336
[36mmy-mlops-model       |[0m 2025-08-07 17:13:14 | )
[36mmy-mlops-model       |[0m 2025-08-07 17:13:14 | val_acc
[36mmy-mlops-model       |[0m 2025-08-07 17:13:14 | :
[36mmy-mlops-model       |[0m 2025-08-07 17:13:14 | np
[36mmy-mlops-model       |[0m 2025-08-07 17:13:14 | .
[36mmy-mlops-model       |[0m 2025-08-07 17:13:14 | float64
[36mmy-mlops-model       |[0m 2025-08-07 17:13:14 | (
[36mmy-mlops-model       |[0m 2025-08-07 17:13:14 | 0.5274390243902439
[36mmy-mlops-model       |[0m 2025-08-07 17:13:14 | )
[36mmy-mlops-model       |[0m 2025-08-07 17:13:14 | test_loss
[36mmy-mlops-model       |[0m 2025-08-07 17:13:14 | :
[36mmy-mlops-model       |[0m 2025-08-07 17:13:14 | np
[36mmy-mlops-model       |[0m 2025-08-07 17:13:14 | .
[36mmy-mlops-model       |[0m 2025-08-07 17:13:14 | float64
[36mmy-mlops-model       |[0m 2025-08-07 17:13:14 | (
[36mmy-mlops-model       |[0m 2025-08-07 17:13:14 | 1.2506544443410152
[36mmy-mlops-model       |[0m 2025-08-07 17:13:14 | )
[36mmy-mlops-model       |[0m 2025-08-07 17:13:14 | test_acc
[36mmy-mlops-model       |[0m 2025-08-07 17:13:14 | :
[36mmy-mlops-model       |[0m 2025-08-07 17:13:14 | np
[36mmy-mlops-model       |[0m 2025-08-07 17:13:14 | .
[36mmy-mlops-model       |[0m 2025-08-07 17:13:14 | float64
[36mmy-mlops-model       |[0m 2025-08-07 17:13:14 | (
[36mmy-mlops-model       |[0m 2025-08-07 17:13:14 | 0.5610687022900763
[36mmy-mlops-model       |[0m 2025-08-07 17:13:14 | )
[36mmy-mlops-model       |[0m 2025-08-07 17:13:14 | Training:   0%|          | 0/66 [00:00<?, ?it/s]
[36mmy-mlops-model       |[0m 2025-08-07 17:13:14 | Training:   8%|7         | 5/66 [00:00<00:01, 35.60it/s]
[36mmy-mlops-model       |[0m 2025-08-07 17:13:14 | Training:  14%|#3        | 9/66 [00:00<00:01, 35.00it/s]
[36mmy-mlops-model       |[0m 2025-08-07 17:13:15 | Training:  21%|##1       | 14/66 [00:00<00:01, 40.14it/s]
[36mmy-mlops-model       |[0m 2025-08-07 17:13:15 | Training:  29%|##8       | 19/66 [00:00<00:01, 39.22it/s]
[36mmy-mlops-model       |[0m 2025-08-07 17:13:15 | Training:  39%|###9      | 26/66 [00:00<00:00, 46.27it/s]
[36mmy-mlops-model       |[0m 2025-08-07 17:13:15 | Training:  48%|####8     | 32/66 [00:00<00:00, 49.66it/s]
[36mmy-mlops-model       |[0m 2025-08-07 17:13:15 | Training:  58%|#####7    | 38/66 [00:00<00:00, 51.65it/s]
[36mmy-mlops-model       |[0m 2025-08-07 17:13:15 | Training:  68%|######8   | 45/66 [00:00<00:00, 54.78it/s]
[36mmy-mlops-model       |[0m 2025-08-07 17:13:15 | Training:  77%|#######7  | 51/66 [00:01<00:00, 55.33it/s]
[36mmy-mlops-model       |[0m 2025-08-07 17:13:15 | Training:  88%|########7 | 58/66 [00:01<00:00, 59.23it/s]
[36mmy-mlops-model       |[0m 2025-08-07 17:13:15 | Training:  98%|#########8| 65/66 [00:01<00:00, 60.65it/s]
[36mmy-mlops-model       |[0m 2025-08-07 17:13:16 | ic
[36mmy-mlops-model       |[0m 2025-08-07 17:13:16 | |
[36mmy-mlops-model       |[0m 2025-08-07 17:13:16 | f
[36mmy-mlops-model       |[0m 2025-08-07 17:13:16 | "
[36mmy-mlops-model       |[0m 2025-08-07 17:13:16 | Epoch
[36mmy-mlops-model       |[0m 2025-08-07 17:13:16 | {
[36mmy-mlops-model       |[0m 2025-08-07 17:13:16 | epoch
[36mmy-mlops-model       |[0m 2025-08-07 17:13:16 | +
[36mmy-mlops-model       |[0m 2025-08-07 17:13:16 | 1
[36mmy-mlops-model       |[0m 2025-08-07 17:13:16 | }
[36mmy-mlops-model       |[0m 2025-08-07 17:13:16 | /
[36mmy-mlops-model       |[0m 2025-08-07 17:13:16 | {
[36mmy-mlops-model       |[0m 2025-08-07 17:13:16 | num_epochs
[36mmy-mlops-model       |[0m 2025-08-07 17:13:16 | }
[36mmy-mlops-model       |[0m 2025-08-07 17:13:16 | "
[36mmy-mlops-model       |[0m 2025-08-07 17:13:16 | :
[36mmy-mlops-model       |[0m 2025-08-07 17:13:16 | '
[36mmy-mlops-model       |[0m 2025-08-07 17:13:16 | Epoch 451/500
[36mmy-mlops-model       |[0m 2025-08-07 17:13:16 | '
[36mmy-mlops-model       |[0m 2025-08-07 17:13:16 | ic
[36mmy-mlops-model       |[0m 2025-08-07 17:13:16 | |
[36mmy-mlops-model       |[0m 2025-08-07 17:13:16 | train_loss
[36mmy-mlops-model       |[0m 2025-08-07 17:13:16 | :
[36mmy-mlops-model       |[0m 2025-08-07 17:13:16 | np
[36mmy-mlops-model       |[0m 2025-08-07 17:13:16 | .
[36mmy-mlops-model       |[0m 2025-08-07 17:13:16 | float64
[36mmy-mlops-model       |[0m 2025-08-07 17:13:16 | (
[36mmy-mlops-model       |[0m 2025-08-07 17:13:16 | 1.07469423265773
[36mmy-mlops-model       |[0m 2025-08-07 17:13:16 | )
[36mmy-mlops-model       |[0m 2025-08-07 17:13:16 | val_loss
[36mmy-mlops-model       |[0m 2025-08-07 17:13:16 | :
[36mmy-mlops-model       |[0m 2025-08-07 17:13:16 | np
[36mmy-mlops-model       |[0m 2025-08-07 17:13:16 | .
[36mmy-mlops-model       |[0m 2025-08-07 17:13:16 | float64
[36mmy-mlops-model       |[0m 2025-08-07 17:13:16 | (
[36mmy-mlops-model       |[0m 2025-08-07 17:13:16 | 1.400801375326918
[36mmy-mlops-model       |[0m 2025-08-07 17:13:16 | )
[36mmy-mlops-model       |[0m 2025-08-07 17:13:16 | val_acc
[36mmy-mlops-model       |[0m 2025-08-07 17:13:16 | :
[36mmy-mlops-model       |[0m 2025-08-07 17:13:16 | np
[36mmy-mlops-model       |[0m 2025-08-07 17:13:16 | .
[36mmy-mlops-model       |[0m 2025-08-07 17:13:16 | float64
[36mmy-mlops-model       |[0m 2025-08-07 17:13:16 | (
[36mmy-mlops-model       |[0m 2025-08-07 17:13:16 | 0.5304878048780488
[36mmy-mlops-model       |[0m 2025-08-07 17:13:16 | )
[36mmy-mlops-model       |[0m 2025-08-07 17:13:16 | test_loss
[36mmy-mlops-model       |[0m 2025-08-07 17:13:16 | :
[36mmy-mlops-model       |[0m 2025-08-07 17:13:16 | np
[36mmy-mlops-model       |[0m 2025-08-07 17:13:16 | .
[36mmy-mlops-model       |[0m 2025-08-07 17:13:16 | float64
[36mmy-mlops-model       |[0m 2025-08-07 17:13:16 | (
[36mmy-mlops-model       |[0m 2025-08-07 17:13:16 | 1.2484261915500057
[36mmy-mlops-model       |[0m 2025-08-07 17:13:16 | )
[36mmy-mlops-model       |[0m 2025-08-07 17:13:16 | test_acc
[36mmy-mlops-model       |[0m 2025-08-07 17:13:16 | :
[36mmy-mlops-model       |[0m 2025-08-07 17:13:16 | np
[36mmy-mlops-model       |[0m 2025-08-07 17:13:16 | .
[36mmy-mlops-model       |[0m 2025-08-07 17:13:16 | float64
[36mmy-mlops-model       |[0m 2025-08-07 17:13:16 | (
[36mmy-mlops-model       |[0m 2025-08-07 17:13:16 | 0.5610687022900763
[36mmy-mlops-model       |[0m 2025-08-07 17:13:16 | )
[36mmy-mlops-model       |[0m 2025-08-07 17:13:16 | Training:   0%|          | 0/66 [00:00<?, ?it/s]
[36mmy-mlops-model       |[0m 2025-08-07 17:13:16 | Training:   9%|9         | 6/66 [00:00<00:01, 56.08it/s]
[36mmy-mlops-model       |[0m 2025-08-07 17:13:16 | Training:  18%|#8        | 12/66 [00:00<00:01, 52.32it/s]
[36mmy-mlops-model       |[0m 2025-08-07 17:13:16 | Training:  27%|##7       | 18/66 [00:00<00:00, 53.10it/s]
[36mmy-mlops-model       |[0m 2025-08-07 17:13:16 | Training:  36%|###6      | 24/66 [00:00<00:00, 53.29it/s]
[36mmy-mlops-model       |[0m 2025-08-07 17:13:16 | Training:  45%|####5     | 30/66 [00:00<00:00, 50.64it/s]
[36mmy-mlops-model       |[0m 2025-08-07 17:13:17 | Training:  55%|#####4    | 36/66 [00:00<00:00, 52.50it/s]
[36mmy-mlops-model       |[0m 2025-08-07 17:13:17 | Training:  64%|######3   | 42/66 [00:00<00:00, 49.70it/s]
[36mmy-mlops-model       |[0m 2025-08-07 17:13:17 | Training:  73%|#######2  | 48/66 [00:00<00:00, 45.92it/s]
[36mmy-mlops-model       |[0m 2025-08-07 17:13:17 | Training:  80%|########  | 53/66 [00:01<00:00, 46.01it/s]
[36mmy-mlops-model       |[0m 2025-08-07 17:13:17 | Training:  88%|########7 | 58/66 [00:01<00:00, 45.75it/s]
[36mmy-mlops-model       |[0m 2025-08-07 17:13:17 | Training:  97%|#########6| 64/66 [00:01<00:00, 47.79it/s]
[36mmy-mlops-model       |[0m 2025-08-07 17:13:17 | ic
[36mmy-mlops-model       |[0m 2025-08-07 17:13:17 | |
[36mmy-mlops-model       |[0m 2025-08-07 17:13:17 | f
[36mmy-mlops-model       |[0m 2025-08-07 17:13:17 | "
[36mmy-mlops-model       |[0m 2025-08-07 17:13:17 | Epoch
[36mmy-mlops-model       |[0m 2025-08-07 17:13:17 | {
[36mmy-mlops-model       |[0m 2025-08-07 17:13:17 | epoch
[36mmy-mlops-model       |[0m 2025-08-07 17:13:17 | +
[36mmy-mlops-model       |[0m 2025-08-07 17:13:17 | 1
[36mmy-mlops-model       |[0m 2025-08-07 17:13:17 | }
[36mmy-mlops-model       |[0m 2025-08-07 17:13:17 | /
[36mmy-mlops-model       |[0m 2025-08-07 17:13:17 | {
[36mmy-mlops-model       |[0m 2025-08-07 17:13:17 | num_epochs
[36mmy-mlops-model       |[0m 2025-08-07 17:13:17 | }
[36mmy-mlops-model       |[0m 2025-08-07 17:13:17 | "
[36mmy-mlops-model       |[0m 2025-08-07 17:13:17 | :
[36mmy-mlops-model       |[0m 2025-08-07 17:13:17 | '
[36mmy-mlops-model       |[0m 2025-08-07 17:13:17 | Epoch 452/500
[36mmy-mlops-model       |[0m 2025-08-07 17:13:17 | '
[36mmy-mlops-model       |[0m 2025-08-07 17:13:17 | ic
[36mmy-mlops-model       |[0m 2025-08-07 17:13:17 | |
[36mmy-mlops-model       |[0m 2025-08-07 17:13:17 | train_loss
[36mmy-mlops-model       |[0m 2025-08-07 17:13:17 | :
[36mmy-mlops-model       |[0m 2025-08-07 17:13:17 | np
[36mmy-mlops-model       |[0m 2025-08-07 17:13:17 | .
[36mmy-mlops-model       |[0m 2025-08-07 17:13:17 | float64
[36mmy-mlops-model       |[0m 2025-08-07 17:13:17 | (
[36mmy-mlops-model       |[0m 2025-08-07 17:13:17 | 1.1019678797396006
[36mmy-mlops-model       |[0m 2025-08-07 17:13:17 | )
[36mmy-mlops-model       |[0m 2025-08-07 17:13:17 | val_loss
[36mmy-mlops-model       |[0m 2025-08-07 17:13:17 | :
[36mmy-mlops-model       |[0m 2025-08-07 17:13:17 | np
[36mmy-mlops-model       |[0m 2025-08-07 17:13:17 | .
[36mmy-mlops-model       |[0m 2025-08-07 17:13:17 | float64
[36mmy-mlops-model       |[0m 2025-08-07 17:13:17 | (
[36mmy-mlops-model       |[0m 2025-08-07 17:13:17 | 1.3998679251750703
[36mmy-mlops-model       |[0m 2025-08-07 17:13:17 | )
[36mmy-mlops-model       |[0m 2025-08-07 17:13:17 | val_acc
[36mmy-mlops-model       |[0m 2025-08-07 17:13:17 | :
[36mmy-mlops-model       |[0m 2025-08-07 17:13:17 | np
[36mmy-mlops-model       |[0m 2025-08-07 17:13:17 | .
[36mmy-mlops-model       |[0m 2025-08-07 17:13:17 | float64
[36mmy-mlops-model       |[0m 2025-08-07 17:13:17 | (
[36mmy-mlops-model       |[0m 2025-08-07 17:13:17 | 0.5274390243902439
[36mmy-mlops-model       |[0m 2025-08-07 17:13:17 | )
[36mmy-mlops-model       |[0m 2025-08-07 17:13:17 | test_loss
[36mmy-mlops-model       |[0m 2025-08-07 17:13:17 | :
[36mmy-mlops-model       |[0m 2025-08-07 17:13:17 | np
[36mmy-mlops-model       |[0m 2025-08-07 17:13:17 | .
[36mmy-mlops-model       |[0m 2025-08-07 17:13:17 | float64
[36mmy-mlops-model       |[0m 2025-08-07 17:13:17 | (
[36mmy-mlops-model       |[0m 2025-08-07 17:13:17 | 1.255962403030829
[36mmy-mlops-model       |[0m 2025-08-07 17:13:17 | )
[36mmy-mlops-model       |[0m 2025-08-07 17:13:17 | test_acc
[36mmy-mlops-model       |[0m 2025-08-07 17:13:17 | :
[36mmy-mlops-model       |[0m 2025-08-07 17:13:17 | np
[36mmy-mlops-model       |[0m 2025-08-07 17:13:17 | .
[36mmy-mlops-model       |[0m 2025-08-07 17:13:17 | float64
[36mmy-mlops-model       |[0m 2025-08-07 17:13:17 | (
[36mmy-mlops-model       |[0m 2025-08-07 17:13:17 | 0.5458015267175572
[36mmy-mlops-model       |[0m 2025-08-07 17:13:17 | )
[36mmy-mlops-model       |[0m 2025-08-07 17:13:18 | Training:   0%|          | 0/66 [00:00<?, ?it/s]
[36mmy-mlops-model       |[0m 2025-08-07 17:13:18 | Training:   9%|9         | 6/66 [00:00<00:01, 55.78it/s]
[36mmy-mlops-model       |[0m 2025-08-07 17:13:18 | Training:  18%|#8        | 12/66 [00:00<00:00, 55.06it/s]
[36mmy-mlops-model       |[0m 2025-08-07 17:13:18 | Training:  27%|##7       | 18/66 [00:00<00:00, 51.39it/s]
[36mmy-mlops-model       |[0m 2025-08-07 17:13:18 | Training:  36%|###6      | 24/66 [00:00<00:00, 50.88it/s]
[36mmy-mlops-model       |[0m 2025-08-07 17:13:18 | Training:  45%|####5     | 30/66 [00:00<00:00, 43.07it/s]
[36mmy-mlops-model       |[0m 2025-08-07 17:13:18 | Training:  53%|#####3    | 35/66 [00:00<00:00, 44.69it/s]
[36mmy-mlops-model       |[0m 2025-08-07 17:13:19 | Training:  62%|######2   | 41/66 [00:00<00:00, 47.75it/s]
[36mmy-mlops-model       |[0m 2025-08-07 17:13:19 | Training:  71%|#######1  | 47/66 [00:00<00:00, 49.51it/s]
[36mmy-mlops-model       |[0m 2025-08-07 17:13:19 | Training:  82%|########1 | 54/66 [00:01<00:00, 54.01it/s]
[36mmy-mlops-model       |[0m 2025-08-07 17:13:19 | Training:  91%|######### | 60/66 [00:01<00:00, 51.23it/s]
[36mmy-mlops-model       |[0m 2025-08-07 17:13:19 | ic
[36mmy-mlops-model       |[0m 2025-08-07 17:13:19 | |
[36mmy-mlops-model       |[0m 2025-08-07 17:13:19 | f
[36mmy-mlops-model       |[0m 2025-08-07 17:13:19 | "
[36mmy-mlops-model       |[0m 2025-08-07 17:13:19 | Epoch
[36mmy-mlops-model       |[0m 2025-08-07 17:13:19 | {
[36mmy-mlops-model       |[0m 2025-08-07 17:13:19 | epoch
[36mmy-mlops-model       |[0m 2025-08-07 17:13:19 | +
[36mmy-mlops-model       |[0m 2025-08-07 17:13:19 | 1
[36mmy-mlops-model       |[0m 2025-08-07 17:13:19 | }
[36mmy-mlops-model       |[0m 2025-08-07 17:13:19 | /
[36mmy-mlops-model       |[0m 2025-08-07 17:13:19 | {
[36mmy-mlops-model       |[0m 2025-08-07 17:13:19 | num_epochs
[36mmy-mlops-model       |[0m 2025-08-07 17:13:19 | }
[36mmy-mlops-model       |[0m 2025-08-07 17:13:19 | "
[36mmy-mlops-model       |[0m 2025-08-07 17:13:19 | :
[36mmy-mlops-model       |[0m 2025-08-07 17:13:19 | '
[36mmy-mlops-model       |[0m 2025-08-07 17:13:19 | Epoch 453/500
[36mmy-mlops-model       |[0m 2025-08-07 17:13:19 | '
[36mmy-mlops-model       |[0m 2025-08-07 17:13:19 | ic
[36mmy-mlops-model       |[0m 2025-08-07 17:13:19 | |
[36mmy-mlops-model       |[0m 2025-08-07 17:13:19 | train_loss
[36mmy-mlops-model       |[0m 2025-08-07 17:13:19 | :
[36mmy-mlops-model       |[0m 2025-08-07 17:13:19 | np
[36mmy-mlops-model       |[0m 2025-08-07 17:13:19 | .
[36mmy-mlops-model       |[0m 2025-08-07 17:13:19 | float64
[36mmy-mlops-model       |[0m 2025-08-07 17:13:19 | (
[36mmy-mlops-model       |[0m 2025-08-07 17:13:19 | 1.11745564242177
[36mmy-mlops-model       |[0m 2025-08-07 17:13:19 | )
[36mmy-mlops-model       |[0m 2025-08-07 17:13:19 | val_loss
[36mmy-mlops-model       |[0m 2025-08-07 17:13:19 | :
[36mmy-mlops-model       |[0m 2025-08-07 17:13:19 | np
[36mmy-mlops-model       |[0m 2025-08-07 17:13:19 | .
[36mmy-mlops-model       |[0m 2025-08-07 17:13:19 | float64
[36mmy-mlops-model       |[0m 2025-08-07 17:13:19 | (
[36mmy-mlops-model       |[0m 2025-08-07 17:13:19 | 1.3963258354925563
[36mmy-mlops-model       |[0m 2025-08-07 17:13:19 | )
[36mmy-mlops-model       |[0m 2025-08-07 17:13:19 | val_acc
[36mmy-mlops-model       |[0m 2025-08-07 17:13:19 | :
[36mmy-mlops-model       |[0m 2025-08-07 17:13:19 | np
[36mmy-mlops-model       |[0m 2025-08-07 17:13:19 | .
[36mmy-mlops-model       |[0m 2025-08-07 17:13:19 | float64
[36mmy-mlops-model       |[0m 2025-08-07 17:13:19 | (
[36mmy-mlops-model       |[0m 2025-08-07 17:13:19 | 0.5304878048780488
[36mmy-mlops-model       |[0m 2025-08-07 17:13:19 | )
[36mmy-mlops-model       |[0m 2025-08-07 17:13:19 | test_loss
[36mmy-mlops-model       |[0m 2025-08-07 17:13:19 | :
[36mmy-mlops-model       |[0m 2025-08-07 17:13:19 | np
[36mmy-mlops-model       |[0m 2025-08-07 17:13:19 | .
[36mmy-mlops-model       |[0m 2025-08-07 17:13:19 | float64
[36mmy-mlops-model       |[0m 2025-08-07 17:13:19 | (
[36mmy-mlops-model       |[0m 2025-08-07 17:13:19 | 1.2534478429760836
[36mmy-mlops-model       |[0m 2025-08-07 17:13:19 | )
[36mmy-mlops-model       |[0m 2025-08-07 17:13:19 | test_acc
[36mmy-mlops-model       |[0m 2025-08-07 17:13:19 | :
[36mmy-mlops-model       |[0m 2025-08-07 17:13:19 | np
[36mmy-mlops-model       |[0m 2025-08-07 17:13:19 | .
[36mmy-mlops-model       |[0m 2025-08-07 17:13:19 | float64
[36mmy-mlops-model       |[0m 2025-08-07 17:13:19 | (
[36mmy-mlops-model       |[0m 2025-08-07 17:13:19 | 0.5458015267175572
[36mmy-mlops-model       |[0m 2025-08-07 17:13:19 | )
[36mmy-mlops-model       |[0m 2025-08-07 17:13:20 | Training:   0%|          | 0/66 [00:00<?, ?it/s]
[36mmy-mlops-model       |[0m 2025-08-07 17:13:20 | Training:   5%|4         | 3/66 [00:00<00:03, 19.76it/s]
[36mmy-mlops-model       |[0m 2025-08-07 17:13:20 | Training:   9%|9         | 6/66 [00:00<00:02, 21.05it/s]
[36mmy-mlops-model       |[0m 2025-08-07 17:13:20 | Training:  14%|#3        | 9/66 [00:00<00:02, 22.23it/s]
[36mmy-mlops-model       |[0m 2025-08-07 17:13:20 | Training:  20%|#9        | 13/66 [00:00<00:02, 26.31it/s]
[36mmy-mlops-model       |[0m 2025-08-07 17:13:20 | Training:  24%|##4       | 16/66 [00:00<00:01, 27.25it/s]
[36mmy-mlops-model       |[0m 2025-08-07 17:13:20 | Training:  29%|##8       | 19/66 [00:00<00:01, 26.88it/s]
[36mmy-mlops-model       |[0m 2025-08-07 17:13:21 | Training:  36%|###6      | 24/66 [00:00<00:01, 33.20it/s]
[36mmy-mlops-model       |[0m 2025-08-07 17:13:21 | Training:  42%|####2     | 28/66 [00:01<00:01, 29.90it/s]
[36mmy-mlops-model       |[0m 2025-08-07 17:13:21 | Training:  48%|####8     | 32/66 [00:01<00:01, 27.26it/s]
[36mmy-mlops-model       |[0m 2025-08-07 17:13:21 | Training:  53%|#####3    | 35/66 [00:01<00:01, 25.38it/s]
[36mmy-mlops-model       |[0m 2025-08-07 17:13:21 | Training:  58%|#####7    | 38/66 [00:01<00:01, 23.93it/s]
[36mmy-mlops-model       |[0m 2025-08-07 17:13:21 | Training:  64%|######3   | 42/66 [00:01<00:00, 27.68it/s]
[36mmy-mlops-model       |[0m 2025-08-07 17:13:21 | Training:  70%|######9   | 46/66 [00:01<00:00, 26.81it/s]
[36mmy-mlops-model       |[0m 2025-08-07 17:13:21 | Training:  76%|#######5  | 50/66 [00:01<00:00, 29.03it/s]
[36mmy-mlops-model       |[0m 2025-08-07 17:13:22 | Training:  82%|########1 | 54/66 [00:02<00:00, 27.83it/s]
[36mmy-mlops-model       |[0m 2025-08-07 17:13:22 | Training:  86%|########6 | 57/66 [00:02<00:00, 28.21it/s]
[36mmy-mlops-model       |[0m 2025-08-07 17:13:22 | Training:  92%|#########2| 61/66 [00:02<00:00, 30.34it/s]
[36mmy-mlops-model       |[0m 2025-08-07 17:13:22 | Training:  98%|#########8| 65/66 [00:02<00:00, 27.74it/s]
[36mmy-mlops-model       |[0m 2025-08-07 17:13:22 | ic
[36mmy-mlops-model       |[0m 2025-08-07 17:13:22 | |
[36mmy-mlops-model       |[0m 2025-08-07 17:13:22 | f
[36mmy-mlops-model       |[0m 2025-08-07 17:13:22 | "
[36mmy-mlops-model       |[0m 2025-08-07 17:13:22 | Epoch
[36mmy-mlops-model       |[0m 2025-08-07 17:13:22 | {
[36mmy-mlops-model       |[0m 2025-08-07 17:13:22 | epoch
[36mmy-mlops-model       |[0m 2025-08-07 17:13:22 | +
[36mmy-mlops-model       |[0m 2025-08-07 17:13:22 | 1
[36mmy-mlops-model       |[0m 2025-08-07 17:13:22 | }
[36mmy-mlops-model       |[0m 2025-08-07 17:13:22 | /
[36mmy-mlops-model       |[0m 2025-08-07 17:13:22 | {
[36mmy-mlops-model       |[0m 2025-08-07 17:13:22 | num_epochs
[36mmy-mlops-model       |[0m 2025-08-07 17:13:22 | }
[36mmy-mlops-model       |[0m 2025-08-07 17:13:22 | "
[36mmy-mlops-model       |[0m 2025-08-07 17:13:22 | :
[36mmy-mlops-model       |[0m 2025-08-07 17:13:22 | '
[36mmy-mlops-model       |[0m 2025-08-07 17:13:22 | Epoch 454/500
[36mmy-mlops-model       |[0m 2025-08-07 17:13:22 | '
[36mmy-mlops-model       |[0m 2025-08-07 17:13:22 | ic
[36mmy-mlops-model       |[0m 2025-08-07 17:13:22 | |
[36mmy-mlops-model       |[0m 2025-08-07 17:13:22 | train_loss
[36mmy-mlops-model       |[0m 2025-08-07 17:13:22 | :
[36mmy-mlops-model       |[0m 2025-08-07 17:13:22 | np
[36mmy-mlops-model       |[0m 2025-08-07 17:13:22 | .
[36mmy-mlops-model       |[0m 2025-08-07 17:13:22 | float64
[36mmy-mlops-model       |[0m 2025-08-07 17:13:22 | (
[36mmy-mlops-model       |[0m 2025-08-07 17:13:22 | 1.0436705020587227
[36mmy-mlops-model       |[0m 2025-08-07 17:13:22 | )
[36mmy-mlops-model       |[0m 2025-08-07 17:13:22 | val_loss
[36mmy-mlops-model       |[0m 2025-08-07 17:13:22 | :
[36mmy-mlops-model       |[0m 2025-08-07 17:13:22 | np
[36mmy-mlops-model       |[0m 2025-08-07 17:13:22 | .
[36mmy-mlops-model       |[0m 2025-08-07 17:13:22 | float64
[36mmy-mlops-model       |[0m 2025-08-07 17:13:22 | (
[36mmy-mlops-model       |[0m 2025-08-07 17:13:22 | 1.3933940918434713
[36mmy-mlops-model       |[0m 2025-08-07 17:13:22 | )
[36mmy-mlops-model       |[0m 2025-08-07 17:13:22 | val_acc
[36mmy-mlops-model       |[0m 2025-08-07 17:13:22 | :
[36mmy-mlops-model       |[0m 2025-08-07 17:13:22 | np
[36mmy-mlops-model       |[0m 2025-08-07 17:13:22 | .
[36mmy-mlops-model       |[0m 2025-08-07 17:13:22 | float64
[36mmy-mlops-model       |[0m 2025-08-07 17:13:22 | (
[36mmy-mlops-model       |[0m 2025-08-07 17:13:22 | 0.5335365853658537
[36mmy-mlops-model       |[0m 2025-08-07 17:13:22 | )
[36mmy-mlops-model       |[0m 2025-08-07 17:13:22 | test_loss
[36mmy-mlops-model       |[0m 2025-08-07 17:13:22 | :
[36mmy-mlops-model       |[0m 2025-08-07 17:13:22 | np
[36mmy-mlops-model       |[0m 2025-08-07 17:13:22 | .
[36mmy-mlops-model       |[0m 2025-08-07 17:13:22 | float64
[36mmy-mlops-model       |[0m 2025-08-07 17:13:22 | (
[36mmy-mlops-model       |[0m 2025-08-07 17:13:22 | 1.2508239718917498
[36mmy-mlops-model       |[0m 2025-08-07 17:13:22 | )
[36mmy-mlops-model       |[0m 2025-08-07 17:13:22 | test_acc
[36mmy-mlops-model       |[0m 2025-08-07 17:13:22 | :
[36mmy-mlops-model       |[0m 2025-08-07 17:13:22 | np
[36mmy-mlops-model       |[0m 2025-08-07 17:13:22 | .
[36mmy-mlops-model       |[0m 2025-08-07 17:13:22 | float64
[36mmy-mlops-model       |[0m 2025-08-07 17:13:22 | (
[36mmy-mlops-model       |[0m 2025-08-07 17:13:22 | 0.549618320610687
[36mmy-mlops-model       |[0m 2025-08-07 17:13:22 | )
[36mmy-mlops-model       |[0m 2025-08-07 17:13:23 | Training:   0%|          | 0/66 [00:00<?, ?it/s]
[36mmy-mlops-model       |[0m 2025-08-07 17:13:23 | Training:   5%|4         | 3/66 [00:00<00:02, 28.22it/s]
[36mmy-mlops-model       |[0m 2025-08-07 17:13:23 | Training:  12%|#2        | 8/66 [00:00<00:01, 39.84it/s]
[36mmy-mlops-model       |[0m 2025-08-07 17:13:23 | Training:  18%|#8        | 12/66 [00:00<00:01, 29.63it/s]
[36mmy-mlops-model       |[0m 2025-08-07 17:13:23 | Training:  24%|##4       | 16/66 [00:00<00:01, 25.89it/s]
