Attaching to my-mlops-model
[36mmy-mlops-model       |[0m 2025-08-07 11:07:55 | }
[36mmy-mlops-model       |[0m 2025-08-07 11:07:55 | "
[36mmy-mlops-model       |[0m 2025-08-07 11:07:55 | :
[36mmy-mlops-model       |[0m 2025-08-07 11:07:55 | '
[36mmy-mlops-model       |[0m 2025-08-07 11:07:55 | Epoch 138/500
[36mmy-mlops-model       |[0m 2025-08-07 11:07:55 | '
[36mmy-mlops-model       |[0m 2025-08-07 11:07:55 | ic
[36mmy-mlops-model       |[0m 2025-08-07 11:07:55 | |
[36mmy-mlops-model       |[0m 2025-08-07 11:07:55 | train_loss
[36mmy-mlops-model       |[0m 2025-08-07 11:07:55 | :
[36mmy-mlops-model       |[0m 2025-08-07 11:07:55 | np
[36mmy-mlops-model       |[0m 2025-08-07 11:07:55 | .
[36mmy-mlops-model       |[0m 2025-08-07 11:07:55 | float64
[36mmy-mlops-model       |[0m 2025-08-07 11:07:55 | (
[36mmy-mlops-model       |[0m 2025-08-07 11:07:55 | 1.4289516226687697
[36mmy-mlops-model       |[0m 2025-08-07 11:07:55 | )
[36mmy-mlops-model       |[0m 2025-08-07 11:07:55 | val_loss
[36mmy-mlops-model       |[0m 2025-08-07 11:07:55 | :
[36mmy-mlops-model       |[0m 2025-08-07 11:07:55 | np
[36mmy-mlops-model       |[0m 2025-08-07 11:07:55 | .
[36mmy-mlops-model       |[0m 2025-08-07 11:07:55 | float64
[36mmy-mlops-model       |[0m 2025-08-07 11:07:55 | (
[36mmy-mlops-model       |[0m 2025-08-07 11:07:55 | 1.5509238279982691
[36mmy-mlops-model       |[0m 2025-08-07 11:07:55 | )
[36mmy-mlops-model       |[0m 2025-08-07 11:07:55 | val_acc
[36mmy-mlops-model       |[0m 2025-08-07 11:07:55 | :
[36mmy-mlops-model       |[0m 2025-08-07 11:07:55 | np
[36mmy-mlops-model       |[0m 2025-08-07 11:07:55 | .
[36mmy-mlops-model       |[0m 2025-08-07 11:07:55 | float64
[36mmy-mlops-model       |[0m 2025-08-07 11:07:55 | (
[36mmy-mlops-model       |[0m 2025-08-07 11:07:55 | 0.47003154574132494
[36mmy-mlops-model       |[0m 2025-08-07 11:07:55 | )
[36mmy-mlops-model       |[0m 2025-08-07 11:07:55 | test_loss
[36mmy-mlops-model       |[0m 2025-08-07 11:07:55 | :
[36mmy-mlops-model       |[0m 2025-08-07 11:07:55 | np
[36mmy-mlops-model       |[0m 2025-08-07 11:07:55 | .
[36mmy-mlops-model       |[0m 2025-08-07 11:07:55 | float64
[36mmy-mlops-model       |[0m 2025-08-07 11:07:55 | (
[36mmy-mlops-model       |[0m 2025-08-07 11:07:55 | 1.585489717064812
[36mmy-mlops-model       |[0m 2025-08-07 11:07:55 | )
[36mmy-mlops-model       |[0m 2025-08-07 11:07:55 | test_acc
[36mmy-mlops-model       |[0m 2025-08-07 11:07:55 | :
[36mmy-mlops-model       |[0m 2025-08-07 11:07:55 | np
[36mmy-mlops-model       |[0m 2025-08-07 11:07:55 | .
[36mmy-mlops-model       |[0m 2025-08-07 11:07:55 | float64
[36mmy-mlops-model       |[0m 2025-08-07 11:07:55 | (
[36mmy-mlops-model       |[0m 2025-08-07 11:07:55 | 0.452755905511811
[36mmy-mlops-model       |[0m 2025-08-07 11:07:55 | )
[36mmy-mlops-model       |[0m 2025-08-07 11:07:55 | Training:   0%|          | 0/64 [00:00<?, ?it/s]
[36mmy-mlops-model       |[0m 2025-08-07 11:07:55 | ic
[36mmy-mlops-model       |[0m 2025-08-07 11:07:55 | |
[36mmy-mlops-model       |[0m 2025-08-07 11:07:55 | f
[36mmy-mlops-model       |[0m 2025-08-07 11:07:55 | "
[36mmy-mlops-model       |[0m 2025-08-07 11:07:55 | Epoch
[36mmy-mlops-model       |[0m 2025-08-07 11:07:55 | {
[36mmy-mlops-model       |[0m 2025-08-07 11:07:55 | epoch
[36mmy-mlops-model       |[0m 2025-08-07 11:07:55 | +
[36mmy-mlops-model       |[0m 2025-08-07 11:07:55 | 1
[36mmy-mlops-model       |[0m 2025-08-07 11:07:55 | }
[36mmy-mlops-model       |[0m 2025-08-07 11:07:55 | /
[36mmy-mlops-model       |[0m 2025-08-07 11:07:55 | {
[36mmy-mlops-model       |[0m 2025-08-07 11:07:55 | num_epochs
[36mmy-mlops-model       |[0m 2025-08-07 11:07:55 | }
[36mmy-mlops-model       |[0m 2025-08-07 11:07:55 | "
[36mmy-mlops-model       |[0m 2025-08-07 11:07:55 | :
[36mmy-mlops-model       |[0m 2025-08-07 11:07:55 | '
[36mmy-mlops-model       |[0m 2025-08-07 11:07:55 | Epoch 139/500
[36mmy-mlops-model       |[0m 2025-08-07 11:07:55 | '
[36mmy-mlops-model       |[0m 2025-08-07 11:07:55 | ic
[36mmy-mlops-model       |[0m 2025-08-07 11:07:55 | |
[36mmy-mlops-model       |[0m 2025-08-07 11:07:55 | train_loss
[36mmy-mlops-model       |[0m 2025-08-07 11:07:55 | :
[36mmy-mlops-model       |[0m 2025-08-07 11:07:55 | np
[36mmy-mlops-model       |[0m 2025-08-07 11:07:55 | .
[36mmy-mlops-model       |[0m 2025-08-07 11:07:55 | float64
[36mmy-mlops-model       |[0m 2025-08-07 11:07:55 | (
[36mmy-mlops-model       |[0m 2025-08-07 11:07:55 | 1.4413152218083083
[36mmy-mlops-model       |[0m 2025-08-07 11:07:55 | )
[36mmy-mlops-model       |[0m 2025-08-07 11:07:55 | val_loss
[36mmy-mlops-model       |[0m 2025-08-07 11:07:55 | :
[36mmy-mlops-model       |[0m 2025-08-07 11:07:55 | np
[36mmy-mlops-model       |[0m 2025-08-07 11:07:55 | .
[36mmy-mlops-model       |[0m 2025-08-07 11:07:55 | float64
[36mmy-mlops-model       |[0m 2025-08-07 11:07:55 | (
[36mmy-mlops-model       |[0m 2025-08-07 11:07:55 | 1.5495736201431098
[36mmy-mlops-model       |[0m 2025-08-07 11:07:55 | )
[36mmy-mlops-model       |[0m 2025-08-07 11:07:55 | val_acc
[36mmy-mlops-model       |[0m 2025-08-07 11:07:55 | :
[36mmy-mlops-model       |[0m 2025-08-07 11:07:55 | np
[36mmy-mlops-model       |[0m 2025-08-07 11:07:55 | .
[36mmy-mlops-model       |[0m 2025-08-07 11:07:55 | float64
[36mmy-mlops-model       |[0m 2025-08-07 11:07:55 | (
[36mmy-mlops-model       |[0m 2025-08-07 11:07:55 | 0.47318611987381703
[36mmy-mlops-model       |[0m 2025-08-07 11:07:55 | )
[36mmy-mlops-model       |[0m 2025-08-07 11:07:55 | test_loss
[36mmy-mlops-model       |[0m 2025-08-07 11:07:55 | :
[36mmy-mlops-model       |[0m 2025-08-07 11:07:55 | np
[36mmy-mlops-model       |[0m 2025-08-07 11:07:55 | .
[36mmy-mlops-model       |[0m 2025-08-07 11:07:55 | float64
[36mmy-mlops-model       |[0m 2025-08-07 11:07:55 | (
[36mmy-mlops-model       |[0m 2025-08-07 11:07:55 | 1.5844659444879594
[36mmy-mlops-model       |[0m 2025-08-07 11:07:55 | )
[36mmy-mlops-model       |[0m 2025-08-07 11:07:55 | test_acc
[36mmy-mlops-model       |[0m 2025-08-07 11:07:55 | :
[36mmy-mlops-model       |[0m 2025-08-07 11:07:55 | np
[36mmy-mlops-model       |[0m 2025-08-07 11:07:55 | .
[36mmy-mlops-model       |[0m 2025-08-07 11:07:55 | float64
[36mmy-mlops-model       |[0m 2025-08-07 11:07:55 | (
[36mmy-mlops-model       |[0m 2025-08-07 11:07:55 | 0.4448818897637795
[36mmy-mlops-model       |[0m 2025-08-07 11:07:55 | )
[36mmy-mlops-model       |[0m 2025-08-07 11:07:55 | Training:   0%|          | 0/64 [00:00<?, ?it/s]
[36mmy-mlops-model       |[0m 2025-08-07 11:07:55 | ic
[36mmy-mlops-model       |[0m 2025-08-07 11:07:55 | |
[36mmy-mlops-model       |[0m 2025-08-07 11:07:55 | f
[36mmy-mlops-model       |[0m 2025-08-07 11:07:55 | "
[36mmy-mlops-model       |[0m 2025-08-07 11:07:55 | Epoch
[36mmy-mlops-model       |[0m 2025-08-07 11:07:55 | {
[36mmy-mlops-model       |[0m 2025-08-07 11:07:55 | epoch
[36mmy-mlops-model       |[0m 2025-08-07 11:07:55 | +
[36mmy-mlops-model       |[0m 2025-08-07 11:07:55 | 1
[36mmy-mlops-model       |[0m 2025-08-07 11:07:55 | }
[36mmy-mlops-model       |[0m 2025-08-07 11:07:55 | /
[36mmy-mlops-model       |[0m 2025-08-07 11:07:55 | {
[36mmy-mlops-model       |[0m 2025-08-07 11:07:55 | num_epochs
[36mmy-mlops-model       |[0m 2025-08-07 11:07:55 | }
[36mmy-mlops-model       |[0m 2025-08-07 11:07:55 | "
[36mmy-mlops-model       |[0m 2025-08-07 11:07:55 | :
[36mmy-mlops-model       |[0m 2025-08-07 11:07:55 | '
[36mmy-mlops-model       |[0m 2025-08-07 11:07:55 | Epoch 140/500
[36mmy-mlops-model       |[0m 2025-08-07 11:07:55 | '
[36mmy-mlops-model       |[0m 2025-08-07 11:07:55 | ic
[36mmy-mlops-model       |[0m 2025-08-07 11:07:55 | |
[36mmy-mlops-model       |[0m 2025-08-07 11:07:55 | train_loss
[36mmy-mlops-model       |[0m 2025-08-07 11:07:55 | :
[36mmy-mlops-model       |[0m 2025-08-07 11:07:55 | np
[36mmy-mlops-model       |[0m 2025-08-07 11:07:55 | .
[36mmy-mlops-model       |[0m 2025-08-07 11:07:55 | float64
[36mmy-mlops-model       |[0m 2025-08-07 11:07:55 | (
[36mmy-mlops-model       |[0m 2025-08-07 11:07:55 | 1.459505818990321
[36mmy-mlops-model       |[0m 2025-08-07 11:07:55 | )
[36mmy-mlops-model       |[0m 2025-08-07 11:07:55 | val_loss
[36mmy-mlops-model       |[0m 2025-08-07 11:07:55 | :
[36mmy-mlops-model       |[0m 2025-08-07 11:07:55 | np
[36mmy-mlops-model       |[0m 2025-08-07 11:07:55 | .
[36mmy-mlops-model       |[0m 2025-08-07 11:07:55 | float64
[36mmy-mlops-model       |[0m 2025-08-07 11:07:55 | (
[36mmy-mlops-model       |[0m 2025-08-07 11:07:55 | 1.5469748858394157
[36mmy-mlops-model       |[0m 2025-08-07 11:07:55 | )
[36mmy-mlops-model       |[0m 2025-08-07 11:07:55 | val_acc
[36mmy-mlops-model       |[0m 2025-08-07 11:07:55 | :
[36mmy-mlops-model       |[0m 2025-08-07 11:07:55 | np
[36mmy-mlops-model       |[0m 2025-08-07 11:07:55 | .
[36mmy-mlops-model       |[0m 2025-08-07 11:07:55 | float64
[36mmy-mlops-model       |[0m 2025-08-07 11:07:55 | (
[36mmy-mlops-model       |[0m 2025-08-07 11:07:55 | 0.47318611987381703
[36mmy-mlops-model       |[0m 2025-08-07 11:07:55 | )
[36mmy-mlops-model       |[0m 2025-08-07 11:07:55 | test_loss
[36mmy-mlops-model       |[0m 2025-08-07 11:07:55 | :
[36mmy-mlops-model       |[0m 2025-08-07 11:07:55 | np
[36mmy-mlops-model       |[0m 2025-08-07 11:07:55 | .
[36mmy-mlops-model       |[0m 2025-08-07 11:07:55 | float64
[36mmy-mlops-model       |[0m 2025-08-07 11:07:55 | (
[36mmy-mlops-model       |[0m 2025-08-07 11:07:55 | 1.58066480294789
[36mmy-mlops-model       |[0m 2025-08-07 11:07:55 | )
[36mmy-mlops-model       |[0m 2025-08-07 11:07:55 | test_acc
[36mmy-mlops-model       |[0m 2025-08-07 11:07:55 | :
[36mmy-mlops-model       |[0m 2025-08-07 11:07:55 | np
[36mmy-mlops-model       |[0m 2025-08-07 11:07:55 | .
[36mmy-mlops-model       |[0m 2025-08-07 11:07:55 | float64
[36mmy-mlops-model       |[0m 2025-08-07 11:07:55 | (
[36mmy-mlops-model       |[0m 2025-08-07 11:07:55 | 0.44881889763779526
[36mmy-mlops-model       |[0m 2025-08-07 11:07:55 | )
[36mmy-mlops-model       |[0m 2025-08-07 11:07:55 | Training:   0%|          | 0/64 [00:00<?, ?it/s]
[36mmy-mlops-model       |[0m 2025-08-07 11:07:55 | Training:  77%|#######6  | 49/64 [00:00<00:00, 488.54it/s]
[36mmy-mlops-model       |[0m 2025-08-07 11:07:55 | ic
[36mmy-mlops-model       |[0m 2025-08-07 11:07:55 | |
[36mmy-mlops-model       |[0m 2025-08-07 11:07:55 | f
[36mmy-mlops-model       |[0m 2025-08-07 11:07:55 | "
[36mmy-mlops-model       |[0m 2025-08-07 11:07:55 | Epoch
[36mmy-mlops-model       |[0m 2025-08-07 11:07:55 | {
[36mmy-mlops-model       |[0m 2025-08-07 11:07:55 | epoch
[36mmy-mlops-model       |[0m 2025-08-07 11:07:55 | +
[36mmy-mlops-model       |[0m 2025-08-07 11:07:55 | 1
[36mmy-mlops-model       |[0m 2025-08-07 11:07:55 | }
[36mmy-mlops-model       |[0m 2025-08-07 11:07:55 | /
[36mmy-mlops-model       |[0m 2025-08-07 11:07:55 | {
[36mmy-mlops-model       |[0m 2025-08-07 11:07:55 | num_epochs
[36mmy-mlops-model       |[0m 2025-08-07 11:07:55 | }
[36mmy-mlops-model       |[0m 2025-08-07 11:07:55 | "
[36mmy-mlops-model       |[0m 2025-08-07 11:07:55 | :
[36mmy-mlops-model       |[0m 2025-08-07 11:07:55 | '
[36mmy-mlops-model       |[0m 2025-08-07 11:07:55 | Epoch 141/500
[36mmy-mlops-model       |[0m 2025-08-07 11:07:55 | '
[36mmy-mlops-model       |[0m 2025-08-07 11:07:55 | ic
[36mmy-mlops-model       |[0m 2025-08-07 11:07:55 | |
[36mmy-mlops-model       |[0m 2025-08-07 11:07:55 | train_loss
[36mmy-mlops-model       |[0m 2025-08-07 11:07:55 | :
[36mmy-mlops-model       |[0m 2025-08-07 11:07:55 | np
[36mmy-mlops-model       |[0m 2025-08-07 11:07:55 | .
[36mmy-mlops-model       |[0m 2025-08-07 11:07:55 | float64
[36mmy-mlops-model       |[0m 2025-08-07 11:07:55 | (
[36mmy-mlops-model       |[0m 2025-08-07 11:07:55 | 1.4214698181122214
[36mmy-mlops-model       |[0m 2025-08-07 11:07:55 | )
[36mmy-mlops-model       |[0m 2025-08-07 11:07:55 | val_loss
[36mmy-mlops-model       |[0m 2025-08-07 11:07:55 | :
[36mmy-mlops-model       |[0m 2025-08-07 11:07:55 | np
[36mmy-mlops-model       |[0m 2025-08-07 11:07:55 | .
[36mmy-mlops-model       |[0m 2025-08-07 11:07:55 | float64
[36mmy-mlops-model       |[0m 2025-08-07 11:07:55 | (
[36mmy-mlops-model       |[0m 2025-08-07 11:07:55 | 1.5438939816636124
[36mmy-mlops-model       |[0m 2025-08-07 11:07:55 | )
[36mmy-mlops-model       |[0m 2025-08-07 11:07:55 | val_acc
[36mmy-mlops-model       |[0m 2025-08-07 11:07:55 | :
[36mmy-mlops-model       |[0m 2025-08-07 11:07:55 | np
[36mmy-mlops-model       |[0m 2025-08-07 11:07:55 | .
[36mmy-mlops-model       |[0m 2025-08-07 11:07:55 | float64
[36mmy-mlops-model       |[0m 2025-08-07 11:07:55 | (
[36mmy-mlops-model       |[0m 2025-08-07 11:07:55 | 0.47634069400630913
[36mmy-mlops-model       |[0m 2025-08-07 11:07:55 | )
[36mmy-mlops-model       |[0m 2025-08-07 11:07:55 | test_loss
[36mmy-mlops-model       |[0m 2025-08-07 11:07:55 | :
[36mmy-mlops-model       |[0m 2025-08-07 11:07:55 | np
[36mmy-mlops-model       |[0m 2025-08-07 11:07:55 | .
[36mmy-mlops-model       |[0m 2025-08-07 11:07:55 | float64
[36mmy-mlops-model       |[0m 2025-08-07 11:07:55 | (
[36mmy-mlops-model       |[0m 2025-08-07 11:07:55 | 1.5771884789998063
[36mmy-mlops-model       |[0m 2025-08-07 11:07:55 | )
[36mmy-mlops-model       |[0m 2025-08-07 11:07:55 | test_acc
[36mmy-mlops-model       |[0m 2025-08-07 11:07:55 | :
[36mmy-mlops-model       |[0m 2025-08-07 11:07:55 | np
[36mmy-mlops-model       |[0m 2025-08-07 11:07:55 | .
[36mmy-mlops-model       |[0m 2025-08-07 11:07:55 | float64
[36mmy-mlops-model       |[0m 2025-08-07 11:07:55 | (
[36mmy-mlops-model       |[0m 2025-08-07 11:07:55 | 0.46062992125984253
[36mmy-mlops-model       |[0m 2025-08-07 11:07:55 | )
[36mmy-mlops-model       |[0m 2025-08-07 11:07:55 | Training:   0%|          | 0/64 [00:00<?, ?it/s]
[36mmy-mlops-model       |[0m 2025-08-07 11:07:56 | Training:  61%|######    | 39/64 [00:00<00:00, 385.91it/s]
[36mmy-mlops-model       |[0m 2025-08-07 11:07:56 | ic
[36mmy-mlops-model       |[0m 2025-08-07 11:07:56 | |
[36mmy-mlops-model       |[0m 2025-08-07 11:07:56 | f
[36mmy-mlops-model       |[0m 2025-08-07 11:07:56 | "
[36mmy-mlops-model       |[0m 2025-08-07 11:07:56 | Epoch
[36mmy-mlops-model       |[0m 2025-08-07 11:07:56 | {
[36mmy-mlops-model       |[0m 2025-08-07 11:07:56 | epoch
[36mmy-mlops-model       |[0m 2025-08-07 11:07:56 | +
[36mmy-mlops-model       |[0m 2025-08-07 11:07:56 | 1
[36mmy-mlops-model       |[0m 2025-08-07 11:07:56 | }
[36mmy-mlops-model       |[0m 2025-08-07 11:07:56 | /
[36mmy-mlops-model       |[0m 2025-08-07 11:07:56 | {
[36mmy-mlops-model       |[0m 2025-08-07 11:07:56 | num_epochs
[36mmy-mlops-model       |[0m 2025-08-07 11:07:56 | }
[36mmy-mlops-model       |[0m 2025-08-07 11:07:56 | "
[36mmy-mlops-model       |[0m 2025-08-07 11:07:56 | :
[36mmy-mlops-model       |[0m 2025-08-07 11:07:56 | '
[36mmy-mlops-model       |[0m 2025-08-07 11:07:56 | Epoch 142/500
[36mmy-mlops-model       |[0m 2025-08-07 11:07:56 | '
[36mmy-mlops-model       |[0m 2025-08-07 11:07:56 | ic
[36mmy-mlops-model       |[0m 2025-08-07 11:07:56 | |
[36mmy-mlops-model       |[0m 2025-08-07 11:07:56 | train_loss
[36mmy-mlops-model       |[0m 2025-08-07 11:07:56 | :
[36mmy-mlops-model       |[0m 2025-08-07 11:07:56 | np
[36mmy-mlops-model       |[0m 2025-08-07 11:07:56 | .
[36mmy-mlops-model       |[0m 2025-08-07 11:07:56 | float64
[36mmy-mlops-model       |[0m 2025-08-07 11:07:56 | (
[36mmy-mlops-model       |[0m 2025-08-07 11:07:56 | 1.4147078372570465
[36mmy-mlops-model       |[0m 2025-08-07 11:07:56 | )
[36mmy-mlops-model       |[0m 2025-08-07 11:07:56 | val_loss
[36mmy-mlops-model       |[0m 2025-08-07 11:07:56 | :
[36mmy-mlops-model       |[0m 2025-08-07 11:07:56 | np
[36mmy-mlops-model       |[0m 2025-08-07 11:07:56 | .
[36mmy-mlops-model       |[0m 2025-08-07 11:07:56 | float64
[36mmy-mlops-model       |[0m 2025-08-07 11:07:56 | (
[36mmy-mlops-model       |[0m 2025-08-07 11:07:56 | 1.5418970054701988
[36mmy-mlops-model       |[0m 2025-08-07 11:07:56 | )
[36mmy-mlops-model       |[0m 2025-08-07 11:07:56 | val_acc
[36mmy-mlops-model       |[0m 2025-08-07 11:07:56 | :
[36mmy-mlops-model       |[0m 2025-08-07 11:07:56 | np
[36mmy-mlops-model       |[0m 2025-08-07 11:07:56 | .
[36mmy-mlops-model       |[0m 2025-08-07 11:07:56 | float64
[36mmy-mlops-model       |[0m 2025-08-07 11:07:56 | (
[36mmy-mlops-model       |[0m 2025-08-07 11:07:56 | 0.47634069400630913
[36mmy-mlops-model       |[0m 2025-08-07 11:07:56 | )
[36mmy-mlops-model       |[0m 2025-08-07 11:07:56 | test_loss
[36mmy-mlops-model       |[0m 2025-08-07 11:07:56 | :
[36mmy-mlops-model       |[0m 2025-08-07 11:07:56 | np
[36mmy-mlops-model       |[0m 2025-08-07 11:07:56 | .
[36mmy-mlops-model       |[0m 2025-08-07 11:07:56 | float64
[36mmy-mlops-model       |[0m 2025-08-07 11:07:56 | (
[36mmy-mlops-model       |[0m 2025-08-07 11:07:56 | 1.5756458127521293
[36mmy-mlops-model       |[0m 2025-08-07 11:07:56 | )
[36mmy-mlops-model       |[0m 2025-08-07 11:07:56 | test_acc
[36mmy-mlops-model       |[0m 2025-08-07 11:07:56 | :
[36mmy-mlops-model       |[0m 2025-08-07 11:07:56 | np
[36mmy-mlops-model       |[0m 2025-08-07 11:07:56 | .
[36mmy-mlops-model       |[0m 2025-08-07 11:07:56 | float64
[36mmy-mlops-model       |[0m 2025-08-07 11:07:56 | (
[36mmy-mlops-model       |[0m 2025-08-07 11:07:56 | 0.4566929133858268
[36mmy-mlops-model       |[0m 2025-08-07 11:07:56 | )
[36mmy-mlops-model       |[0m 2025-08-07 11:07:56 | Training:   0%|          | 0/64 [00:00<?, ?it/s]
[36mmy-mlops-model       |[0m 2025-08-07 11:07:56 | Training:  58%|#####7    | 37/64 [00:00<00:00, 354.07it/s]
[36mmy-mlops-model       |[0m 2025-08-07 11:07:56 | ic
[36mmy-mlops-model       |[0m 2025-08-07 11:07:56 | |
[36mmy-mlops-model       |[0m 2025-08-07 11:07:56 | f
[36mmy-mlops-model       |[0m 2025-08-07 11:07:56 | "
[36mmy-mlops-model       |[0m 2025-08-07 11:07:56 | Epoch
[36mmy-mlops-model       |[0m 2025-08-07 11:07:56 | {
[36mmy-mlops-model       |[0m 2025-08-07 11:07:56 | epoch
[36mmy-mlops-model       |[0m 2025-08-07 11:07:56 | +
[36mmy-mlops-model       |[0m 2025-08-07 11:07:56 | 1
[36mmy-mlops-model       |[0m 2025-08-07 11:07:56 | }
[36mmy-mlops-model       |[0m 2025-08-07 11:07:56 | /
[36mmy-mlops-model       |[0m 2025-08-07 11:07:56 | {
[36mmy-mlops-model       |[0m 2025-08-07 11:07:56 | num_epochs
[36mmy-mlops-model       |[0m 2025-08-07 11:07:56 | }
[36mmy-mlops-model       |[0m 2025-08-07 11:07:56 | "
[36mmy-mlops-model       |[0m 2025-08-07 11:07:56 | :
[36mmy-mlops-model       |[0m 2025-08-07 11:07:56 | '
[36mmy-mlops-model       |[0m 2025-08-07 11:07:56 | Epoch 143/500
[36mmy-mlops-model       |[0m 2025-08-07 11:07:56 | '
[36mmy-mlops-model       |[0m 2025-08-07 11:07:56 | ic
[36mmy-mlops-model       |[0m 2025-08-07 11:07:56 | |
[36mmy-mlops-model       |[0m 2025-08-07 11:07:56 | train_loss
[36mmy-mlops-model       |[0m 2025-08-07 11:07:56 | :
[36mmy-mlops-model       |[0m 2025-08-07 11:07:56 | np
[36mmy-mlops-model       |[0m 2025-08-07 11:07:56 | .
[36mmy-mlops-model       |[0m 2025-08-07 11:07:56 | float64
[36mmy-mlops-model       |[0m 2025-08-07 11:07:56 | (
[36mmy-mlops-model       |[0m 2025-08-07 11:07:56 | 1.3925339390949933
[36mmy-mlops-model       |[0m 2025-08-07 11:07:56 | )
[36mmy-mlops-model       |[0m 2025-08-07 11:07:56 | val_loss
[36mmy-mlops-model       |[0m 2025-08-07 11:07:56 | :
[36mmy-mlops-model       |[0m 2025-08-07 11:07:56 | np
[36mmy-mlops-model       |[0m 2025-08-07 11:07:56 | .
[36mmy-mlops-model       |[0m 2025-08-07 11:07:56 | float64
[36mmy-mlops-model       |[0m 2025-08-07 11:07:56 | (
[36mmy-mlops-model       |[0m 2025-08-07 11:07:56 | 1.5395107745501446
[36mmy-mlops-model       |[0m 2025-08-07 11:07:56 | )
[36mmy-mlops-model       |[0m 2025-08-07 11:07:56 | val_acc
[36mmy-mlops-model       |[0m 2025-08-07 11:07:56 | :
[36mmy-mlops-model       |[0m 2025-08-07 11:07:56 | np
[36mmy-mlops-model       |[0m 2025-08-07 11:07:56 | .
[36mmy-mlops-model       |[0m 2025-08-07 11:07:56 | float64
[36mmy-mlops-model       |[0m 2025-08-07 11:07:56 | (
[36mmy-mlops-model       |[0m 2025-08-07 11:07:56 | 0.48264984227129337
[36mmy-mlops-model       |[0m 2025-08-07 11:07:56 | )
[36mmy-mlops-model       |[0m 2025-08-07 11:07:56 | test_loss
[36mmy-mlops-model       |[0m 2025-08-07 11:07:56 | :
[36mmy-mlops-model       |[0m 2025-08-07 11:07:56 | np
[36mmy-mlops-model       |[0m 2025-08-07 11:07:56 | .
[36mmy-mlops-model       |[0m 2025-08-07 11:07:56 | float64
[36mmy-mlops-model       |[0m 2025-08-07 11:07:56 | (
[36mmy-mlops-model       |[0m 2025-08-07 11:07:56 | 1.5713539172000088
[36mmy-mlops-model       |[0m 2025-08-07 11:07:56 | )
[36mmy-mlops-model       |[0m 2025-08-07 11:07:56 | test_acc
[36mmy-mlops-model       |[0m 2025-08-07 11:07:56 | :
[36mmy-mlops-model       |[0m 2025-08-07 11:07:56 | np
[36mmy-mlops-model       |[0m 2025-08-07 11:07:56 | .
[36mmy-mlops-model       |[0m 2025-08-07 11:07:56 | float64
[36mmy-mlops-model       |[0m 2025-08-07 11:07:56 | (
[36mmy-mlops-model       |[0m 2025-08-07 11:07:56 | 0.452755905511811
[36mmy-mlops-model       |[0m 2025-08-07 11:07:56 | )
[36mmy-mlops-model       |[0m 2025-08-07 11:07:56 | Training:   0%|          | 0/64 [00:00<?, ?it/s]
[36mmy-mlops-model       |[0m 2025-08-07 11:07:57 | ic
[36mmy-mlops-model       |[0m 2025-08-07 11:07:57 | |
[36mmy-mlops-model       |[0m 2025-08-07 11:07:57 | f
[36mmy-mlops-model       |[0m 2025-08-07 11:07:57 | "
[36mmy-mlops-model       |[0m 2025-08-07 11:07:57 | Epoch
[36mmy-mlops-model       |[0m 2025-08-07 11:07:57 | {
[36mmy-mlops-model       |[0m 2025-08-07 11:07:57 | epoch
[36mmy-mlops-model       |[0m 2025-08-07 11:07:57 | +
[36mmy-mlops-model       |[0m 2025-08-07 11:07:57 | 1
[36mmy-mlops-model       |[0m 2025-08-07 11:07:57 | }
[36mmy-mlops-model       |[0m 2025-08-07 11:07:57 | /
[36mmy-mlops-model       |[0m 2025-08-07 11:07:57 | {
[36mmy-mlops-model       |[0m 2025-08-07 11:07:57 | num_epochs
[36mmy-mlops-model       |[0m 2025-08-07 11:07:57 | }
[36mmy-mlops-model       |[0m 2025-08-07 11:07:57 | "
[36mmy-mlops-model       |[0m 2025-08-07 11:07:57 | :
[36mmy-mlops-model       |[0m 2025-08-07 11:07:57 | '
[36mmy-mlops-model       |[0m 2025-08-07 11:07:57 | Epoch 144/500
[36mmy-mlops-model       |[0m 2025-08-07 11:07:57 | '
[36mmy-mlops-model       |[0m 2025-08-07 11:07:57 | ic
[36mmy-mlops-model       |[0m 2025-08-07 11:07:57 | |
[36mmy-mlops-model       |[0m 2025-08-07 11:07:57 | train_loss
[36mmy-mlops-model       |[0m 2025-08-07 11:07:57 | :
[36mmy-mlops-model       |[0m 2025-08-07 11:07:57 | np
[36mmy-mlops-model       |[0m 2025-08-07 11:07:57 | .
[36mmy-mlops-model       |[0m 2025-08-07 11:07:57 | float64
[36mmy-mlops-model       |[0m 2025-08-07 11:07:57 | (
[36mmy-mlops-model       |[0m 2025-08-07 11:07:57 | 1.4233468917363463
[36mmy-mlops-model       |[0m 2025-08-07 11:07:57 | )
[36mmy-mlops-model       |[0m 2025-08-07 11:07:57 | val_loss
[36mmy-mlops-model       |[0m 2025-08-07 11:07:57 | :
[36mmy-mlops-model       |[0m 2025-08-07 11:07:57 | np
[36mmy-mlops-model       |[0m 2025-08-07 11:07:57 | .
[36mmy-mlops-model       |[0m 2025-08-07 11:07:57 | float64
[36mmy-mlops-model       |[0m 2025-08-07 11:07:57 | (
[36mmy-mlops-model       |[0m 2025-08-07 11:07:57 | 1.536112251171588
[36mmy-mlops-model       |[0m 2025-08-07 11:07:57 | )
[36mmy-mlops-model       |[0m 2025-08-07 11:07:57 | val_acc
[36mmy-mlops-model       |[0m 2025-08-07 11:07:57 | :
[36mmy-mlops-model       |[0m 2025-08-07 11:07:57 | np
[36mmy-mlops-model       |[0m 2025-08-07 11:07:57 | .
[36mmy-mlops-model       |[0m 2025-08-07 11:07:57 | float64
[36mmy-mlops-model       |[0m 2025-08-07 11:07:57 | (
[36mmy-mlops-model       |[0m 2025-08-07 11:07:57 | 0.4889589905362776
[36mmy-mlops-model       |[0m 2025-08-07 11:07:57 | )
[36mmy-mlops-model       |[0m 2025-08-07 11:07:57 | test_loss
[36mmy-mlops-model       |[0m 2025-08-07 11:07:57 | :
[36mmy-mlops-model       |[0m 2025-08-07 11:07:57 | np
[36mmy-mlops-model       |[0m 2025-08-07 11:07:57 | .
[36mmy-mlops-model       |[0m 2025-08-07 11:07:57 | float64
[36mmy-mlops-model       |[0m 2025-08-07 11:07:57 | (
[36mmy-mlops-model       |[0m 2025-08-07 11:07:57 | 1.5673056544874067
[36mmy-mlops-model       |[0m 2025-08-07 11:07:57 | )
[36mmy-mlops-model       |[0m 2025-08-07 11:07:57 | test_acc
[36mmy-mlops-model       |[0m 2025-08-07 11:07:57 | :
[36mmy-mlops-model       |[0m 2025-08-07 11:07:57 | np
[36mmy-mlops-model       |[0m 2025-08-07 11:07:57 | .
[36mmy-mlops-model       |[0m 2025-08-07 11:07:57 | float64
[36mmy-mlops-model       |[0m 2025-08-07 11:07:57 | (
[36mmy-mlops-model       |[0m 2025-08-07 11:07:57 | 0.4645669291338583
[36mmy-mlops-model       |[0m 2025-08-07 11:07:57 | )
[36mmy-mlops-model       |[0m 2025-08-07 11:07:57 | Training:   0%|          | 0/64 [00:00<?, ?it/s]
[36mmy-mlops-model       |[0m 2025-08-07 11:07:57 | Training:  62%|######2   | 40/64 [00:00<00:00, 383.39it/s]
[36mmy-mlops-model       |[0m 2025-08-07 11:07:57 | ic
[36mmy-mlops-model       |[0m 2025-08-07 11:07:57 | |
[36mmy-mlops-model       |[0m 2025-08-07 11:07:57 | f
[36mmy-mlops-model       |[0m 2025-08-07 11:07:57 | "
[36mmy-mlops-model       |[0m 2025-08-07 11:07:57 | Epoch
[36mmy-mlops-model       |[0m 2025-08-07 11:07:57 | {
[36mmy-mlops-model       |[0m 2025-08-07 11:07:57 | epoch
[36mmy-mlops-model       |[0m 2025-08-07 11:07:57 | +
[36mmy-mlops-model       |[0m 2025-08-07 11:07:57 | 1
[36mmy-mlops-model       |[0m 2025-08-07 11:07:57 | }
[36mmy-mlops-model       |[0m 2025-08-07 11:07:57 | /
[36mmy-mlops-model       |[0m 2025-08-07 11:07:57 | {
[36mmy-mlops-model       |[0m 2025-08-07 11:07:57 | num_epochs
[36mmy-mlops-model       |[0m 2025-08-07 11:07:57 | }
[36mmy-mlops-model       |[0m 2025-08-07 11:07:57 | "
[36mmy-mlops-model       |[0m 2025-08-07 11:07:57 | :
[36mmy-mlops-model       |[0m 2025-08-07 11:07:57 | '
[36mmy-mlops-model       |[0m 2025-08-07 11:07:57 | Epoch 145/500
[36mmy-mlops-model       |[0m 2025-08-07 11:07:57 | '
[36mmy-mlops-model       |[0m 2025-08-07 11:07:57 | ic
[36mmy-mlops-model       |[0m 2025-08-07 11:07:57 | |
[36mmy-mlops-model       |[0m 2025-08-07 11:07:57 | train_loss
[36mmy-mlops-model       |[0m 2025-08-07 11:07:57 | :
[36mmy-mlops-model       |[0m 2025-08-07 11:07:57 | np
[36mmy-mlops-model       |[0m 2025-08-07 11:07:57 | .
[36mmy-mlops-model       |[0m 2025-08-07 11:07:57 | float64
[36mmy-mlops-model       |[0m 2025-08-07 11:07:57 | (
[36mmy-mlops-model       |[0m 2025-08-07 11:07:57 | 1.4004209692648681
[36mmy-mlops-model       |[0m 2025-08-07 11:07:57 | )
[36mmy-mlops-model       |[0m 2025-08-07 11:07:57 | val_loss
[36mmy-mlops-model       |[0m 2025-08-07 11:07:57 | :
[36mmy-mlops-model       |[0m 2025-08-07 11:07:57 | np
[36mmy-mlops-model       |[0m 2025-08-07 11:07:57 | .
[36mmy-mlops-model       |[0m 2025-08-07 11:07:57 | float64
[36mmy-mlops-model       |[0m 2025-08-07 11:07:57 | (
[36mmy-mlops-model       |[0m 2025-08-07 11:07:57 | 1.5317766054486655
[36mmy-mlops-model       |[0m 2025-08-07 11:07:57 | )
[36mmy-mlops-model       |[0m 2025-08-07 11:07:57 | val_acc
[36mmy-mlops-model       |[0m 2025-08-07 11:07:57 | :
[36mmy-mlops-model       |[0m 2025-08-07 11:07:57 | np
[36mmy-mlops-model       |[0m 2025-08-07 11:07:57 | .
[36mmy-mlops-model       |[0m 2025-08-07 11:07:57 | float64
[36mmy-mlops-model       |[0m 2025-08-07 11:07:57 | (
[36mmy-mlops-model       |[0m 2025-08-07 11:07:57 | 0.4921135646687697
[36mmy-mlops-model       |[0m 2025-08-07 11:07:57 | )
[36mmy-mlops-model       |[0m 2025-08-07 11:07:57 | test_loss
[36mmy-mlops-model       |[0m 2025-08-07 11:07:57 | :
[36mmy-mlops-model       |[0m 2025-08-07 11:07:57 | np
[36mmy-mlops-model       |[0m 2025-08-07 11:07:57 | .
[36mmy-mlops-model       |[0m 2025-08-07 11:07:57 | float64
[36mmy-mlops-model       |[0m 2025-08-07 11:07:57 | (
[36mmy-mlops-model       |[0m 2025-08-07 11:07:57 | 1.5666272262354255
[36mmy-mlops-model       |[0m 2025-08-07 11:07:57 | )
[36mmy-mlops-model       |[0m 2025-08-07 11:07:57 | test_acc
[36mmy-mlops-model       |[0m 2025-08-07 11:07:57 | :
[36mmy-mlops-model       |[0m 2025-08-07 11:07:57 | np
[36mmy-mlops-model       |[0m 2025-08-07 11:07:57 | .
[36mmy-mlops-model       |[0m 2025-08-07 11:07:57 | float64
[36mmy-mlops-model       |[0m 2025-08-07 11:07:57 | (
[36mmy-mlops-model       |[0m 2025-08-07 11:07:57 | 0.4645669291338583
[36mmy-mlops-model       |[0m 2025-08-07 11:07:57 | )
[36mmy-mlops-model       |[0m 2025-08-07 11:07:57 | Training:   0%|          | 0/64 [00:00<?, ?it/s]
[36mmy-mlops-model       |[0m 2025-08-07 11:07:57 | Training:  44%|####3     | 28/64 [00:00<00:00, 223.39it/s]
[36mmy-mlops-model       |[0m 2025-08-07 11:07:57 | ic
[36mmy-mlops-model       |[0m 2025-08-07 11:07:57 | |
[36mmy-mlops-model       |[0m 2025-08-07 11:07:57 | f
[36mmy-mlops-model       |[0m 2025-08-07 11:07:57 | "
[36mmy-mlops-model       |[0m 2025-08-07 11:07:57 | Epoch
[36mmy-mlops-model       |[0m 2025-08-07 11:07:57 | {
[36mmy-mlops-model       |[0m 2025-08-07 11:07:57 | epoch
[36mmy-mlops-model       |[0m 2025-08-07 11:07:57 | +
[36mmy-mlops-model       |[0m 2025-08-07 11:07:57 | 1
[36mmy-mlops-model       |[0m 2025-08-07 11:07:57 | }
[36mmy-mlops-model       |[0m 2025-08-07 11:07:57 | /
[36mmy-mlops-model       |[0m 2025-08-07 11:07:57 | {
[36mmy-mlops-model       |[0m 2025-08-07 11:07:57 | num_epochs
[36mmy-mlops-model       |[0m 2025-08-07 11:07:57 | }
[36mmy-mlops-model       |[0m 2025-08-07 11:07:57 | "
[36mmy-mlops-model       |[0m 2025-08-07 11:07:57 | :
[36mmy-mlops-model       |[0m 2025-08-07 11:07:57 | '
[36mmy-mlops-model       |[0m 2025-08-07 11:07:57 | Epoch 146/500
[36mmy-mlops-model       |[0m 2025-08-07 11:07:57 | '
[36mmy-mlops-model       |[0m 2025-08-07 11:07:57 | ic
[36mmy-mlops-model       |[0m 2025-08-07 11:07:57 | |
[36mmy-mlops-model       |[0m 2025-08-07 11:07:57 | train_loss
[36mmy-mlops-model       |[0m 2025-08-07 11:07:57 | :
[36mmy-mlops-model       |[0m 2025-08-07 11:07:57 | np
[36mmy-mlops-model       |[0m 2025-08-07 11:07:57 | .
[36mmy-mlops-model       |[0m 2025-08-07 11:07:57 | float64
[36mmy-mlops-model       |[0m 2025-08-07 11:07:57 | (
[36mmy-mlops-model       |[0m 2025-08-07 11:07:57 | 1.3793317559741758
[36mmy-mlops-model       |[0m 2025-08-07 11:07:57 | )
[36mmy-mlops-model       |[0m 2025-08-07 11:07:57 | val_loss
[36mmy-mlops-model       |[0m 2025-08-07 11:07:57 | :
[36mmy-mlops-model       |[0m 2025-08-07 11:07:57 | np
[36mmy-mlops-model       |[0m 2025-08-07 11:07:57 | .
[36mmy-mlops-model       |[0m 2025-08-07 11:07:57 | float64
[36mmy-mlops-model       |[0m 2025-08-07 11:07:57 | (
[36mmy-mlops-model       |[0m 2025-08-07 11:07:57 | 1.5322336235535954
[36mmy-mlops-model       |[0m 2025-08-07 11:07:57 | )
[36mmy-mlops-model       |[0m 2025-08-07 11:07:57 | val_acc
[36mmy-mlops-model       |[0m 2025-08-07 11:07:57 | :
[36mmy-mlops-model       |[0m 2025-08-07 11:07:57 | np
[36mmy-mlops-model       |[0m 2025-08-07 11:07:57 | .
[36mmy-mlops-model       |[0m 2025-08-07 11:07:57 | float64
[36mmy-mlops-model       |[0m 2025-08-07 11:07:57 | (
[36mmy-mlops-model       |[0m 2025-08-07 11:07:57 | 0.48580441640378547
[36mmy-mlops-model       |[0m 2025-08-07 11:07:57 | )
[36mmy-mlops-model       |[0m 2025-08-07 11:07:57 | test_loss
[36mmy-mlops-model       |[0m 2025-08-07 11:07:57 | :
[36mmy-mlops-model       |[0m 2025-08-07 11:07:57 | np
[36mmy-mlops-model       |[0m 2025-08-07 11:07:57 | .
[36mmy-mlops-model       |[0m 2025-08-07 11:07:57 | float64
[36mmy-mlops-model       |[0m 2025-08-07 11:07:57 | (
[36mmy-mlops-model       |[0m 2025-08-07 11:07:57 | 1.5637418605328264
[36mmy-mlops-model       |[0m 2025-08-07 11:07:57 | )
[36mmy-mlops-model       |[0m 2025-08-07 11:07:57 | test_acc
[36mmy-mlops-model       |[0m 2025-08-07 11:07:57 | :
[36mmy-mlops-model       |[0m 2025-08-07 11:07:57 | np
[36mmy-mlops-model       |[0m 2025-08-07 11:07:57 | .
[36mmy-mlops-model       |[0m 2025-08-07 11:07:57 | float64
[36mmy-mlops-model       |[0m 2025-08-07 11:07:57 | (
[36mmy-mlops-model       |[0m 2025-08-07 11:07:57 | 0.468503937007874
[36mmy-mlops-model       |[0m 2025-08-07 11:07:57 | )
[36mmy-mlops-model       |[0m 2025-08-07 11:07:57 | Training:   0%|          | 0/64 [00:00<?, ?it/s]
[36mmy-mlops-model       |[0m 2025-08-07 11:07:57 | Training:  52%|#####1    | 33/64 [00:00<00:00, 301.94it/s]
[36mmy-mlops-model       |[0m 2025-08-07 11:07:57 | Training: 100%|##########| 64/64 [00:00<00:00, 172.86it/s]
[36mmy-mlops-model       |[0m 2025-08-07 11:07:58 | ic
[36mmy-mlops-model       |[0m 2025-08-07 11:07:58 | |
[36mmy-mlops-model       |[0m 2025-08-07 11:07:58 | f
[36mmy-mlops-model       |[0m 2025-08-07 11:07:58 | "
[36mmy-mlops-model       |[0m 2025-08-07 11:07:58 | Epoch
[36mmy-mlops-model       |[0m 2025-08-07 11:07:58 | {
[36mmy-mlops-model       |[0m 2025-08-07 11:07:58 | epoch
[36mmy-mlops-model       |[0m 2025-08-07 11:07:58 | +
[36mmy-mlops-model       |[0m 2025-08-07 11:07:58 | 1
[36mmy-mlops-model       |[0m 2025-08-07 11:07:58 | }
[36mmy-mlops-model       |[0m 2025-08-07 11:07:58 | /
[36mmy-mlops-model       |[0m 2025-08-07 11:07:58 | {
[36mmy-mlops-model       |[0m 2025-08-07 11:07:58 | num_epochs
[36mmy-mlops-model       |[0m 2025-08-07 11:07:58 | }
[36mmy-mlops-model       |[0m 2025-08-07 11:07:58 | "
[36mmy-mlops-model       |[0m 2025-08-07 11:07:58 | :
[36mmy-mlops-model       |[0m 2025-08-07 11:07:58 | '
[36mmy-mlops-model       |[0m 2025-08-07 11:07:58 | Epoch 147/500
[36mmy-mlops-model       |[0m 2025-08-07 11:07:58 | '
[36mmy-mlops-model       |[0m 2025-08-07 11:07:58 | ic
[36mmy-mlops-model       |[0m 2025-08-07 11:07:58 | |
[36mmy-mlops-model       |[0m 2025-08-07 11:07:58 | train_loss
[36mmy-mlops-model       |[0m 2025-08-07 11:07:58 | :
[36mmy-mlops-model       |[0m 2025-08-07 11:07:58 | np
[36mmy-mlops-model       |[0m 2025-08-07 11:07:58 | .
[36mmy-mlops-model       |[0m 2025-08-07 11:07:58 | float64
[36mmy-mlops-model       |[0m 2025-08-07 11:07:58 | (
[36mmy-mlops-model       |[0m 2025-08-07 11:07:58 | 1.3703411005346797
[36mmy-mlops-model       |[0m 2025-08-07 11:07:58 | )
[36mmy-mlops-model       |[0m 2025-08-07 11:07:58 | val_loss
[36mmy-mlops-model       |[0m 2025-08-07 11:07:58 | :
[36mmy-mlops-model       |[0m 2025-08-07 11:07:58 | np
[36mmy-mlops-model       |[0m 2025-08-07 11:07:58 | .
[36mmy-mlops-model       |[0m 2025-08-07 11:07:58 | float64
[36mmy-mlops-model       |[0m 2025-08-07 11:07:58 | (
[36mmy-mlops-model       |[0m 2025-08-07 11:07:58 | 1.5320356139570621
[36mmy-mlops-model       |[0m 2025-08-07 11:07:58 | )
[36mmy-mlops-model       |[0m 2025-08-07 11:07:58 | val_acc
[36mmy-mlops-model       |[0m 2025-08-07 11:07:58 | :
[36mmy-mlops-model       |[0m 2025-08-07 11:07:58 | np
[36mmy-mlops-model       |[0m 2025-08-07 11:07:58 | .
[36mmy-mlops-model       |[0m 2025-08-07 11:07:58 | float64
[36mmy-mlops-model       |[0m 2025-08-07 11:07:58 | (
[36mmy-mlops-model       |[0m 2025-08-07 11:07:58 | 0.47318611987381703
[36mmy-mlops-model       |[0m 2025-08-07 11:07:58 | )
[36mmy-mlops-model       |[0m 2025-08-07 11:07:58 | test_loss
[36mmy-mlops-model       |[0m 2025-08-07 11:07:58 | :
[36mmy-mlops-model       |[0m 2025-08-07 11:07:58 | np
[36mmy-mlops-model       |[0m 2025-08-07 11:07:58 | .
[36mmy-mlops-model       |[0m 2025-08-07 11:07:58 | float64
[36mmy-mlops-model       |[0m 2025-08-07 11:07:58 | (
[36mmy-mlops-model       |[0m 2025-08-07 11:07:58 | 1.5630365462008278
[36mmy-mlops-model       |[0m 2025-08-07 11:07:58 | )
[36mmy-mlops-model       |[0m 2025-08-07 11:07:58 | test_acc
[36mmy-mlops-model       |[0m 2025-08-07 11:07:58 | :
[36mmy-mlops-model       |[0m 2025-08-07 11:07:58 | np
[36mmy-mlops-model       |[0m 2025-08-07 11:07:58 | .
[36mmy-mlops-model       |[0m 2025-08-07 11:07:58 | float64
[36mmy-mlops-model       |[0m 2025-08-07 11:07:58 | (
[36mmy-mlops-model       |[0m 2025-08-07 11:07:58 | 0.4645669291338583
[36mmy-mlops-model       |[0m 2025-08-07 11:07:58 | )
[36mmy-mlops-model       |[0m 2025-08-07 11:07:58 | Training:   0%|          | 0/64 [00:00<?, ?it/s]
[36mmy-mlops-model       |[0m 2025-08-07 11:07:58 | Training:  12%|#2        | 8/64 [00:00<00:00, 70.68it/s]
[36mmy-mlops-model       |[0m 2025-08-07 11:07:58 | Training:  88%|########7 | 56/64 [00:00<00:00, 297.94it/s]
[36mmy-mlops-model       |[0m 2025-08-07 11:07:58 | ic
[36mmy-mlops-model       |[0m 2025-08-07 11:07:58 | |
[36mmy-mlops-model       |[0m 2025-08-07 11:07:58 | f
[36mmy-mlops-model       |[0m 2025-08-07 11:07:58 | "
[36mmy-mlops-model       |[0m 2025-08-07 11:07:58 | Epoch
[36mmy-mlops-model       |[0m 2025-08-07 11:07:58 | {
[36mmy-mlops-model       |[0m 2025-08-07 11:07:58 | epoch
[36mmy-mlops-model       |[0m 2025-08-07 11:07:58 | +
[36mmy-mlops-model       |[0m 2025-08-07 11:07:58 | 1
[36mmy-mlops-model       |[0m 2025-08-07 11:07:58 | }
[36mmy-mlops-model       |[0m 2025-08-07 11:07:58 | /
[36mmy-mlops-model       |[0m 2025-08-07 11:07:58 | {
[36mmy-mlops-model       |[0m 2025-08-07 11:07:58 | num_epochs
[36mmy-mlops-model       |[0m 2025-08-07 11:07:58 | }
[36mmy-mlops-model       |[0m 2025-08-07 11:07:58 | "
[36mmy-mlops-model       |[0m 2025-08-07 11:07:58 | :
[36mmy-mlops-model       |[0m 2025-08-07 11:07:58 | '
[36mmy-mlops-model       |[0m 2025-08-07 11:07:58 | Epoch 148/500
[36mmy-mlops-model       |[0m 2025-08-07 11:07:58 | '
[36mmy-mlops-model       |[0m 2025-08-07 11:07:58 | ic
[36mmy-mlops-model       |[0m 2025-08-07 11:07:58 | |
[36mmy-mlops-model       |[0m 2025-08-07 11:07:58 | train_loss
[36mmy-mlops-model       |[0m 2025-08-07 11:07:58 | :
[36mmy-mlops-model       |[0m 2025-08-07 11:07:58 | np
[36mmy-mlops-model       |[0m 2025-08-07 11:07:58 | .
[36mmy-mlops-model       |[0m 2025-08-07 11:07:58 | float64
[36mmy-mlops-model       |[0m 2025-08-07 11:07:58 | (
[36mmy-mlops-model       |[0m 2025-08-07 11:07:58 | 1.3748402035598601
[36mmy-mlops-model       |[0m 2025-08-07 11:07:58 | )
[36mmy-mlops-model       |[0m 2025-08-07 11:07:58 | val_loss
[36mmy-mlops-model       |[0m 2025-08-07 11:07:58 | :
[36mmy-mlops-model       |[0m 2025-08-07 11:07:58 | np
[36mmy-mlops-model       |[0m 2025-08-07 11:07:58 | .
[36mmy-mlops-model       |[0m 2025-08-07 11:07:58 | float64
[36mmy-mlops-model       |[0m 2025-08-07 11:07:58 | (
[36mmy-mlops-model       |[0m 2025-08-07 11:07:58 | 1.529433467079928
[36mmy-mlops-model       |[0m 2025-08-07 11:07:58 | )
[36mmy-mlops-model       |[0m 2025-08-07 11:07:58 | val_acc
[36mmy-mlops-model       |[0m 2025-08-07 11:07:58 | :
[36mmy-mlops-model       |[0m 2025-08-07 11:07:58 | np
[36mmy-mlops-model       |[0m 2025-08-07 11:07:58 | .
[36mmy-mlops-model       |[0m 2025-08-07 11:07:58 | float64
[36mmy-mlops-model       |[0m 2025-08-07 11:07:58 | (
[36mmy-mlops-model       |[0m 2025-08-07 11:07:58 | 0.4921135646687697
[36mmy-mlops-model       |[0m 2025-08-07 11:07:58 | )
[36mmy-mlops-model       |[0m 2025-08-07 11:07:58 | test_loss
[36mmy-mlops-model       |[0m 2025-08-07 11:07:58 | :
[36mmy-mlops-model       |[0m 2025-08-07 11:07:58 | np
[36mmy-mlops-model       |[0m 2025-08-07 11:07:58 | .
[36mmy-mlops-model       |[0m 2025-08-07 11:07:58 | float64
[36mmy-mlops-model       |[0m 2025-08-07 11:07:58 | (
[36mmy-mlops-model       |[0m 2025-08-07 11:07:58 | 1.5604362622665575
[36mmy-mlops-model       |[0m 2025-08-07 11:07:58 | )
[36mmy-mlops-model       |[0m 2025-08-07 11:07:58 | test_acc
[36mmy-mlops-model       |[0m 2025-08-07 11:07:58 | :
[36mmy-mlops-model       |[0m 2025-08-07 11:07:58 | np
[36mmy-mlops-model       |[0m 2025-08-07 11:07:58 | .
[36mmy-mlops-model       |[0m 2025-08-07 11:07:58 | float64
[36mmy-mlops-model       |[0m 2025-08-07 11:07:58 | (
[36mmy-mlops-model       |[0m 2025-08-07 11:07:58 | 0.468503937007874
[36mmy-mlops-model       |[0m 2025-08-07 11:07:58 | )
[36mmy-mlops-model       |[0m 2025-08-07 11:07:58 | Training:   0%|          | 0/64 [00:00<?, ?it/s]
[36mmy-mlops-model       |[0m 2025-08-07 11:07:58 | ic
[36mmy-mlops-model       |[0m 2025-08-07 11:07:58 | |
[36mmy-mlops-model       |[0m 2025-08-07 11:07:58 | f
[36mmy-mlops-model       |[0m 2025-08-07 11:07:58 | "
[36mmy-mlops-model       |[0m 2025-08-07 11:07:58 | Epoch
[36mmy-mlops-model       |[0m 2025-08-07 11:07:58 | {
[36mmy-mlops-model       |[0m 2025-08-07 11:07:58 | epoch
[36mmy-mlops-model       |[0m 2025-08-07 11:07:58 | +
[36mmy-mlops-model       |[0m 2025-08-07 11:07:58 | 1
[36mmy-mlops-model       |[0m 2025-08-07 11:07:58 | }
[36mmy-mlops-model       |[0m 2025-08-07 11:07:58 | /
[36mmy-mlops-model       |[0m 2025-08-07 11:07:58 | {
[36mmy-mlops-model       |[0m 2025-08-07 11:07:58 | num_epochs
[36mmy-mlops-model       |[0m 2025-08-07 11:07:58 | }
[36mmy-mlops-model       |[0m 2025-08-07 11:07:58 | "
[36mmy-mlops-model       |[0m 2025-08-07 11:07:58 | :
[36mmy-mlops-model       |[0m 2025-08-07 11:07:58 | '
[36mmy-mlops-model       |[0m 2025-08-07 11:07:58 | Epoch 149/500
[36mmy-mlops-model       |[0m 2025-08-07 11:07:58 | '
[36mmy-mlops-model       |[0m 2025-08-07 11:07:58 | ic
[36mmy-mlops-model       |[0m 2025-08-07 11:07:58 | |
[36mmy-mlops-model       |[0m 2025-08-07 11:07:58 | train_loss
[36mmy-mlops-model       |[0m 2025-08-07 11:07:58 | :
[36mmy-mlops-model       |[0m 2025-08-07 11:07:58 | np
[36mmy-mlops-model       |[0m 2025-08-07 11:07:58 | .
[36mmy-mlops-model       |[0m 2025-08-07 11:07:58 | float64
[36mmy-mlops-model       |[0m 2025-08-07 11:07:58 | (
[36mmy-mlops-model       |[0m 2025-08-07 11:07:58 | 1.3510182268387882
[36mmy-mlops-model       |[0m 2025-08-07 11:07:58 | )
[36mmy-mlops-model       |[0m 2025-08-07 11:07:58 | val_loss
[36mmy-mlops-model       |[0m 2025-08-07 11:07:58 | :
[36mmy-mlops-model       |[0m 2025-08-07 11:07:58 | np
[36mmy-mlops-model       |[0m 2025-08-07 11:07:58 | .
[36mmy-mlops-model       |[0m 2025-08-07 11:07:58 | float64
[36mmy-mlops-model       |[0m 2025-08-07 11:07:58 | (
[36mmy-mlops-model       |[0m 2025-08-07 11:07:58 | 1.5280717139018996
[36mmy-mlops-model       |[0m 2025-08-07 11:07:58 | )
[36mmy-mlops-model       |[0m 2025-08-07 11:07:58 | val_acc
[36mmy-mlops-model       |[0m 2025-08-07 11:07:58 | :
[36mmy-mlops-model       |[0m 2025-08-07 11:07:58 | np
[36mmy-mlops-model       |[0m 2025-08-07 11:07:58 | .
[36mmy-mlops-model       |[0m 2025-08-07 11:07:58 | float64
[36mmy-mlops-model       |[0m 2025-08-07 11:07:58 | (
[36mmy-mlops-model       |[0m 2025-08-07 11:07:58 | 0.4889589905362776
[36mmy-mlops-model       |[0m 2025-08-07 11:07:58 | )
[36mmy-mlops-model       |[0m 2025-08-07 11:07:58 | test_loss
[36mmy-mlops-model       |[0m 2025-08-07 11:07:58 | :
[36mmy-mlops-model       |[0m 2025-08-07 11:07:58 | np
[36mmy-mlops-model       |[0m 2025-08-07 11:07:58 | .
[36mmy-mlops-model       |[0m 2025-08-07 11:07:58 | float64
[36mmy-mlops-model       |[0m 2025-08-07 11:07:58 | (
[36mmy-mlops-model       |[0m 2025-08-07 11:07:58 | 1.5585251854247228
[36mmy-mlops-model       |[0m 2025-08-07 11:07:58 | )
[36mmy-mlops-model       |[0m 2025-08-07 11:07:58 | test_acc
[36mmy-mlops-model       |[0m 2025-08-07 11:07:58 | :
[36mmy-mlops-model       |[0m 2025-08-07 11:07:58 | np
[36mmy-mlops-model       |[0m 2025-08-07 11:07:58 | .
[36mmy-mlops-model       |[0m 2025-08-07 11:07:58 | float64
[36mmy-mlops-model       |[0m 2025-08-07 11:07:58 | (
[36mmy-mlops-model       |[0m 2025-08-07 11:07:58 | 0.468503937007874
[36mmy-mlops-model       |[0m 2025-08-07 11:07:58 | )
[36mmy-mlops-model       |[0m 2025-08-07 11:07:58 | Training:   0%|          | 0/64 [00:00<?, ?it/s]
[36mmy-mlops-model       |[0m 2025-08-07 11:07:58 | Training:  48%|####8     | 31/64 [00:00<00:00, 309.60it/s]
[36mmy-mlops-model       |[0m 2025-08-07 11:07:59 | Training:  97%|#########6| 62/64 [00:00<00:00, 259.91it/s]
[36mmy-mlops-model       |[0m 2025-08-07 11:07:59 | ic
[36mmy-mlops-model       |[0m 2025-08-07 11:07:59 | |
[36mmy-mlops-model       |[0m 2025-08-07 11:07:59 | f
[36mmy-mlops-model       |[0m 2025-08-07 11:07:59 | "
[36mmy-mlops-model       |[0m 2025-08-07 11:07:59 | Epoch
[36mmy-mlops-model       |[0m 2025-08-07 11:07:59 | {
[36mmy-mlops-model       |[0m 2025-08-07 11:07:59 | epoch
[36mmy-mlops-model       |[0m 2025-08-07 11:07:59 | +
[36mmy-mlops-model       |[0m 2025-08-07 11:07:59 | 1
[36mmy-mlops-model       |[0m 2025-08-07 11:07:59 | }
[36mmy-mlops-model       |[0m 2025-08-07 11:07:59 | /
[36mmy-mlops-model       |[0m 2025-08-07 11:07:59 | {
[36mmy-mlops-model       |[0m 2025-08-07 11:07:59 | num_epochs
[36mmy-mlops-model       |[0m 2025-08-07 11:07:59 | }
[36mmy-mlops-model       |[0m 2025-08-07 11:07:59 | "
[36mmy-mlops-model       |[0m 2025-08-07 11:07:59 | :
[36mmy-mlops-model       |[0m 2025-08-07 11:07:59 | '
[36mmy-mlops-model       |[0m 2025-08-07 11:07:59 | Epoch 150/500
[36mmy-mlops-model       |[0m 2025-08-07 11:07:59 | '
[36mmy-mlops-model       |[0m 2025-08-07 11:07:59 | ic
[36mmy-mlops-model       |[0m 2025-08-07 11:07:59 | |
[36mmy-mlops-model       |[0m 2025-08-07 11:07:59 | train_loss
[36mmy-mlops-model       |[0m 2025-08-07 11:07:59 | :
[36mmy-mlops-model       |[0m 2025-08-07 11:07:59 | np
[36mmy-mlops-model       |[0m 2025-08-07 11:07:59 | .
[36mmy-mlops-model       |[0m 2025-08-07 11:07:59 | float64
[36mmy-mlops-model       |[0m 2025-08-07 11:07:59 | (
[36mmy-mlops-model       |[0m 2025-08-07 11:07:59 | 1.3331247634722743
[36mmy-mlops-model       |[0m 2025-08-07 11:07:59 | )
[36mmy-mlops-model       |[0m 2025-08-07 11:07:59 | val_loss
[36mmy-mlops-model       |[0m 2025-08-07 11:07:59 | :
[36mmy-mlops-model       |[0m 2025-08-07 11:07:59 | np
[36mmy-mlops-model       |[0m 2025-08-07 11:07:59 | .
[36mmy-mlops-model       |[0m 2025-08-07 11:07:59 | float64
[36mmy-mlops-model       |[0m 2025-08-07 11:07:59 | (
[36mmy-mlops-model       |[0m 2025-08-07 11:07:59 | 1.5258453730870742
[36mmy-mlops-model       |[0m 2025-08-07 11:07:59 | )
[36mmy-mlops-model       |[0m 2025-08-07 11:07:59 | val_acc
[36mmy-mlops-model       |[0m 2025-08-07 11:07:59 | :
[36mmy-mlops-model       |[0m 2025-08-07 11:07:59 | np
[36mmy-mlops-model       |[0m 2025-08-07 11:07:59 | .
[36mmy-mlops-model       |[0m 2025-08-07 11:07:59 | float64
[36mmy-mlops-model       |[0m 2025-08-07 11:07:59 | (
[36mmy-mlops-model       |[0m 2025-08-07 11:07:59 | 0.48580441640378547
[36mmy-mlops-model       |[0m 2025-08-07 11:07:59 | )
[36mmy-mlops-model       |[0m 2025-08-07 11:07:59 | test_loss
[36mmy-mlops-model       |[0m 2025-08-07 11:07:59 | :
[36mmy-mlops-model       |[0m 2025-08-07 11:07:59 | np
[36mmy-mlops-model       |[0m 2025-08-07 11:07:59 | .
[36mmy-mlops-model       |[0m 2025-08-07 11:07:59 | float64
[36mmy-mlops-model       |[0m 2025-08-07 11:07:59 | (
[36mmy-mlops-model       |[0m 2025-08-07 11:07:59 | 1.5563805249332583
[36mmy-mlops-model       |[0m 2025-08-07 11:07:59 | )
[36mmy-mlops-model       |[0m 2025-08-07 11:07:59 | test_acc
[36mmy-mlops-model       |[0m 2025-08-07 11:07:59 | :
[36mmy-mlops-model       |[0m 2025-08-07 11:07:59 | np
[36mmy-mlops-model       |[0m 2025-08-07 11:07:59 | .
[36mmy-mlops-model       |[0m 2025-08-07 11:07:59 | float64
[36mmy-mlops-model       |[0m 2025-08-07 11:07:59 | (
[36mmy-mlops-model       |[0m 2025-08-07 11:07:59 | 0.46062992125984253
[36mmy-mlops-model       |[0m 2025-08-07 11:07:59 | )
[36mmy-mlops-model       |[0m 2025-08-07 11:07:59 | Training:   0%|          | 0/64 [00:00<?, ?it/s]
[36mmy-mlops-model       |[0m 2025-08-07 11:07:59 | Training:   9%|9         | 6/64 [00:00<00:00, 59.83it/s]
[36mmy-mlops-model       |[0m 2025-08-07 11:07:59 | Training:  22%|##1       | 14/64 [00:00<00:00, 63.47it/s]
[36mmy-mlops-model       |[0m 2025-08-07 11:07:59 | Training:  33%|###2      | 21/64 [00:00<00:00, 63.53it/s]
[36mmy-mlops-model       |[0m 2025-08-07 11:07:59 | Training:  89%|########9 | 57/64 [00:00<00:00, 172.71it/s]
[36mmy-mlops-model       |[0m 2025-08-07 11:07:59 | ic
[36mmy-mlops-model       |[0m 2025-08-07 11:07:59 | |
[36mmy-mlops-model       |[0m 2025-08-07 11:07:59 | f
[36mmy-mlops-model       |[0m 2025-08-07 11:07:59 | "
[36mmy-mlops-model       |[0m 2025-08-07 11:07:59 | Epoch
[36mmy-mlops-model       |[0m 2025-08-07 11:07:59 | {
[36mmy-mlops-model       |[0m 2025-08-07 11:07:59 | epoch
[36mmy-mlops-model       |[0m 2025-08-07 11:07:59 | +
[36mmy-mlops-model       |[0m 2025-08-07 11:07:59 | 1
[36mmy-mlops-model       |[0m 2025-08-07 11:07:59 | }
[36mmy-mlops-model       |[0m 2025-08-07 11:07:59 | /
[36mmy-mlops-model       |[0m 2025-08-07 11:07:59 | {
[36mmy-mlops-model       |[0m 2025-08-07 11:07:59 | num_epochs
[36mmy-mlops-model       |[0m 2025-08-07 11:07:59 | }
[36mmy-mlops-model       |[0m 2025-08-07 11:07:59 | "
[36mmy-mlops-model       |[0m 2025-08-07 11:07:59 | :
[36mmy-mlops-model       |[0m 2025-08-07 11:07:59 | '
[36mmy-mlops-model       |[0m 2025-08-07 11:07:59 | Epoch 151/500
[36mmy-mlops-model       |[0m 2025-08-07 11:07:59 | '
[36mmy-mlops-model       |[0m 2025-08-07 11:07:59 | ic
[36mmy-mlops-model       |[0m 2025-08-07 11:07:59 | |
[36mmy-mlops-model       |[0m 2025-08-07 11:07:59 | train_loss
[36mmy-mlops-model       |[0m 2025-08-07 11:07:59 | :
[36mmy-mlops-model       |[0m 2025-08-07 11:07:59 | np
[36mmy-mlops-model       |[0m 2025-08-07 11:07:59 | .
[36mmy-mlops-model       |[0m 2025-08-07 11:07:59 | float64
[36mmy-mlops-model       |[0m 2025-08-07 11:07:59 | (
[36mmy-mlops-model       |[0m 2025-08-07 11:07:59 | 1.4196891064420518
[36mmy-mlops-model       |[0m 2025-08-07 11:07:59 | )
[36mmy-mlops-model       |[0m 2025-08-07 11:07:59 | val_loss
[36mmy-mlops-model       |[0m 2025-08-07 11:07:59 | :
[36mmy-mlops-model       |[0m 2025-08-07 11:07:59 | np
[36mmy-mlops-model       |[0m 2025-08-07 11:07:59 | .
[36mmy-mlops-model       |[0m 2025-08-07 11:07:59 | float64
[36mmy-mlops-model       |[0m 2025-08-07 11:07:59 | (
[36mmy-mlops-model       |[0m 2025-08-07 11:07:59 | 1.5222800693986303
[36mmy-mlops-model       |[0m 2025-08-07 11:07:59 | )
[36mmy-mlops-model       |[0m 2025-08-07 11:07:59 | val_acc
[36mmy-mlops-model       |[0m 2025-08-07 11:07:59 | :
[36mmy-mlops-model       |[0m 2025-08-07 11:07:59 | np
[36mmy-mlops-model       |[0m 2025-08-07 11:07:59 | .
[36mmy-mlops-model       |[0m 2025-08-07 11:07:59 | float64
[36mmy-mlops-model       |[0m 2025-08-07 11:07:59 | (
[36mmy-mlops-model       |[0m 2025-08-07 11:07:59 | 0.48264984227129337
[36mmy-mlops-model       |[0m 2025-08-07 11:07:59 | )
[36mmy-mlops-model       |[0m 2025-08-07 11:07:59 | test_loss
[36mmy-mlops-model       |[0m 2025-08-07 11:07:59 | :
[36mmy-mlops-model       |[0m 2025-08-07 11:07:59 | np
[36mmy-mlops-model       |[0m 2025-08-07 11:07:59 | .
[36mmy-mlops-model       |[0m 2025-08-07 11:07:59 | float64
[36mmy-mlops-model       |[0m 2025-08-07 11:07:59 | (
[36mmy-mlops-model       |[0m 2025-08-07 11:07:59 | 1.5527494848999457
[36mmy-mlops-model       |[0m 2025-08-07 11:07:59 | )
[36mmy-mlops-model       |[0m 2025-08-07 11:07:59 | test_acc
[36mmy-mlops-model       |[0m 2025-08-07 11:07:59 | :
[36mmy-mlops-model       |[0m 2025-08-07 11:07:59 | np
[36mmy-mlops-model       |[0m 2025-08-07 11:07:59 | .
[36mmy-mlops-model       |[0m 2025-08-07 11:07:59 | float64
[36mmy-mlops-model       |[0m 2025-08-07 11:07:59 | (
[36mmy-mlops-model       |[0m 2025-08-07 11:07:59 | 0.47244094488188976
[36mmy-mlops-model       |[0m 2025-08-07 11:07:59 | )
[36mmy-mlops-model       |[0m 2025-08-07 11:08:00 | Training:   0%|          | 0/64 [00:00<?, ?it/s]
[36mmy-mlops-model       |[0m 2025-08-07 11:08:00 | Training:  77%|#######6  | 49/64 [00:00<00:00, 466.39it/s]
[36mmy-mlops-model       |[0m 2025-08-07 11:08:00 | ic
[36mmy-mlops-model       |[0m 2025-08-07 11:08:00 | |
[36mmy-mlops-model       |[0m 2025-08-07 11:08:00 | f
[36mmy-mlops-model       |[0m 2025-08-07 11:08:00 | "
[36mmy-mlops-model       |[0m 2025-08-07 11:08:00 | Epoch
[36mmy-mlops-model       |[0m 2025-08-07 11:08:00 | {
[36mmy-mlops-model       |[0m 2025-08-07 11:08:00 | epoch
[36mmy-mlops-model       |[0m 2025-08-07 11:08:00 | +
[36mmy-mlops-model       |[0m 2025-08-07 11:08:00 | 1
[36mmy-mlops-model       |[0m 2025-08-07 11:08:00 | }
[36mmy-mlops-model       |[0m 2025-08-07 11:08:00 | /
[36mmy-mlops-model       |[0m 2025-08-07 11:08:00 | {
[36mmy-mlops-model       |[0m 2025-08-07 11:08:00 | num_epochs
[36mmy-mlops-model       |[0m 2025-08-07 11:08:00 | }
[36mmy-mlops-model       |[0m 2025-08-07 11:08:00 | "
[36mmy-mlops-model       |[0m 2025-08-07 11:08:00 | :
[36mmy-mlops-model       |[0m 2025-08-07 11:08:00 | '
[36mmy-mlops-model       |[0m 2025-08-07 11:08:00 | Epoch 152/500
[36mmy-mlops-model       |[0m 2025-08-07 11:08:00 | '
[36mmy-mlops-model       |[0m 2025-08-07 11:08:00 | ic
[36mmy-mlops-model       |[0m 2025-08-07 11:08:00 | |
[36mmy-mlops-model       |[0m 2025-08-07 11:08:00 | train_loss
[36mmy-mlops-model       |[0m 2025-08-07 11:08:00 | :
[36mmy-mlops-model       |[0m 2025-08-07 11:08:00 | np
[36mmy-mlops-model       |[0m 2025-08-07 11:08:00 | .
[36mmy-mlops-model       |[0m 2025-08-07 11:08:00 | float64
[36mmy-mlops-model       |[0m 2025-08-07 11:08:00 | (
[36mmy-mlops-model       |[0m 2025-08-07 11:08:00 | 1.3953363108420032
[36mmy-mlops-model       |[0m 2025-08-07 11:08:00 | )
[36mmy-mlops-model       |[0m 2025-08-07 11:08:00 | val_loss
[36mmy-mlops-model       |[0m 2025-08-07 11:08:00 | :
[36mmy-mlops-model       |[0m 2025-08-07 11:08:00 | np
[36mmy-mlops-model       |[0m 2025-08-07 11:08:00 | .
[36mmy-mlops-model       |[0m 2025-08-07 11:08:00 | float64
[36mmy-mlops-model       |[0m 2025-08-07 11:08:00 | (
[36mmy-mlops-model       |[0m 2025-08-07 11:08:00 | 1.520539578481375
[36mmy-mlops-model       |[0m 2025-08-07 11:08:00 | )
[36mmy-mlops-model       |[0m 2025-08-07 11:08:00 | val_acc
[36mmy-mlops-model       |[0m 2025-08-07 11:08:00 | :
[36mmy-mlops-model       |[0m 2025-08-07 11:08:00 | np
[36mmy-mlops-model       |[0m 2025-08-07 11:08:00 | .
[36mmy-mlops-model       |[0m 2025-08-07 11:08:00 | float64
[36mmy-mlops-model       |[0m 2025-08-07 11:08:00 | (
[36mmy-mlops-model       |[0m 2025-08-07 11:08:00 | 0.48264984227129337
[36mmy-mlops-model       |[0m 2025-08-07 11:08:00 | )
[36mmy-mlops-model       |[0m 2025-08-07 11:08:00 | test_loss
[36mmy-mlops-model       |[0m 2025-08-07 11:08:00 | :
[36mmy-mlops-model       |[0m 2025-08-07 11:08:00 | np
[36mmy-mlops-model       |[0m 2025-08-07 11:08:00 | .
[36mmy-mlops-model       |[0m 2025-08-07 11:08:00 | float64
[36mmy-mlops-model       |[0m 2025-08-07 11:08:00 | (
[36mmy-mlops-model       |[0m 2025-08-07 11:08:00 | 1.5532851524857743
[36mmy-mlops-model       |[0m 2025-08-07 11:08:00 | )
[36mmy-mlops-model       |[0m 2025-08-07 11:08:00 | test_acc
[36mmy-mlops-model       |[0m 2025-08-07 11:08:00 | :
[36mmy-mlops-model       |[0m 2025-08-07 11:08:00 | np
[36mmy-mlops-model       |[0m 2025-08-07 11:08:00 | .
[36mmy-mlops-model       |[0m 2025-08-07 11:08:00 | float64
[36mmy-mlops-model       |[0m 2025-08-07 11:08:00 | (
[36mmy-mlops-model       |[0m 2025-08-07 11:08:00 | 0.47244094488188976
[36mmy-mlops-model       |[0m 2025-08-07 11:08:00 | )
[36mmy-mlops-model       |[0m 2025-08-07 11:08:00 | Training:   0%|          | 0/64 [00:00<?, ?it/s]
[36mmy-mlops-model       |[0m 2025-08-07 11:08:00 | Training:  11%|#         | 7/64 [00:00<00:00, 67.43it/s]
[36mmy-mlops-model       |[0m 2025-08-07 11:08:00 | Training:  22%|##1       | 14/64 [00:00<00:00, 65.90it/s]
[36mmy-mlops-model       |[0m 2025-08-07 11:08:00 | Training:  33%|###2      | 21/64 [00:00<00:00, 64.57it/s]
[36mmy-mlops-model       |[0m 2025-08-07 11:08:00 | Training:  44%|####3     | 28/64 [00:00<00:00, 61.74it/s]
[36mmy-mlops-model       |[0m 2025-08-07 11:08:00 | Training:  55%|#####4    | 35/64 [00:00<00:00, 62.02it/s]
[36mmy-mlops-model       |[0m 2025-08-07 11:08:01 | Training:  66%|######5   | 42/64 [00:00<00:00, 62.18it/s]
[36mmy-mlops-model       |[0m 2025-08-07 11:08:01 | ic
[36mmy-mlops-model       |[0m 2025-08-07 11:08:01 | |
[36mmy-mlops-model       |[0m 2025-08-07 11:08:01 | f
[36mmy-mlops-model       |[0m 2025-08-07 11:08:01 | "
[36mmy-mlops-model       |[0m 2025-08-07 11:08:01 | Epoch
[36mmy-mlops-model       |[0m 2025-08-07 11:08:01 | {
[36mmy-mlops-model       |[0m 2025-08-07 11:08:01 | epoch
[36mmy-mlops-model       |[0m 2025-08-07 11:08:01 | +
[36mmy-mlops-model       |[0m 2025-08-07 11:08:01 | 1
[36mmy-mlops-model       |[0m 2025-08-07 11:08:01 | }
[36mmy-mlops-model       |[0m 2025-08-07 11:08:01 | /
[36mmy-mlops-model       |[0m 2025-08-07 11:08:01 | {
[36mmy-mlops-model       |[0m 2025-08-07 11:08:01 | num_epochs
[36mmy-mlops-model       |[0m 2025-08-07 11:08:01 | }
[36mmy-mlops-model       |[0m 2025-08-07 11:08:01 | "
[36mmy-mlops-model       |[0m 2025-08-07 11:08:01 | :
[36mmy-mlops-model       |[0m 2025-08-07 11:08:01 | '
[36mmy-mlops-model       |[0m 2025-08-07 11:08:01 | Epoch 153/500
[36mmy-mlops-model       |[0m 2025-08-07 11:08:01 | '
[36mmy-mlops-model       |[0m 2025-08-07 11:08:01 | ic
[36mmy-mlops-model       |[0m 2025-08-07 11:08:01 | |
[36mmy-mlops-model       |[0m 2025-08-07 11:08:01 | train_loss
[36mmy-mlops-model       |[0m 2025-08-07 11:08:01 | :
[36mmy-mlops-model       |[0m 2025-08-07 11:08:01 | np
[36mmy-mlops-model       |[0m 2025-08-07 11:08:01 | .
[36mmy-mlops-model       |[0m 2025-08-07 11:08:01 | float64
[36mmy-mlops-model       |[0m 2025-08-07 11:08:01 | (
[36mmy-mlops-model       |[0m 2025-08-07 11:08:01 | 1.3458565576904091
[36mmy-mlops-model       |[0m 2025-08-07 11:08:01 | )
[36mmy-mlops-model       |[0m 2025-08-07 11:08:01 | val_loss
[36mmy-mlops-model       |[0m 2025-08-07 11:08:01 | :
[36mmy-mlops-model       |[0m 2025-08-07 11:08:01 | np
[36mmy-mlops-model       |[0m 2025-08-07 11:08:01 | .
[36mmy-mlops-model       |[0m 2025-08-07 11:08:01 | float64
[36mmy-mlops-model       |[0m 2025-08-07 11:08:01 | (
[36mmy-mlops-model       |[0m 2025-08-07 11:08:01 | 1.519120832943273
[36mmy-mlops-model       |[0m 2025-08-07 11:08:01 | )
[36mmy-mlops-model       |[0m 2025-08-07 11:08:01 | val_acc
[36mmy-mlops-model       |[0m 2025-08-07 11:08:01 | :
[36mmy-mlops-model       |[0m 2025-08-07 11:08:01 | np
[36mmy-mlops-model       |[0m 2025-08-07 11:08:01 | .
[36mmy-mlops-model       |[0m 2025-08-07 11:08:01 | float64
[36mmy-mlops-model       |[0m 2025-08-07 11:08:01 | (
[36mmy-mlops-model       |[0m 2025-08-07 11:08:01 | 0.4921135646687697
[36mmy-mlops-model       |[0m 2025-08-07 11:08:01 | )
[36mmy-mlops-model       |[0m 2025-08-07 11:08:01 | test_loss
[36mmy-mlops-model       |[0m 2025-08-07 11:08:01 | :
[36mmy-mlops-model       |[0m 2025-08-07 11:08:01 | np
[36mmy-mlops-model       |[0m 2025-08-07 11:08:01 | .
[36mmy-mlops-model       |[0m 2025-08-07 11:08:01 | float64
[36mmy-mlops-model       |[0m 2025-08-07 11:08:01 | (
[36mmy-mlops-model       |[0m 2025-08-07 11:08:01 | 1.5512219646750385
[36mmy-mlops-model       |[0m 2025-08-07 11:08:01 | )
[36mmy-mlops-model       |[0m 2025-08-07 11:08:01 | test_acc
[36mmy-mlops-model       |[0m 2025-08-07 11:08:01 | :
[36mmy-mlops-model       |[0m 2025-08-07 11:08:01 | np
[36mmy-mlops-model       |[0m 2025-08-07 11:08:01 | .
[36mmy-mlops-model       |[0m 2025-08-07 11:08:01 | float64
[36mmy-mlops-model       |[0m 2025-08-07 11:08:01 | (
[36mmy-mlops-model       |[0m 2025-08-07 11:08:01 | 0.46062992125984253
[36mmy-mlops-model       |[0m 2025-08-07 11:08:01 | )
