[2025-07-31T22:14:50.077+0000] {manager.py:469} INFO - Processing files using up to 2 processes at a time 
[2025-07-31T22:14:50.079+0000] {manager.py:470} INFO - Process each file at most once every 30 seconds
[2025-07-31T22:14:50.081+0000] {manager.py:471} INFO - Checking for new files in /opt/airflow/dags every 300 seconds
[2025-07-31T22:14:50.081+0000] {manager.py:738} INFO - Searching for files in /opt/airflow/dags
[2025-07-31T22:14:50.083+0000] {manager.py:741} INFO - There are 0 files in /opt/airflow/dags
[2025-07-31T22:19:50.596+0000] {manager.py:738} INFO - Searching for files in /opt/airflow/dags
[2025-07-31T22:19:50.596+0000] {manager.py:741} INFO - There are 0 files in /opt/airflow/dags
[2025-07-31T22:24:50.857+0000] {manager.py:738} INFO - Searching for files in /opt/airflow/dags
[2025-07-31T22:24:50.858+0000] {manager.py:741} INFO - There are 0 files in /opt/airflow/dags
[2025-07-31T22:29:51.159+0000] {manager.py:738} INFO - Searching for files in /opt/airflow/dags
[2025-07-31T22:29:51.160+0000] {manager.py:741} INFO - There are 0 files in /opt/airflow/dags
[2025-07-31T22:32:58.814+0000] {manager.py:451} INFO - Exiting gracefully upon receiving signal 15
[2025-07-31T22:35:27.860+0000] {manager.py:469} INFO - Processing files using up to 2 processes at a time 
[2025-07-31T22:35:27.862+0000] {manager.py:470} INFO - Process each file at most once every 30 seconds
[2025-07-31T22:35:27.864+0000] {manager.py:471} INFO - Checking for new files in /opt/airflow/dags every 300 seconds
[2025-07-31T22:35:27.864+0000] {manager.py:738} INFO - Searching for files in /opt/airflow/dags
[2025-07-31T22:35:27.870+0000] {manager.py:741} INFO - There are 0 files in /opt/airflow/dags
[2025-07-31T22:40:28.325+0000] {manager.py:738} INFO - Searching for files in /opt/airflow/dags
[2025-07-31T22:40:28.326+0000] {manager.py:741} INFO - There are 0 files in /opt/airflow/dags
[2025-07-31T22:45:28.564+0000] {manager.py:738} INFO - Searching for files in /opt/airflow/dags
[2025-07-31T22:45:28.565+0000] {manager.py:741} INFO - There are 0 files in /opt/airflow/dags
[2025-07-31T22:50:28.861+0000] {manager.py:738} INFO - Searching for files in /opt/airflow/dags
[2025-07-31T22:50:28.862+0000] {manager.py:741} INFO - There are 0 files in /opt/airflow/dags
[2025-07-31T22:55:29.159+0000] {manager.py:738} INFO - Searching for files in /opt/airflow/dags
[2025-07-31T22:55:29.160+0000] {manager.py:741} INFO - There are 0 files in /opt/airflow/dags
[2025-07-31T23:00:29.437+0000] {manager.py:738} INFO - Searching for files in /opt/airflow/dags
[2025-07-31T23:00:29.438+0000] {manager.py:741} INFO - There are 0 files in /opt/airflow/dags
[2025-07-31T23:05:29.678+0000] {manager.py:738} INFO - Searching for files in /opt/airflow/dags
[2025-07-31T23:05:29.679+0000] {manager.py:741} INFO - There are 0 files in /opt/airflow/dags
[2025-07-31T23:10:29.930+0000] {manager.py:738} INFO - Searching for files in /opt/airflow/dags
[2025-07-31T23:10:29.930+0000] {manager.py:741} INFO - There are 0 files in /opt/airflow/dags
[2025-07-31T23:15:30.148+0000] {manager.py:738} INFO - Searching for files in /opt/airflow/dags
[2025-07-31T23:15:30.149+0000] {manager.py:741} INFO - There are 0 files in /opt/airflow/dags
[2025-07-31T23:20:30.338+0000] {manager.py:738} INFO - Searching for files in /opt/airflow/dags
[2025-07-31T23:20:30.339+0000] {manager.py:741} INFO - There are 0 files in /opt/airflow/dags
[2025-07-31T23:25:30.546+0000] {manager.py:738} INFO - Searching for files in /opt/airflow/dags
[2025-07-31T23:25:30.547+0000] {manager.py:741} INFO - There are 0 files in /opt/airflow/dags
[2025-07-31T23:30:30.741+0000] {manager.py:738} INFO - Searching for files in /opt/airflow/dags
[2025-07-31T23:30:30.741+0000] {manager.py:741} INFO - There are 0 files in /opt/airflow/dags
[2025-07-31T23:35:30.919+0000] {manager.py:738} INFO - Searching for files in /opt/airflow/dags
[2025-07-31T23:35:30.920+0000] {manager.py:741} INFO - There are 0 files in /opt/airflow/dags
[2025-07-31T23:40:31.144+0000] {manager.py:738} INFO - Searching for files in /opt/airflow/dags
[2025-07-31T23:40:31.145+0000] {manager.py:741} INFO - There are 0 files in /opt/airflow/dags
[2025-07-31T23:45:31.350+0000] {manager.py:738} INFO - Searching for files in /opt/airflow/dags
[2025-07-31T23:45:31.351+0000] {manager.py:741} INFO - There are 0 files in /opt/airflow/dags
[2025-07-31T23:50:31.562+0000] {manager.py:738} INFO - Searching for files in /opt/airflow/dags
[2025-07-31T23:50:31.563+0000] {manager.py:741} INFO - There are 0 files in /opt/airflow/dags
[2025-07-31T23:55:31.781+0000] {manager.py:738} INFO - Searching for files in /opt/airflow/dags
[2025-07-31T23:55:31.782+0000] {manager.py:741} INFO - There are 0 files in /opt/airflow/dags
[2025-08-01T00:00:31.995+0000] {manager.py:738} INFO - Searching for files in /opt/airflow/dags
[2025-08-01T00:00:31.996+0000] {manager.py:741} INFO - There are 0 files in /opt/airflow/dags
[2025-08-01T00:05:32.239+0000] {manager.py:738} INFO - Searching for files in /opt/airflow/dags
[2025-08-01T00:05:32.239+0000] {manager.py:741} INFO - There are 0 files in /opt/airflow/dags
[2025-08-01T00:10:32.471+0000] {manager.py:738} INFO - Searching for files in /opt/airflow/dags
[2025-08-01T00:10:32.472+0000] {manager.py:741} INFO - There are 0 files in /opt/airflow/dags
[2025-08-01T00:15:32.724+0000] {manager.py:738} INFO - Searching for files in /opt/airflow/dags
[2025-08-01T00:15:32.725+0000] {manager.py:741} INFO - There are 0 files in /opt/airflow/dags
[2025-08-01T00:20:33.007+0000] {manager.py:738} INFO - Searching for files in /opt/airflow/dags
[2025-08-01T00:20:33.007+0000] {manager.py:741} INFO - There are 0 files in /opt/airflow/dags
[2025-08-01T00:25:33.253+0000] {manager.py:738} INFO - Searching for files in /opt/airflow/dags
[2025-08-01T00:25:33.254+0000] {manager.py:741} INFO - There are 0 files in /opt/airflow/dags
[2025-08-01T00:30:33.512+0000] {manager.py:738} INFO - Searching for files in /opt/airflow/dags
[2025-08-01T00:30:33.513+0000] {manager.py:741} INFO - There are 0 files in /opt/airflow/dags
[2025-08-01T00:35:33.750+0000] {manager.py:738} INFO - Searching for files in /opt/airflow/dags
[2025-08-01T00:35:33.752+0000] {manager.py:741} INFO - There are 0 files in /opt/airflow/dags
[2025-08-01T00:40:33.997+0000] {manager.py:738} INFO - Searching for files in /opt/airflow/dags
[2025-08-01T00:40:33.998+0000] {manager.py:741} INFO - There are 0 files in /opt/airflow/dags
[2025-08-01T00:45:34.250+0000] {manager.py:738} INFO - Searching for files in /opt/airflow/dags
[2025-08-01T00:45:34.251+0000] {manager.py:741} INFO - There are 0 files in /opt/airflow/dags
[2025-08-01T00:50:34.481+0000] {manager.py:738} INFO - Searching for files in /opt/airflow/dags
[2025-08-01T00:50:34.482+0000] {manager.py:741} INFO - There are 0 files in /opt/airflow/dags
[2025-08-01T00:55:34.696+0000] {manager.py:738} INFO - Searching for files in /opt/airflow/dags
[2025-08-01T00:55:34.697+0000] {manager.py:741} INFO - There are 0 files in /opt/airflow/dags
[2025-08-01T01:00:34.924+0000] {manager.py:738} INFO - Searching for files in /opt/airflow/dags
[2025-08-01T01:00:34.924+0000] {manager.py:741} INFO - There are 0 files in /opt/airflow/dags
[2025-08-01T01:05:35.152+0000] {manager.py:738} INFO - Searching for files in /opt/airflow/dags
[2025-08-01T01:05:35.153+0000] {manager.py:741} INFO - There are 0 files in /opt/airflow/dags
[2025-08-01T01:10:35.400+0000] {manager.py:738} INFO - Searching for files in /opt/airflow/dags
[2025-08-01T01:10:35.401+0000] {manager.py:741} INFO - There are 0 files in /opt/airflow/dags
[2025-08-01T01:15:35.639+0000] {manager.py:738} INFO - Searching for files in /opt/airflow/dags
[2025-08-01T01:15:35.639+0000] {manager.py:741} INFO - There are 0 files in /opt/airflow/dags
[2025-08-01T01:20:35.864+0000] {manager.py:738} INFO - Searching for files in /opt/airflow/dags
[2025-08-01T01:20:35.865+0000] {manager.py:741} INFO - There are 0 files in /opt/airflow/dags
[2025-08-01T01:25:36.097+0000] {manager.py:738} INFO - Searching for files in /opt/airflow/dags
[2025-08-01T01:25:36.098+0000] {manager.py:741} INFO - There are 0 files in /opt/airflow/dags
[2025-08-01T01:30:36.326+0000] {manager.py:738} INFO - Searching for files in /opt/airflow/dags
[2025-08-01T01:30:36.327+0000] {manager.py:741} INFO - There are 0 files in /opt/airflow/dags
[2025-08-01T01:35:36.556+0000] {manager.py:738} INFO - Searching for files in /opt/airflow/dags
[2025-08-01T01:35:36.557+0000] {manager.py:741} INFO - There are 0 files in /opt/airflow/dags
[2025-08-01T01:40:36.801+0000] {manager.py:738} INFO - Searching for files in /opt/airflow/dags
[2025-08-01T01:40:36.802+0000] {manager.py:741} INFO - There are 0 files in /opt/airflow/dags
[2025-08-01T03:18:34.987+0000] {manager.py:469} INFO - Processing files using up to 2 processes at a time 
[2025-08-01T03:18:34.993+0000] {manager.py:470} INFO - Process each file at most once every 30 seconds
[2025-08-01T03:18:34.993+0000] {manager.py:471} INFO - Checking for new files in /opt/airflow/dags every 300 seconds
[2025-08-01T03:18:34.994+0000] {manager.py:738} INFO - Searching for files in /opt/airflow/dags
[2025-08-01T03:18:34.997+0000] {manager.py:741} INFO - There are 1 files in /opt/airflow/dags
[2025-08-01T03:18:35.344+0000] {manager.py:879} INFO - 
================================================================================
DAG File Processing Stats

File Path                                  PID  Runtime      # DAGs    # Errors  Last Runtime    Last Run
---------------------------------------  -----  ---------  --------  ----------  --------------  ----------
/opt/airflow/dags/mlops-pipeline_dag.py     34  0.17s             0           0
================================================================================
[2025-08-01T03:19:05.583+0000] {manager.py:879} INFO - 
================================================================================
DAG File Processing Stats

File Path                                PID    Runtime      # DAGs    # Errors  Last Runtime    Last Run
---------------------------------------  -----  ---------  --------  ----------  --------------  -------------------
/opt/airflow/dags/mlops-pipeline_dag.py                           1           0  4.85s           2025-08-01T03:18:40
================================================================================
[2025-08-01T03:19:35.741+0000] {manager.py:879} INFO - 
================================================================================
DAG File Processing Stats

File Path                                PID    Runtime      # DAGs    # Errors  Last Runtime    Last Run
---------------------------------------  -----  ---------  --------  ----------  --------------  -------------------
/opt/airflow/dags/mlops-pipeline_dag.py                           1           0  0.64s           2025-08-01T03:19:10
================================================================================
[2025-08-01T03:20:06.105+0000] {manager.py:879} INFO - 
================================================================================
DAG File Processing Stats

File Path                                PID    Runtime      # DAGs    # Errors  Last Runtime    Last Run
---------------------------------------  -----  ---------  --------  ----------  --------------  -------------------
/opt/airflow/dags/mlops-pipeline_dag.py                           1           0  0.38s           2025-08-01T03:19:41
================================================================================
[2025-08-01T03:20:36.630+0000] {manager.py:879} INFO - 
================================================================================
DAG File Processing Stats

File Path                                PID    Runtime      # DAGs    # Errors  Last Runtime    Last Run
---------------------------------------  -----  ---------  --------  ----------  --------------  -------------------
/opt/airflow/dags/mlops-pipeline_dag.py                           1           0  0.38s           2025-08-01T03:20:11
================================================================================
[2025-08-01T03:21:07.104+0000] {manager.py:879} INFO - 
================================================================================
DAG File Processing Stats

File Path                                PID    Runtime      # DAGs    # Errors  Last Runtime    Last Run
---------------------------------------  -----  ---------  --------  ----------  --------------  -------------------
/opt/airflow/dags/mlops-pipeline_dag.py                           1           0  0.39s           2025-08-01T03:20:42
================================================================================
[2025-08-01T03:21:37.606+0000] {manager.py:879} INFO - 
================================================================================
DAG File Processing Stats

File Path                                PID    Runtime      # DAGs    # Errors  Last Runtime    Last Run
---------------------------------------  -----  ---------  --------  ----------  --------------  -------------------
/opt/airflow/dags/mlops-pipeline_dag.py                           1           0  0.41s           2025-08-01T03:21:12
================================================================================
[2025-08-01T03:22:08.131+0000] {manager.py:879} INFO - 
================================================================================
DAG File Processing Stats

File Path                                PID    Runtime      # DAGs    # Errors  Last Runtime    Last Run
---------------------------------------  -----  ---------  --------  ----------  --------------  -------------------
/opt/airflow/dags/mlops-pipeline_dag.py                           1           0  0.41s           2025-08-01T03:21:43
================================================================================
[2025-08-01T03:22:14.188+0000] {manager.py:451} INFO - Exiting gracefully upon receiving signal 15
[2025-08-01T03:22:14.190+0000] {manager.py:451} INFO - Exiting gracefully upon receiving signal 15
[2025-08-01T03:22:15.178+0000] {manager.py:451} INFO - Exiting gracefully upon receiving signal 15
[2025-08-01T03:24:44.087+0000] {manager.py:469} INFO - Processing files using up to 2 processes at a time 
[2025-08-01T03:24:44.092+0000] {manager.py:470} INFO - Process each file at most once every 30 seconds
[2025-08-01T03:24:44.092+0000] {manager.py:471} INFO - Checking for new files in /opt/airflow/dags every 300 seconds
[2025-08-01T03:24:44.094+0000] {manager.py:738} INFO - Searching for files in /opt/airflow/dags
[2025-08-01T03:24:44.098+0000] {manager.py:741} INFO - There are 1 files in /opt/airflow/dags
[2025-08-01T03:24:44.493+0000] {manager.py:879} INFO - 
================================================================================
DAG File Processing Stats

File Path                                  PID  Runtime      # DAGs    # Errors  Last Runtime    Last Run
---------------------------------------  -----  ---------  --------  ----------  --------------  ----------
/opt/airflow/dags/mlops-pipeline_dag.py     34  0.17s             0           0
================================================================================
[2025-08-01T03:25:14.604+0000] {manager.py:879} INFO - 
================================================================================
DAG File Processing Stats

File Path                                PID    Runtime      # DAGs    # Errors  Last Runtime    Last Run
---------------------------------------  -----  ---------  --------  ----------  --------------  -------------------
/opt/airflow/dags/mlops-pipeline_dag.py                           1           0  5.11s           2025-08-01T03:24:49
================================================================================
[2025-08-01T03:25:44.838+0000] {manager.py:879} INFO - 
================================================================================
DAG File Processing Stats

File Path                                PID    Runtime      # DAGs    # Errors  Last Runtime    Last Run
---------------------------------------  -----  ---------  --------  ----------  --------------  -------------------
/opt/airflow/dags/mlops-pipeline_dag.py                           1           0  0.43s           2025-08-01T03:25:20
================================================================================
[2025-08-01T03:26:15.350+0000] {manager.py:879} INFO - 
================================================================================
DAG File Processing Stats

File Path                                PID    Runtime      # DAGs    # Errors  Last Runtime    Last Run
---------------------------------------  -----  ---------  --------  ----------  --------------  -------------------
/opt/airflow/dags/mlops-pipeline_dag.py                           1           0  0.39s           2025-08-01T03:25:50
================================================================================
[2025-08-01T03:26:45.849+0000] {manager.py:879} INFO - 
================================================================================
DAG File Processing Stats

File Path                                PID    Runtime      # DAGs    # Errors  Last Runtime    Last Run
---------------------------------------  -----  ---------  --------  ----------  --------------  -------------------
/opt/airflow/dags/mlops-pipeline_dag.py                           1           0  0.37s           2025-08-01T03:26:21
================================================================================
[2025-08-01T03:27:16.316+0000] {manager.py:879} INFO - 
================================================================================
DAG File Processing Stats

File Path                                PID    Runtime      # DAGs    # Errors  Last Runtime    Last Run
---------------------------------------  -----  ---------  --------  ----------  --------------  -------------------
/opt/airflow/dags/mlops-pipeline_dag.py                           1           0  0.39s           2025-08-01T03:26:51
================================================================================
[2025-08-01T03:27:46.451+0000] {manager.py:879} INFO - 
================================================================================
DAG File Processing Stats

File Path                                PID    Runtime      # DAGs    # Errors  Last Runtime    Last Run
---------------------------------------  -----  ---------  --------  ----------  --------------  -------------------
/opt/airflow/dags/mlops-pipeline_dag.py                           1           0  0.71s           2025-08-01T03:27:22
================================================================================
[2025-08-01T03:28:16.597+0000] {manager.py:879} INFO - 
================================================================================
DAG File Processing Stats

File Path                                PID    Runtime      # DAGs    # Errors  Last Runtime    Last Run
---------------------------------------  -----  ---------  --------  ----------  --------------  -------------------
/opt/airflow/dags/mlops-pipeline_dag.py                           1           0  0.60s           2025-08-01T03:27:53
================================================================================
[2025-08-01T03:28:46.659+0000] {manager.py:879} INFO - 
================================================================================
DAG File Processing Stats

File Path                                PID    Runtime      # DAGs    # Errors  Last Runtime    Last Run
---------------------------------------  -----  ---------  --------  ----------  --------------  -------------------
/opt/airflow/dags/mlops-pipeline_dag.py                           1           0  0.38s           2025-08-01T03:28:23
================================================================================
[2025-08-01T03:29:16.781+0000] {manager.py:879} INFO - 
================================================================================
DAG File Processing Stats

File Path                                PID    Runtime      # DAGs    # Errors  Last Runtime    Last Run
---------------------------------------  -----  ---------  --------  ----------  --------------  -------------------
/opt/airflow/dags/mlops-pipeline_dag.py                           1           0  0.41s           2025-08-01T03:28:54
================================================================================
[2025-08-01T03:29:44.286+0000] {manager.py:738} INFO - Searching for files in /opt/airflow/dags
[2025-08-01T03:29:44.287+0000] {manager.py:741} INFO - There are 1 files in /opt/airflow/dags
[2025-08-01T03:29:47.306+0000] {manager.py:879} INFO - 
================================================================================
DAG File Processing Stats

File Path                                PID    Runtime      # DAGs    # Errors  Last Runtime    Last Run
---------------------------------------  -----  ---------  --------  ----------  --------------  -------------------
/opt/airflow/dags/mlops-pipeline_dag.py                           1           0  0.39s           2025-08-01T03:29:24
================================================================================
[2025-08-01T03:30:17.809+0000] {manager.py:879} INFO - 
================================================================================
DAG File Processing Stats

File Path                                PID    Runtime      # DAGs    # Errors  Last Runtime    Last Run
---------------------------------------  -----  ---------  --------  ----------  --------------  -------------------
/opt/airflow/dags/mlops-pipeline_dag.py                           1           0  0.38s           2025-08-01T03:29:55
================================================================================
[2025-08-01T03:30:48.301+0000] {manager.py:879} INFO - 
================================================================================
DAG File Processing Stats

File Path                                PID    Runtime      # DAGs    # Errors  Last Runtime    Last Run
---------------------------------------  -----  ---------  --------  ----------  --------------  -------------------
/opt/airflow/dags/mlops-pipeline_dag.py                           1           0  0.38s           2025-08-01T03:30:25
================================================================================
[2025-08-01T03:31:18.788+0000] {manager.py:879} INFO - 
================================================================================
DAG File Processing Stats

File Path                                PID    Runtime      # DAGs    # Errors  Last Runtime    Last Run
---------------------------------------  -----  ---------  --------  ----------  --------------  -------------------
/opt/airflow/dags/mlops-pipeline_dag.py                           1           0  0.37s           2025-08-01T03:30:56
================================================================================
[2025-08-01T03:31:49.274+0000] {manager.py:879} INFO - 
================================================================================
DAG File Processing Stats

File Path                                PID    Runtime      # DAGs    # Errors  Last Runtime    Last Run
---------------------------------------  -----  ---------  --------  ----------  --------------  -------------------
/opt/airflow/dags/mlops-pipeline_dag.py                           1           0  0.37s           2025-08-01T03:31:26
================================================================================
[2025-08-01T03:32:19.753+0000] {manager.py:879} INFO - 
================================================================================
DAG File Processing Stats

File Path                                PID    Runtime      # DAGs    # Errors  Last Runtime    Last Run
---------------------------------------  -----  ---------  --------  ----------  --------------  -------------------
/opt/airflow/dags/mlops-pipeline_dag.py                           1           0  0.38s           2025-08-01T03:31:57
================================================================================
[2025-08-01T03:32:50.238+0000] {manager.py:879} INFO - 
================================================================================
DAG File Processing Stats

File Path                                PID    Runtime      # DAGs    # Errors  Last Runtime    Last Run
---------------------------------------  -----  ---------  --------  ----------  --------------  -------------------
/opt/airflow/dags/mlops-pipeline_dag.py                           1           0  0.39s           2025-08-01T03:32:27
================================================================================
[2025-08-01T03:33:20.730+0000] {manager.py:879} INFO - 
================================================================================
DAG File Processing Stats

File Path                                PID    Runtime      # DAGs    # Errors  Last Runtime    Last Run
---------------------------------------  -----  ---------  --------  ----------  --------------  -------------------
/opt/airflow/dags/mlops-pipeline_dag.py                           1           0  0.40s           2025-08-01T03:32:58
================================================================================
[2025-08-01T03:33:51.237+0000] {manager.py:879} INFO - 
================================================================================
DAG File Processing Stats

File Path                                PID    Runtime      # DAGs    # Errors  Last Runtime    Last Run
---------------------------------------  -----  ---------  --------  ----------  --------------  -------------------
/opt/airflow/dags/mlops-pipeline_dag.py                           1           0  0.40s           2025-08-01T03:33:28
================================================================================
[2025-08-01T03:34:21.366+0000] {manager.py:879} INFO - 
================================================================================
DAG File Processing Stats

File Path                                PID    Runtime      # DAGs    # Errors  Last Runtime    Last Run
---------------------------------------  -----  ---------  --------  ----------  --------------  -------------------
/opt/airflow/dags/mlops-pipeline_dag.py                           1           0  0.67s           2025-08-01T03:33:59
================================================================================
[2025-08-01T03:34:24.526+0000] {manager.py:451} INFO - Exiting gracefully upon receiving signal 15
